Clock: clk
Sources: clk 
Generated: no
Virtual: yes
Propagated: no
Period: 25.000000

===========================================================================
report_clock_properties
============================================================================
Clock                   Period          Waveform
----------------------------------------------------
clk                  25.000000    0.000000 12.500000

===========================================================================
report_clock_latency
============================================================================
Clock clk
rise -> rise
    min     max
0.000000 0.000000 source latency
0.605280         network latency _10706_/CLK
        0.784859 network latency _10811_/CLK
---------------
0.605280 0.784859 latency
        0.179580 skew

fall -> fall
    min     max
0.000000 0.000000 source latency
0.466774         network latency _10706_/CLK
        0.630481 network latency _10811_/CLK
---------------
0.466774 0.630481 latency
        0.163706 skew



===========================================================================
report_clock_min_period
============================================================================
clk period_min = 5.33 fmax = 187.51
