Clock: clk
Sources: clk 
Generated: no
Virtual: no
Propagated: no
Period: 25.000000

===========================================================================
report_clock_properties
============================================================================
Clock                   Period          Waveform
----------------------------------------------------
clk                  25.000000    0.000000 12.500000

===========================================================================
report_clock_latency
============================================================================
Clock clk
rise -> rise
    min     max
0.000000 0.000000 source latency
9.144377         network latency _09908_/CLK
        9.144377 network latency _09908_/CLK
---------------
9.144377 9.144377 latency
        0.000000 skew

fall -> fall
    min     max
0.000000 0.000000 source latency
4.404154         network latency _09908_/CLK
        4.404154 network latency _09908_/CLK
---------------
4.404154 4.404154 latency
        0.000000 skew



===========================================================================
report_clock_min_period
============================================================================
clk period_min = 8.25 fmax = 121.16
