┏━━━━━━━┳━━━━━━━━━┳━━━━━━━━━━┳━━━━━━━━━┳━━━━━━━━━━━━━━┳━━━━━━━┓
┃ P / R ┃ Partial ┃ Required ┃ Net     ┃ Pin          ┃ Layer ┃
┡━━━━━━━╇━━━━━━━━━╇━━━━━━━━━━╇━━━━━━━━━╇━━━━━━━━━━━━━━╇━━━━━━━┩
│ 2.48  │ 990.23  │ 400.00   │ _00007_ │ fanout952/A  │ met3  │
│ 2.43  │ 970.36  │ 400.00   │ net687  │ _05019_/A    │ met2  │
│ 2.36  │ 945.87  │ 400.00   │ net668  │ _06106_/A1   │ met3  │
│ 1.64  │ 657.54  │ 400.00   │ net125  │ _05943_/A2   │ met3  │
│ 1.64  │ 657.54  │ 400.00   │ net125  │ output125/A  │ met3  │
│ 1.63  │ 651.70  │ 400.00   │ net844  │ output126/A  │ met1  │
│ 1.57  │ 629.24  │ 400.00   │ net640  │ _06339_/C1   │ met3  │
│ 1.57  │ 629.24  │ 400.00   │ net640  │ _06390_/B2   │ met3  │
│ 1.46  │ 584.44  │ 400.00   │ _03347_ │ _06935_/B1   │ met3  │
│ 1.41  │ 562.57  │ 400.00   │ net213  │ output213/A  │ met3  │
│ 1.33  │ 532.76  │ 400.00   │ _03585_ │ _08262_/A1   │ met2  │
│ 1.24  │ 495.22  │ 400.00   │ _01946_ │ _05358_/B1   │ met3  │
│ 1.22  │ 486.51  │ 400.00   │ net477  │ _06181_/S    │ met3  │
│ 1.18  │ 471.79  │ 400.00   │ _01557_ │ fanout663/A  │ met3  │
│ 1.18  │ 471.77  │ 400.00   │ net933  │ fanout925/A  │ met3  │
│ 1.13  │ 450.62  │ 400.00   │ _00010_ │ fanout898/A  │ met3  │
│ 1.13  │ 450.62  │ 400.00   │ _04505_ │ _08826_/B1   │ met3  │
│ 1.12  │ 447.05  │ 400.00   │ _01912_ │ _05321_/B1_N │ met3  │
│ 1.11  │ 444.89  │ 400.00   │ net200  │ _05974_/A0   │ met1  │
│ 1.02  │ 406.01  │ 400.00   │ _03007_ │ _06582_/B1   │ met3  │
│ 1.02  │ 406.01  │ 400.00   │ _04264_ │ fanout482/A  │ met3  │
└───────┴─────────┴──────────┴─────────┴──────────────┴───────┘
