Reading OpenROAD database at '/home/astha/eda/designs/uas/PROJECT-UAS-APIC/RISC-V/sandbox/RISC-V-PICO-Synthesis/runs/RUN_2025-05-14_14-48-12/20-openroad-generatepdn/picorv32.odb'…
Reading library file at '/home/astha/.volare/volare/sky130/versions/0fe599b2afb6708d281543108caf8310912f54af/sky130A/libs.ref/sky130_fd_sc_hd/lib/sky130_fd_sc_hd__tt_025C_1v80.lib'…
Reading design constraints file at '/nix/store/ss2cw3sxbrwwx9jl0rrppbw4kgcmgi2n-python3-3.11.9-env/lib/python3.11/site-packages/openlane/scripts/base.sdc'…
[INFO] Using clock clk…
[INFO] Setting output delay to: 5
[INFO] Setting input delay to: 5
[INFO] Setting load to: 0.033442
[INFO] Setting clock uncertainty to: 0.25
[INFO] Setting clock transition to: 0.1499999999999999944488848768742172978818416595458984375
[INFO] Setting timing derate to: 5%
+ global_placement -density 0.621134 -skip_io -pad_right 0 -pad_left 0 -init_wirelength_coef 0.25
[INFO GPL-0002] DBU: 1000
[INFO GPL-0003] SiteSize: (  0.460  2.720 ) um
[INFO GPL-0004] CoreBBox: (  5.520 10.880 ) ( 426.420 429.760 ) um
[INFO GPL-0006] NumInstances:              9510
[INFO GPL-0007] NumPlaceInstances:         6706
[INFO GPL-0008] NumFixedInstances:         2804
[INFO GPL-0009] NumDummyInstances:            0
[INFO GPL-0010] NumNets:                   6808
[INFO GPL-0011] NumPins:                  26492
[INFO GPL-0012] DieBBox:  (  0.000  0.000 ) ( 432.360 443.080 ) um
[INFO GPL-0013] CoreBBox: (  5.520 10.880 ) ( 426.420 429.760 ) um
[INFO GPL-0016] CoreArea:            176306.592 um^2
[INFO GPL-0017] NonPlaceInstsArea:     4279.104 um^2
[INFO GPL-0018] PlaceInstsArea:       88756.374 um^2
[INFO GPL-0019] Util:                    51.594 %
[INFO GPL-0020] StdInstsArea:         88756.374 um^2
[INFO GPL-0021] MacroInstsArea:           0.000 um^2
[INFO GPL-0031] FillerInit:NumGCells:      8078
[INFO GPL-0032] FillerInit:NumGNets:       6808
[INFO GPL-0033] FillerInit:NumGPins:      26492
[INFO GPL-0023] TargetDensity:            0.621
[INFO GPL-0024] AvrgPlaceInstArea:       13.235 um^2
[INFO GPL-0025] IdealBinArea:            21.308 um^2
[INFO GPL-0026] IdealBinCnt:               8274
[INFO GPL-0027] TotalBinArea:        176306.592 um^2
[INFO GPL-0028] BinCnt:        64     64
[INFO GPL-0029] BinSize: (  6.577  6.545 )
[INFO GPL-0030] NumBins: 4096
[NesterovSolve] Iter:    1 overflow: 0.999 HPWL: 19404148
[NesterovSolve] Iter:   10 overflow: 0.997 HPWL: 12379198
[NesterovSolve] Iter:   20 overflow: 0.997 HPWL: 12206495
[NesterovSolve] Iter:   30 overflow: 0.997 HPWL: 12136040
[NesterovSolve] Iter:   40 overflow: 0.997 HPWL: 12115886
[NesterovSolve] Iter:   50 overflow: 0.997 HPWL: 12113663
[NesterovSolve] Iter:   60 overflow: 0.997 HPWL: 12122433
[NesterovSolve] Iter:   70 overflow: 0.997 HPWL: 12140637
[NesterovSolve] Iter:   80 overflow: 0.997 HPWL: 12174240
[NesterovSolve] Iter:   90 overflow: 0.997 HPWL: 12255762
[NesterovSolve] Iter:  100 overflow: 0.997 HPWL: 12465916
[NesterovSolve] Iter:  110 overflow: 0.995 HPWL: 12934700
[NesterovSolve] Iter:  120 overflow: 0.994 HPWL: 13778023
[NesterovSolve] Iter:  130 overflow: 0.990 HPWL: 15097315
[NesterovSolve] Iter:  140 overflow: 0.988 HPWL: 16998918
[NesterovSolve] Iter:  150 overflow: 0.985 HPWL: 20219755
[NesterovSolve] Iter:  160 overflow: 0.975 HPWL: 26213248
[NesterovSolve] Iter:  170 overflow: 0.963 HPWL: 33368936
[NesterovSolve] Iter:  180 overflow: 0.951 HPWL: 39907381
[NesterovSolve] Iter:  190 overflow: 0.937 HPWL: 46459746
[NesterovSolve] Iter:  200 overflow: 0.913 HPWL: 54263529
[NesterovSolve] Iter:  210 overflow: 0.885 HPWL: 63015530
[NesterovSolve] Iter:  220 overflow: 0.856 HPWL: 72146045
[NesterovSolve] Iter:  230 overflow: 0.821 HPWL: 81412044
[NesterovSolve] Iter:  240 overflow: 0.780 HPWL: 89798407
[NesterovSolve] Iter:  250 overflow: 0.737 HPWL: 97964622
[NesterovSolve] Iter:  260 overflow: 0.691 HPWL: 106214784
[NesterovSolve] Iter:  270 overflow: 0.646 HPWL: 113880281
[NesterovSolve] Iter:  280 overflow: 0.595 HPWL: 121908816
[NesterovSolve] Iter:  290 overflow: 0.555 HPWL: 128181215
[NesterovSolve] Iter:  300 overflow: 0.503 HPWL: 131313346
[NesterovSolve] Iter:  310 overflow: 0.461 HPWL: 133742559
[NesterovSolve] Iter:  320 overflow: 0.412 HPWL: 136150062
[NesterovSolve] Iter:  330 overflow: 0.374 HPWL: 137576363
[NesterovSolve] Iter:  340 overflow: 0.331 HPWL: 139085205
[NesterovSolve] Iter:  350 overflow: 0.304 HPWL: 139269245
[NesterovSolve] Iter:  360 overflow: 0.273 HPWL: 139809103
[NesterovSolve] Iter:  370 overflow: 0.248 HPWL: 140089407
[NesterovSolve] Iter:  380 overflow: 0.222 HPWL: 140419865
[NesterovSolve] Iter:  390 overflow: 0.199 HPWL: 140723507
[NesterovSolve] Iter:  400 overflow: 0.173 HPWL: 141220741
[NesterovSolve] Iter:  410 overflow: 0.151 HPWL: 141697930
[NesterovSolve] Iter:  420 overflow: 0.128 HPWL: 142168736
[NesterovSolve] Iter:  430 overflow: 0.105 HPWL: 142697135
[NesterovSolve] Finished with Overflow: 0.099730
[INFO] Setting RC values…
Setting global connections for newly added cells…
[INFO] Setting global connections...
Updating metrics…
Cell type report:                       Count       Area
  Fill cell                               308    1156.11
  Tap cell                               2496    3123.00
  Buffer                                   40     160.15
  Inverter                                 56     210.20
  Sequential cell                        1597   33968.83
  Multi-Input combinational cell         5013   54417.19
  Total                                  9510   93035.48
Writing OpenROAD database to '/home/astha/eda/designs/uas/PROJECT-UAS-APIC/RISC-V/sandbox/RISC-V-PICO-Synthesis/runs/RUN_2025-05-14_14-48-12/23-openroad-globalplacementskipio/picorv32.odb'…
Writing netlist to '/home/astha/eda/designs/uas/PROJECT-UAS-APIC/RISC-V/sandbox/RISC-V-PICO-Synthesis/runs/RUN_2025-05-14_14-48-12/23-openroad-globalplacementskipio/picorv32.nl.v'…
Writing powered netlist to '/home/astha/eda/designs/uas/PROJECT-UAS-APIC/RISC-V/sandbox/RISC-V-PICO-Synthesis/runs/RUN_2025-05-14_14-48-12/23-openroad-globalplacementskipio/picorv32.pnl.v'…
Writing layout to '/home/astha/eda/designs/uas/PROJECT-UAS-APIC/RISC-V/sandbox/RISC-V-PICO-Synthesis/runs/RUN_2025-05-14_14-48-12/23-openroad-globalplacementskipio/picorv32.def'…
Writing timing constraints to '/home/astha/eda/designs/uas/PROJECT-UAS-APIC/RISC-V/sandbox/RISC-V-PICO-Synthesis/runs/RUN_2025-05-14_14-48-12/23-openroad-globalplacementskipio/picorv32.sdc'…
