165. Printing statistics.

=== picorv32 ===

   Number of wires:               6186
   Number of wire bits:           8465
   Number of public wires:         143
   Number of public wire bits:    1974
   Number of ports:                 27
   Number of port bits:            409
   Number of memories:               0
   Number of memory bits:            0
   Number of processes:              0
   Number of cells:               8038
     $_ANDNOT_                    1141
     $_AND_                        403
     $_DFFE_PP_                   1240
     $_DFF_P_                       91
     $_MUX_                       2710
     $_NAND_                       213
     $_NOR_                        214
     $_NOT_                        118
     $_ORNOT_                      158
     $_OR_                        1014
     $_SDFFCE_PN0P_                 34
     $_SDFFCE_PP0P_                  6
     $_SDFFE_PN0N_                   1
     $_SDFFE_PN0P_                 154
     $_SDFFE_PP0P_                   1
     $_SDFFE_PP1P_                   3
     $_SDFF_PN0_                    66
     $_SDFF_PP0_                     1
     $_XNOR_                       100
     $_XOR_                        370

   Area for cell type $_NOT_ is unknown!
   Area for cell type $_AND_ is unknown!
   Area for cell type $_NAND_ is unknown!
   Area for cell type $_OR_ is unknown!
   Area for cell type $_NOR_ is unknown!
   Area for cell type $_XOR_ is unknown!
   Area for cell type $_XNOR_ is unknown!
   Area for cell type $_ANDNOT_ is unknown!
   Area for cell type $_ORNOT_ is unknown!
   Area for cell type $_MUX_ is unknown!
   Area for cell type $_DFF_P_ is unknown!
   Area for cell type $_DFFE_PP_ is unknown!
   Area for cell type $_SDFF_PN0_ is unknown!
   Area for cell type $_SDFF_PP0_ is unknown!
   Area for cell type $_SDFFE_PN0N_ is unknown!
   Area for cell type $_SDFFE_PN0P_ is unknown!
   Area for cell type $_SDFFE_PP0P_ is unknown!
   Area for cell type $_SDFFE_PP1P_ is unknown!
   Area for cell type $_SDFFCE_PN0P_ is unknown!
   Area for cell type $_SDFFCE_PP0P_ is unknown!

