Reading OpenROAD database at '/home/astha/eda/designs/uas/PROJECT-UAS-APIC/RISC-V/sandbox/RISC-V-PICO-Synthesis/runs/RUN_2025-05-14_14-48-12/47-odb-reportdisconnectedpins/picorv32.odb'…
Reading library file at '/home/astha/.volare/volare/sky130/versions/0fe599b2afb6708d281543108caf8310912f54af/sky130A/libs.ref/sky130_fd_sc_hd/lib/sky130_fd_sc_hd__tt_025C_1v80.lib'…
Reading design constraints file at '/nix/store/ss2cw3sxbrwwx9jl0rrppbw4kgcmgi2n-python3-3.11.9-env/lib/python3.11/site-packages/openlane/scripts/base.sdc'…
[INFO] Using clock clk…
[INFO] Setting output delay to: 5
[INFO] Setting input delay to: 5
[INFO] Setting load to: 0.033442
[INFO] Setting clock uncertainty to: 0.25
[INFO] Setting clock transition to: 0.1499999999999999944488848768742172978818416595458984375
[INFO] Setting timing derate to: 5%
sky130_ef_sc_hd__decap_12 sky130_fd_sc_hd__decap_8 sky130_fd_sc_hd__decap_6 sky130_fd_sc_hd__decap_4 sky130_fd_sc_hd__decap_3 sky130_fd_sc_hd__fill*
[INFO DPL-0001] Placed 9481 filler instances.
Setting global connections for newly added cells…
[INFO] Setting global connections...
Updating metrics…
Cell type report:                       Count       Area
  Fill cell                              9789   64698.30
  Tap cell                               2496    3123.00
  Antenna cell                            114     285.27
  Buffer                                   40     150.14
  Clock buffer                            186    2552.45
  Timing Repair Buffer                   2273   19524.98
  Inverter                                 56     210.20
  Clock inverter                          129    1584.02
  Sequential cell                        1597   32142.08
  Multi-Input combinational cell         5013   52036.16
  Total                                 21693  176306.59
Writing OpenROAD database to '/home/astha/eda/designs/uas/PROJECT-UAS-APIC/RISC-V/sandbox/RISC-V-PICO-Synthesis/runs/RUN_2025-05-14_14-48-12/51-openroad-fillinsertion/picorv32.odb'…
Writing netlist to '/home/astha/eda/designs/uas/PROJECT-UAS-APIC/RISC-V/sandbox/RISC-V-PICO-Synthesis/runs/RUN_2025-05-14_14-48-12/51-openroad-fillinsertion/picorv32.nl.v'…
Writing powered netlist to '/home/astha/eda/designs/uas/PROJECT-UAS-APIC/RISC-V/sandbox/RISC-V-PICO-Synthesis/runs/RUN_2025-05-14_14-48-12/51-openroad-fillinsertion/picorv32.pnl.v'…
Writing layout to '/home/astha/eda/designs/uas/PROJECT-UAS-APIC/RISC-V/sandbox/RISC-V-PICO-Synthesis/runs/RUN_2025-05-14_14-48-12/51-openroad-fillinsertion/picorv32.def'…
Writing timing constraints to '/home/astha/eda/designs/uas/PROJECT-UAS-APIC/RISC-V/sandbox/RISC-V-PICO-Synthesis/runs/RUN_2025-05-14_14-48-12/51-openroad-fillinsertion/picorv32.sdc'…
