┏━━━━━━━┳━━━━━━━━━┳━━━━━━━━━━┳━━━━━━━━━┳━━━━━━━━━━━━━━┳━━━━━━━┓
┃ P / R ┃ Partial ┃ Required ┃ Net     ┃ Pin          ┃ Layer ┃
┡━━━━━━━╇━━━━━━━━━╇━━━━━━━━━━╇━━━━━━━━━╇━━━━━━━━━━━━━━╇━━━━━━━┩
│ 2.36  │ 943.29  │ 400.00   │ _00007_ │ fanout952/A  │ met3  │
│ 2.13  │ 852.91  │ 400.00   │ net809  │ fanout784/A  │ met3  │
│ 2.13  │ 852.91  │ 400.00   │ net809  │ fanout802/A  │ met3  │
│ 2.00  │ 800.32  │ 400.00   │ net465  │ _07199_/S    │ met3  │
│ 1.51  │ 602.94  │ 400.00   │ net202  │ _05978_/A0   │ met2  │
│ 1.44  │ 575.82  │ 400.00   │ net125  │ _05943_/A2   │ met3  │
│ 1.44  │ 575.82  │ 400.00   │ net125  │ output125/A  │ met3  │
│ 1.44  │ 574.14  │ 400.00   │ net213  │ output213/A  │ met3  │
│ 1.43  │ 573.17  │ 400.00   │ net189  │ _06012_/A0   │ met2  │
│ 1.43  │ 571.05  │ 400.00   │ _03347_ │ _06935_/B1   │ met3  │
│ 1.34  │ 536.72  │ 400.00   │ _03585_ │ _08262_/A1   │ met2  │
│ 1.26  │ 505.63  │ 400.00   │ _01946_ │ _05358_/B1   │ met3  │
│ 1.19  │ 474.31  │ 400.00   │ net875  │ _05980_/A0   │ met2  │
│ 1.16  │ 464.05  │ 400.00   │ net83   │ output83/A   │ met1  │
│ 1.16  │ 463.14  │ 400.00   │ net933  │ fanout925/A  │ met3  │
│ 1.15  │ 458.63  │ 400.00   │ _01557_ │ fanout663/A  │ met3  │
│ 1.13  │ 452.11  │ 400.00   │ _04505_ │ _08826_/B1   │ met3  │
│ 1.13  │ 451.40  │ 400.00   │ net477  │ _06181_/S    │ met3  │
│ 1.12  │ 449.97  │ 400.00   │ _01912_ │ _05321_/B1_N │ met3  │
│ 1.06  │ 425.03  │ 400.00   │ net594  │ _05957_/A2   │ met1  │
│ 1.04  │ 416.42  │ 400.00   │ _04264_ │ fanout482/A  │ met3  │
│ 1.03  │ 412.46  │ 400.00   │ net640  │ _06339_/C1   │ met3  │
│ 1.03  │ 412.46  │ 400.00   │ net640  │ _06360_/B1   │ met3  │
│ 1.03  │ 412.46  │ 400.00   │ net640  │ _06390_/B2   │ met3  │
│ 1.03  │ 410.47  │ 400.00   │ _00010_ │ fanout898/A  │ met3  │
│ 1.02  │ 407.50  │ 400.00   │ _02246_ │ _05868_/A2   │ met3  │
└───────┴─────────┴──────────┴─────────┴──────────────┴───────┘
