Reading OpenROAD database at '/home/astha/eda/designs/uas/PROJECT-UAS-APIC/RISC-V/sandbox/RISC-V-PICO-Synthesis/runs/RUN_2025-05-27_08-49-29/23-openroad-globalplacementskipio/picorv32.odb'…
Reading library file at '/home/astha/.volare/volare/sky130/versions/0fe599b2afb6708d281543108caf8310912f54af/sky130A/libs.ref/sky130_fd_sc_hd/lib/sky130_fd_sc_hd__tt_025C_1v80.lib'…
Reading design constraints file at '/nix/store/ss2cw3sxbrwwx9jl0rrppbw4kgcmgi2n-python3-3.11.9-env/lib/python3.11/site-packages/openlane/scripts/base.sdc'…
[INFO] Using clock clk…
[INFO] Setting output delay to: 5
[INFO] Setting input delay to: 5
[INFO] Setting load to: 0.033442
[INFO] Setting clock uncertainty to: 0.25
[INFO] Setting clock transition to: 0.1499999999999999944488848768742172978818416595458984375
[INFO] Setting timing derate to: 5%
[INFO] place_pins args: -min_distance 3
Found 0 macro blocks.
[INFO PPL-0010] Tentative 0 to set up sections.
[INFO PPL-0001] Number of slots           532
[INFO PPL-0002] Number of I/O             409
[INFO PPL-0003] Number of I/O w/sink      342
[INFO PPL-0004] Number of I/O w/o sink    67
[INFO PPL-0005] Slots per section         200
[INFO PPL-0006] Slots increase factor     0.01
[INFO PPL-0008] Successfully assigned pins to sections.
[INFO PPL-0012] I/O nets HPWL: 52793.71 um.
Setting global connections for newly added cells…
[INFO] Setting global connections...
Updating metrics…
Cell type report:                       Count       Area
  Fill cell                               308    1156.11
  Tap cell                               2496    3123.00
  Buffer                                   40     160.15
  Inverter                                 56     210.20
  Sequential cell                        1597   33968.83
  Multi-Input combinational cell         5013   54417.19
  Total                                  9510   93035.48
Writing OpenROAD database to '/home/astha/eda/designs/uas/PROJECT-UAS-APIC/RISC-V/sandbox/RISC-V-PICO-Synthesis/runs/RUN_2025-05-27_08-49-29/24-openroad-ioplacement/picorv32.odb'…
Writing netlist to '/home/astha/eda/designs/uas/PROJECT-UAS-APIC/RISC-V/sandbox/RISC-V-PICO-Synthesis/runs/RUN_2025-05-27_08-49-29/24-openroad-ioplacement/picorv32.nl.v'…
Writing powered netlist to '/home/astha/eda/designs/uas/PROJECT-UAS-APIC/RISC-V/sandbox/RISC-V-PICO-Synthesis/runs/RUN_2025-05-27_08-49-29/24-openroad-ioplacement/picorv32.pnl.v'…
Writing layout to '/home/astha/eda/designs/uas/PROJECT-UAS-APIC/RISC-V/sandbox/RISC-V-PICO-Synthesis/runs/RUN_2025-05-27_08-49-29/24-openroad-ioplacement/picorv32.def'…
Writing timing constraints to '/home/astha/eda/designs/uas/PROJECT-UAS-APIC/RISC-V/sandbox/RISC-V-PICO-Synthesis/runs/RUN_2025-05-27_08-49-29/24-openroad-ioplacement/picorv32.sdc'…
