Reading timing models for corner nom_tt_025C_1v80…
Reading timing library for the 'nom_tt_025C_1v80' corner at '/home/astha/.volare/volare/sky130/versions/0fe599b2afb6708d281543108caf8310912f54af/sky130A/libs.ref/sky130_fd_sc_hd/lib/sky130_fd_sc_hd__tt_025C_1v80.lib'…
Reading timing models for corner nom_ff_n40C_1v95…
Reading timing library for the 'nom_ff_n40C_1v95' corner at '/home/astha/.volare/volare/sky130/versions/0fe599b2afb6708d281543108caf8310912f54af/sky130A/libs.ref/sky130_fd_sc_hd/lib/sky130_fd_sc_hd__ff_n40C_1v95.lib'…
Reading timing models for corner nom_ss_100C_1v60…
Reading timing library for the 'nom_ss_100C_1v60' corner at '/home/astha/.volare/volare/sky130/versions/0fe599b2afb6708d281543108caf8310912f54af/sky130A/libs.ref/sky130_fd_sc_hd/lib/sky130_fd_sc_hd__ss_100C_1v60.lib'…
Reading OpenROAD database at '/home/astha/eda/designs/uas/PROJECT-UAS-APIC/RISC-V/sandbox/RISC-V-PICO-Synthesis/runs/RUN_2025-05-27_08-49-29/27-openroad-globalplacement/picorv32.odb'…
Reading design constraints file at '/nix/store/ss2cw3sxbrwwx9jl0rrppbw4kgcmgi2n-python3-3.11.9-env/lib/python3.11/site-packages/openlane/scripts/base.sdc'…
[INFO] Using clock clk…
[INFO] Setting output delay to: 5
[INFO] Setting input delay to: 5
[INFO] Setting load to: 0.033442
[INFO] Setting clock uncertainty to: 0.25
[INFO] Setting clock transition to: 0.1499999999999999944488848768742172978818416595458984375
[INFO] Setting timing derate to: 5%
[INFO] Setting RC values…
[INFO RSZ-0027] Inserted 34 input buffers.
[INFO RSZ-0028] Inserted 201 output buffers.
[INFO RSZ-0058] Using max wire length 6335um.
Iteration | Resized | Buffers | Nets repaired | Remaining
---------------------------------------------------------
        0 |       0 |       0 |             0 |      7149
      100 |      96 |       0 |             8 |      7049
      200 |     160 |       0 |            12 |      6949
      300 |     208 |       0 |            17 |      6849
      400 |     267 |       3 |            19 |      6749
      500 |     322 |      11 |            23 |      6649
      600 |     377 |      19 |            29 |      6549
      700 |     447 |      27 |            35 |      6449
      800 |     488 |      27 |            39 |      6349
      900 |     552 |      31 |            44 |      6249
     1000 |     618 |      39 |            50 |      6149
     1100 |     665 |      43 |            53 |      6049
     1200 |     716 |      51 |            57 |      5949
     1300 |     774 |      59 |            64 |      5849
     1400 |     824 |      59 |            67 |      5749
     1500 |     884 |      67 |            69 |      5649
     1600 |     961 |      80 |            77 |      5549
     1700 |     999 |      80 |            80 |      5449
     1800 |    1043 |      87 |            82 |      5349
     1900 |    1106 |      98 |            89 |      5249
     2000 |    1149 |      99 |            90 |      5149
     2100 |    1199 |      99 |            90 |      5049
     2200 |    1237 |      99 |            94 |      4949
     2300 |    1263 |      99 |            94 |      4849
     2400 |    1402 |     166 |           113 |      4749
     2500 |    1486 |     174 |           117 |      4649
     2600 |    1640 |     234 |           134 |      4549
     2700 |    1743 |     244 |           137 |      4449
     2800 |    1839 |     244 |           137 |      4349
     2900 |    1945 |     252 |           141 |      4249
     3000 |    2043 |     252 |           143 |      4149
     3100 |    2126 |     252 |           143 |      4049
     3200 |    2207 |     259 |           145 |      3949
     3300 |    2306 |     263 |           147 |      3849
     3400 |    2375 |     266 |           148 |      3749
     3500 |    2443 |     266 |           148 |      3649
     3600 |    2519 |     270 |           152 |      3549
     3700 |    2560 |     270 |           152 |      3449
     3800 |    2642 |     306 |           163 |      3349
     3900 |    2714 |     309 |           165 |      3249
     4000 |    2804 |     309 |           165 |      3149
     4100 |    2899 |     312 |           167 |      3049
     4200 |    3003 |     321 |           170 |      2949
     4300 |    3103 |     321 |           170 |      2849
     4400 |    3199 |     324 |           173 |      2749
     4500 |    3299 |     324 |           173 |      2649
     4600 |    3399 |     324 |           173 |      2549
     4700 |    3495 |     328 |           174 |      2449
     4800 |    3568 |     342 |           178 |      2349
     4900 |    3672 |     351 |           182 |      2249
     5000 |    3768 |     353 |           183 |      2149
     5100 |    3939 |     458 |           207 |      2049
     5200 |    4039 |     458 |           207 |      1949
     5300 |    4139 |     458 |           207 |      1849
     5400 |    4245 |     464 |           209 |      1749
     5500 |    4345 |     464 |           209 |      1649
     5600 |    4464 |     483 |           214 |      1549
     5700 |    4651 |     574 |           222 |      1449
     5800 |    4727 |     574 |           222 |      1349
     5900 |    4842 |     596 |           229 |      1249
     6000 |    4940 |     616 |           238 |      1149
     6100 |    5040 |     617 |           239 |      1049
     6200 |    5133 |     617 |           239 |       949
     6300 |    5233 |     617 |           239 |       849
     6400 |    5333 |     617 |           239 |       749
     6500 |    5433 |     617 |           239 |       649
     6600 |    5533 |     617 |           239 |       549
     6700 |    5633 |     617 |           239 |       449
     6800 |    5838 |     740 |           273 |       349
     6900 |    5891 |     767 |           274 |       249
     7000 |    5891 |     767 |           274 |       149
     7100 |    5891 |     767 |           274 |        49
    final |    5891 |     767 |           274 |         0
---------------------------------------------------------
[INFO RSZ-0034] Found 88 slew violations.
[INFO RSZ-0035] Found 187 fanout violations.
[INFO RSZ-0038] Inserted 767 buffers in 274 nets.
[INFO RSZ-0039] Resized 5891 instances.
[INFO RSZ-0042] Inserted 106 tie sky130_fd_sc_hd__conb_1 instances.
Placement Analysis
---------------------------------
total displacement      23295.4 u
average displacement        2.2 u
max displacement           18.3 u
original HPWL          260213.1 u
legalized HPWL         282884.4 u
delta HPWL                    9 %

[INFO DPL-0020] Mirrored 2845 instances
[INFO DPL-0021] HPWL before          282884.4 u
[INFO DPL-0022] HPWL after           277034.1 u
[INFO DPL-0023] HPWL delta               -2.1 %
[INFO] Setting RC values…
Setting global connections for newly added cells…
[INFO] Setting global connections...
Updating metrics…
Cell type report:                       Count       Area
  Fill cell                               308    1156.11
  Tap cell                               2496    3123.00
  Buffer                                   40     150.14
  Timing Repair Buffer                   1002    6802.77
  Inverter                                 56     210.20
  Sequential cell                        1597   32142.08
  Multi-Input combinational cell         5013   52036.16
  Total                                 10512   95620.46
Writing OpenROAD database to '/home/astha/eda/designs/uas/PROJECT-UAS-APIC/RISC-V/sandbox/RISC-V-PICO-Synthesis/runs/RUN_2025-05-27_08-49-29/31-openroad-repairdesignpostgpl/picorv32.odb'…
Writing netlist to '/home/astha/eda/designs/uas/PROJECT-UAS-APIC/RISC-V/sandbox/RISC-V-PICO-Synthesis/runs/RUN_2025-05-27_08-49-29/31-openroad-repairdesignpostgpl/picorv32.nl.v'…
Writing powered netlist to '/home/astha/eda/designs/uas/PROJECT-UAS-APIC/RISC-V/sandbox/RISC-V-PICO-Synthesis/runs/RUN_2025-05-27_08-49-29/31-openroad-repairdesignpostgpl/picorv32.pnl.v'…
Writing layout to '/home/astha/eda/designs/uas/PROJECT-UAS-APIC/RISC-V/sandbox/RISC-V-PICO-Synthesis/runs/RUN_2025-05-27_08-49-29/31-openroad-repairdesignpostgpl/picorv32.def'…
Writing timing constraints to '/home/astha/eda/designs/uas/PROJECT-UAS-APIC/RISC-V/sandbox/RISC-V-PICO-Synthesis/runs/RUN_2025-05-27_08-49-29/31-openroad-repairdesignpostgpl/picorv32.sdc'…
