
Magic 8.3 revision 489 - Compiled on Thu Aug 22 13:45:15 UTC 2024.
Starting magic under Tcl interpreter
Using the terminal as the console.
Using NULL graphics device.
Processing system .magicrc file
Sourcing design .magicrc for technology sky130A ...
2 Magic internal units = 1 Lambda
Input style sky130(): scaleFactor=2, multiplier=2
The following types are not handled by extraction and will be treated as non-electrical types:
    ubm 
Scaled tech values by 2 / 1 to match internal grid scaling
Loading sky130A Device Generator Menu ...
Loading "/nix/store/ss2cw3sxbrwwx9jl0rrppbw4kgcmgi2n-python3-3.11.9-env/lib/python3.11/site-packages/openlane/scripts/magic/wrapper.tcl" from command line.
> gds read /home/astha/.volare/volare/sky130/versions/0fe599b2afb6708d281543108caf8310912f54af/sky130A/libs.ref/sky130_fd_sc_hd/gds/sky130_fd_sc_hd.gds
Warning: Calma reading is not undoable!  I hope that's OK.
Library written using GDS-II Release 3.0
Library name: sky130_fd_sc_hd
Reading "sky130_fd_sc_hd__or4bb_4".
Reading "sky130_fd_sc_hd__probe_p_8".
Reading "sky130_fd_sc_hd__probec_p_8".
Reading "sky130_fd_sc_hd__sdfbbn_1".
Reading "sky130_fd_sc_hd__sdfsbp_2".
Reading "sky130_fd_sc_hd__sdfsbp_1".
Reading "sky130_fd_sc_hd__sdfrtp_4".
Reading "sky130_fd_sc_hd__sdfrtp_2".
Reading "sky130_fd_sc_hd__sdfrtp_1".
Reading "sky130_fd_sc_hd__sdfrtn_1".
Reading "sky130_fd_sc_hd__sdfrbp_2".
Reading "sky130_fd_sc_hd__sdfrbp_1".
Reading "sky130_fd_sc_hd__sdfbbp_1".
Reading "sky130_fd_sc_hd__sdfbbn_2".
Reading "sky130_fd_sc_hd__sdfstp_1".
Reading "sky130_fd_sc_hd__sdfstp_2".
Reading "sky130_fd_sc_hd__sdfstp_4".
Reading "sky130_fd_sc_hd__sdfxbp_1".
Reading "sky130_fd_sc_hd__sdfxbp_2".
Reading "sky130_fd_sc_hd__sdfxtp_1".
Reading "sky130_fd_sc_hd__sdfxtp_2".
Reading "sky130_fd_sc_hd__sdfxtp_4".
Reading "sky130_fd_sc_hd__sdlclkp_1".
Reading "sky130_fd_sc_hd__sdlclkp_2".
Reading "sky130_fd_sc_hd__sdlclkp_4".
Reading "sky130_fd_sc_hd__sedfxbp_1".
Reading "sky130_fd_sc_hd__sedfxbp_2".
Reading "sky130_fd_sc_hd__sedfxtp_1".
Reading "sky130_fd_sc_hd__sedfxtp_2".
Reading "sky130_fd_sc_hd__sedfxtp_4".
Reading "sky130_fd_sc_hd__tap_1".
Reading "sky130_fd_sc_hd__tap_2".
Reading "sky130_fd_sc_hd__xor2_1".
Reading "sky130_fd_sc_hd__xnor3_4".
Reading "sky130_fd_sc_hd__xnor3_2".
Reading "sky130_fd_sc_hd__xnor3_1".
Reading "sky130_fd_sc_hd__xnor2_4".
Reading "sky130_fd_sc_hd__xnor2_2".
Reading "sky130_fd_sc_hd__xnor2_1".
Reading "sky130_fd_sc_hd__tapvpwrvgnd_1".
Reading "sky130_fd_sc_hd__tapvgnd_1".
Reading "sky130_fd_sc_hd__tapvgnd2_1".
Reading "sky130_fd_sc_hd__xor2_2".
Reading "sky130_fd_sc_hd__xor2_4".
Reading "sky130_fd_sc_hd__xor3_1".
Reading "sky130_fd_sc_hd__xor3_2".
Reading "sky130_fd_sc_hd__xor3_4".
Reading "sky130_fd_sc_hd__o41a_4".
Reading "sky130_fd_sc_hd__o41ai_1".
Reading "sky130_fd_sc_hd__o41ai_2".
Reading "sky130_fd_sc_hd__o41ai_4".
Reading "sky130_fd_sc_hd__o211a_1".
Reading "sky130_fd_sc_hd__o211a_2".
Reading "sky130_fd_sc_hd__o211a_4".
Reading "sky130_fd_sc_hd__o211ai_1".
Reading "sky130_fd_sc_hd__o211ai_2".
Reading "sky130_fd_sc_hd__o211ai_4".
Reading "sky130_fd_sc_hd__o221a_1".
Reading "sky130_fd_sc_hd__o221a_2".
Reading "sky130_fd_sc_hd__o221a_4".
Reading "sky130_fd_sc_hd__o221ai_1".
Reading "sky130_fd_sc_hd__o221ai_2".
Reading "sky130_fd_sc_hd__o221ai_4".
Reading "sky130_fd_sc_hd__o2111a_4".
Reading "sky130_fd_sc_hd__o2111a_2".
Reading "sky130_fd_sc_hd__o2111a_1".
Reading "sky130_fd_sc_hd__o311ai_4".
Reading "sky130_fd_sc_hd__o311ai_2".
Reading "sky130_fd_sc_hd__o311ai_1".
Reading "sky130_fd_sc_hd__o311ai_0".
Reading "sky130_fd_sc_hd__o311a_4".
Reading "sky130_fd_sc_hd__o311a_2".
Reading "sky130_fd_sc_hd__o311a_1".
Reading "sky130_fd_sc_hd__o2111ai_1".
Reading "sky130_fd_sc_hd__o2111ai_2".
Reading "sky130_fd_sc_hd__o2111ai_4".
Reading "sky130_fd_sc_hd__or2_0".
Reading "sky130_fd_sc_hd__or2_1".
Reading "sky130_fd_sc_hd__or2_2".
Reading "sky130_fd_sc_hd__or2_4".
Reading "sky130_fd_sc_hd__or2b_1".
Reading "sky130_fd_sc_hd__or2b_2".
Reading "sky130_fd_sc_hd__or2b_4".
Reading "sky130_fd_sc_hd__or3_1".
Reading "sky130_fd_sc_hd__or3_2".
Reading "sky130_fd_sc_hd__or3_4".
Reading "sky130_fd_sc_hd__or3b_1".
Reading "sky130_fd_sc_hd__or3b_2".
Reading "sky130_fd_sc_hd__or3b_4".
Reading "sky130_fd_sc_hd__or4_1".
Reading "sky130_fd_sc_hd__or4_2".
Reading "sky130_fd_sc_hd__or4_4".
Reading "sky130_fd_sc_hd__or4b_1".
Reading "sky130_fd_sc_hd__or4b_2".
Reading "sky130_fd_sc_hd__or4b_4".
Reading "sky130_fd_sc_hd__or4bb_1".
Reading "sky130_fd_sc_hd__or4bb_2".
Reading "sky130_fd_sc_hd__nor3b_2".
Reading "sky130_fd_sc_hd__nor3b_4".
Reading "sky130_fd_sc_hd__nor4_1".
Reading "sky130_fd_sc_hd__nor4_2".
Reading "sky130_fd_sc_hd__nor4_4".
Reading "sky130_fd_sc_hd__nor4b_1".
Reading "sky130_fd_sc_hd__nor4b_2".
Reading "sky130_fd_sc_hd__nor4b_4".
Reading "sky130_fd_sc_hd__nor4bb_1".
Reading "sky130_fd_sc_hd__nor4bb_2".
Reading "sky130_fd_sc_hd__nor4bb_4".
Moving label "k" from mvpsubdiff to ndiff in cell sky130_fd_sc_hd__nor4bb_4.
Reading "sky130_fd_sc_hd__o2bb2a_1".
Reading "sky130_fd_sc_hd__o2bb2a_2".
Reading "sky130_fd_sc_hd__o2bb2a_4".
Reading "sky130_fd_sc_hd__o2bb2ai_1".
Reading "sky130_fd_sc_hd__o2bb2ai_2".
Reading "sky130_fd_sc_hd__o2bb2ai_4".
Reading "sky130_fd_sc_hd__o21a_1".
Reading "sky130_fd_sc_hd__o21a_2".
Reading "sky130_fd_sc_hd__o21ai_2".
Reading "sky130_fd_sc_hd__o21ai_1".
Reading "sky130_fd_sc_hd__o21ai_0".
Reading "sky130_fd_sc_hd__o21a_4".
Reading "sky130_fd_sc_hd__o21ba_2".
Reading "sky130_fd_sc_hd__o21ba_1".
Reading "sky130_fd_sc_hd__o21ai_4".
Reading "sky130_fd_sc_hd__o21bai_2".
Reading "sky130_fd_sc_hd__o21bai_1".
Reading "sky130_fd_sc_hd__o21ba_4".
Reading "sky130_fd_sc_hd__o21bai_4".
Reading "sky130_fd_sc_hd__o22a_1".
Reading "sky130_fd_sc_hd__o22a_2".
Reading "sky130_fd_sc_hd__o22a_4".
Reading "sky130_fd_sc_hd__o22ai_1".
Reading "sky130_fd_sc_hd__o22ai_2".
Reading "sky130_fd_sc_hd__o22ai_4".
Reading "sky130_fd_sc_hd__o31a_1".
Reading "sky130_fd_sc_hd__o31a_2".
Reading "sky130_fd_sc_hd__o31a_4".
Reading "sky130_fd_sc_hd__o31ai_1".
Reading "sky130_fd_sc_hd__o31ai_2".
Reading "sky130_fd_sc_hd__o31ai_4".
Reading "sky130_fd_sc_hd__o32a_1".
Reading "sky130_fd_sc_hd__o32a_2".
Reading "sky130_fd_sc_hd__o32a_4".
Reading "sky130_fd_sc_hd__o32ai_1".
Reading "sky130_fd_sc_hd__o32ai_2".
Reading "sky130_fd_sc_hd__o32ai_4".
Reading "sky130_fd_sc_hd__o41a_1".
Reading "sky130_fd_sc_hd__o41a_2".
Reading "sky130_fd_sc_hd__lpflow_lsbuf_lh_hl_isowell_tap_1".
CIF file read warning: CIF style sky130(): units rescaled by factor of 5 / 1
Reading "sky130_fd_sc_hd__lpflow_lsbuf_lh_hl_isowell_tap_2".
Reading "sky130_fd_sc_hd__lpflow_lsbuf_lh_hl_isowell_tap_4".
Reading "sky130_fd_sc_hd__lpflow_lsbuf_lh_isowell_4".
Reading "sky130_fd_sc_hd__lpflow_lsbuf_lh_isowell_tap_1".
Reading "sky130_fd_sc_hd__lpflow_lsbuf_lh_isowell_tap_2".
Reading "sky130_fd_sc_hd__lpflow_lsbuf_lh_isowell_tap_4".
Reading "sky130_fd_sc_hd__nor2_2".
Reading "sky130_fd_sc_hd__nand2_2".
Reading "sky130_fd_sc_hd__inv_2".
Reading "sky130_fd_sc_hd__conb_1".
Reading "sky130_fd_sc_hd__macro_sparecell".
Reading "sky130_fd_sc_hd__maj3_1".
Reading "sky130_fd_sc_hd__maj3_2".
Reading "sky130_fd_sc_hd__maj3_4".
Reading "sky130_fd_sc_hd__mux2_1".
Reading "sky130_fd_sc_hd__mux2_2".
Reading "sky130_fd_sc_hd__mux2_4".
Reading "sky130_fd_sc_hd__mux2_8".
Reading "sky130_fd_sc_hd__mux2i_1".
Reading "sky130_fd_sc_hd__mux2i_2".
Reading "sky130_fd_sc_hd__nand2_1".
Reading "sky130_fd_sc_hd__nand2_4".
Reading "sky130_fd_sc_hd__nand2_8".
Reading "sky130_fd_sc_hd__nand2b_1".
Reading "sky130_fd_sc_hd__mux2i_4".
Reading "sky130_fd_sc_hd__mux4_1".
Reading "sky130_fd_sc_hd__mux4_2".
Reading "sky130_fd_sc_hd__mux4_4".
Reading "sky130_fd_sc_hd__nand2b_2".
Reading "sky130_fd_sc_hd__nand2b_4".
Reading "sky130_fd_sc_hd__nand3_1".
Reading "sky130_fd_sc_hd__nand3_2".
Reading "sky130_fd_sc_hd__nand3_4".
Reading "sky130_fd_sc_hd__nand3b_1".
Reading "sky130_fd_sc_hd__nand3b_2".
Reading "sky130_fd_sc_hd__nand3b_4".
Reading "sky130_fd_sc_hd__nand4_1".
Reading "sky130_fd_sc_hd__nand4_2".
Reading "sky130_fd_sc_hd__nand4_4".
Reading "sky130_fd_sc_hd__nand4b_1".
Reading "sky130_fd_sc_hd__nand4b_2".
Reading "sky130_fd_sc_hd__nand4b_4".
Reading "sky130_fd_sc_hd__nand4bb_1".
Reading "sky130_fd_sc_hd__nand4bb_2".
Reading "sky130_fd_sc_hd__nand4bb_4".
Reading "sky130_fd_sc_hd__nor2_1".
Reading "sky130_fd_sc_hd__nor2_4".
Reading "sky130_fd_sc_hd__nor2_8".
Reading "sky130_fd_sc_hd__nor2b_1".
Reading "sky130_fd_sc_hd__nor2b_2".
Reading "sky130_fd_sc_hd__nor2b_4".
Reading "sky130_fd_sc_hd__nor3_1".
Reading "sky130_fd_sc_hd__nor3_2".
Reading "sky130_fd_sc_hd__nor3_4".
Reading "sky130_fd_sc_hd__nor3b_1".
Reading "sky130_fd_sc_hd__einvp_1".
Reading "sky130_fd_sc_hd__einvp_2".
Reading "sky130_fd_sc_hd__einvp_4".
Reading "sky130_fd_sc_hd__einvp_8".
Reading "sky130_fd_sc_hd__fa_1".
Reading "sky130_fd_sc_hd__fa_2".
Reading "sky130_fd_sc_hd__fa_4".
Reading "sky130_fd_sc_hd__fah_1".
Reading "sky130_fd_sc_hd__fahcin_1".
Reading "sky130_fd_sc_hd__fahcon_1".
Reading "sky130_fd_sc_hd__fill_1".
Reading "sky130_fd_sc_hd__fill_2".
Reading "sky130_fd_sc_hd__fill_4".
Reading "sky130_fd_sc_hd__fill_8".
Reading "sky130_fd_sc_hd__ha_1".
Reading "sky130_fd_sc_hd__ha_2".
Reading "sky130_fd_sc_hd__ha_4".
Reading "sky130_fd_sc_hd__inv_1".
Reading "sky130_fd_sc_hd__inv_16".
Reading "sky130_fd_sc_hd__inv_12".
Reading "sky130_fd_sc_hd__inv_8".
Reading "sky130_fd_sc_hd__inv_6".
Reading "sky130_fd_sc_hd__inv_4".
Reading "sky130_fd_sc_hd__lpflow_clkbufkapwr_4".
Reading "sky130_fd_sc_hd__lpflow_clkbufkapwr_2".
Reading "sky130_fd_sc_hd__lpflow_clkbufkapwr_1".
Reading "sky130_fd_sc_hd__lpflow_bleeder_1".
Reading "sky130_fd_sc_hd__lpflow_clkbufkapwr_8".
Reading "sky130_fd_sc_hd__lpflow_clkbufkapwr_16".
Reading "sky130_fd_sc_hd__lpflow_clkinvkapwr_1".
Reading "sky130_fd_sc_hd__lpflow_clkinvkapwr_2".
Reading "sky130_fd_sc_hd__lpflow_clkinvkapwr_4".
Reading "sky130_fd_sc_hd__lpflow_clkinvkapwr_8".
Reading "sky130_fd_sc_hd__lpflow_clkinvkapwr_16".
Reading "sky130_fd_sc_hd__lpflow_decapkapwr_3".
Reading "sky130_fd_sc_hd__lpflow_decapkapwr_4".
Reading "sky130_fd_sc_hd__lpflow_decapkapwr_6".
Reading "sky130_fd_sc_hd__lpflow_inputiso0n_1".
Reading "sky130_fd_sc_hd__lpflow_decapkapwr_12".
Reading "sky130_fd_sc_hd__lpflow_decapkapwr_8".
Reading "sky130_fd_sc_hd__lpflow_inputisolatch_1".
Reading "sky130_fd_sc_hd__lpflow_inputiso1p_1".
Reading "sky130_fd_sc_hd__lpflow_inputiso1n_1".
Reading "sky130_fd_sc_hd__lpflow_inputiso0p_1".
Reading "sky130_fd_sc_hd__lpflow_isobufsrc_4".
Reading "sky130_fd_sc_hd__lpflow_isobufsrc_2".
Reading "sky130_fd_sc_hd__lpflow_isobufsrc_1".
Reading "sky130_fd_sc_hd__lpflow_isobufsrc_8".
Reading "sky130_fd_sc_hd__lpflow_isobufsrc_16".
Reading "sky130_fd_sc_hd__lpflow_isobufsrckapwr_16".
Reading "sky130_fd_sc_hd__dfrtp_2".
Reading "sky130_fd_sc_hd__dfrtp_4".
Reading "sky130_fd_sc_hd__dfsbp_1".
Reading "sky130_fd_sc_hd__dfsbp_2".
Reading "sky130_fd_sc_hd__dfstp_1".
Reading "sky130_fd_sc_hd__dfstp_2".
Reading "sky130_fd_sc_hd__dfstp_4".
Reading "sky130_fd_sc_hd__dfxbp_1".
Reading "sky130_fd_sc_hd__dfxbp_2".
Reading "sky130_fd_sc_hd__dfxtp_1".
Reading "sky130_fd_sc_hd__dfxtp_2".
Reading "sky130_fd_sc_hd__dfxtp_4".
Reading "sky130_fd_sc_hd__diode_2".
Reading "sky130_fd_sc_hd__dlclkp_1".
Reading "sky130_fd_sc_hd__dlclkp_2".
Reading "sky130_fd_sc_hd__dlclkp_4".
Reading "sky130_fd_sc_hd__dlrbn_1".
Reading "sky130_fd_sc_hd__dlrbp_1".
Reading "sky130_fd_sc_hd__dlrtn_1".
Reading "sky130_fd_sc_hd__dlrtn_2".
Reading "sky130_fd_sc_hd__dlrbn_2".
Reading "sky130_fd_sc_hd__dlrbp_2".
Reading "sky130_fd_sc_hd__dlrtn_4".
Reading "sky130_fd_sc_hd__dlrtp_1".
Reading "sky130_fd_sc_hd__dlrtp_2".
Reading "sky130_fd_sc_hd__dlrtp_4".
Reading "sky130_fd_sc_hd__dlxbn_1".
Reading "sky130_fd_sc_hd__dlxbn_2".
Reading "sky130_fd_sc_hd__dlxbp_1".
Reading "sky130_fd_sc_hd__dlxtn_1".
Reading "sky130_fd_sc_hd__dlxtn_2".
Reading "sky130_fd_sc_hd__dlxtn_4".
Reading "sky130_fd_sc_hd__dlxtp_1".
Reading "sky130_fd_sc_hd__dlygate4sd1_1".
Reading "sky130_fd_sc_hd__dlygate4sd2_1".
Reading "sky130_fd_sc_hd__dlygate4sd3_1".
Reading "sky130_fd_sc_hd__dlymetal6s2s_1".
Reading "sky130_fd_sc_hd__dlymetal6s4s_1".
Reading "sky130_fd_sc_hd__dlymetal6s6s_1".
Reading "sky130_fd_sc_hd__ebufn_1".
Reading "sky130_fd_sc_hd__ebufn_2".
Reading "sky130_fd_sc_hd__ebufn_4".
Reading "sky130_fd_sc_hd__einvn_0".
Reading "sky130_fd_sc_hd__einvn_1".
Reading "sky130_fd_sc_hd__einvn_2".
Reading "sky130_fd_sc_hd__einvn_4".
Reading "sky130_fd_sc_hd__ebufn_8".
Reading "sky130_fd_sc_hd__edfxbp_1".
Reading "sky130_fd_sc_hd__edfxtp_1".
Reading "sky130_fd_sc_hd__einvn_8".
Reading "sky130_fd_sc_hd__and4_4".
Reading "sky130_fd_sc_hd__and4b_1".
Reading "sky130_fd_sc_hd__and4b_2".
Reading "sky130_fd_sc_hd__and4b_4".
Reading "sky130_fd_sc_hd__and4bb_1".
Reading "sky130_fd_sc_hd__and4bb_2".
Reading "sky130_fd_sc_hd__and4bb_4".
Reading "sky130_fd_sc_hd__buf_1".
Reading "sky130_fd_sc_hd__buf_2".
Reading "sky130_fd_sc_hd__buf_4".
Reading "sky130_fd_sc_hd__buf_6".
Reading "sky130_fd_sc_hd__buf_8".
Reading "sky130_fd_sc_hd__buf_12".
Reading "sky130_fd_sc_hd__buf_16".
Reading "sky130_fd_sc_hd__bufbuf_8".
Reading "sky130_fd_sc_hd__clkdlybuf4s15_2".
Reading "sky130_fd_sc_hd__clkdlybuf4s15_1".
Reading "sky130_fd_sc_hd__clkbuf_16".
Reading "sky130_fd_sc_hd__clkbuf_8".
Reading "sky130_fd_sc_hd__clkbuf_4".
Reading "sky130_fd_sc_hd__clkbuf_2".
Reading "sky130_fd_sc_hd__clkbuf_1".
Reading "sky130_fd_sc_hd__bufinv_16".
Reading "sky130_fd_sc_hd__bufinv_8".
Reading "sky130_fd_sc_hd__bufbuf_16".
Reading "sky130_fd_sc_hd__clkdlybuf4s18_1".
Reading "sky130_fd_sc_hd__clkdlybuf4s18_2".
Reading "sky130_fd_sc_hd__clkdlybuf4s25_1".
Reading "sky130_fd_sc_hd__clkdlybuf4s25_2".
Reading "sky130_fd_sc_hd__clkdlybuf4s50_1".
Reading "sky130_fd_sc_hd__clkdlybuf4s50_2".
Reading "sky130_fd_sc_hd__clkinv_1".
Reading "sky130_fd_sc_hd__clkinv_2".
Reading "sky130_fd_sc_hd__clkinv_4".
Reading "sky130_fd_sc_hd__dfbbn_1".
Reading "sky130_fd_sc_hd__decap_12".
Reading "sky130_fd_sc_hd__decap_8".
Reading "sky130_fd_sc_hd__decap_6".
Reading "sky130_fd_sc_hd__decap_4".
Reading "sky130_fd_sc_hd__decap_3".
Reading "sky130_fd_sc_hd__clkinvlp_4".
Reading "sky130_fd_sc_hd__clkinvlp_2".
Reading "sky130_fd_sc_hd__clkinv_16".
Reading "sky130_fd_sc_hd__clkinv_8".
Reading "sky130_fd_sc_hd__dfbbn_2".
Reading "sky130_fd_sc_hd__dfbbp_1".
Reading "sky130_fd_sc_hd__dfrbp_1".
Reading "sky130_fd_sc_hd__dfrbp_2".
Reading "sky130_fd_sc_hd__dfrtn_1".
Reading "sky130_fd_sc_hd__dfrtp_1".
Reading "sky130_fd_sc_hd__a32oi_1".
Reading "sky130_fd_sc_hd__a32oi_2".
Reading "sky130_fd_sc_hd__a32oi_4".
Reading "sky130_fd_sc_hd__a41o_1".
Reading "sky130_fd_sc_hd__a41o_2".
Reading "sky130_fd_sc_hd__a41o_4".
Reading "sky130_fd_sc_hd__a41oi_1".
Reading "sky130_fd_sc_hd__a41oi_2".
Reading "sky130_fd_sc_hd__a41oi_4".
Reading "sky130_fd_sc_hd__a221o_4".
Reading "sky130_fd_sc_hd__a221o_2".
Reading "sky130_fd_sc_hd__a221oi_1".
Reading "sky130_fd_sc_hd__a211oi_2".
Reading "sky130_fd_sc_hd__a211oi_1".
Reading "sky130_fd_sc_hd__a211o_4".
Reading "sky130_fd_sc_hd__a211o_2".
Reading "sky130_fd_sc_hd__a211o_1".
Reading "sky130_fd_sc_hd__a221o_1".
Reading "sky130_fd_sc_hd__a211oi_4".
Reading "sky130_fd_sc_hd__a221oi_2".
Reading "sky130_fd_sc_hd__a221oi_4".
Reading "sky130_fd_sc_hd__a222oi_1".
Reading "sky130_fd_sc_hd__a311o_1".
Reading "sky130_fd_sc_hd__a311o_2".
Reading "sky130_fd_sc_hd__a311o_4".
Reading "sky130_fd_sc_hd__a311oi_1".
Reading "sky130_fd_sc_hd__a311oi_2".
Reading "sky130_fd_sc_hd__a311oi_4".
Reading "sky130_fd_sc_hd__a2111o_1".
Reading "sky130_fd_sc_hd__a2111o_2".
Reading "sky130_fd_sc_hd__a2111o_4".
Reading "sky130_fd_sc_hd__a2111oi_0".
Reading "sky130_fd_sc_hd__a2111oi_1".
CIF file read warning: Input off lambda grid by 2/5; snapped to grid.
Reading "sky130_fd_sc_hd__a2111oi_2".
Reading "sky130_fd_sc_hd__a2111oi_4".
Reading "sky130_fd_sc_hd__and2_0".
Reading "sky130_fd_sc_hd__and2_1".
Reading "sky130_fd_sc_hd__and2b_1".
Reading "sky130_fd_sc_hd__and2_4".
Reading "sky130_fd_sc_hd__and2_2".
Reading "sky130_fd_sc_hd__and2b_4".
Reading "sky130_fd_sc_hd__and2b_2".
Reading "sky130_fd_sc_hd__and3_4".
Reading "sky130_fd_sc_hd__and3_2".
Reading "sky130_fd_sc_hd__and3_1".
Reading "sky130_fd_sc_hd__and3b_2".
Reading "sky130_fd_sc_hd__and3b_1".
Reading "sky130_fd_sc_hd__and3b_4".
Reading "sky130_fd_sc_hd__and4_1".
Reading "sky130_fd_sc_hd__and4_2".
Reading "sky130_ef_sc_hd__decap_12".
Reading "sky130_ef_sc_hd__fill_4".
Reading "sky130_ef_sc_hd__fill_8".
Reading "sky130_ef_sc_hd__fill_12".
Reading "sky130_fd_sc_hd__a2bb2o_1".
Reading "sky130_fd_sc_hd__a2bb2o_2".
Reading "sky130_fd_sc_hd__a2bb2o_4".
Reading "sky130_fd_sc_hd__a2bb2oi_1".
Reading "sky130_fd_sc_hd__a2bb2oi_2".
Reading "sky130_fd_sc_hd__a2bb2oi_4".
Reading "sky130_fd_sc_hd__a21bo_1".
Reading "sky130_fd_sc_hd__a21bo_2".
Reading "sky130_fd_sc_hd__a21bo_4".
Reading "sky130_fd_sc_hd__a21boi_0".
Reading "sky130_fd_sc_hd__a21boi_1".
Reading "sky130_fd_sc_hd__a21boi_2".
Reading "sky130_fd_sc_hd__a21boi_4".
Reading "sky130_fd_sc_hd__a21o_1".
Reading "sky130_fd_sc_hd__a21o_2".
Reading "sky130_fd_sc_hd__a22o_1".
Reading "sky130_fd_sc_hd__a21oi_4".
Reading "sky130_fd_sc_hd__a21oi_2".
Reading "sky130_fd_sc_hd__a22oi_2".
Reading "sky130_fd_sc_hd__a22oi_1".
Reading "sky130_fd_sc_hd__a22o_4".
Reading "sky130_fd_sc_hd__a22o_2".
Reading "sky130_fd_sc_hd__a22oi_4".
Reading "sky130_fd_sc_hd__a21oi_1".
Reading "sky130_fd_sc_hd__a21o_4".
Reading "sky130_fd_sc_hd__a31o_1".
Reading "sky130_fd_sc_hd__a31o_2".
Reading "sky130_fd_sc_hd__a31o_4".
Reading "sky130_fd_sc_hd__a31oi_1".
Reading "sky130_fd_sc_hd__a31oi_2".
Reading "sky130_fd_sc_hd__a31oi_4".
Reading "sky130_fd_sc_hd__a32o_1".
Reading "sky130_fd_sc_hd__a32o_2".
Reading "sky130_fd_sc_hd__a32o_4".
Cell (NEWCELL) couldn't be read
No such file or directory
Creating new cell
> lef read /home/astha/.volare/volare/sky130/versions/0fe599b2afb6708d281543108caf8310912f54af/sky130A/libs.ref/sky130_fd_sc_hd/techlef/sky130_fd_sc_hd__nom.tlef
Reading LEF data from file /home/astha/.volare/volare/sky130/versions/0fe599b2afb6708d281543108caf8310912f54af/sky130A/libs.ref/sky130_fd_sc_hd/techlef/sky130_fd_sc_hd__nom.tlef.
This action cannot be undone.
LEF read, Line 82 (Message): Unknown keyword "ANTENNAMODEL" in LEF file; ignoring.
LEF read, Line 83 (Message): Unknown keyword "ANTENNADIFFSIDEAREARATIO" in LEF file; ignoring.
LEF read, Line 116 (Message): Unknown keyword "MINENCLOSEDAREA" in LEF file; ignoring.
LEF read, Line 118 (Message): Unknown keyword "ANTENNAMODEL" in LEF file; ignoring.
LEF read, Line 119 (Message): Unknown keyword "ANTENNADIFFSIDEAREARATIO" in LEF file; ignoring.
LEF read, Line 125 (Message): Unknown keyword "MAXIMUMDENSITY" in LEF file; ignoring.
LEF read, Line 126 (Message): Unknown keyword "DENSITYCHECKWINDOW" in LEF file; ignoring.
LEF read, Line 127 (Message): Unknown keyword "DENSITYCHECKSTEP" in LEF file; ignoring.
LEF read, Line 160 (Message): Unknown keyword "MINENCLOSEDAREA" in LEF file; ignoring.
LEF read, Line 168 (Message): Unknown keyword "ANTENNAMODEL" in LEF file; ignoring.
LEF read, Line 169 (Message): Unknown keyword "ANTENNADIFFSIDEAREARATIO" in LEF file; ignoring.
LEF read, Line 171 (Message): Unknown keyword "MAXIMUMDENSITY" in LEF file; ignoring.
LEF read, Line 172 (Message): Unknown keyword "DENSITYCHECKWINDOW" in LEF file; ignoring.
LEF read, Line 173 (Message): Unknown keyword "DENSITYCHECKSTEP" in LEF file; ignoring.
LEF read, Line 210 (Message): Unknown keyword "ANTENNAMODEL" in LEF file; ignoring.
LEF read, Line 211 (Message): Unknown keyword "ANTENNADIFFSIDEAREARATIO" in LEF file; ignoring.
LEF read, Line 213 (Message): Unknown keyword "MAXIMUMDENSITY" in LEF file; ignoring.
LEF read, Line 214 (Message): Unknown keyword "DENSITYCHECKWINDOW" in LEF file; ignoring.
LEF read, Line 215 (Message): Unknown keyword "DENSITYCHECKSTEP" in LEF file; ignoring.
LEF read, Line 252 (Message): Unknown keyword "ANTENNAMODEL" in LEF file; ignoring.
LEF read, Line 253 (Message): Unknown keyword "ANTENNADIFFSIDEAREARATIO" in LEF file; ignoring.
LEF read, Line 255 (Message): Unknown keyword "MAXIMUMDENSITY" in LEF file; ignoring.
LEF read, Line 256 (Message): Unknown keyword "DENSITYCHECKWINDOW" in LEF file; ignoring.
LEF read, Line 257 (Message): Unknown keyword "DENSITYCHECKSTEP" in LEF file; ignoring.
LEF read, Line 294 (Message): Unknown keyword "ANTENNAMODEL" in LEF file; ignoring.
LEF read, Line 295 (Message): Unknown keyword "ANTENNADIFFSIDEAREARATIO" in LEF file; ignoring.
LEF read: Processed 801 lines.
> def read /home/astha/eda/designs/uas/PROJECT-UAS-APIC/RISC-V/sandbox/RISC-V-PICO-Synthesis/runs/RUN_2025-05-14_14-48-12/52-odb-cellfrequencytables/picorv32.def -noblockage -labels
Reading DEF data from file /home/astha/eda/designs/uas/PROJECT-UAS-APIC/RISC-V/sandbox/RISC-V-PICO-Synthesis/runs/RUN_2025-05-14_14-48-12/52-odb-cellfrequencytables/picorv32.def.
This action cannot be undone.
  Processed 4 vias total.
  Processed 21693 subcell instances total.
  Processed 411 pins total.
  Processed 2 special nets total.
  Processed 9249 nets total.
DEF read: Processed 183687 lines.
Moving label "_00001_" from metal1 to via1 in cell picorv32.
Moving label "_00007_" from metal2 to via2 in cell picorv32.
Moving label "_00008_" from metal2 to via2 in cell picorv32.
Moving label "_00011_" from metal2 to via2 in cell picorv32.
Moving label "_00021_" from metal1 to via1 in cell picorv32.
Moving label "_00033_" from metal1 to via1 in cell picorv32.
Moving label "_00045_" from metal1 to via1 in cell picorv32.
Moving label "_00052_" from metal1 to via1 in cell picorv32.
Moving label "_00055_" from metal1 to via1 in cell picorv32.
Moving label "_00065_" from metal1 to via1 in cell picorv32.
Moving label "_00079_" from metal1 to via1 in cell picorv32.
Moving label "_00084_" from metal1 to via1 in cell picorv32.
Moving label "_00087_" from metal1 to via1 in cell picorv32.
Moving label "_00096_" from metal1 to via1 in cell picorv32.
Moving label "_00102_" from metal1 to via1 in cell picorv32.
Moving label "_00105_" from metal1 to via1 in cell picorv32.
Moving label "_00106_" from metal1 to via1 in cell picorv32.
Moving label "_00112_" from metal1 to via1 in cell picorv32.
Moving label "_00114_" from metal1 to via1 in cell picorv32.
Moving label "_00117_" from metal1 to via1 in cell picorv32.
Moving label "_00121_" from metal1 to via1 in cell picorv32.
Moving label "_00130_" from metal1 to via1 in cell picorv32.
Moving label "_00132_" from metal1 to via1 in cell picorv32.
Moving label "_00138_" from metal1 to via1 in cell picorv32.
Moving label "_00143_" from metal1 to viali in cell picorv32.
Moving label "_00147_" from metal1 to via1 in cell picorv32.
Moving label "_00154_" from metal1 to via1 in cell picorv32.
Moving label "_00156_" from metal1 to via1 in cell picorv32.
Moving label "_00161_" from metal1 to via1 in cell picorv32.
Moving label "_00172_" from metal1 to via1 in cell picorv32.
Moving label "_00178_" from metal1 to via1 in cell picorv32.
Moving label "_00208_" from metal1 to via1 in cell picorv32.
Moving label "_00218_" from metal1 to via1 in cell picorv32.
Moving label "_00224_" from metal1 to via1 in cell picorv32.
Moving label "_00226_" from metal1 to via1 in cell picorv32.
Moving label "_00237_" from metal1 to via1 in cell picorv32.
Moving label "_00241_" from metal1 to via1 in cell picorv32.
Moving label "_00245_" from metal1 to via1 in cell picorv32.
Moving label "_00268_" from metal1 to via1 in cell picorv32.
Moving label "_00276_" from metal2 to via2 in cell picorv32.
Moving label "_00291_" from metal1 to via1 in cell picorv32.
Moving label "_00298_" from metal1 to via1 in cell picorv32.
Moving label "_00302_" from metal1 to via1 in cell picorv32.
Moving label "_00305_" from metal1 to via1 in cell picorv32.
Moving label "_00307_" from metal1 to via1 in cell picorv32.
Moving label "_00312_" from metal1 to via1 in cell picorv32.
Moving label "_00315_" from metal1 to via1 in cell picorv32.
Moving label "_00316_" from metal1 to via1 in cell picorv32.
Moving label "_00321_" from metal1 to via1 in cell picorv32.
Moving label "_00327_" from metal1 to via1 in cell picorv32.
Moving label "_00328_" from metal1 to via1 in cell picorv32.
Moving label "_00338_" from metal1 to via1 in cell picorv32.
Moving label "_00350_" from metal1 to via1 in cell picorv32.
Moving label "_00356_" from metal1 to via1 in cell picorv32.
Moving label "_00368_" from metal1 to via1 in cell picorv32.
Moving label "_00372_" from metal1 to via1 in cell picorv32.
Moving label "_00387_" from metal1 to viali in cell picorv32.
Moving label "_00393_" from metal1 to via1 in cell picorv32.
Moving label "_00396_" from metal1 to via1 in cell picorv32.
Moving label "_00397_" from metal1 to via1 in cell picorv32.
Moving label "_00404_" from metal1 to via1 in cell picorv32.
Moving label "_00436_" from metal1 to via1 in cell picorv32.
Moving label "_00442_" from metal1 to via1 in cell picorv32.
Moving label "_00453_" from metal1 to via1 in cell picorv32.
Moving label "_00458_" from metal1 to via1 in cell picorv32.
Moving label "_00464_" from metal1 to viali in cell picorv32.
Moving label "_00474_" from metal1 to via1 in cell picorv32.
Moving label "_00477_" from metal1 to via1 in cell picorv32.
Moving label "_00478_" from metal1 to via1 in cell picorv32.
Moving label "_00480_" from metal1 to via1 in cell picorv32.
Moving label "_00482_" from metal1 to via1 in cell picorv32.
Moving label "_00485_" from metal1 to via1 in cell picorv32.
Moving label "_00492_" from metal1 to via1 in cell picorv32.
Moving label "_00513_" from metal1 to via1 in cell picorv32.
Moving label "_00517_" from metal1 to via1 in cell picorv32.
Moving label "_00520_" from metal1 to via1 in cell picorv32.
Moving label "_00539_" from metal1 to via1 in cell picorv32.
Moving label "_00544_" from metal1 to via1 in cell picorv32.
Moving label "_00572_" from metal1 to via1 in cell picorv32.
Moving label "_00598_" from metal1 to via1 in cell picorv32.
Moving label "_00631_" from metal1 to via1 in cell picorv32.
Moving label "_00635_" from metal1 to via1 in cell picorv32.
Moving label "_00641_" from metal1 to via1 in cell picorv32.
Moving label "_00653_" from metal1 to via1 in cell picorv32.
Moving label "_00655_" from metal1 to via1 in cell picorv32.
Moving label "_00657_" from metal1 to via1 in cell picorv32.
Moving label "_00667_" from metal1 to via1 in cell picorv32.
Moving label "_00671_" from metal1 to via1 in cell picorv32.
Moving label "_00676_" from metal1 to via1 in cell picorv32.
Moving label "_00679_" from metal1 to via1 in cell picorv32.
Moving label "_00680_" from metal1 to via1 in cell picorv32.
Moving label "_00681_" from metal1 to via1 in cell picorv32.
Moving label "_00685_" from metal1 to via1 in cell picorv32.
Moving label "_00686_" from metal1 to via1 in cell picorv32.
Moving label "_00689_" from metal1 to via1 in cell picorv32.
Moving label "_00692_" from metal1 to via1 in cell picorv32.
Moving label "_00702_" from metal1 to via1 in cell picorv32.
Moving label "_00706_" from metal1 to via1 in cell picorv32.
Moving label "_00710_" from metal1 to via1 in cell picorv32.
Moving label "_00720_" from metal1 to via1 in cell picorv32.
Moving label "_00722_" from metal1 to via1 in cell picorv32.
Moving label "_00732_" from metal1 to via1 in cell picorv32.
Moving label "_00733_" from metal1 to via1 in cell picorv32.
Moving label "_00734_" from metal1 to via1 in cell picorv32.
Moving label "_00741_" from metal1 to via1 in cell picorv32.
Moving label "_00747_" from metal1 to via1 in cell picorv32.
Moving label "_00759_" from metal1 to via1 in cell picorv32.
Moving label "_00761_" from metal1 to via1 in cell picorv32.
Moving label "_00768_" from metal1 to via1 in cell picorv32.
Moving label "_00770_" from metal1 to via1 in cell picorv32.
Moving label "_00774_" from metal1 to via1 in cell picorv32.
Moving label "_00782_" from metal1 to via1 in cell picorv32.
Moving label "_00784_" from metal1 to via1 in cell picorv32.
Moving label "_00788_" from metal1 to via1 in cell picorv32.
Moving label "_00789_" from metal1 to via1 in cell picorv32.
Moving label "_00790_" from metal1 to via1 in cell picorv32.
Moving label "_00794_" from metal1 to via1 in cell picorv32.
Moving label "_00795_" from metal1 to via1 in cell picorv32.
Moving label "_00797_" from metal1 to via1 in cell picorv32.
Moving label "_00799_" from metal1 to via1 in cell picorv32.
Moving label "_00811_" from metal1 to via1 in cell picorv32.
Moving label "_00813_" from metal1 to via1 in cell picorv32.
Moving label "_00838_" from metal1 to via1 in cell picorv32.
Moving label "_00846_" from metal1 to via1 in cell picorv32.
Moving label "_00856_" from metal1 to via1 in cell picorv32.
Moving label "_00860_" from metal1 to via1 in cell picorv32.
Moving label "_00879_" from metal1 to via1 in cell picorv32.
Moving label "_00887_" from metal1 to via1 in cell picorv32.
Moving label "_00893_" from metal1 to via1 in cell picorv32.
Moving label "_00901_" from metal1 to via1 in cell picorv32.
Moving label "_00902_" from metal1 to via1 in cell picorv32.
Moving label "_00903_" from metal1 to via1 in cell picorv32.
Moving label "_00904_" from metal1 to via1 in cell picorv32.
Moving label "_00907_" from metal1 to via1 in cell picorv32.
Moving label "_00908_" from metal1 to via1 in cell picorv32.
Moving label "_00912_" from metal1 to via1 in cell picorv32.
Moving label "_00923_" from metal1 to via1 in cell picorv32.
Moving label "_00947_" from metal1 to via1 in cell picorv32.
Moving label "_00963_" from metal1 to via1 in cell picorv32.
Moving label "_00975_" from metal1 to via1 in cell picorv32.
Moving label "_00977_" from metal1 to via1 in cell picorv32.
Moving label "_00979_" from metal1 to via1 in cell picorv32.
Moving label "_00981_" from metal1 to via1 in cell picorv32.
Moving label "_00983_" from metal1 to via1 in cell picorv32.
Moving label "_00986_" from metal1 to via1 in cell picorv32.
Moving label "_01008_" from metal1 to via1 in cell picorv32.
Moving label "_01011_" from metal1 to via1 in cell picorv32.
Moving label "_01026_" from metal1 to via1 in cell picorv32.
Moving label "_01027_" from metal1 to via1 in cell picorv32.
Moving label "_01028_" from metal1 to via1 in cell picorv32.
Moving label "_01029_" from metal1 to via1 in cell picorv32.
Moving label "_01049_" from metal1 to via1 in cell picorv32.
Moving label "_01071_" from metal1 to via1 in cell picorv32.
Moving label "_01077_" from metal1 to via1 in cell picorv32.
Moving label "_01080_" from metal1 to via1 in cell picorv32.
Moving label "_01087_" from metal1 to via1 in cell picorv32.
Moving label "_01097_" from metal1 to via1 in cell picorv32.
Moving label "_01108_" from metal1 to via1 in cell picorv32.
Moving label "_01109_" from metal1 to via1 in cell picorv32.
Moving label "_01120_" from metal1 to via1 in cell picorv32.
Moving label "_01130_" from metal1 to via1 in cell picorv32.
Moving label "_01132_" from metal1 to via1 in cell picorv32.
Moving label "_01133_" from metal1 to via1 in cell picorv32.
Moving label "_01134_" from metal1 to via1 in cell picorv32.
Moving label "_01153_" from metal1 to via1 in cell picorv32.
Moving label "_01164_" from metal1 to via1 in cell picorv32.
Moving label "_01180_" from metal1 to via1 in cell picorv32.
Moving label "_01199_" from metal1 to via1 in cell picorv32.
Moving label "_01200_" from metal1 to via1 in cell picorv32.
Moving label "_01202_" from metal1 to via1 in cell picorv32.
Moving label "_01212_" from metal1 to via1 in cell picorv32.
Moving label "_01224_" from metal1 to via1 in cell picorv32.
Moving label "_01236_" from metal1 to via1 in cell picorv32.
Moving label "_01244_" from metal1 to via1 in cell picorv32.
Moving label "_01257_" from metal1 to via1 in cell picorv32.
Moving label "_01260_" from metal1 to via1 in cell picorv32.
Moving label "_01265_" from metal1 to via1 in cell picorv32.
Moving label "_01274_" from metal1 to via1 in cell picorv32.
Moving label "_01281_" from metal1 to via1 in cell picorv32.
Moving label "_01291_" from metal1 to via1 in cell picorv32.
Moving label "_01292_" from metal1 to via1 in cell picorv32.
Moving label "_01293_" from metal1 to via1 in cell picorv32.
Moving label "_01306_" from metal1 to via1 in cell picorv32.
Moving label "_01318_" from metal1 to via1 in cell picorv32.
Moving label "_01324_" from metal1 to via1 in cell picorv32.
Moving label "_01325_" from metal1 to via1 in cell picorv32.
Moving label "_01327_" from metal1 to via1 in cell picorv32.
Moving label "_01339_" from metal1 to via1 in cell picorv32.
Moving label "_01345_" from metal1 to via1 in cell picorv32.
Moving label "_01348_" from metal1 to via1 in cell picorv32.
Moving label "_01353_" from metal1 to via1 in cell picorv32.
Moving label "_01355_" from metal1 to via1 in cell picorv32.
Moving label "_01358_" from metal1 to via1 in cell picorv32.
Moving label "_01362_" from metal1 to via1 in cell picorv32.
Moving label "_01370_" from metal1 to viali in cell picorv32.
Moving label "_01373_" from metal1 to via1 in cell picorv32.
Moving label "_01388_" from metal1 to via1 in cell picorv32.
Moving label "_01389_" from metal1 to via1 in cell picorv32.
Moving label "_01407_" from metal1 to via1 in cell picorv32.
Moving label "_01414_" from metal1 to via1 in cell picorv32.
Moving label "_01419_" from metal1 to via1 in cell picorv32.
Moving label "_01426_" from metal1 to via1 in cell picorv32.
Moving label "_01435_" from metal1 to via1 in cell picorv32.
Moving label "_01440_" from metal1 to via1 in cell picorv32.
Moving label "_01449_" from metal1 to via1 in cell picorv32.
Moving label "_01471_" from metal1 to via1 in cell picorv32.
Moving label "_01476_" from metal1 to via1 in cell picorv32.
Moving label "_01487_" from metal1 to via1 in cell picorv32.
Moving label "_01490_" from metal1 to via1 in cell picorv32.
Moving label "_01493_" from metal1 to via1 in cell picorv32.
Moving label "_01503_" from metal1 to via1 in cell picorv32.
Moving label "_01520_" from metal1 to via1 in cell picorv32.
Moving label "_01528_" from metal1 to via1 in cell picorv32.
Moving label "_01529_" from metal1 to via1 in cell picorv32.
Moving label "_01530_" from metal1 to via1 in cell picorv32.
Moving label "_01539_" from metal1 to via1 in cell picorv32.
Moving label "_01566_" from metal2 to via2 in cell picorv32.
Moving label "_01616_" from metal2 to via2 in cell picorv32.
Moving label "_01617_" from metal2 to via1 in cell picorv32.
Moving label "_01631_" from metal2 to via2 in cell picorv32.
Moving label "_01639_" from metal3 to via3 in cell picorv32.
Moving label "_01684_" from metal1 to viali in cell picorv32.
Moving label "_01694_" from metal1 to viali in cell picorv32.
Moving label "_01710_" from metal2 to via2 in cell picorv32.
Moving label "_01722_" from metal1 to viali in cell picorv32.
Moving label "_01738_" from metal1 to viali in cell picorv32.
Moving label "_01760_" from metal1 to via1 in cell picorv32.
Moving label "_01769_" from metal1 to viali in cell picorv32.
Moving label "_01774_" from metal2 to via2 in cell picorv32.
Moving label "_01787_" from metal1 to via1 in cell picorv32.
Moving label "_01798_" from metal1 to viali in cell picorv32.
Moving label "_01836_" from metal1 to viali in cell picorv32.
Moving label "_01852_" from metal2 to via2 in cell picorv32.
Moving label "_01878_" from metal2 to via2 in cell picorv32.
Moving label "_01884_" from metal2 to via2 in cell picorv32.
Moving label "_01890_" from metal1 to viali in cell picorv32.
Moving label "_01894_" from metal2 to via2 in cell picorv32.
Moving label "_01910_" from metal1 to viali in cell picorv32.
Moving label "_01947_" from metal1 to via1 in cell picorv32.
Moving label "_02001_" from metal2 to via2 in cell picorv32.
Moving label "_02032_" from metal1 to viali in cell picorv32.
Moving label "_02062_" from metal1 to viali in cell picorv32.
Moving label "_02097_" from metal1 to viali in cell picorv32.
Moving label "_02132_" from metal2 to via2 in cell picorv32.
Moving label "_02206_" from metal2 to via2 in cell picorv32.
Moving label "_02209_" from metal2 to via2 in cell picorv32.
Moving label "_02294_" from metal2 to via1 in cell picorv32.
Moving label "_02489_" from metal2 to via2 in cell picorv32.
Moving label "_02491_" from metal2 to via2 in cell picorv32.
Moving label "_02492_" from metal3 to via3 in cell picorv32.
Moving label "_02503_" from metal2 to via2 in cell picorv32.
Moving label "_02556_" from metal2 to via2 in cell picorv32.
Moving label "_02722_" from metal2 to via2 in cell picorv32.
Moving label "_02783_" from metal1 to via1 in cell picorv32.
Moving label "_02811_" from metal1 to via1 in cell picorv32.
Moving label "_02837_" from metal1 to via1 in cell picorv32.
Moving label "_02935_" from metal1 to viali in cell picorv32.
Moving label "_02976_" from metal2 to via2 in cell picorv32.
Moving label "_03023_" from metal1 to viali in cell picorv32.
Moving label "_03187_" from metal1 to via1 in cell picorv32.
Moving label "_03274_" from metal1 to via1 in cell picorv32.
Moving label "_03298_" from metal1 to via1 in cell picorv32.
Moving label "_03314_" from metal1 to via1 in cell picorv32.
Moving label "_03347_" from metal2 to via2 in cell picorv32.
Moving label "_03385_" from metal2 to via2 in cell picorv32.
Moving label "_03423_" from metal1 to via1 in cell picorv32.
Moving label "_03453_" from metal1 to via1 in cell picorv32.
Moving label "_03533_" from metal1 to viali in cell picorv32.
Moving label "_03536_" from metal1 to viali in cell picorv32.
Moving label "_03546_" from metal1 to via1 in cell picorv32.
Moving label "_03548_" from metal1 to via1 in cell picorv32.
Moving label "_03574_" from metal2 to via2 in cell picorv32.
Moving label "_03575_" from metal1 to via1 in cell picorv32.
Moving label "_03578_" from metal2 to via2 in cell picorv32.
Moving label "_03581_" from metal3 to via3 in cell picorv32.
Moving label "_03723_" from metal2 to via2 in cell picorv32.
Moving label "_03743_" from metal2 to via2 in cell picorv32.
Moving label "_03923_" from metal1 to via1 in cell picorv32.
Moving label "_03956_" from metal2 to via2 in cell picorv32.
Moving label "_03980_" from metal1 to viali in cell picorv32.
Moving label "_04079_" from metal2 to via2 in cell picorv32.
Moving label "_04143_" from metal2 to via2 in cell picorv32.
Moving label "_04146_" from metal1 to viali in cell picorv32.
Moving label "_04289_" from metal1 to via1 in cell picorv32.
Moving label "_04307_" from metal1 to via1 in cell picorv32.
Moving label "_04335_" from metal1 to via1 in cell picorv32.
Moving label "_04349_" from metal2 to via2 in cell picorv32.
Moving label "_04361_" from metal1 to via1 in cell picorv32.
Moving label "_04363_" from metal2 to via2 in cell picorv32.
Moving label "_04373_" from metal1 to viali in cell picorv32.
Moving label "_04375_" from metal2 to via2 in cell picorv32.
Moving label "_04394_" from metal1 to via1 in cell picorv32.
Moving label "_04448_" from metal1 to via1 in cell picorv32.
Moving label "_04478_" from metal1 to via1 in cell picorv32.
Moving label "_04487_" from metal2 to via2 in cell picorv32.
Moving label "_04499_" from metal1 to via1 in cell picorv32.
Moving label "_04512_" from metal1 to via1 in cell picorv32.
Moving label "_04562_" from metal1 to viali in cell picorv32.
Moving label "_04563_" from metal1 to via1 in cell picorv32.
Moving label "_04601_" from metal1 to via1 in cell picorv32.
Moving label "_04619_" from metal1 to via1 in cell picorv32.
Moving label "_04626_" from metal2 to via2 in cell picorv32.
Moving label "_04655_" from metal1 to via1 in cell picorv32.
Moving label "_04667_" from metal1 to via1 in cell picorv32.
Moving label "_04673_" from metal1 to via1 in cell picorv32.
Moving label "_04703_" from metal1 to via1 in cell picorv32.
Moving label "_04725_" from metal1 to viali in cell picorv32.
Moving label "_04757_" from metal2 to via1 in cell picorv32.
Moving label "_04867_" from metal3 to via3 in cell picorv32.
Moving label "_04874_" from metal2 to via2 in cell picorv32.
Moving label "_04878_" from metal2 to via2 in cell picorv32.
Moving label "_04906_" from metal1 to via1 in cell picorv32.
Moving label "alu_out\[0\]" from metal1 to viali in cell picorv32.
Moving label "alu_out\[15\]" from metal1 to via1 in cell picorv32.
Moving label "alu_out\[2\]" from metal1 to via1 in cell picorv32.
Moving label "alu_out\[3\]" from metal3 to via3 in cell picorv32.
Moving label "clknet_4_3_0_clk" from metal3 to via3 in cell picorv32.
Moving label "clknet_leaf_130_clk" from metal1 to viali in cell picorv32.
Moving label "count_cycle\[36\]" from metal1 to via1 in cell picorv32.
Moving label "cpuregs\[10\]\[0\]" from metal1 to via1 in cell picorv32.
Moving label "cpuregs\[10\]\[11\]" from metal1 to via1 in cell picorv32.
Moving label "cpuregs\[10\]\[12\]" from metal1 to via1 in cell picorv32.
Moving label "cpuregs\[10\]\[14\]" from metal1 to via1 in cell picorv32.
Moving label "cpuregs\[10\]\[30\]" from metal1 to via1 in cell picorv32.
Moving label "cpuregs\[11\]\[17\]" from metal2 to via1 in cell picorv32.
Moving label "cpuregs\[11\]\[8\]" from metal2 to via1 in cell picorv32.
Moving label "cpuregs\[13\]\[16\]" from metal1 to via1 in cell picorv32.
Moving label "cpuregs\[14\]\[10\]" from metal1 to via1 in cell picorv32.
Moving label "cpuregs\[14\]\[13\]" from metal1 to via1 in cell picorv32.
Moving label "cpuregs\[14\]\[5\]" from metal1 to via1 in cell picorv32.
Moving label "cpuregs\[15\]\[18\]" from metal1 to via1 in cell picorv32.
Moving label "cpuregs\[15\]\[29\]" from metal2 to via1 in cell picorv32.
Moving label "cpuregs\[16\]\[1\]" from metal1 to via1 in cell picorv32.
Moving label "cpuregs\[18\]\[11\]" from metal1 to via1 in cell picorv32.
Moving label "cpuregs\[18\]\[17\]" from metal1 to via1 in cell picorv32.
Moving label "cpuregs\[18\]\[31\]" from metal1 to via1 in cell picorv32.
Moving label "cpuregs\[18\]\[4\]" from metal1 to via1 in cell picorv32.
Moving label "cpuregs\[18\]\[9\]" from metal1 to via1 in cell picorv32.
Moving label "cpuregs\[1\]\[5\]" from metal1 to via1 in cell picorv32.
Moving label "cpuregs\[22\]\[16\]" from metal1 to via1 in cell picorv32.
Moving label "cpuregs\[22\]\[17\]" from metal1 to via1 in cell picorv32.
Moving label "cpuregs\[22\]\[22\]" from metal1 to via1 in cell picorv32.
Moving label "cpuregs\[22\]\[23\]" from metal1 to via1 in cell picorv32.
Moving label "cpuregs\[22\]\[24\]" from metal1 to via1 in cell picorv32.
Moving label "cpuregs\[22\]\[25\]" from metal1 to viali in cell picorv32.
Moving label "cpuregs\[22\]\[2\]" from metal1 to via1 in cell picorv32.
Moving label "cpuregs\[22\]\[30\]" from metal1 to via1 in cell picorv32.
Moving label "cpuregs\[22\]\[31\]" from metal1 to via1 in cell picorv32.
Moving label "cpuregs\[22\]\[5\]" from metal1 to via1 in cell picorv32.
Moving label "cpuregs\[22\]\[7\]" from metal1 to via1 in cell picorv32.
Moving label "cpuregs\[23\]\[9\]" from metal1 to via1 in cell picorv32.
Moving label "cpuregs\[26\]\[12\]" from metal1 to via1 in cell picorv32.
Moving label "cpuregs\[26\]\[13\]" from metal1 to via1 in cell picorv32.
Moving label "cpuregs\[26\]\[14\]" from metal1 to via1 in cell picorv32.
Moving label "cpuregs\[26\]\[16\]" from metal1 to via1 in cell picorv32.
Moving label "cpuregs\[26\]\[19\]" from metal1 to via1 in cell picorv32.
Moving label "cpuregs\[26\]\[20\]" from metal1 to via1 in cell picorv32.
Moving label "cpuregs\[26\]\[25\]" from metal1 to via1 in cell picorv32.
Moving label "cpuregs\[26\]\[30\]" from metal1 to via1 in cell picorv32.
Moving label "cpuregs\[26\]\[7\]" from metal1 to via1 in cell picorv32.
Moving label "cpuregs\[26\]\[8\]" from metal1 to via1 in cell picorv32.
Moving label "cpuregs\[26\]\[9\]" from metal1 to via1 in cell picorv32.
Moving label "cpuregs\[27\]\[26\]" from metal1 to via1 in cell picorv32.
Moving label "cpuregs\[28\]\[10\]" from metal2 to via1 in cell picorv32.
Moving label "cpuregs\[2\]\[11\]" from metal1 to via1 in cell picorv32.
Moving label "cpuregs\[2\]\[12\]" from metal1 to via1 in cell picorv32.
Moving label "cpuregs\[2\]\[15\]" from metal1 to via1 in cell picorv32.
Moving label "cpuregs\[2\]\[16\]" from metal1 to via1 in cell picorv32.
Moving label "cpuregs\[2\]\[19\]" from metal1 to via1 in cell picorv32.
Moving label "cpuregs\[2\]\[22\]" from metal1 to via1 in cell picorv32.
Moving label "cpuregs\[2\]\[25\]" from metal1 to via1 in cell picorv32.
Moving label "cpuregs\[30\]\[14\]" from metal1 to via1 in cell picorv32.
Moving label "cpuregs\[30\]\[16\]" from metal1 to via1 in cell picorv32.
Moving label "cpuregs\[30\]\[17\]" from metal1 to via1 in cell picorv32.
Moving label "cpuregs\[30\]\[18\]" from metal1 to via1 in cell picorv32.
Moving label "cpuregs\[30\]\[1\]" from metal1 to via1 in cell picorv32.
Moving label "cpuregs\[30\]\[24\]" from metal1 to via1 in cell picorv32.
Moving label "cpuregs\[30\]\[31\]" from metal1 to via1 in cell picorv32.
Moving label "cpuregs\[30\]\[6\]" from metal1 to via1 in cell picorv32.
Moving label "cpuregs\[4\]\[21\]" from metal1 to viali in cell picorv32.
Moving label "cpuregs\[6\]\[0\]" from metal1 to via1 in cell picorv32.
Moving label "cpuregs\[6\]\[12\]" from metal1 to via1 in cell picorv32.
Moving label "cpuregs\[6\]\[17\]" from metal1 to via1 in cell picorv32.
Moving label "cpuregs\[6\]\[26\]" from metal1 to via1 in cell picorv32.
Moving label "cpuregs\[6\]\[27\]" from metal1 to via1 in cell picorv32.
Moving label "cpuregs\[6\]\[29\]" from metal1 to via1 in cell picorv32.
Moving label "cpuregs\[6\]\[2\]" from metal1 to via1 in cell picorv32.
Moving label "cpuregs\[6\]\[30\]" from metal1 to via1 in cell picorv32.
Moving label "cpuregs\[6\]\[3\]" from metal1 to via1 in cell picorv32.
Moving label "cpuregs\[6\]\[5\]" from metal1 to via1 in cell picorv32.
Moving label "cpuregs\[6\]\[6\]" from metal1 to via1 in cell picorv32.
Moving label "cpuregs\[8\]\[28\]" from metal2 to via2 in cell picorv32.
Moving label "cpuregs\[9\]\[16\]" from metal2 to via2 in cell picorv32.
Moving label "decoded_imm\[20\]" from metal2 to via2 in cell picorv32.
Moving label "decoded_imm\[22\]" from metal1 to viali in cell picorv32.
Moving label "decoded_imm\[24\]" from metal2 to via2 in cell picorv32.
Moving label "latched_stalu" from metal3 to via3 in cell picorv32.
Moving label "mem_addr[31]" from metal2 to via2 in cell picorv32.
Moving label "mem_la_addr[13]" from metal2 to via2 in cell picorv32.
Moving label "mem_la_addr[27]" from metal2 to via2 in cell picorv32.
Moving label "mem_la_wdata[22]" from metal2 to via2 in cell picorv32.
Moving label "mem_rdata[12]" from metal2 to via2 in cell picorv32.
Moving label "mem_rdata[21]" from metal2 to via2 in cell picorv32.
Moving label "mem_rdata[25]" from metal2 to via2 in cell picorv32.
Moving label "mem_rdata[7]" from metal2 to via2 in cell picorv32.
Moving label "mem_rdata[8]" from metal2 to via2 in cell picorv32.
Moving label "mem_valid" from metal2 to via2 in cell picorv32.
Moving label "mem_wdata[30]" from metal2 to via2 in cell picorv32.
Moving label "mem_wdata[31]" from metal2 to via2 in cell picorv32.
Moving label "net1" from metal1 to via1 in cell picorv32.
Moving label "net1005" from metal2 to via2 in cell picorv32.
Moving label "net1013" from metal2 to via2 in cell picorv32.
Moving label "net1014" from metal2 to via2 in cell picorv32.
Moving label "net1028" from metal2 to via2 in cell picorv32.
Moving label "net1029" from metal2 to via2 in cell picorv32.
Moving label "net1038" from metal2 to via2 in cell picorv32.
Moving label "net1040" from metal2 to via2 in cell picorv32.
Moving label "net1045" from metal2 to via2 in cell picorv32.
Moving label "net1062" from metal2 to via2 in cell picorv32.
Moving label "net107" from metal2 to via2 in cell picorv32.
Moving label "net1074" from metal2 to via2 in cell picorv32.
Moving label "net1085" from metal2 to via2 in cell picorv32.
Moving label "net1086" from metal2 to via2 in cell picorv32.
Moving label "net1092" from metal2 to via2 in cell picorv32.
Moving label "net1095" from metal2 to via2 in cell picorv32.
Moving label "net1098" from metal2 to via2 in cell picorv32.
Moving label "net1099" from metal2 to via2 in cell picorv32.
Moving label "net11" from metal2 to via2 in cell picorv32.
Moving label "net1101" from metal2 to via2 in cell picorv32.
Moving label "net116" from metal2 to via2 in cell picorv32.
Moving label "net118" from metal2 to via2 in cell picorv32.
Moving label "net12" from metal1 to via1 in cell picorv32.
Moving label "net130" from metal1 to via1 in cell picorv32.
Moving label "net1340" from metal2 to via2 in cell picorv32.
Moving label "net1717" from metal1 to viali in cell picorv32.
Moving label "net175" from metal2 to via2 in cell picorv32.
Moving label "net177" from metal2 to via2 in cell picorv32.
Moving label "net180" from metal2 to via1 in cell picorv32.
Moving label "net195" from metal2 to via2 in cell picorv32.
Moving label "net20" from metal2 to via2 in cell picorv32.
Moving label "net209" from metal2 to via2 in cell picorv32.
Moving label "net210" from metal2 to via2 in cell picorv32.
Moving label "net220" from metal2 to via2 in cell picorv32.
Moving label "net2277" from metal2 to via2 in cell picorv32.
Moving label "net23" from metal1 to via1 in cell picorv32.
Moving label "net26" from metal1 to via1 in cell picorv32.
Moving label "net27" from metal1 to viali in cell picorv32.
Moving label "net28" from metal1 to via1 in cell picorv32.
Moving label "net280" from metal1 to via1 in cell picorv32.
Moving label "net29" from metal1 to via1 in cell picorv32.
Moving label "net361" from metal2 to via2 in cell picorv32.
Moving label "net370" from metal3 to via3 in cell picorv32.
Moving label "net390" from metal2 to via2 in cell picorv32.
Moving label "net423" from metal2 to via1 in cell picorv32.
Moving label "net425" from metal2 to via2 in cell picorv32.
Moving label "net427" from metal2 to via2 in cell picorv32.
Moving label "net432" from metal2 to via2 in cell picorv32.
Moving label "net439" from metal2 to via2 in cell picorv32.
Moving label "net454" from metal2 to via2 in cell picorv32.
Moving label "net465" from metal2 to via2 in cell picorv32.
Moving label "net477" from metal2 to via2 in cell picorv32.
Moving label "net497" from metal1 to viali in cell picorv32.
Moving label "net5" from metal2 to via2 in cell picorv32.
Moving label "net508" from metal2 to via2 in cell picorv32.
Moving label "net516" from metal1 to viali in cell picorv32.
Moving label "net519" from metal1 to viali in cell picorv32.
Moving label "net521" from metal1 to via1 in cell picorv32.
Moving label "net55" from metal1 to via1 in cell picorv32.
Moving label "net557" from metal2 to via1 in cell picorv32.
Moving label "net560" from metal1 to via1 in cell picorv32.
Moving label "net563" from metal1 to via1 in cell picorv32.
Moving label "net577" from metal2 to via1 in cell picorv32.
Moving label "net580" from metal1 to via1 in cell picorv32.
Moving label "net625" from metal1 to via1 in cell picorv32.
Moving label "net631" from metal2 to via1 in cell picorv32.
Moving label "net643" from metal2 to via2 in cell picorv32.
Moving label "net658" from metal2 to via2 in cell picorv32.
Moving label "net667" from metal3 to via3 in cell picorv32.
Moving label "net69" from metal2 to via2 in cell picorv32.
Moving label "net695" from metal1 to viali in cell picorv32.
Moving label "net70" from metal2 to via2 in cell picorv32.
Moving label "net702" from metal1 to viali in cell picorv32.
Moving label "net709" from metal1 to via1 in cell picorv32.
Moving label "net715" from metal1 to viali in cell picorv32.
Moving label "net729" from metal1 to viali in cell picorv32.
Moving label "net730" from metal1 to viali in cell picorv32.
Moving label "net74" from metal2 to via2 in cell picorv32.
Moving label "net754" from metal2 to via1 in cell picorv32.
Moving label "net8" from metal3 to via3 in cell picorv32.
Moving label "net828" from metal2 to via2 in cell picorv32.
Moving label "net845" from metal2 to via2 in cell picorv32.
Moving label "net876" from metal2 to via2 in cell picorv32.
Moving label "net884" from metal1 to via1 in cell picorv32.
Moving label "net905" from metal3 to via3 in cell picorv32.
Moving label "net957" from metal2 to via2 in cell picorv32.
Moving label "net983" from metal2 to via2 in cell picorv32.
Moving label "pcpi_rs1[11]" from metal2 to via2 in cell picorv32.
Moving label "pcpi_rs1[30]" from metal2 to via2 in cell picorv32.
Moving label "pcpi_rs2[22]" from metal2 to via2 in cell picorv32.
Moving label "reg_next_pc\[13\]" from metal2 to via1 in cell picorv32.
Moving label "reg_next_pc\[17\]" from metal1 to via1 in cell picorv32.
Moving label "resetn" from metal2 to via2 in cell picorv32.
Root cell box:
           width x height  (   llx,  lly  ), (   urx,  ury  )  area (units^2)

microns:  432.360 x 443.080  ( 0.000,  0.000), ( 432.360,  443.080)  191570.062
lambda:   43236.00 x 44308.00  (  0.00,  0.00 ), ( 43236.00,  44308.00)  1915700736.00
internal:  86472 x 88616   (     0,  0    ), ( 86472,  88616)  7662802752
   Copying output for cell sky130_fd_sc_hd__decap_8 from $PDKPATH/libs.ref/sky130_fd_sc_hd/gds/sky130_fd_sc_hd.gds
   Copying output for cell sky130_ef_sc_hd__decap_12 from $PDKPATH/libs.ref/sky130_fd_sc_hd/gds/sky130_fd_sc_hd.gds
   Copying output for cell sky130_fd_sc_hd__decap_3 from $PDKPATH/libs.ref/sky130_fd_sc_hd/gds/sky130_fd_sc_hd.gds
   Copying output for cell sky130_fd_sc_hd__conb_1 from $PDKPATH/libs.ref/sky130_fd_sc_hd/gds/sky130_fd_sc_hd.gds
   Copying output for cell sky130_fd_sc_hd__fill_2 from $PDKPATH/libs.ref/sky130_fd_sc_hd/gds/sky130_fd_sc_hd.gds
   Copying output for cell sky130_fd_sc_hd__tapvpwrvgnd_1 from $PDKPATH/libs.ref/sky130_fd_sc_hd/gds/sky130_fd_sc_hd.gds
   Copying output for cell sky130_fd_sc_hd__decap_6 from $PDKPATH/libs.ref/sky130_fd_sc_hd/gds/sky130_fd_sc_hd.gds
   Copying output for cell sky130_fd_sc_hd__fill_1 from $PDKPATH/libs.ref/sky130_fd_sc_hd/gds/sky130_fd_sc_hd.gds
   Copying output for cell sky130_fd_sc_hd__mux2_1 from $PDKPATH/libs.ref/sky130_fd_sc_hd/gds/sky130_fd_sc_hd.gds
   Copying output for cell sky130_fd_sc_hd__buf_2 from $PDKPATH/libs.ref/sky130_fd_sc_hd/gds/sky130_fd_sc_hd.gds
   Copying output for cell sky130_fd_sc_hd__dlygate4sd3_1 from $PDKPATH/libs.ref/sky130_fd_sc_hd/gds/sky130_fd_sc_hd.gds
   Copying output for cell sky130_fd_sc_hd__dfxtp_1 from $PDKPATH/libs.ref/sky130_fd_sc_hd/gds/sky130_fd_sc_hd.gds
   Copying output for cell sky130_fd_sc_hd__clkbuf_1 from $PDKPATH/libs.ref/sky130_fd_sc_hd/gds/sky130_fd_sc_hd.gds
   Copying output for cell sky130_fd_sc_hd__diode_2 from $PDKPATH/libs.ref/sky130_fd_sc_hd/gds/sky130_fd_sc_hd.gds
   Copying output for cell sky130_fd_sc_hd__clkbuf_4 from $PDKPATH/libs.ref/sky130_fd_sc_hd/gds/sky130_fd_sc_hd.gds
   Copying output for cell sky130_fd_sc_hd__decap_4 from $PDKPATH/libs.ref/sky130_fd_sc_hd/gds/sky130_fd_sc_hd.gds
   Copying output for cell sky130_fd_sc_hd__clkbuf_8 from $PDKPATH/libs.ref/sky130_fd_sc_hd/gds/sky130_fd_sc_hd.gds
   Copying output for cell sky130_fd_sc_hd__mux4_1 from $PDKPATH/libs.ref/sky130_fd_sc_hd/gds/sky130_fd_sc_hd.gds
   Copying output for cell sky130_fd_sc_hd__clkinv_8 from $PDKPATH/libs.ref/sky130_fd_sc_hd/gds/sky130_fd_sc_hd.gds
   Copying output for cell sky130_fd_sc_hd__inv_6 from $PDKPATH/libs.ref/sky130_fd_sc_hd/gds/sky130_fd_sc_hd.gds
   Copying output for cell sky130_fd_sc_hd__buf_4 from $PDKPATH/libs.ref/sky130_fd_sc_hd/gds/sky130_fd_sc_hd.gds
   Copying output for cell sky130_fd_sc_hd__bufinv_16 from $PDKPATH/libs.ref/sky130_fd_sc_hd/gds/sky130_fd_sc_hd.gds
   Copying output for cell sky130_fd_sc_hd__buf_6 from $PDKPATH/libs.ref/sky130_fd_sc_hd/gds/sky130_fd_sc_hd.gds
   Copying output for cell sky130_fd_sc_hd__clkbuf_2 from $PDKPATH/libs.ref/sky130_fd_sc_hd/gds/sky130_fd_sc_hd.gds
   Copying output for cell sky130_fd_sc_hd__clkinvlp_4 from $PDKPATH/libs.ref/sky130_fd_sc_hd/gds/sky130_fd_sc_hd.gds
   Copying output for cell sky130_fd_sc_hd__and2_1 from $PDKPATH/libs.ref/sky130_fd_sc_hd/gds/sky130_fd_sc_hd.gds
   Copying output for cell sky130_fd_sc_hd__clkinv_4 from $PDKPATH/libs.ref/sky130_fd_sc_hd/gds/sky130_fd_sc_hd.gds
   Copying output for cell sky130_fd_sc_hd__a21o_1 from $PDKPATH/libs.ref/sky130_fd_sc_hd/gds/sky130_fd_sc_hd.gds
   Copying output for cell sky130_fd_sc_hd__or2_1 from $PDKPATH/libs.ref/sky130_fd_sc_hd/gds/sky130_fd_sc_hd.gds
   Copying output for cell sky130_fd_sc_hd__mux4_2 from $PDKPATH/libs.ref/sky130_fd_sc_hd/gds/sky130_fd_sc_hd.gds
   Copying output for cell sky130_fd_sc_hd__a211o_1 from $PDKPATH/libs.ref/sky130_fd_sc_hd/gds/sky130_fd_sc_hd.gds
   Copying output for cell sky130_fd_sc_hd__o221a_1 from $PDKPATH/libs.ref/sky130_fd_sc_hd/gds/sky130_fd_sc_hd.gds
   Copying output for cell sky130_fd_sc_hd__a21bo_1 from $PDKPATH/libs.ref/sky130_fd_sc_hd/gds/sky130_fd_sc_hd.gds
   Copying output for cell sky130_fd_sc_hd__a21oi_1 from $PDKPATH/libs.ref/sky130_fd_sc_hd/gds/sky130_fd_sc_hd.gds
   Copying output for cell sky130_fd_sc_hd__a221o_1 from $PDKPATH/libs.ref/sky130_fd_sc_hd/gds/sky130_fd_sc_hd.gds
   Copying output for cell sky130_fd_sc_hd__a31o_1 from $PDKPATH/libs.ref/sky130_fd_sc_hd/gds/sky130_fd_sc_hd.gds
   Copying output for cell sky130_fd_sc_hd__nor2_1 from $PDKPATH/libs.ref/sky130_fd_sc_hd/gds/sky130_fd_sc_hd.gds
   Copying output for cell sky130_fd_sc_hd__and2b_1 from $PDKPATH/libs.ref/sky130_fd_sc_hd/gds/sky130_fd_sc_hd.gds
   Copying output for cell sky130_fd_sc_hd__o21a_1 from $PDKPATH/libs.ref/sky130_fd_sc_hd/gds/sky130_fd_sc_hd.gds
   Copying output for cell sky130_fd_sc_hd__o211a_1 from $PDKPATH/libs.ref/sky130_fd_sc_hd/gds/sky130_fd_sc_hd.gds
   Copying output for cell sky130_fd_sc_hd__nand2_1 from $PDKPATH/libs.ref/sky130_fd_sc_hd/gds/sky130_fd_sc_hd.gds
   Copying output for cell sky130_fd_sc_hd__inv_8 from $PDKPATH/libs.ref/sky130_fd_sc_hd/gds/sky130_fd_sc_hd.gds
   Copying output for cell sky130_fd_sc_hd__inv_2 from $PDKPATH/libs.ref/sky130_fd_sc_hd/gds/sky130_fd_sc_hd.gds
   Copying output for cell sky130_fd_sc_hd__a211oi_2 from $PDKPATH/libs.ref/sky130_fd_sc_hd/gds/sky130_fd_sc_hd.gds
   Copying output for cell sky130_fd_sc_hd__o311a_1 from $PDKPATH/libs.ref/sky130_fd_sc_hd/gds/sky130_fd_sc_hd.gds
   Copying output for cell sky130_fd_sc_hd__dlymetal6s2s_1 from $PDKPATH/libs.ref/sky130_fd_sc_hd/gds/sky130_fd_sc_hd.gds
   Copying output for cell sky130_fd_sc_hd__nand2b_1 from $PDKPATH/libs.ref/sky130_fd_sc_hd/gds/sky130_fd_sc_hd.gds
   Copying output for cell sky130_fd_sc_hd__a221oi_2 from $PDKPATH/libs.ref/sky130_fd_sc_hd/gds/sky130_fd_sc_hd.gds
   Copying output for cell sky130_fd_sc_hd__nor2_2 from $PDKPATH/libs.ref/sky130_fd_sc_hd/gds/sky130_fd_sc_hd.gds
   Copying output for cell sky130_fd_sc_hd__or2_2 from $PDKPATH/libs.ref/sky130_fd_sc_hd/gds/sky130_fd_sc_hd.gds
   Copying output for cell sky130_fd_sc_hd__nor2_4 from $PDKPATH/libs.ref/sky130_fd_sc_hd/gds/sky130_fd_sc_hd.gds
   Copying output for cell sky130_fd_sc_hd__mux2_2 from $PDKPATH/libs.ref/sky130_fd_sc_hd/gds/sky130_fd_sc_hd.gds
   Copying output for cell sky130_fd_sc_hd__or2_4 from $PDKPATH/libs.ref/sky130_fd_sc_hd/gds/sky130_fd_sc_hd.gds
   Copying output for cell sky130_fd_sc_hd__inv_12 from $PDKPATH/libs.ref/sky130_fd_sc_hd/gds/sky130_fd_sc_hd.gds
   Copying output for cell sky130_fd_sc_hd__nand3_2 from $PDKPATH/libs.ref/sky130_fd_sc_hd/gds/sky130_fd_sc_hd.gds
   Copying output for cell sky130_fd_sc_hd__xor2_1 from $PDKPATH/libs.ref/sky130_fd_sc_hd/gds/sky130_fd_sc_hd.gds
   Copying output for cell sky130_fd_sc_hd__a22o_1 from $PDKPATH/libs.ref/sky130_fd_sc_hd/gds/sky130_fd_sc_hd.gds
   Copying output for cell sky130_fd_sc_hd__or3b_1 from $PDKPATH/libs.ref/sky130_fd_sc_hd/gds/sky130_fd_sc_hd.gds
   Copying output for cell sky130_fd_sc_hd__nand3b_4 from $PDKPATH/libs.ref/sky130_fd_sc_hd/gds/sky130_fd_sc_hd.gds
   Copying output for cell sky130_fd_sc_hd__dfxtp_2 from $PDKPATH/libs.ref/sky130_fd_sc_hd/gds/sky130_fd_sc_hd.gds
   Copying output for cell sky130_fd_sc_hd__a32o_1 from $PDKPATH/libs.ref/sky130_fd_sc_hd/gds/sky130_fd_sc_hd.gds
   Copying output for cell sky130_fd_sc_hd__a2bb2o_1 from $PDKPATH/libs.ref/sky130_fd_sc_hd/gds/sky130_fd_sc_hd.gds
   Copying output for cell sky130_fd_sc_hd__nand3_4 from $PDKPATH/libs.ref/sky130_fd_sc_hd/gds/sky130_fd_sc_hd.gds
   Copying output for cell sky130_fd_sc_hd__or3b_2 from $PDKPATH/libs.ref/sky130_fd_sc_hd/gds/sky130_fd_sc_hd.gds
   Copying output for cell sky130_fd_sc_hd__o21ai_1 from $PDKPATH/libs.ref/sky130_fd_sc_hd/gds/sky130_fd_sc_hd.gds
   Copying output for cell sky130_fd_sc_hd__and4b_1 from $PDKPATH/libs.ref/sky130_fd_sc_hd/gds/sky130_fd_sc_hd.gds
   Copying output for cell sky130_fd_sc_hd__and3_1 from $PDKPATH/libs.ref/sky130_fd_sc_hd/gds/sky130_fd_sc_hd.gds
   Copying output for cell sky130_fd_sc_hd__xnor2_1 from $PDKPATH/libs.ref/sky130_fd_sc_hd/gds/sky130_fd_sc_hd.gds
   Copying output for cell sky130_fd_sc_hd__nand3b_1 from $PDKPATH/libs.ref/sky130_fd_sc_hd/gds/sky130_fd_sc_hd.gds
   Copying output for cell sky130_fd_sc_hd__or4bb_4 from $PDKPATH/libs.ref/sky130_fd_sc_hd/gds/sky130_fd_sc_hd.gds
   Copying output for cell sky130_fd_sc_hd__nand2_4 from $PDKPATH/libs.ref/sky130_fd_sc_hd/gds/sky130_fd_sc_hd.gds
   Copying output for cell sky130_fd_sc_hd__or3_2 from $PDKPATH/libs.ref/sky130_fd_sc_hd/gds/sky130_fd_sc_hd.gds
   Copying output for cell sky130_fd_sc_hd__o31ai_1 from $PDKPATH/libs.ref/sky130_fd_sc_hd/gds/sky130_fd_sc_hd.gds
   Copying output for cell sky130_fd_sc_hd__or3_1 from $PDKPATH/libs.ref/sky130_fd_sc_hd/gds/sky130_fd_sc_hd.gds
   Copying output for cell sky130_fd_sc_hd__and3b_1 from $PDKPATH/libs.ref/sky130_fd_sc_hd/gds/sky130_fd_sc_hd.gds
   Copying output for cell sky130_fd_sc_hd__o211ai_1 from $PDKPATH/libs.ref/sky130_fd_sc_hd/gds/sky130_fd_sc_hd.gds
   Copying output for cell sky130_fd_sc_hd__a21boi_1 from $PDKPATH/libs.ref/sky130_fd_sc_hd/gds/sky130_fd_sc_hd.gds
   Copying output for cell sky130_fd_sc_hd__a31oi_2 from $PDKPATH/libs.ref/sky130_fd_sc_hd/gds/sky130_fd_sc_hd.gds
   Copying output for cell sky130_fd_sc_hd__dfxtp_4 from $PDKPATH/libs.ref/sky130_fd_sc_hd/gds/sky130_fd_sc_hd.gds
   Copying output for cell sky130_fd_sc_hd__and3b_2 from $PDKPATH/libs.ref/sky130_fd_sc_hd/gds/sky130_fd_sc_hd.gds
   Copying output for cell sky130_fd_sc_hd__and2_2 from $PDKPATH/libs.ref/sky130_fd_sc_hd/gds/sky130_fd_sc_hd.gds
   Copying output for cell sky130_fd_sc_hd__nor3b_4 from $PDKPATH/libs.ref/sky130_fd_sc_hd/gds/sky130_fd_sc_hd.gds
   Copying output for cell sky130_fd_sc_hd__o22a_1 from $PDKPATH/libs.ref/sky130_fd_sc_hd/gds/sky130_fd_sc_hd.gds
   Copying output for cell sky130_fd_sc_hd__and3_2 from $PDKPATH/libs.ref/sky130_fd_sc_hd/gds/sky130_fd_sc_hd.gds
   Copying output for cell sky130_fd_sc_hd__o21bai_1 from $PDKPATH/libs.ref/sky130_fd_sc_hd/gds/sky130_fd_sc_hd.gds
   Copying output for cell sky130_fd_sc_hd__o31a_1 from $PDKPATH/libs.ref/sky130_fd_sc_hd/gds/sky130_fd_sc_hd.gds
   Copying output for cell sky130_fd_sc_hd__nor3_1 from $PDKPATH/libs.ref/sky130_fd_sc_hd/gds/sky130_fd_sc_hd.gds
   Copying output for cell sky130_fd_sc_hd__buf_1 from $PDKPATH/libs.ref/sky130_fd_sc_hd/gds/sky130_fd_sc_hd.gds
   Copying output for cell sky130_fd_sc_hd__and4_1 from $PDKPATH/libs.ref/sky130_fd_sc_hd/gds/sky130_fd_sc_hd.gds
   Copying output for cell sky130_fd_sc_hd__or4_1 from $PDKPATH/libs.ref/sky130_fd_sc_hd/gds/sky130_fd_sc_hd.gds
   Copying output for cell sky130_fd_sc_hd__a31oi_1 from $PDKPATH/libs.ref/sky130_fd_sc_hd/gds/sky130_fd_sc_hd.gds
   Copying output for cell sky130_fd_sc_hd__clkinv_2 from $PDKPATH/libs.ref/sky130_fd_sc_hd/gds/sky130_fd_sc_hd.gds
   Copying output for cell sky130_fd_sc_hd__nand4_1 from $PDKPATH/libs.ref/sky130_fd_sc_hd/gds/sky130_fd_sc_hd.gds
   Copying output for cell sky130_fd_sc_hd__and4bb_1 from $PDKPATH/libs.ref/sky130_fd_sc_hd/gds/sky130_fd_sc_hd.gds
   Copying output for cell sky130_fd_sc_hd__a311o_1 from $PDKPATH/libs.ref/sky130_fd_sc_hd/gds/sky130_fd_sc_hd.gds
   Copying output for cell sky130_fd_sc_hd__nand2_2 from $PDKPATH/libs.ref/sky130_fd_sc_hd/gds/sky130_fd_sc_hd.gds
   Copying output for cell sky130_fd_sc_hd__o211ai_4 from $PDKPATH/libs.ref/sky130_fd_sc_hd/gds/sky130_fd_sc_hd.gds
   Copying output for cell sky130_fd_sc_hd__and4_2 from $PDKPATH/libs.ref/sky130_fd_sc_hd/gds/sky130_fd_sc_hd.gds
   Copying output for cell sky130_fd_sc_hd__o41a_1 from $PDKPATH/libs.ref/sky130_fd_sc_hd/gds/sky130_fd_sc_hd.gds
   Copying output for cell sky130_fd_sc_hd__a311o_2 from $PDKPATH/libs.ref/sky130_fd_sc_hd/gds/sky130_fd_sc_hd.gds
   Copying output for cell sky130_fd_sc_hd__o21a_2 from $PDKPATH/libs.ref/sky130_fd_sc_hd/gds/sky130_fd_sc_hd.gds
   Copying output for cell sky130_fd_sc_hd__nand2b_2 from $PDKPATH/libs.ref/sky130_fd_sc_hd/gds/sky130_fd_sc_hd.gds
   Copying output for cell sky130_fd_sc_hd__a41o_1 from $PDKPATH/libs.ref/sky130_fd_sc_hd/gds/sky130_fd_sc_hd.gds
   Copying output for cell sky130_fd_sc_hd__or4bb_1 from $PDKPATH/libs.ref/sky130_fd_sc_hd/gds/sky130_fd_sc_hd.gds
   Copying output for cell sky130_fd_sc_hd__o2bb2a_1 from $PDKPATH/libs.ref/sky130_fd_sc_hd/gds/sky130_fd_sc_hd.gds
   Copying output for cell sky130_fd_sc_hd__or4b_1 from $PDKPATH/libs.ref/sky130_fd_sc_hd/gds/sky130_fd_sc_hd.gds
   Copying output for cell sky130_fd_sc_hd__a21oi_2 from $PDKPATH/libs.ref/sky130_fd_sc_hd/gds/sky130_fd_sc_hd.gds
   Copying output for cell sky130_fd_sc_hd__a221o_4 from $PDKPATH/libs.ref/sky130_fd_sc_hd/gds/sky130_fd_sc_hd.gds
   Copying output for cell sky130_fd_sc_hd__a21oi_4 from $PDKPATH/libs.ref/sky130_fd_sc_hd/gds/sky130_fd_sc_hd.gds
   Copying output for cell sky130_fd_sc_hd__o22ai_1 from $PDKPATH/libs.ref/sky130_fd_sc_hd/gds/sky130_fd_sc_hd.gds
   Copying output for cell sky130_fd_sc_hd__a221oi_4 from $PDKPATH/libs.ref/sky130_fd_sc_hd/gds/sky130_fd_sc_hd.gds
   Copying output for cell sky130_fd_sc_hd__nand3_1 from $PDKPATH/libs.ref/sky130_fd_sc_hd/gds/sky130_fd_sc_hd.gds
   Copying output for cell sky130_fd_sc_hd__o2111a_1 from $PDKPATH/libs.ref/sky130_fd_sc_hd/gds/sky130_fd_sc_hd.gds
   Copying output for cell sky130_fd_sc_hd__o32a_1 from $PDKPATH/libs.ref/sky130_fd_sc_hd/gds/sky130_fd_sc_hd.gds
   Copying output for cell sky130_fd_sc_hd__nor3b_2 from $PDKPATH/libs.ref/sky130_fd_sc_hd/gds/sky130_fd_sc_hd.gds
   Copying output for cell sky130_fd_sc_hd__and4bb_4 from $PDKPATH/libs.ref/sky130_fd_sc_hd/gds/sky130_fd_sc_hd.gds
   Copying output for cell sky130_fd_sc_hd__o21ba_1 from $PDKPATH/libs.ref/sky130_fd_sc_hd/gds/sky130_fd_sc_hd.gds
   Copying output for cell sky130_fd_sc_hd__a22oi_1 from $PDKPATH/libs.ref/sky130_fd_sc_hd/gds/sky130_fd_sc_hd.gds
   Copying output for cell sky130_fd_sc_hd__a2bb2o_4 from $PDKPATH/libs.ref/sky130_fd_sc_hd/gds/sky130_fd_sc_hd.gds
   Copying output for cell sky130_fd_sc_hd__a221o_2 from $PDKPATH/libs.ref/sky130_fd_sc_hd/gds/sky130_fd_sc_hd.gds
   Copying output for cell sky130_fd_sc_hd__or4_2 from $PDKPATH/libs.ref/sky130_fd_sc_hd/gds/sky130_fd_sc_hd.gds
   Copying output for cell sky130_fd_sc_hd__a21o_2 from $PDKPATH/libs.ref/sky130_fd_sc_hd/gds/sky130_fd_sc_hd.gds
   Copying output for cell sky130_fd_sc_hd__a41oi_1 from $PDKPATH/libs.ref/sky130_fd_sc_hd/gds/sky130_fd_sc_hd.gds
   Copying output for cell sky130_fd_sc_hd__nor3b_1 from $PDKPATH/libs.ref/sky130_fd_sc_hd/gds/sky130_fd_sc_hd.gds
   Copying output for cell sky130_fd_sc_hd__o31a_2 from $PDKPATH/libs.ref/sky130_fd_sc_hd/gds/sky130_fd_sc_hd.gds
   Copying output for cell sky130_fd_sc_hd__nor3_2 from $PDKPATH/libs.ref/sky130_fd_sc_hd/gds/sky130_fd_sc_hd.gds
   Copying output for cell sky130_fd_sc_hd__or3_4 from $PDKPATH/libs.ref/sky130_fd_sc_hd/gds/sky130_fd_sc_hd.gds
   Copying output for cell sky130_fd_sc_hd__o211ai_2 from $PDKPATH/libs.ref/sky130_fd_sc_hd/gds/sky130_fd_sc_hd.gds
   Copying output for cell sky130_fd_sc_hd__a2111o_1 from $PDKPATH/libs.ref/sky130_fd_sc_hd/gds/sky130_fd_sc_hd.gds
   Copying output for cell sky130_fd_sc_hd__and2b_2 from $PDKPATH/libs.ref/sky130_fd_sc_hd/gds/sky130_fd_sc_hd.gds
   Copying output for cell sky130_fd_sc_hd__clkbuf_16 from $PDKPATH/libs.ref/sky130_fd_sc_hd/gds/sky130_fd_sc_hd.gds
   Copying output for cell sky130_fd_sc_hd__xor2_2 from $PDKPATH/libs.ref/sky130_fd_sc_hd/gds/sky130_fd_sc_hd.gds
   Copying output for cell sky130_fd_sc_hd__xnor2_2 from $PDKPATH/libs.ref/sky130_fd_sc_hd/gds/sky130_fd_sc_hd.gds
   Copying output for cell sky130_fd_sc_hd__o31ai_2 from $PDKPATH/libs.ref/sky130_fd_sc_hd/gds/sky130_fd_sc_hd.gds
   Copying output for cell sky130_fd_sc_hd__mux2_4 from $PDKPATH/libs.ref/sky130_fd_sc_hd/gds/sky130_fd_sc_hd.gds
   Copying output for cell sky130_fd_sc_hd__a211oi_1 from $PDKPATH/libs.ref/sky130_fd_sc_hd/gds/sky130_fd_sc_hd.gds
   Copying output for cell sky130_fd_sc_hd__inv_4 from $PDKPATH/libs.ref/sky130_fd_sc_hd/gds/sky130_fd_sc_hd.gds
   Generating output for cell picorv32
[INFO] GDS Write Complete
