#! /usr/local/bin/vvp
:ivl_version "13.0 (devel)" "(s20221226-554-g25a84d5cf)";
:ivl_delay_selection "TYPICAL";
:vpi_time_precision + 0;
:vpi_module "/usr/local/lib/ivl/system.vpi";
:vpi_module "/usr/local/lib/ivl/vhdl_sys.vpi";
:vpi_module "/usr/local/lib/ivl/vhdl_textio.vpi";
:vpi_module "/usr/local/lib/ivl/v2005_math.vpi";
:vpi_module "/usr/local/lib/ivl/va_math.vpi";
S_0x6208c6a58b90 .scope module, "axi_interconnect" "axi_interconnect" 2 1;
 .timescale 0 0;
    .port_info 0 /INPUT 1 "ACLK";
    .port_info 1 /INPUT 1 "ARESETN";
    .port_info 2 /INPUT 4 "S0_AXI4_AWID";
    .port_info 3 /INPUT 32 "S0_AXI4_AWADDR";
    .port_info 4 /INPUT 8 "S0_AXI4_AWLEN";
    .port_info 5 /INPUT 3 "S0_AXI4_AWSIZE";
    .port_info 6 /INPUT 2 "S0_AXI4_AWBURST";
    .port_info 7 /INPUT 1 "S0_AXI4_AWVALID";
    .port_info 8 /OUTPUT 1 "S0_AXI4_AWREADY";
    .port_info 9 /INPUT 32 "S0_AXI4_WDATA";
    .port_info 10 /INPUT 4 "S0_AXI4_WSTRB";
    .port_info 11 /INPUT 1 "S0_AXI4_WLAST";
    .port_info 12 /INPUT 1 "S0_AXI4_WVALID";
    .port_info 13 /OUTPUT 1 "S0_AXI4_WREADY";
    .port_info 14 /OUTPUT 4 "S0_AXI4_BID";
    .port_info 15 /OUTPUT 2 "S0_AXI4_BRESP";
    .port_info 16 /OUTPUT 1 "S0_AXI4_BVALID";
    .port_info 17 /INPUT 1 "S0_AXI4_BREADY";
    .port_info 18 /INPUT 4 "S0_AXI4_ARID";
    .port_info 19 /INPUT 32 "S0_AXI4_ARADDR";
    .port_info 20 /INPUT 8 "S0_AXI4_ARLEN";
    .port_info 21 /INPUT 3 "S0_AXI4_ARSIZE";
    .port_info 22 /INPUT 2 "S0_AXI4_ARBURST";
    .port_info 23 /INPUT 1 "S0_AXI4_ARVALID";
    .port_info 24 /OUTPUT 1 "S0_AXI4_ARREADY";
    .port_info 25 /OUTPUT 4 "S0_AXI4_RID";
    .port_info 26 /OUTPUT 32 "S0_AXI4_RDATA";
    .port_info 27 /OUTPUT 2 "S0_AXI4_RRESP";
    .port_info 28 /OUTPUT 1 "S0_AXI4_RLAST";
    .port_info 29 /OUTPUT 1 "S0_AXI4_RVALID";
    .port_info 30 /INPUT 1 "S0_AXI4_RREADY";
    .port_info 31 /INPUT 4 "S1_AXI4_AWID";
    .port_info 32 /INPUT 32 "S1_AXI4_AWADDR";
    .port_info 33 /INPUT 8 "S1_AXI4_AWLEN";
    .port_info 34 /INPUT 3 "S1_AXI4_AWSIZE";
    .port_info 35 /INPUT 2 "S1_AXI4_AWBURST";
    .port_info 36 /INPUT 1 "S1_AXI4_AWVALID";
    .port_info 37 /OUTPUT 1 "S1_AXI4_AWREADY";
    .port_info 38 /INPUT 32 "S1_AXI4_WDATA";
    .port_info 39 /INPUT 4 "S1_AXI4_WSTRB";
    .port_info 40 /INPUT 1 "S1_AXI4_WLAST";
    .port_info 41 /INPUT 1 "S1_AXI4_WVALID";
    .port_info 42 /OUTPUT 1 "S1_AXI4_WREADY";
    .port_info 43 /OUTPUT 4 "S1_AXI4_BID";
    .port_info 44 /OUTPUT 2 "S1_AXI4_BRESP";
    .port_info 45 /OUTPUT 1 "S1_AXI4_BVALID";
    .port_info 46 /INPUT 1 "S1_AXI4_BREADY";
    .port_info 47 /INPUT 4 "S1_AXI4_ARID";
    .port_info 48 /INPUT 32 "S1_AXI4_ARADDR";
    .port_info 49 /INPUT 8 "S1_AXI4_ARLEN";
    .port_info 50 /INPUT 3 "S1_AXI4_ARSIZE";
    .port_info 51 /INPUT 2 "S1_AXI4_ARBURST";
    .port_info 52 /INPUT 1 "S1_AXI4_ARVALID";
    .port_info 53 /OUTPUT 1 "S1_AXI4_ARREADY";
    .port_info 54 /OUTPUT 4 "S1_AXI4_RID";
    .port_info 55 /OUTPUT 32 "S1_AXI4_RDATA";
    .port_info 56 /OUTPUT 2 "S1_AXI4_RRESP";
    .port_info 57 /OUTPUT 1 "S1_AXI4_RLAST";
    .port_info 58 /OUTPUT 1 "S1_AXI4_RVALID";
    .port_info 59 /INPUT 1 "S1_AXI4_RREADY";
    .port_info 60 /OUTPUT 32 "M0_AXI4LITE_AWADDR";
    .port_info 61 /OUTPUT 3 "M0_AXI4LITE_AWPROT";
    .port_info 62 /OUTPUT 1 "M0_AXI4LITE_AWVALID";
    .port_info 63 /INPUT 1 "M0_AXI4LITE_AWREADY";
    .port_info 64 /OUTPUT 32 "M0_AXI4LITE_WDATA";
    .port_info 65 /OUTPUT 4 "M0_AXI4LITE_WSTRB";
    .port_info 66 /OUTPUT 1 "M0_AXI4LITE_WVALID";
    .port_info 67 /INPUT 1 "M0_AXI4LITE_WREADY";
    .port_info 68 /INPUT 2 "M0_AXI4LITE_BRESP";
    .port_info 69 /INPUT 1 "M0_AXI4LITE_BVALID";
    .port_info 70 /OUTPUT 1 "M0_AXI4LITE_BREADY";
    .port_info 71 /OUTPUT 32 "M0_AXI4LITE_ARADDR";
    .port_info 72 /OUTPUT 3 "M0_AXI4LITE_ARPROT";
    .port_info 73 /OUTPUT 1 "M0_AXI4LITE_ARVALID";
    .port_info 74 /INPUT 1 "M0_AXI4LITE_ARREADY";
    .port_info 75 /INPUT 32 "M0_AXI4LITE_RDATA";
    .port_info 76 /INPUT 2 "M0_AXI4LITE_RRESP";
    .port_info 77 /INPUT 1 "M0_AXI4LITE_RVALID";
    .port_info 78 /OUTPUT 1 "M0_AXI4LITE_RREADY";
    .port_info 79 /OUTPUT 32 "M1_AXI4LITE_AWADDR";
    .port_info 80 /OUTPUT 3 "M1_AXI4LITE_AWPROT";
    .port_info 81 /OUTPUT 1 "M1_AXI4LITE_AWVALID";
    .port_info 82 /INPUT 1 "M1_AXI4LITE_AWREADY";
    .port_info 83 /OUTPUT 32 "M1_AXI4LITE_WDATA";
    .port_info 84 /OUTPUT 4 "M1_AXI4LITE_WSTRB";
    .port_info 85 /OUTPUT 1 "M1_AXI4LITE_WVALID";
    .port_info 86 /INPUT 1 "M1_AXI4LITE_WREADY";
    .port_info 87 /INPUT 2 "M1_AXI4LITE_BRESP";
    .port_info 88 /INPUT 1 "M1_AXI4LITE_BVALID";
    .port_info 89 /OUTPUT 1 "M1_AXI4LITE_BREADY";
    .port_info 90 /OUTPUT 32 "M1_AXI4LITE_ARADDR";
    .port_info 91 /OUTPUT 3 "M1_AXI4LITE_ARPROT";
    .port_info 92 /OUTPUT 1 "M1_AXI4LITE_ARVALID";
    .port_info 93 /INPUT 1 "M1_AXI4LITE_ARREADY";
    .port_info 94 /INPUT 32 "M1_AXI4LITE_RDATA";
    .port_info 95 /INPUT 2 "M1_AXI4LITE_RRESP";
    .port_info 96 /INPUT 1 "M1_AXI4LITE_RVALID";
    .port_info 97 /OUTPUT 1 "M1_AXI4LITE_RREADY";
    .port_info 98 /OUTPUT 4 "M2_AXI4_AWID";
    .port_info 99 /OUTPUT 32 "M2_AXI4_AWADDR";
    .port_info 100 /OUTPUT 8 "M2_AXI4_AWLEN";
    .port_info 101 /OUTPUT 3 "M2_AXI4_AWSIZE";
    .port_info 102 /OUTPUT 2 "M2_AXI4_AWBURST";
    .port_info 103 /OUTPUT 1 "M2_AXI4_AWVALID";
    .port_info 104 /INPUT 1 "M2_AXI4_AWREADY";
    .port_info 105 /OUTPUT 32 "M2_AXI4_WDATA";
    .port_info 106 /OUTPUT 4 "M2_AXI4_WSTRB";
    .port_info 107 /OUTPUT 1 "M2_AXI4_WLAST";
    .port_info 108 /OUTPUT 1 "M2_AXI4_WVALID";
    .port_info 109 /INPUT 1 "M2_AXI4_WREADY";
    .port_info 110 /INPUT 4 "M2_AXI4_BID";
    .port_info 111 /INPUT 2 "M2_AXI4_BRESP";
    .port_info 112 /INPUT 1 "M2_AXI4_BVALID";
    .port_info 113 /OUTPUT 1 "M2_AXI4_BREADY";
    .port_info 114 /OUTPUT 4 "M2_AXI4_ARID";
    .port_info 115 /OUTPUT 32 "M2_AXI4_ARADDR";
    .port_info 116 /OUTPUT 8 "M2_AXI4_ARLEN";
    .port_info 117 /OUTPUT 3 "M2_AXI4_ARSIZE";
    .port_info 118 /OUTPUT 2 "M2_AXI4_ARBURST";
    .port_info 119 /OUTPUT 1 "M2_AXI4_ARVALID";
    .port_info 120 /INPUT 1 "M2_AXI4_ARREADY";
    .port_info 121 /INPUT 4 "M2_AXI4_RID";
    .port_info 122 /INPUT 32 "M2_AXI4_RDATA";
    .port_info 123 /INPUT 2 "M2_AXI4_RRESP";
    .port_info 124 /INPUT 1 "M2_AXI4_RLAST";
    .port_info 125 /INPUT 1 "M2_AXI4_RVALID";
    .port_info 126 /OUTPUT 1 "M2_AXI4_RREADY";
P_0x6208c6a883d0 .param/l "ADDR_WIDTH" 0 2 2, +C4<00000000000000000000000000100000>;
P_0x6208c6a88410 .param/l "AXI4_ID_WIDTH" 0 2 4, +C4<00000000000000000000000000000100>;
P_0x6208c6a88450 .param/l "CORDIC_END_ADDR" 1 2 201, C4<11110000000000000000000000001001>;
P_0x6208c6a88490 .param/l "CORDIC_START_ADDR" 1 2 200, C4<11110000000000000000000000000110>;
P_0x6208c6a884d0 .param/l "DATA_WIDTH" 0 2 3, +C4<00000000000000000000000000100000>;
P_0x6208c6a88510 .param/l "DRAM_END_ADDR" 1 2 197, C4<11101111111111111111111111111111>;
P_0x6208c6a88550 .param/l "DRAM_START_ADDR" 1 2 196, C4<00000000000000000000000000000000>;
P_0x6208c6a88590 .param/l "SA_END_ADDR" 1 2 199, C4<11110000000000000000000000000101>;
P_0x6208c6a885d0 .param/l "SA_START_ADDR" 1 2 198, C4<11110000000000000000000000000000>;
L_0x6208c6a83080 .functor AND 1, L_0x6208c6abddf0, L_0x6208c6abde90, C4<1>, C4<1>;
o0x71bd1957df78 .functor BUFZ 1, c4<z>; HiZ drive
L_0x6208c6a85b90 .functor AND 1, L_0x6208c6a83080, o0x71bd1957df78, C4<1>, C4<1>;
L_0x6208c6abe360 .functor AND 1, L_0x6208c6abe0f0, L_0x6208c6abe210, C4<1>, C4<1>;
L_0x6208c6abe420 .functor AND 1, L_0x6208c6abe360, o0x71bd1957df78, C4<1>, C4<1>;
L_0x6208c6abe6a0 .functor AND 1, L_0x6208c6abe5b0, o0x71bd1957df78, C4<1>, C4<1>;
L_0x6208c6abe760 .functor NOT 1, L_0x6208c6a85b90, C4<0>, C4<0>, C4<0>;
L_0x6208c6abe860 .functor NOT 1, L_0x6208c6abe420, C4<0>, C4<0>, C4<0>;
L_0x6208c6abe920 .functor AND 1, L_0x6208c6abe760, L_0x6208c6abe860, C4<1>, C4<1>;
L_0x6208c6abea80 .functor AND 1, L_0x6208c6abe920, o0x71bd1957df78, C4<1>, C4<1>;
L_0x6208c6abeb40 .functor OR 1, L_0x6208c6abe6a0, L_0x6208c6abea80, C4<0>, C4<0>;
L_0x6208c6abee80 .functor AND 1, L_0x6208c6abec60, L_0x6208c6abed40, C4<1>, C4<1>;
o0x71bd1957de28 .functor BUFZ 1, c4<z>; HiZ drive
L_0x6208c6abef90 .functor AND 1, L_0x6208c6abee80, o0x71bd1957de28, C4<1>, C4<1>;
L_0x6208c6abf3c0 .functor AND 1, L_0x6208c6abf0c0, L_0x6208c6abf290, C4<1>, C4<1>;
L_0x6208c6abf480 .functor AND 1, L_0x6208c6abf3c0, o0x71bd1957de28, C4<1>, C4<1>;
L_0x6208c6abf050 .functor AND 1, L_0x6208c6abf610, o0x71bd1957de28, C4<1>, C4<1>;
L_0x6208c6abf760 .functor NOT 1, L_0x6208c6abef90, C4<0>, C4<0>, C4<0>;
L_0x6208c6abf8b0 .functor NOT 1, L_0x6208c6abf480, C4<0>, C4<0>, C4<0>;
L_0x6208c6abf970 .functor AND 1, L_0x6208c6abf760, L_0x6208c6abf8b0, C4<1>, C4<1>;
L_0x6208c6abfb20 .functor AND 1, L_0x6208c6abf970, o0x71bd1957de28, C4<1>, C4<1>;
L_0x6208c6abfbe0 .functor OR 1, L_0x6208c6abf050, L_0x6208c6abfb20, C4<0>, C4<0>;
o0x71bd1957e4e8 .functor BUFZ 1, c4<z>; HiZ drive
L_0x6208c6abfd50 .functor BUFZ 1, o0x71bd1957e4e8, C4<0>, C4<0>, C4<0>;
o0x71bd1957e398 .functor BUFZ 1, c4<z>; HiZ drive
L_0x6208c6abfdc0 .functor BUFZ 1, o0x71bd1957e398, C4<0>, C4<0>, C4<0>;
o0x71bd1957de58 .functor BUFZ 32, c4<zzzzzzzzzzzzzzzzzzzzzzzzzzzzzzzz>; HiZ drive
L_0x6208c6abfef0 .functor BUFZ 32, o0x71bd1957de58, C4<00000000000000000000000000000000>, C4<00000000000000000000000000000000>, C4<00000000000000000000000000000000>;
L_0x6208c6abff60 .functor BUFZ 1, L_0x6208c6abe420, C4<0>, C4<0>, C4<0>;
L_0x6208c6ac00a0 .functor AND 1, L_0x6208c6abeb40, v0x6208c6aa4460_0, C4<1>, C4<1>;
L_0x6208c6ac0550 .functor BUFZ 32, o0x71bd1957de58, C4<00000000000000000000000000000000>, C4<00000000000000000000000000000000>, C4<00000000000000000000000000000000>;
L_0x6208c6ac0700 .functor BUFZ 1, L_0x6208c6a85b90, C4<0>, C4<0>, C4<0>;
L_0x6208c6ac0330 .functor AND 1, v0x6208c6aa4460_0, L_0x6208c6abeb40, C4<1>, C4<1>;
L_0x6208c6ac1860 .functor AND 1, v0x6208c6aac640_0, L_0x6208c6abfd50, C4<1>, C4<1>;
L_0x6208c6ac1950 .functor OR 1, L_0x6208c6ac0330, L_0x6208c6ac1860, C4<0>, C4<0>;
o0x71bd1957e188 .functor BUFZ 32, c4<zzzzzzzzzzzzzzzzzzzzzzzzzzzzzzzz>; HiZ drive
L_0x6208c6ac1d70 .functor BUFZ 32, o0x71bd1957e188, C4<00000000000000000000000000000000>, C4<00000000000000000000000000000000>, C4<00000000000000000000000000000000>;
o0x71bd1957e218 .functor BUFZ 4, c4<zzzz>; HiZ drive
L_0x6208c6ac1de0 .functor BUFZ 4, o0x71bd1957e218, C4<0000>, C4<0000>, C4<0000>;
o0x71bd1957e248 .functor BUFZ 1, c4<z>; HiZ drive
L_0x6208c6ac1fc0 .functor AND 1, L_0x6208c6abe420, o0x71bd1957e248, C4<1>, C4<1>;
L_0x6208c6ac2090 .functor AND 1, L_0x6208c6abeb40, v0x6208c6aa4460_0, C4<1>, C4<1>;
L_0x6208c6ac27a0 .functor BUFZ 32, o0x71bd1957e188, C4<00000000000000000000000000000000>, C4<00000000000000000000000000000000>, C4<00000000000000000000000000000000>;
L_0x6208c6ac2890 .functor BUFZ 4, o0x71bd1957e218, C4<0000>, C4<0000>, C4<0000>;
L_0x6208c6ac2a80 .functor AND 1, L_0x6208c6a85b90, o0x71bd1957e248, C4<1>, C4<1>;
L_0x6208c6ac3500 .functor AND 1, v0x6208c6aa4460_0, o0x71bd1957e248, C4<1>, C4<1>;
L_0x6208c6ac2950 .functor AND 1, L_0x6208c6ac3500, L_0x6208c6abeb40, C4<1>, C4<1>;
o0x71bd1957e7b8 .functor BUFZ 1, c4<z>; HiZ drive
L_0x6208c6ac36e0 .functor AND 1, v0x6208c6aac640_0, o0x71bd1957e7b8, C4<1>, C4<1>;
L_0x6208c6ac38a0 .functor OR 1, L_0x6208c6ac2950, L_0x6208c6ac36e0, C4<0>, C4<0>;
L_0x6208c6ac3c40 .functor AND 1, L_0x6208c6abeb40, v0x6208c6aa4460_0, C4<1>, C4<1>;
L_0x6208c6ac4550 .functor AND 1, L_0x6208c6abeb40, v0x6208c6aa4460_0, C4<1>, C4<1>;
o0x71bd1957d258 .functor BUFZ 1, c4<z>; HiZ drive
L_0x6208c6ac4c60 .functor AND 1, L_0x6208c6abe420, o0x71bd1957d258, C4<1>, C4<1>;
o0x71bd1957d5e8 .functor BUFZ 1, c4<z>; HiZ drive
L_0x6208c6ac4e40 .functor AND 1, L_0x6208c6a85b90, o0x71bd1957d5e8, C4<1>, C4<1>;
L_0x6208c6ac4ff0 .functor OR 1, L_0x6208c6ac4c60, L_0x6208c6ac4e40, C4<0>, C4<0>;
L_0x6208c6ac52b0 .functor AND 1, L_0x6208c6abeb40, v0x6208c6aa4460_0, C4<1>, C4<1>;
o0x71bd1957dac8 .functor BUFZ 1, c4<z>; HiZ drive
L_0x6208c6ac5430 .functor AND 1, L_0x6208c6ac52b0, o0x71bd1957dac8, C4<1>, C4<1>;
L_0x6208c6ac5680 .functor OR 1, L_0x6208c6ac4ff0, L_0x6208c6ac5430, C4<0>, C4<0>;
L_0x6208c6ac5bb0 .functor AND 1, v0x6208c6aac640_0, o0x71bd1957dac8, C4<1>, C4<1>;
o0x71bd1957dd08 .functor BUFZ 32, c4<zzzzzzzzzzzzzzzzzzzzzzzzzzzzzzzz>; HiZ drive
L_0x6208c6ac67a0 .functor BUFZ 32, o0x71bd1957dd08, C4<00000000000000000000000000000000>, C4<00000000000000000000000000000000>, C4<00000000000000000000000000000000>;
L_0x6208c6ac6840 .functor BUFZ 1, L_0x6208c6abf480, C4<0>, C4<0>, C4<0>;
L_0x6208c6ac6a90 .functor AND 1, L_0x6208c6abfbe0, v0x6208c6aa43a0_0, C4<1>, C4<1>;
L_0x6208c6ac7290 .functor BUFZ 32, o0x71bd1957dd08, C4<00000000000000000000000000000000>, C4<00000000000000000000000000000000>, C4<00000000000000000000000000000000>;
L_0x6208c6ac7520 .functor BUFZ 1, L_0x6208c6abef90, C4<0>, C4<0>, C4<0>;
L_0x6208c6ac8a50 .functor AND 1, v0x6208c6aa43a0_0, L_0x6208c6abfbe0, C4<1>, C4<1>;
L_0x6208c6ac8cc0 .functor AND 1, v0x6208c6aac580_0, L_0x6208c6abfdc0, C4<1>, C4<1>;
L_0x6208c6ac8db0 .functor OR 1, L_0x6208c6ac8a50, L_0x6208c6ac8cc0, C4<0>, C4<0>;
L_0x6208c6ac93e0 .functor AND 1, L_0x6208c6abfbe0, v0x6208c6aa43a0_0, C4<1>, C4<1>;
L_0x6208c6ac9540 .functor AND 1, L_0x6208c6abfbe0, v0x6208c6aa43a0_0, C4<1>, C4<1>;
L_0x6208c6aca8d0 .functor AND 1, L_0x6208c6abfbe0, v0x6208c6aa43a0_0, C4<1>, C4<1>;
L_0x6208c6acaf80 .functor AND 1, L_0x6208c6abfbe0, v0x6208c6aa43a0_0, C4<1>, C4<1>;
o0x71bd1957d318 .functor BUFZ 1, c4<z>; HiZ drive
L_0x6208c6acb590 .functor AND 1, L_0x6208c6abf480, o0x71bd1957d318, C4<1>, C4<1>;
o0x71bd1957d6a8 .functor BUFZ 1, c4<z>; HiZ drive
L_0x6208c6acb630 .functor AND 1, L_0x6208c6abef90, o0x71bd1957d6a8, C4<1>, C4<1>;
L_0x6208c6acb910 .functor OR 1, L_0x6208c6acb590, L_0x6208c6acb630, C4<0>, C4<0>;
L_0x6208c6acba50 .functor AND 1, L_0x6208c6abfbe0, v0x6208c6aa43a0_0, C4<1>, C4<1>;
o0x71bd1957dbe8 .functor BUFZ 1, c4<z>; HiZ drive
L_0x6208c6acbce0 .functor AND 1, L_0x6208c6acba50, o0x71bd1957dbe8, C4<1>, C4<1>;
L_0x6208c6acbda0 .functor OR 1, L_0x6208c6acb910, L_0x6208c6acbce0, C4<0>, C4<0>;
L_0x6208c6accc10 .functor AND 1, v0x6208c6aac580_0, o0x71bd1957dbe8, C4<1>, C4<1>;
o0x71bd1957d018 .functor BUFZ 1, c4<z>; HiZ drive
v0x6208c6a83190_0 .net "ACLK", 0 0, o0x71bd1957d018;  0 drivers
o0x71bd1957d048 .functor BUFZ 1, c4<z>; HiZ drive
v0x6208c6a83290_0 .net "ARESETN", 0 0, o0x71bd1957d048;  0 drivers
v0x6208c6a85ec0_0 .net "M0_AXI4LITE_ARADDR", 31 0, L_0x6208c6ac67a0;  1 drivers
L_0x71bd195348d0 .functor BUFT 1, C4<000>, C4<0>, C4<0>, C4<0>;
v0x6208c6a9d530_0 .net "M0_AXI4LITE_ARPROT", 2 0, L_0x71bd195348d0;  1 drivers
o0x71bd1957d0d8 .functor BUFZ 1, c4<z>; HiZ drive
v0x6208c6a9d610_0 .net "M0_AXI4LITE_ARREADY", 0 0, o0x71bd1957d0d8;  0 drivers
v0x6208c6a9d720_0 .net "M0_AXI4LITE_ARVALID", 0 0, L_0x6208c6ac6840;  1 drivers
v0x6208c6a9d7e0_0 .net "M0_AXI4LITE_AWADDR", 31 0, L_0x6208c6abfef0;  1 drivers
L_0x71bd195342e8 .functor BUFT 1, C4<000>, C4<0>, C4<0>, C4<0>;
v0x6208c6a9d8c0_0 .net "M0_AXI4LITE_AWPROT", 2 0, L_0x71bd195342e8;  1 drivers
o0x71bd1957d198 .functor BUFZ 1, c4<z>; HiZ drive
v0x6208c6a9d9a0_0 .net "M0_AXI4LITE_AWREADY", 0 0, o0x71bd1957d198;  0 drivers
v0x6208c6a9da60_0 .net "M0_AXI4LITE_AWVALID", 0 0, L_0x6208c6abff60;  1 drivers
v0x6208c6a9db20_0 .net "M0_AXI4LITE_BREADY", 0 0, L_0x6208c6ac5e10;  1 drivers
o0x71bd1957d228 .functor BUFZ 2, c4<zz>; HiZ drive
v0x6208c6a9dbe0_0 .net "M0_AXI4LITE_BRESP", 1 0, o0x71bd1957d228;  0 drivers
v0x6208c6a9dcc0_0 .net "M0_AXI4LITE_BVALID", 0 0, o0x71bd1957d258;  0 drivers
o0x71bd1957d288 .functor BUFZ 32, c4<zzzzzzzzzzzzzzzzzzzzzzzzzzzzzzzz>; HiZ drive
v0x6208c6a9dd80_0 .net "M0_AXI4LITE_RDATA", 31 0, o0x71bd1957d288;  0 drivers
v0x6208c6a9de60_0 .net "M0_AXI4LITE_RREADY", 0 0, L_0x6208c6acccd0;  1 drivers
o0x71bd1957d2e8 .functor BUFZ 2, c4<zz>; HiZ drive
v0x6208c6a9df20_0 .net "M0_AXI4LITE_RRESP", 1 0, o0x71bd1957d2e8;  0 drivers
v0x6208c6a9e000_0 .net "M0_AXI4LITE_RVALID", 0 0, o0x71bd1957d318;  0 drivers
v0x6208c6a9e1d0_0 .net "M0_AXI4LITE_WDATA", 31 0, L_0x6208c6ac1d70;  1 drivers
o0x71bd1957d378 .functor BUFZ 1, c4<z>; HiZ drive
v0x6208c6a9e2b0_0 .net "M0_AXI4LITE_WREADY", 0 0, o0x71bd1957d378;  0 drivers
v0x6208c6a9e370_0 .net "M0_AXI4LITE_WSTRB", 3 0, L_0x6208c6ac1de0;  1 drivers
v0x6208c6a9e450_0 .net "M0_AXI4LITE_WVALID", 0 0, L_0x6208c6ac1fc0;  1 drivers
v0x6208c6a9e510_0 .net "M1_AXI4LITE_ARADDR", 31 0, L_0x6208c6ac7290;  1 drivers
L_0x71bd19534960 .functor BUFT 1, C4<000>, C4<0>, C4<0>, C4<0>;
v0x6208c6a9e5f0_0 .net "M1_AXI4LITE_ARPROT", 2 0, L_0x71bd19534960;  1 drivers
o0x71bd1957d468 .functor BUFZ 1, c4<z>; HiZ drive
v0x6208c6a9e6d0_0 .net "M1_AXI4LITE_ARREADY", 0 0, o0x71bd1957d468;  0 drivers
v0x6208c6a9e790_0 .net "M1_AXI4LITE_ARVALID", 0 0, L_0x6208c6ac7520;  1 drivers
v0x6208c6a9e850_0 .net "M1_AXI4LITE_AWADDR", 31 0, L_0x6208c6ac0550;  1 drivers
L_0x71bd19534378 .functor BUFT 1, C4<000>, C4<0>, C4<0>, C4<0>;
v0x6208c6a9e930_0 .net "M1_AXI4LITE_AWPROT", 2 0, L_0x71bd19534378;  1 drivers
o0x71bd1957d528 .functor BUFZ 1, c4<z>; HiZ drive
v0x6208c6a9ea10_0 .net "M1_AXI4LITE_AWREADY", 0 0, o0x71bd1957d528;  0 drivers
v0x6208c6a9ead0_0 .net "M1_AXI4LITE_AWVALID", 0 0, L_0x6208c6ac0700;  1 drivers
v0x6208c6a9eb90_0 .net "M1_AXI4LITE_BREADY", 0 0, L_0x6208c6ac5f00;  1 drivers
o0x71bd1957d5b8 .functor BUFZ 2, c4<zz>; HiZ drive
v0x6208c6a9ec50_0 .net "M1_AXI4LITE_BRESP", 1 0, o0x71bd1957d5b8;  0 drivers
v0x6208c6a9ed30_0 .net "M1_AXI4LITE_BVALID", 0 0, o0x71bd1957d5e8;  0 drivers
o0x71bd1957d618 .functor BUFZ 32, c4<zzzzzzzzzzzzzzzzzzzzzzzzzzzzzzzz>; HiZ drive
v0x6208c6a9edf0_0 .net "M1_AXI4LITE_RDATA", 31 0, o0x71bd1957d618;  0 drivers
v0x6208c6a9eed0_0 .net "M1_AXI4LITE_RREADY", 0 0, L_0x6208c6acced0;  1 drivers
o0x71bd1957d678 .functor BUFZ 2, c4<zz>; HiZ drive
v0x6208c6a9ef90_0 .net "M1_AXI4LITE_RRESP", 1 0, o0x71bd1957d678;  0 drivers
v0x6208c6a9f070_0 .net "M1_AXI4LITE_RVALID", 0 0, o0x71bd1957d6a8;  0 drivers
v0x6208c6a9f130_0 .net "M1_AXI4LITE_WDATA", 31 0, L_0x6208c6ac27a0;  1 drivers
o0x71bd1957d708 .functor BUFZ 1, c4<z>; HiZ drive
v0x6208c6a9f210_0 .net "M1_AXI4LITE_WREADY", 0 0, o0x71bd1957d708;  0 drivers
v0x6208c6a9f2d0_0 .net "M1_AXI4LITE_WSTRB", 3 0, L_0x6208c6ac2890;  1 drivers
v0x6208c6a9f3b0_0 .net "M1_AXI4LITE_WVALID", 0 0, L_0x6208c6ac2a80;  1 drivers
v0x6208c6a9f470_0 .net "M2_AXI4_ARADDR", 31 0, L_0x6208c6ac7d40;  1 drivers
v0x6208c6a9f550_0 .net "M2_AXI4_ARBURST", 1 0, L_0x6208c6ac8930;  1 drivers
v0x6208c6a9f630_0 .net "M2_AXI4_ARID", 3 0, L_0x6208c6ac78a0;  1 drivers
v0x6208c6a9f710_0 .net "M2_AXI4_ARLEN", 7 0, L_0x6208c6ac8120;  1 drivers
o0x71bd1957d858 .functor BUFZ 1, c4<z>; HiZ drive
v0x6208c6a9f7f0_0 .net "M2_AXI4_ARREADY", 0 0, o0x71bd1957d858;  0 drivers
v0x6208c6a9f8b0_0 .net "M2_AXI4_ARSIZE", 2 0, L_0x6208c6ac84d0;  1 drivers
v0x6208c6a9f990_0 .net "M2_AXI4_ARVALID", 0 0, L_0x6208c6ac8db0;  1 drivers
v0x6208c6a9fa50_0 .net "M2_AXI4_AWADDR", 31 0, L_0x6208c6ac0d50;  1 drivers
v0x6208c6a9fb30_0 .net "M2_AXI4_AWBURST", 1 0, L_0x6208c6ac1620;  1 drivers
v0x6208c6a9fc10_0 .net "M2_AXI4_AWID", 3 0, L_0x6208c6ac09e0;  1 drivers
v0x6208c6a9fcf0_0 .net "M2_AXI4_AWLEN", 7 0, L_0x6208c6ac1000;  1 drivers
o0x71bd1957d9a8 .functor BUFZ 1, c4<z>; HiZ drive
v0x6208c6a9fdd0_0 .net "M2_AXI4_AWREADY", 0 0, o0x71bd1957d9a8;  0 drivers
v0x6208c6a9fe90_0 .net "M2_AXI4_AWSIZE", 2 0, L_0x6208c6ac0ee0;  1 drivers
v0x6208c6a9ff70_0 .net "M2_AXI4_AWVALID", 0 0, L_0x6208c6ac1950;  1 drivers
o0x71bd1957da38 .functor BUFZ 4, c4<zzzz>; HiZ drive
v0x6208c6aa0030_0 .net "M2_AXI4_BID", 3 0, o0x71bd1957da38;  0 drivers
v0x6208c6aa0110_0 .net "M2_AXI4_BREADY", 0 0, L_0x6208c6ac62e0;  1 drivers
o0x71bd1957da98 .functor BUFZ 2, c4<zz>; HiZ drive
v0x6208c6aa01d0_0 .net "M2_AXI4_BRESP", 1 0, o0x71bd1957da98;  0 drivers
v0x6208c6aa02b0_0 .net "M2_AXI4_BVALID", 0 0, o0x71bd1957dac8;  0 drivers
o0x71bd1957daf8 .functor BUFZ 32, c4<zzzzzzzzzzzzzzzzzzzzzzzzzzzzzzzz>; HiZ drive
v0x6208c6aa0370_0 .net "M2_AXI4_RDATA", 31 0, o0x71bd1957daf8;  0 drivers
o0x71bd1957db28 .functor BUFZ 4, c4<zzzz>; HiZ drive
v0x6208c6aa0450_0 .net "M2_AXI4_RID", 3 0, o0x71bd1957db28;  0 drivers
o0x71bd1957db58 .functor BUFZ 1, c4<z>; HiZ drive
v0x6208c6aa0530_0 .net "M2_AXI4_RLAST", 0 0, o0x71bd1957db58;  0 drivers
v0x6208c6aa05f0_0 .net "M2_AXI4_RREADY", 0 0, L_0x6208c6acd4d0;  1 drivers
o0x71bd1957dbb8 .functor BUFZ 2, c4<zz>; HiZ drive
v0x6208c6aa06b0_0 .net "M2_AXI4_RRESP", 1 0, o0x71bd1957dbb8;  0 drivers
v0x6208c6aa0790_0 .net "M2_AXI4_RVALID", 0 0, o0x71bd1957dbe8;  0 drivers
v0x6208c6aa0850_0 .net "M2_AXI4_WDATA", 31 0, L_0x6208c6ac2d50;  1 drivers
v0x6208c6aa0d40_0 .net "M2_AXI4_WLAST", 0 0, L_0x6208c6ac33e0;  1 drivers
o0x71bd1957dc78 .functor BUFZ 1, c4<z>; HiZ drive
v0x6208c6aa0e00_0 .net "M2_AXI4_WREADY", 0 0, o0x71bd1957dc78;  0 drivers
v0x6208c6aa0ec0_0 .net "M2_AXI4_WSTRB", 3 0, L_0x6208c6ac3090;  1 drivers
v0x6208c6aa0fa0_0 .net "M2_AXI4_WVALID", 0 0, L_0x6208c6ac38a0;  1 drivers
v0x6208c6aa1060_0 .net "S0_AXI4_ARADDR", 31 0, o0x71bd1957dd08;  0 drivers
o0x71bd1957dd38 .functor BUFZ 2, c4<zz>; HiZ drive
v0x6208c6aa1140_0 .net "S0_AXI4_ARBURST", 1 0, o0x71bd1957dd38;  0 drivers
o0x71bd1957dd68 .functor BUFZ 4, c4<zzzz>; HiZ drive
v0x6208c6aa1220_0 .net "S0_AXI4_ARID", 3 0, o0x71bd1957dd68;  0 drivers
o0x71bd1957dd98 .functor BUFZ 8, c4<zzzzzzzz>; HiZ drive
v0x6208c6aa1300_0 .net "S0_AXI4_ARLEN", 7 0, o0x71bd1957dd98;  0 drivers
v0x6208c6aa13e0_0 .net "S0_AXI4_ARREADY", 0 0, L_0x6208c6ac71c0;  1 drivers
o0x71bd1957ddf8 .functor BUFZ 3, c4<zzz>; HiZ drive
v0x6208c6aa14a0_0 .net "S0_AXI4_ARSIZE", 2 0, o0x71bd1957ddf8;  0 drivers
v0x6208c6aa1580_0 .net "S0_AXI4_ARVALID", 0 0, o0x71bd1957de28;  0 drivers
v0x6208c6aa1640_0 .net "S0_AXI4_AWADDR", 31 0, o0x71bd1957de58;  0 drivers
o0x71bd1957de88 .functor BUFZ 2, c4<zz>; HiZ drive
v0x6208c6aa1720_0 .net "S0_AXI4_AWBURST", 1 0, o0x71bd1957de88;  0 drivers
o0x71bd1957deb8 .functor BUFZ 4, c4<zzzz>; HiZ drive
v0x6208c6aa1800_0 .net "S0_AXI4_AWID", 3 0, o0x71bd1957deb8;  0 drivers
o0x71bd1957dee8 .functor BUFZ 8, c4<zzzzzzzz>; HiZ drive
v0x6208c6aa18e0_0 .net "S0_AXI4_AWLEN", 7 0, o0x71bd1957dee8;  0 drivers
v0x6208c6aa19c0_0 .net "S0_AXI4_AWREADY", 0 0, L_0x6208c6ac03f0;  1 drivers
o0x71bd1957df48 .functor BUFZ 3, c4<zzz>; HiZ drive
v0x6208c6aa1a80_0 .net "S0_AXI4_AWSIZE", 2 0, o0x71bd1957df48;  0 drivers
v0x6208c6aa1b60_0 .net "S0_AXI4_AWVALID", 0 0, o0x71bd1957df78;  0 drivers
v0x6208c6aa1c20_0 .net "S0_AXI4_BID", 3 0, L_0x6208c6ac3e10;  1 drivers
o0x71bd1957dfd8 .functor BUFZ 1, c4<z>; HiZ drive
v0x6208c6aa1d00_0 .net "S0_AXI4_BREADY", 0 0, o0x71bd1957dfd8;  0 drivers
v0x6208c6aa1dc0_0 .net "S0_AXI4_BRESP", 1 0, L_0x6208c6ac49c0;  1 drivers
v0x6208c6aa1ea0_0 .net "S0_AXI4_BVALID", 0 0, L_0x6208c6ac5680;  1 drivers
v0x6208c6aa1f60_0 .net "S0_AXI4_RDATA", 31 0, L_0x6208c6ac9c40;  1 drivers
v0x6208c6aa2040_0 .net "S0_AXI4_RID", 3 0, L_0x6208c6ac9450;  1 drivers
v0x6208c6aa2120_0 .net "S0_AXI4_RLAST", 0 0, L_0x6208c6acb1f0;  1 drivers
o0x71bd1957e0f8 .functor BUFZ 1, c4<z>; HiZ drive
v0x6208c6aa21e0_0 .net "S0_AXI4_RREADY", 0 0, o0x71bd1957e0f8;  0 drivers
v0x6208c6aa22a0_0 .net "S0_AXI4_RRESP", 1 0, L_0x6208c6acae40;  1 drivers
v0x6208c6aa2380_0 .net "S0_AXI4_RVALID", 0 0, L_0x6208c6acbda0;  1 drivers
v0x6208c6aa2440_0 .net "S0_AXI4_WDATA", 31 0, o0x71bd1957e188;  0 drivers
o0x71bd1957e1b8 .functor BUFZ 1, c4<z>; HiZ drive
v0x6208c6aa2520_0 .net "S0_AXI4_WLAST", 0 0, o0x71bd1957e1b8;  0 drivers
v0x6208c6aa25e0_0 .net "S0_AXI4_WREADY", 0 0, L_0x6208c6ac2680;  1 drivers
v0x6208c6aa26a0_0 .net "S0_AXI4_WSTRB", 3 0, o0x71bd1957e218;  0 drivers
v0x6208c6aa2780_0 .net "S0_AXI4_WVALID", 0 0, o0x71bd1957e248;  0 drivers
o0x71bd1957e278 .functor BUFZ 32, c4<zzzzzzzzzzzzzzzzzzzzzzzzzzzzzzzz>; HiZ drive
v0x6208c6aa2840_0 .net "S1_AXI4_ARADDR", 31 0, o0x71bd1957e278;  0 drivers
o0x71bd1957e2a8 .functor BUFZ 2, c4<zz>; HiZ drive
v0x6208c6aa2920_0 .net "S1_AXI4_ARBURST", 1 0, o0x71bd1957e2a8;  0 drivers
o0x71bd1957e2d8 .functor BUFZ 4, c4<zzzz>; HiZ drive
v0x6208c6aa2a00_0 .net "S1_AXI4_ARID", 3 0, o0x71bd1957e2d8;  0 drivers
o0x71bd1957e308 .functor BUFZ 8, c4<zzzzzzzz>; HiZ drive
v0x6208c6aa2ae0_0 .net "S1_AXI4_ARLEN", 7 0, o0x71bd1957e308;  0 drivers
v0x6208c6aa2bc0_0 .net "S1_AXI4_ARREADY", 0 0, L_0x6208c6ac90a0;  1 drivers
o0x71bd1957e368 .functor BUFZ 3, c4<zzz>; HiZ drive
v0x6208c6aa2c80_0 .net "S1_AXI4_ARSIZE", 2 0, o0x71bd1957e368;  0 drivers
v0x6208c6aa2d60_0 .net "S1_AXI4_ARVALID", 0 0, o0x71bd1957e398;  0 drivers
o0x71bd1957e3c8 .functor BUFZ 32, c4<zzzzzzzzzzzzzzzzzzzzzzzzzzzzzzzz>; HiZ drive
v0x6208c6aa2e20_0 .net "S1_AXI4_AWADDR", 31 0, o0x71bd1957e3c8;  0 drivers
o0x71bd1957e3f8 .functor BUFZ 2, c4<zz>; HiZ drive
v0x6208c6aa2f00_0 .net "S1_AXI4_AWBURST", 1 0, o0x71bd1957e3f8;  0 drivers
o0x71bd1957e428 .functor BUFZ 4, c4<zzzz>; HiZ drive
v0x6208c6aa2fe0_0 .net "S1_AXI4_AWID", 3 0, o0x71bd1957e428;  0 drivers
o0x71bd1957e458 .functor BUFZ 8, c4<zzzzzzzz>; HiZ drive
v0x6208c6aa30c0_0 .net "S1_AXI4_AWLEN", 7 0, o0x71bd1957e458;  0 drivers
v0x6208c6aa31a0_0 .net "S1_AXI4_AWREADY", 0 0, L_0x6208c6ac1b60;  1 drivers
o0x71bd1957e4b8 .functor BUFZ 3, c4<zzz>; HiZ drive
v0x6208c6aa3260_0 .net "S1_AXI4_AWSIZE", 2 0, o0x71bd1957e4b8;  0 drivers
v0x6208c6aa3340_0 .net "S1_AXI4_AWVALID", 0 0, o0x71bd1957e4e8;  0 drivers
v0x6208c6aa3400_0 .net "S1_AXI4_BID", 3 0, L_0x6208c6ac57c0;  1 drivers
o0x71bd1957e548 .functor BUFZ 1, c4<z>; HiZ drive
v0x6208c6aa34e0_0 .net "S1_AXI4_BREADY", 0 0, o0x71bd1957e548;  0 drivers
v0x6208c6aa35a0_0 .net "S1_AXI4_BRESP", 1 0, L_0x6208c6ac5900;  1 drivers
v0x6208c6aa3680_0 .net "S1_AXI4_BVALID", 0 0, L_0x6208c6ac5bb0;  1 drivers
v0x6208c6aa3740_0 .net "S1_AXI4_RDATA", 31 0, L_0x6208c6acc360;  1 drivers
v0x6208c6aa3820_0 .net "S1_AXI4_RID", 3 0, L_0x6208c6acc110;  1 drivers
v0x6208c6aa3900_0 .net "S1_AXI4_RLAST", 0 0, L_0x6208c6acc850;  1 drivers
o0x71bd1957e668 .functor BUFZ 1, c4<z>; HiZ drive
v0x6208c6aa39c0_0 .net "S1_AXI4_RREADY", 0 0, o0x71bd1957e668;  0 drivers
v0x6208c6aa3a80_0 .net "S1_AXI4_RRESP", 1 0, L_0x6208c6acc710;  1 drivers
v0x6208c6aa3b60_0 .net "S1_AXI4_RVALID", 0 0, L_0x6208c6accc10;  1 drivers
o0x71bd1957e6f8 .functor BUFZ 32, c4<zzzzzzzzzzzzzzzzzzzzzzzzzzzzzzzz>; HiZ drive
v0x6208c6aa3c20_0 .net "S1_AXI4_WDATA", 31 0, o0x71bd1957e6f8;  0 drivers
o0x71bd1957e728 .functor BUFZ 1, c4<z>; HiZ drive
v0x6208c6aa3d00_0 .net "S1_AXI4_WLAST", 0 0, o0x71bd1957e728;  0 drivers
v0x6208c6aa3dc0_0 .net "S1_AXI4_WREADY", 0 0, L_0x6208c6ac39e0;  1 drivers
o0x71bd1957e788 .functor BUFZ 4, c4<zzzz>; HiZ drive
v0x6208c6aa3e80_0 .net "S1_AXI4_WSTRB", 3 0, o0x71bd1957e788;  0 drivers
v0x6208c6aa3f60_0 .net "S1_AXI4_WVALID", 0 0, o0x71bd1957e7b8;  0 drivers
L_0x71bd19534018 .functor BUFT 1, C4<11110000000000000000000000000000>, C4<0>, C4<0>, C4<0>;
v0x6208c6aa4020_0 .net/2u *"_ivl_0", 31 0, L_0x71bd19534018;  1 drivers
L_0x71bd195343c0 .functor BUFT 1, C4<0000>, C4<0>, C4<0>, C4<0>;
v0x6208c6aa4100_0 .net/2u *"_ivl_106", 3 0, L_0x71bd195343c0;  1 drivers
v0x6208c6aa49f0_0 .net *"_ivl_108", 3 0, L_0x6208c6ac0860;  1 drivers
L_0x71bd19534408 .functor BUFT 1, C4<00000000000000000000000000000000>, C4<0>, C4<0>, C4<0>;
v0x6208c6aa4ad0_0 .net/2u *"_ivl_112", 31 0, L_0x71bd19534408;  1 drivers
v0x6208c6aa4bb0_0 .net *"_ivl_114", 31 0, L_0x6208c6ac0b50;  1 drivers
L_0x71bd19534450 .functor BUFT 1, C4<00000000>, C4<0>, C4<0>, C4<0>;
v0x6208c6aa4c90_0 .net/2u *"_ivl_118", 7 0, L_0x71bd19534450;  1 drivers
L_0x71bd195340a8 .functor BUFT 1, C4<11110000000000000000000000000110>, C4<0>, C4<0>, C4<0>;
v0x6208c6aa4d70_0 .net/2u *"_ivl_12", 31 0, L_0x71bd195340a8;  1 drivers
v0x6208c6aa4e50_0 .net *"_ivl_120", 7 0, L_0x6208c6ac0e40;  1 drivers
L_0x71bd19534498 .functor BUFT 1, C4<000>, C4<0>, C4<0>, C4<0>;
v0x6208c6aa4f30_0 .net/2u *"_ivl_124", 2 0, L_0x71bd19534498;  1 drivers
v0x6208c6aa5010_0 .net *"_ivl_126", 2 0, L_0x6208c6ac1210;  1 drivers
L_0x71bd195344e0 .functor BUFT 1, C4<00>, C4<0>, C4<0>, C4<0>;
v0x6208c6aa50f0_0 .net/2u *"_ivl_130", 1 0, L_0x71bd195344e0;  1 drivers
v0x6208c6aa51d0_0 .net *"_ivl_132", 1 0, L_0x6208c6ac1440;  1 drivers
v0x6208c6aa52b0_0 .net *"_ivl_137", 0 0, L_0x6208c6ac0330;  1 drivers
v0x6208c6aa5370_0 .net *"_ivl_139", 0 0, L_0x6208c6ac1860;  1 drivers
v0x6208c6aa5430_0 .net *"_ivl_14", 0 0, L_0x6208c6abe0f0;  1 drivers
L_0x71bd19534528 .functor BUFT 1, C4<0>, C4<0>, C4<0>, C4<0>;
v0x6208c6aa54f0_0 .net/2u *"_ivl_142", 0 0, L_0x71bd19534528;  1 drivers
v0x6208c6aa55d0_0 .net *"_ivl_153", 0 0, L_0x6208c6ac2090;  1 drivers
L_0x71bd19534570 .functor BUFT 1, C4<0>, C4<0>, C4<0>, C4<0>;
v0x6208c6aa5690_0 .net/2u *"_ivl_154", 0 0, L_0x71bd19534570;  1 drivers
v0x6208c6aa5770_0 .net *"_ivl_156", 0 0, L_0x6208c6ac2390;  1 drivers
v0x6208c6aa5850_0 .net *"_ivl_158", 0 0, L_0x6208c6ac24b0;  1 drivers
L_0x71bd195340f0 .functor BUFT 1, C4<11110000000000000000000000001001>, C4<0>, C4<0>, C4<0>;
v0x6208c6aa5930_0 .net/2u *"_ivl_16", 31 0, L_0x71bd195340f0;  1 drivers
L_0x71bd195345b8 .functor BUFT 1, C4<00000000000000000000000000000000>, C4<0>, C4<0>, C4<0>;
v0x6208c6aa5a10_0 .net/2u *"_ivl_168", 31 0, L_0x71bd195345b8;  1 drivers
v0x6208c6aa5af0_0 .net *"_ivl_170", 31 0, L_0x6208c6ac2b40;  1 drivers
L_0x71bd19534600 .functor BUFT 1, C4<0000>, C4<0>, C4<0>, C4<0>;
v0x6208c6aa5bd0_0 .net/2u *"_ivl_174", 3 0, L_0x71bd19534600;  1 drivers
v0x6208c6aa5cb0_0 .net *"_ivl_176", 3 0, L_0x6208c6ac2e70;  1 drivers
v0x6208c6aa5d90_0 .net *"_ivl_18", 0 0, L_0x6208c6abe210;  1 drivers
L_0x71bd19534648 .functor BUFT 1, C4<0>, C4<0>, C4<0>, C4<0>;
v0x6208c6aa5e50_0 .net/2u *"_ivl_180", 0 0, L_0x71bd19534648;  1 drivers
v0x6208c6aa5f30_0 .net *"_ivl_182", 0 0, L_0x6208c6ac31b0;  1 drivers
v0x6208c6aa6010_0 .net *"_ivl_187", 0 0, L_0x6208c6ac3500;  1 drivers
v0x6208c6aa60d0_0 .net *"_ivl_189", 0 0, L_0x6208c6ac2950;  1 drivers
v0x6208c6aa6190_0 .net *"_ivl_191", 0 0, L_0x6208c6ac36e0;  1 drivers
L_0x71bd19534690 .functor BUFT 1, C4<0>, C4<0>, C4<0>, C4<0>;
v0x6208c6aa6250_0 .net/2u *"_ivl_194", 0 0, L_0x71bd19534690;  1 drivers
v0x6208c6aa6330_0 .net *"_ivl_199", 0 0, L_0x6208c6ac3c40;  1 drivers
v0x6208c6aa63f0_0 .net *"_ivl_2", 0 0, L_0x6208c6abddf0;  1 drivers
L_0x71bd195346d8 .functor BUFT 1, C4<0>, C4<0>, C4<0>, C4<0>;
v0x6208c6aa64b0_0 .net/2u *"_ivl_202", 0 0, L_0x71bd195346d8;  1 drivers
v0x6208c6aa6590_0 .net *"_ivl_205", 0 0, L_0x6208c6ac3f50;  1 drivers
v0x6208c6aa6670_0 .net *"_ivl_206", 1 0, L_0x6208c6ac4180;  1 drivers
L_0x71bd19534720 .functor BUFT 1, C4<0>, C4<0>, C4<0>, C4<0>;
v0x6208c6aa6750_0 .net/2u *"_ivl_208", 0 0, L_0x71bd19534720;  1 drivers
v0x6208c6aa6830_0 .net *"_ivl_21", 0 0, L_0x6208c6abe360;  1 drivers
v0x6208c6aa68f0_0 .net *"_ivl_211", 0 0, L_0x6208c6ac42f0;  1 drivers
v0x6208c6aa69d0_0 .net *"_ivl_212", 1 0, L_0x6208c6ac4050;  1 drivers
v0x6208c6aa6ab0_0 .net *"_ivl_215", 0 0, L_0x6208c6ac4550;  1 drivers
L_0x71bd19534768 .functor BUFT 1, C4<00>, C4<0>, C4<0>, C4<0>;
v0x6208c6aa6b70_0 .net/2u *"_ivl_216", 1 0, L_0x71bd19534768;  1 drivers
v0x6208c6aa6c50_0 .net *"_ivl_218", 1 0, L_0x6208c6ac45c0;  1 drivers
v0x6208c6aa6d30_0 .net *"_ivl_220", 1 0, L_0x6208c6ac4880;  1 drivers
v0x6208c6aa6e10_0 .net *"_ivl_225", 0 0, L_0x6208c6ac4c60;  1 drivers
v0x6208c6aa6ed0_0 .net *"_ivl_227", 0 0, L_0x6208c6ac4e40;  1 drivers
v0x6208c6aa6f90_0 .net *"_ivl_229", 0 0, L_0x6208c6ac4ff0;  1 drivers
v0x6208c6aa7050_0 .net *"_ivl_231", 0 0, L_0x6208c6ac52b0;  1 drivers
v0x6208c6aa7110_0 .net *"_ivl_233", 0 0, L_0x6208c6ac5430;  1 drivers
L_0x71bd195347b0 .functor BUFT 1, C4<00>, C4<0>, C4<0>, C4<0>;
v0x6208c6aa71d0_0 .net/2u *"_ivl_238", 1 0, L_0x71bd195347b0;  1 drivers
L_0x71bd19534138 .functor BUFT 1, C4<00000000000000000000000000000000>, C4<0>, C4<0>, C4<0>;
v0x6208c6aa72b0_0 .net/2u *"_ivl_24", 31 0, L_0x71bd19534138;  1 drivers
L_0x71bd195347f8 .functor BUFT 1, C4<0>, C4<0>, C4<0>, C4<0>;
v0x6208c6aa7390_0 .net/2u *"_ivl_244", 0 0, L_0x71bd195347f8;  1 drivers
L_0x71bd19534840 .functor BUFT 1, C4<0>, C4<0>, C4<0>, C4<0>;
v0x6208c6aa7470_0 .net/2u *"_ivl_248", 0 0, L_0x71bd19534840;  1 drivers
L_0x71bd19534888 .functor BUFT 1, C4<0>, C4<0>, C4<0>, C4<0>;
v0x6208c6aa7550_0 .net/2u *"_ivl_252", 0 0, L_0x71bd19534888;  1 drivers
v0x6208c6aa7630_0 .net *"_ivl_254", 0 0, L_0x6208c6ac61f0;  1 drivers
v0x6208c6aa7710_0 .net *"_ivl_26", 0 0, L_0x6208c6abe5b0;  1 drivers
v0x6208c6aa77d0_0 .net *"_ivl_265", 0 0, L_0x6208c6ac6a90;  1 drivers
L_0x71bd19534918 .functor BUFT 1, C4<0>, C4<0>, C4<0>, C4<0>;
v0x6208c6aa7890_0 .net/2u *"_ivl_266", 0 0, L_0x71bd19534918;  1 drivers
v0x6208c6aa7970_0 .net *"_ivl_268", 0 0, L_0x6208c6ac6dc0;  1 drivers
v0x6208c6aa7a50_0 .net *"_ivl_270", 0 0, L_0x6208c6ac6f30;  1 drivers
L_0x71bd195349a8 .functor BUFT 1, C4<0000>, C4<0>, C4<0>, C4<0>;
v0x6208c6aa7b30_0 .net/2u *"_ivl_280", 3 0, L_0x71bd195349a8;  1 drivers
v0x6208c6aa7c10_0 .net *"_ivl_282", 3 0, L_0x6208c6ac75f0;  1 drivers
L_0x71bd195349f0 .functor BUFT 1, C4<00000000000000000000000000000000>, C4<0>, C4<0>, C4<0>;
v0x6208c6aa7cf0_0 .net/2u *"_ivl_286", 31 0, L_0x71bd195349f0;  1 drivers
v0x6208c6aa7dd0_0 .net *"_ivl_288", 31 0, L_0x6208c6ac7a10;  1 drivers
v0x6208c6aa7eb0_0 .net *"_ivl_29", 0 0, L_0x6208c6abe6a0;  1 drivers
L_0x71bd19534a38 .functor BUFT 1, C4<00000000>, C4<0>, C4<0>, C4<0>;
v0x6208c6aa7f70_0 .net/2u *"_ivl_292", 7 0, L_0x71bd19534a38;  1 drivers
v0x6208c6aa8050_0 .net *"_ivl_294", 7 0, L_0x6208c6ac7e30;  1 drivers
L_0x71bd19534a80 .functor BUFT 1, C4<000>, C4<0>, C4<0>, C4<0>;
v0x6208c6aa8130_0 .net/2u *"_ivl_298", 2 0, L_0x71bd19534a80;  1 drivers
v0x6208c6aa8210_0 .net *"_ivl_30", 0 0, L_0x6208c6abe760;  1 drivers
v0x6208c6aa82f0_0 .net *"_ivl_300", 2 0, L_0x6208c6ac8220;  1 drivers
L_0x71bd19534ac8 .functor BUFT 1, C4<00>, C4<0>, C4<0>, C4<0>;
v0x6208c6aa83d0_0 .net/2u *"_ivl_304", 1 0, L_0x71bd19534ac8;  1 drivers
v0x6208c6aa84b0_0 .net *"_ivl_306", 1 0, L_0x6208c6ac8620;  1 drivers
v0x6208c6aa8590_0 .net *"_ivl_311", 0 0, L_0x6208c6ac8a50;  1 drivers
v0x6208c6aa8650_0 .net *"_ivl_313", 0 0, L_0x6208c6ac8cc0;  1 drivers
L_0x71bd19534b10 .functor BUFT 1, C4<0>, C4<0>, C4<0>, C4<0>;
v0x6208c6aa8710_0 .net/2u *"_ivl_316", 0 0, L_0x71bd19534b10;  1 drivers
v0x6208c6aa87f0_0 .net *"_ivl_32", 0 0, L_0x6208c6abe860;  1 drivers
v0x6208c6aa88d0_0 .net *"_ivl_321", 0 0, L_0x6208c6ac93e0;  1 drivers
v0x6208c6aa8990_0 .net *"_ivl_325", 0 0, L_0x6208c6ac9540;  1 drivers
L_0x71bd19534b58 .functor BUFT 1, C4<00000000000000000000000000000000>, C4<0>, C4<0>, C4<0>;
v0x6208c6aa8a50_0 .net/2u *"_ivl_326", 31 0, L_0x71bd19534b58;  1 drivers
v0x6208c6aa8b30_0 .net *"_ivl_328", 31 0, L_0x6208c6ac97d0;  1 drivers
v0x6208c6aa8c10_0 .net *"_ivl_330", 31 0, L_0x6208c6ac9b50;  1 drivers
L_0x71bd19534ba0 .functor BUFT 1, C4<0>, C4<0>, C4<0>, C4<0>;
v0x6208c6aa8cf0_0 .net/2u *"_ivl_334", 0 0, L_0x71bd19534ba0;  1 drivers
v0x6208c6aa8dd0_0 .net *"_ivl_337", 0 0, L_0x6208c6ac9fb0;  1 drivers
v0x6208c6aa8eb0_0 .net *"_ivl_338", 1 0, L_0x6208c6aca0b0;  1 drivers
L_0x71bd19534be8 .functor BUFT 1, C4<0>, C4<0>, C4<0>, C4<0>;
v0x6208c6aa8f90_0 .net/2u *"_ivl_340", 0 0, L_0x71bd19534be8;  1 drivers
v0x6208c6aa9070_0 .net *"_ivl_343", 0 0, L_0x6208c6aca450;  1 drivers
v0x6208c6aa9150_0 .net *"_ivl_344", 1 0, L_0x6208c6aca520;  1 drivers
v0x6208c6aa9230_0 .net *"_ivl_347", 0 0, L_0x6208c6aca8d0;  1 drivers
L_0x71bd19534c30 .functor BUFT 1, C4<00>, C4<0>, C4<0>, C4<0>;
v0x6208c6aa92f0_0 .net/2u *"_ivl_348", 1 0, L_0x71bd19534c30;  1 drivers
v0x6208c6aa93d0_0 .net *"_ivl_35", 0 0, L_0x6208c6abe920;  1 drivers
v0x6208c6aa9490_0 .net *"_ivl_350", 1 0, L_0x6208c6aca940;  1 drivers
v0x6208c6aa9570_0 .net *"_ivl_352", 1 0, L_0x6208c6acaab0;  1 drivers
v0x6208c6aa9650_0 .net *"_ivl_357", 0 0, L_0x6208c6acaf80;  1 drivers
L_0x71bd19534c78 .functor BUFT 1, C4<1>, C4<0>, C4<0>, C4<0>;
v0x6208c6aa9710_0 .net/2u *"_ivl_358", 0 0, L_0x71bd19534c78;  1 drivers
v0x6208c6aa97f0_0 .net *"_ivl_363", 0 0, L_0x6208c6acb590;  1 drivers
v0x6208c6aa98b0_0 .net *"_ivl_365", 0 0, L_0x6208c6acb630;  1 drivers
v0x6208c6aa9970_0 .net *"_ivl_367", 0 0, L_0x6208c6acb910;  1 drivers
v0x6208c6aa9a30_0 .net *"_ivl_369", 0 0, L_0x6208c6acba50;  1 drivers
v0x6208c6aa9af0_0 .net *"_ivl_37", 0 0, L_0x6208c6abea80;  1 drivers
v0x6208c6aa9bb0_0 .net *"_ivl_371", 0 0, L_0x6208c6acbce0;  1 drivers
L_0x71bd19534cc0 .functor BUFT 1, C4<00000000000000000000000000000000>, C4<0>, C4<0>, C4<0>;
v0x6208c6aa9c70_0 .net/2u *"_ivl_376", 31 0, L_0x71bd19534cc0;  1 drivers
L_0x71bd19534d08 .functor BUFT 1, C4<00>, C4<0>, C4<0>, C4<0>;
v0x6208c6aa9d50_0 .net/2u *"_ivl_380", 1 0, L_0x71bd19534d08;  1 drivers
L_0x71bd19534d50 .functor BUFT 1, C4<1>, C4<0>, C4<0>, C4<0>;
v0x6208c6aa9e30_0 .net/2u *"_ivl_384", 0 0, L_0x71bd19534d50;  1 drivers
L_0x71bd19534d98 .functor BUFT 1, C4<0>, C4<0>, C4<0>, C4<0>;
v0x6208c6aa9f10_0 .net/2u *"_ivl_390", 0 0, L_0x71bd19534d98;  1 drivers
L_0x71bd19534de0 .functor BUFT 1, C4<0>, C4<0>, C4<0>, C4<0>;
v0x6208c6aa9ff0_0 .net/2u *"_ivl_394", 0 0, L_0x71bd19534de0;  1 drivers
L_0x71bd19534e28 .functor BUFT 1, C4<0>, C4<0>, C4<0>, C4<0>;
v0x6208c6aaa0d0_0 .net/2u *"_ivl_398", 0 0, L_0x71bd19534e28;  1 drivers
L_0x71bd19534060 .functor BUFT 1, C4<11110000000000000000000000000101>, C4<0>, C4<0>, C4<0>;
v0x6208c6aaa1b0_0 .net/2u *"_ivl_4", 31 0, L_0x71bd19534060;  1 drivers
L_0x71bd19534180 .functor BUFT 1, C4<11110000000000000000000000000000>, C4<0>, C4<0>, C4<0>;
v0x6208c6aaa290_0 .net/2u *"_ivl_40", 31 0, L_0x71bd19534180;  1 drivers
v0x6208c6aaa370_0 .net *"_ivl_400", 0 0, L_0x6208c6acd3e0;  1 drivers
v0x6208c6aaa450_0 .net *"_ivl_42", 0 0, L_0x6208c6abec60;  1 drivers
L_0x71bd195341c8 .functor BUFT 1, C4<11110000000000000000000000000101>, C4<0>, C4<0>, C4<0>;
v0x6208c6aaa510_0 .net/2u *"_ivl_44", 31 0, L_0x71bd195341c8;  1 drivers
v0x6208c6aaa5f0_0 .net *"_ivl_46", 0 0, L_0x6208c6abed40;  1 drivers
v0x6208c6aaa6b0_0 .net *"_ivl_49", 0 0, L_0x6208c6abee80;  1 drivers
L_0x71bd19534210 .functor BUFT 1, C4<11110000000000000000000000000110>, C4<0>, C4<0>, C4<0>;
v0x6208c6aaa770_0 .net/2u *"_ivl_52", 31 0, L_0x71bd19534210;  1 drivers
v0x6208c6aaa850_0 .net *"_ivl_54", 0 0, L_0x6208c6abf0c0;  1 drivers
L_0x71bd19534258 .functor BUFT 1, C4<11110000000000000000000000001001>, C4<0>, C4<0>, C4<0>;
v0x6208c6aaa910_0 .net/2u *"_ivl_56", 31 0, L_0x71bd19534258;  1 drivers
v0x6208c6aaa9f0_0 .net *"_ivl_58", 0 0, L_0x6208c6abf290;  1 drivers
v0x6208c6aaaab0_0 .net *"_ivl_6", 0 0, L_0x6208c6abde90;  1 drivers
v0x6208c6aaab70_0 .net *"_ivl_61", 0 0, L_0x6208c6abf3c0;  1 drivers
L_0x71bd195342a0 .functor BUFT 1, C4<00000000000000000000000000000000>, C4<0>, C4<0>, C4<0>;
v0x6208c6aaac30_0 .net/2u *"_ivl_64", 31 0, L_0x71bd195342a0;  1 drivers
v0x6208c6aaad10_0 .net *"_ivl_66", 0 0, L_0x6208c6abf610;  1 drivers
v0x6208c6aaadd0_0 .net *"_ivl_69", 0 0, L_0x6208c6abf050;  1 drivers
v0x6208c6aaae90_0 .net *"_ivl_70", 0 0, L_0x6208c6abf760;  1 drivers
v0x6208c6aaaf70_0 .net *"_ivl_72", 0 0, L_0x6208c6abf8b0;  1 drivers
v0x6208c6aab050_0 .net *"_ivl_75", 0 0, L_0x6208c6abf970;  1 drivers
v0x6208c6aab110_0 .net *"_ivl_77", 0 0, L_0x6208c6abfb20;  1 drivers
v0x6208c6aab1d0_0 .net *"_ivl_9", 0 0, L_0x6208c6a83080;  1 drivers
v0x6208c6aab290_0 .net *"_ivl_91", 0 0, L_0x6208c6ac00a0;  1 drivers
L_0x71bd19534330 .functor BUFT 1, C4<0>, C4<0>, C4<0>, C4<0>;
v0x6208c6aab350_0 .net/2u *"_ivl_92", 0 0, L_0x71bd19534330;  1 drivers
v0x6208c6aa41e0_0 .net *"_ivl_94", 0 0, L_0x6208c6abfa80;  1 drivers
v0x6208c6aa42c0_0 .net *"_ivl_96", 0 0, L_0x6208c6ac0290;  1 drivers
v0x6208c6aa43a0_0 .var "s0_dram_read_grant", 0 0;
v0x6208c6aa4460_0 .var "s0_dram_write_grant", 0 0;
v0x6208c6aa4520_0 .net "s0_read_to_cordic", 0 0, L_0x6208c6abf480;  1 drivers
v0x6208c6aa45e0_0 .net "s0_read_to_dram", 0 0, L_0x6208c6abfbe0;  1 drivers
v0x6208c6aa46a0_0 .net "s0_read_to_sa", 0 0, L_0x6208c6abef90;  1 drivers
v0x6208c6aa4760_0 .var "s0_read_transaction_active", 0 0;
v0x6208c6aa4820_0 .net "s0_write_to_cordic", 0 0, L_0x6208c6abe420;  1 drivers
v0x6208c6aa48e0_0 .net "s0_write_to_dram", 0 0, L_0x6208c6abeb40;  1 drivers
v0x6208c6aac400_0 .net "s0_write_to_sa", 0 0, L_0x6208c6a85b90;  1 drivers
v0x6208c6aac4c0_0 .var "s0_write_transaction_active", 0 0;
v0x6208c6aac580_0 .var "s1_dram_read_grant", 0 0;
v0x6208c6aac640_0 .var "s1_dram_write_grant", 0 0;
v0x6208c6aac700_0 .net "s1_read_to_dram", 0 0, L_0x6208c6abfdc0;  1 drivers
v0x6208c6aac7c0_0 .var "s1_read_transaction_active", 0 0;
v0x6208c6aac880_0 .net "s1_write_to_dram", 0 0, L_0x6208c6abfd50;  1 drivers
v0x6208c6aac940_0 .var "s1_write_transaction_active", 0 0;
E_0x6208c6a319d0 .event posedge, v0x6208c6a83190_0;
E_0x6208c6a309b0/0 .event negedge, v0x6208c6a83290_0;
E_0x6208c6a309b0/1 .event posedge, v0x6208c6a83190_0;
E_0x6208c6a309b0 .event/or E_0x6208c6a309b0/0, E_0x6208c6a309b0/1;
L_0x6208c6abddf0 .cmp/ge 32, o0x71bd1957de58, L_0x71bd19534018;
L_0x6208c6abde90 .cmp/ge 32, L_0x71bd19534060, o0x71bd1957de58;
L_0x6208c6abe0f0 .cmp/ge 32, o0x71bd1957de58, L_0x71bd195340a8;
L_0x6208c6abe210 .cmp/ge 32, L_0x71bd195340f0, o0x71bd1957de58;
L_0x6208c6abe5b0 .cmp/ge 32, o0x71bd1957de58, L_0x71bd19534138;
L_0x6208c6abec60 .cmp/ge 32, o0x71bd1957dd08, L_0x71bd19534180;
L_0x6208c6abed40 .cmp/ge 32, L_0x71bd195341c8, o0x71bd1957dd08;
L_0x6208c6abf0c0 .cmp/ge 32, o0x71bd1957dd08, L_0x71bd19534210;
L_0x6208c6abf290 .cmp/ge 32, L_0x71bd19534258, o0x71bd1957dd08;
L_0x6208c6abf610 .cmp/ge 32, o0x71bd1957dd08, L_0x71bd195342a0;
L_0x6208c6abfa80 .functor MUXZ 1, L_0x71bd19534330, o0x71bd1957d9a8, L_0x6208c6ac00a0, C4<>;
L_0x6208c6ac0290 .functor MUXZ 1, L_0x6208c6abfa80, o0x71bd1957d528, L_0x6208c6a85b90, C4<>;
L_0x6208c6ac03f0 .functor MUXZ 1, L_0x6208c6ac0290, o0x71bd1957d198, L_0x6208c6abe420, C4<>;
L_0x6208c6ac0860 .functor MUXZ 4, L_0x71bd195343c0, o0x71bd1957e428, v0x6208c6aac640_0, C4<>;
L_0x6208c6ac09e0 .functor MUXZ 4, L_0x6208c6ac0860, o0x71bd1957deb8, v0x6208c6aa4460_0, C4<>;
L_0x6208c6ac0b50 .functor MUXZ 32, L_0x71bd19534408, o0x71bd1957e3c8, v0x6208c6aac640_0, C4<>;
L_0x6208c6ac0d50 .functor MUXZ 32, L_0x6208c6ac0b50, o0x71bd1957de58, v0x6208c6aa4460_0, C4<>;
L_0x6208c6ac0e40 .functor MUXZ 8, L_0x71bd19534450, o0x71bd1957e458, v0x6208c6aac640_0, C4<>;
L_0x6208c6ac1000 .functor MUXZ 8, L_0x6208c6ac0e40, o0x71bd1957dee8, v0x6208c6aa4460_0, C4<>;
L_0x6208c6ac1210 .functor MUXZ 3, L_0x71bd19534498, o0x71bd1957e4b8, v0x6208c6aac640_0, C4<>;
L_0x6208c6ac0ee0 .functor MUXZ 3, L_0x6208c6ac1210, o0x71bd1957df48, v0x6208c6aa4460_0, C4<>;
L_0x6208c6ac1440 .functor MUXZ 2, L_0x71bd195344e0, o0x71bd1957e3f8, v0x6208c6aac640_0, C4<>;
L_0x6208c6ac1620 .functor MUXZ 2, L_0x6208c6ac1440, o0x71bd1957de88, v0x6208c6aa4460_0, C4<>;
L_0x6208c6ac1b60 .functor MUXZ 1, L_0x71bd19534528, o0x71bd1957d9a8, v0x6208c6aac640_0, C4<>;
L_0x6208c6ac2390 .functor MUXZ 1, L_0x71bd19534570, o0x71bd1957dc78, L_0x6208c6ac2090, C4<>;
L_0x6208c6ac24b0 .functor MUXZ 1, L_0x6208c6ac2390, o0x71bd1957d708, L_0x6208c6a85b90, C4<>;
L_0x6208c6ac2680 .functor MUXZ 1, L_0x6208c6ac24b0, o0x71bd1957d378, L_0x6208c6abe420, C4<>;
L_0x6208c6ac2b40 .functor MUXZ 32, L_0x71bd195345b8, o0x71bd1957e6f8, v0x6208c6aac640_0, C4<>;
L_0x6208c6ac2d50 .functor MUXZ 32, L_0x6208c6ac2b40, o0x71bd1957e188, v0x6208c6aa4460_0, C4<>;
L_0x6208c6ac2e70 .functor MUXZ 4, L_0x71bd19534600, o0x71bd1957e788, v0x6208c6aac640_0, C4<>;
L_0x6208c6ac3090 .functor MUXZ 4, L_0x6208c6ac2e70, o0x71bd1957e218, v0x6208c6aa4460_0, C4<>;
L_0x6208c6ac31b0 .functor MUXZ 1, L_0x71bd19534648, o0x71bd1957e728, v0x6208c6aac640_0, C4<>;
L_0x6208c6ac33e0 .functor MUXZ 1, L_0x6208c6ac31b0, o0x71bd1957e1b8, v0x6208c6aa4460_0, C4<>;
L_0x6208c6ac39e0 .functor MUXZ 1, L_0x71bd19534690, o0x71bd1957dc78, v0x6208c6aac640_0, C4<>;
L_0x6208c6ac3e10 .functor MUXZ 4, o0x71bd1957deb8, o0x71bd1957da38, L_0x6208c6ac3c40, C4<>;
L_0x6208c6ac3f50 .part o0x71bd1957d228, 0, 1;
L_0x6208c6ac4180 .concat [ 1 1 0 0], L_0x6208c6ac3f50, L_0x71bd195346d8;
L_0x6208c6ac42f0 .part o0x71bd1957d5b8, 0, 1;
L_0x6208c6ac4050 .concat [ 1 1 0 0], L_0x6208c6ac42f0, L_0x71bd19534720;
L_0x6208c6ac45c0 .functor MUXZ 2, L_0x71bd19534768, o0x71bd1957da98, L_0x6208c6ac4550, C4<>;
L_0x6208c6ac4880 .functor MUXZ 2, L_0x6208c6ac45c0, L_0x6208c6ac4050, L_0x6208c6a85b90, C4<>;
L_0x6208c6ac49c0 .functor MUXZ 2, L_0x6208c6ac4880, L_0x6208c6ac4180, L_0x6208c6abe420, C4<>;
L_0x6208c6ac57c0 .functor MUXZ 4, o0x71bd1957e428, o0x71bd1957da38, v0x6208c6aac640_0, C4<>;
L_0x6208c6ac5900 .functor MUXZ 2, L_0x71bd195347b0, o0x71bd1957da98, v0x6208c6aac640_0, C4<>;
L_0x6208c6ac5e10 .functor MUXZ 1, L_0x71bd195347f8, o0x71bd1957dfd8, L_0x6208c6abe420, C4<>;
L_0x6208c6ac5f00 .functor MUXZ 1, L_0x71bd19534840, o0x71bd1957dfd8, L_0x6208c6a85b90, C4<>;
L_0x6208c6ac61f0 .functor MUXZ 1, L_0x71bd19534888, o0x71bd1957e548, v0x6208c6aac640_0, C4<>;
L_0x6208c6ac62e0 .functor MUXZ 1, L_0x6208c6ac61f0, o0x71bd1957dfd8, v0x6208c6aa4460_0, C4<>;
L_0x6208c6ac6dc0 .functor MUXZ 1, L_0x71bd19534918, o0x71bd1957d858, L_0x6208c6ac6a90, C4<>;
L_0x6208c6ac6f30 .functor MUXZ 1, L_0x6208c6ac6dc0, o0x71bd1957d468, L_0x6208c6abef90, C4<>;
L_0x6208c6ac71c0 .functor MUXZ 1, L_0x6208c6ac6f30, o0x71bd1957d0d8, L_0x6208c6abf480, C4<>;
L_0x6208c6ac75f0 .functor MUXZ 4, L_0x71bd195349a8, o0x71bd1957e2d8, v0x6208c6aac580_0, C4<>;
L_0x6208c6ac78a0 .functor MUXZ 4, L_0x6208c6ac75f0, o0x71bd1957dd68, v0x6208c6aa43a0_0, C4<>;
L_0x6208c6ac7a10 .functor MUXZ 32, L_0x71bd195349f0, o0x71bd1957e278, v0x6208c6aac580_0, C4<>;
L_0x6208c6ac7d40 .functor MUXZ 32, L_0x6208c6ac7a10, o0x71bd1957dd08, v0x6208c6aa43a0_0, C4<>;
L_0x6208c6ac7e30 .functor MUXZ 8, L_0x71bd19534a38, o0x71bd1957e308, v0x6208c6aac580_0, C4<>;
L_0x6208c6ac8120 .functor MUXZ 8, L_0x6208c6ac7e30, o0x71bd1957dd98, v0x6208c6aa43a0_0, C4<>;
L_0x6208c6ac8220 .functor MUXZ 3, L_0x71bd19534a80, o0x71bd1957e368, v0x6208c6aac580_0, C4<>;
L_0x6208c6ac84d0 .functor MUXZ 3, L_0x6208c6ac8220, o0x71bd1957ddf8, v0x6208c6aa43a0_0, C4<>;
L_0x6208c6ac8620 .functor MUXZ 2, L_0x71bd19534ac8, o0x71bd1957e2a8, v0x6208c6aac580_0, C4<>;
L_0x6208c6ac8930 .functor MUXZ 2, L_0x6208c6ac8620, o0x71bd1957dd38, v0x6208c6aa43a0_0, C4<>;
L_0x6208c6ac90a0 .functor MUXZ 1, L_0x71bd19534b10, o0x71bd1957d858, v0x6208c6aac580_0, C4<>;
L_0x6208c6ac9450 .functor MUXZ 4, o0x71bd1957dd68, o0x71bd1957db28, L_0x6208c6ac93e0, C4<>;
L_0x6208c6ac97d0 .functor MUXZ 32, L_0x71bd19534b58, o0x71bd1957daf8, L_0x6208c6ac9540, C4<>;
L_0x6208c6ac9b50 .functor MUXZ 32, L_0x6208c6ac97d0, o0x71bd1957d618, L_0x6208c6abef90, C4<>;
L_0x6208c6ac9c40 .functor MUXZ 32, L_0x6208c6ac9b50, o0x71bd1957d288, L_0x6208c6abf480, C4<>;
L_0x6208c6ac9fb0 .part o0x71bd1957d2e8, 0, 1;
L_0x6208c6aca0b0 .concat [ 1 1 0 0], L_0x6208c6ac9fb0, L_0x71bd19534ba0;
L_0x6208c6aca450 .part o0x71bd1957d678, 0, 1;
L_0x6208c6aca520 .concat [ 1 1 0 0], L_0x6208c6aca450, L_0x71bd19534be8;
L_0x6208c6aca940 .functor MUXZ 2, L_0x71bd19534c30, o0x71bd1957dbb8, L_0x6208c6aca8d0, C4<>;
L_0x6208c6acaab0 .functor MUXZ 2, L_0x6208c6aca940, L_0x6208c6aca520, L_0x6208c6abef90, C4<>;
L_0x6208c6acae40 .functor MUXZ 2, L_0x6208c6acaab0, L_0x6208c6aca0b0, L_0x6208c6abf480, C4<>;
L_0x6208c6acb1f0 .functor MUXZ 1, L_0x71bd19534c78, o0x71bd1957db58, L_0x6208c6acaf80, C4<>;
L_0x6208c6acc110 .functor MUXZ 4, o0x71bd1957e2d8, o0x71bd1957db28, v0x6208c6aac580_0, C4<>;
L_0x6208c6acc360 .functor MUXZ 32, L_0x71bd19534cc0, o0x71bd1957daf8, v0x6208c6aac580_0, C4<>;
L_0x6208c6acc710 .functor MUXZ 2, L_0x71bd19534d08, o0x71bd1957dbb8, v0x6208c6aac580_0, C4<>;
L_0x6208c6acc850 .functor MUXZ 1, L_0x71bd19534d50, o0x71bd1957db58, v0x6208c6aac580_0, C4<>;
L_0x6208c6acccd0 .functor MUXZ 1, L_0x71bd19534d98, o0x71bd1957e0f8, L_0x6208c6abf480, C4<>;
L_0x6208c6acced0 .functor MUXZ 1, L_0x71bd19534de0, o0x71bd1957e0f8, L_0x6208c6abef90, C4<>;
L_0x6208c6acd3e0 .functor MUXZ 1, L_0x71bd19534e28, o0x71bd1957e668, v0x6208c6aac580_0, C4<>;
L_0x6208c6acd4d0 .functor MUXZ 1, L_0x6208c6acd3e0, o0x71bd1957e0f8, v0x6208c6aa43a0_0, C4<>;
    .scope S_0x6208c6a58b90;
T_0 ;
    %wait E_0x6208c6a309b0;
    %load/vec4 v0x6208c6a83290_0;
    %nor/r;
    %flag_set/vec4 8;
    %jmp/0xz  T_0.0, 8;
    %pushi/vec4 0, 0, 1;
    %assign/vec4 v0x6208c6aa4760_0, 0;
    %pushi/vec4 0, 0, 1;
    %assign/vec4 v0x6208c6aac7c0_0, 0;
    %pushi/vec4 0, 0, 1;
    %assign/vec4 v0x6208c6aac4c0_0, 0;
    %pushi/vec4 0, 0, 1;
    %assign/vec4 v0x6208c6aac940_0, 0;
    %jmp T_0.1;
T_0.0 ;
    %load/vec4 v0x6208c6aa45e0_0;
    %flag_set/vec4 10;
    %flag_get/vec4 10;
    %jmp/0 T_0.5, 10;
    %load/vec4 v0x6208c6aa1580_0;
    %and;
T_0.5;
    %flag_set/vec4 9;
    %flag_get/vec4 9;
    %jmp/0 T_0.4, 9;
    %load/vec4 v0x6208c6aa13e0_0;
    %and;
T_0.4;
    %flag_set/vec4 8;
    %jmp/0xz  T_0.2, 8;
    %pushi/vec4 1, 0, 1;
    %assign/vec4 v0x6208c6aa4760_0, 0;
    %jmp T_0.3;
T_0.2 ;
    %load/vec4 v0x6208c6aa43a0_0;
    %flag_set/vec4 11;
    %flag_get/vec4 11;
    %jmp/0 T_0.10, 11;
    %load/vec4 v0x6208c6aa0790_0;
    %and;
T_0.10;
    %flag_set/vec4 10;
    %flag_get/vec4 10;
    %jmp/0 T_0.9, 10;
    %load/vec4 v0x6208c6aa21e0_0;
    %and;
T_0.9;
    %flag_set/vec4 9;
    %flag_get/vec4 9;
    %jmp/0 T_0.8, 9;
    %load/vec4 v0x6208c6aa0530_0;
    %and;
T_0.8;
    %flag_set/vec4 8;
    %jmp/0xz  T_0.6, 8;
    %pushi/vec4 0, 0, 1;
    %assign/vec4 v0x6208c6aa4760_0, 0;
T_0.6 ;
T_0.3 ;
    %load/vec4 v0x6208c6aac700_0;
    %flag_set/vec4 10;
    %flag_get/vec4 10;
    %jmp/0 T_0.14, 10;
    %load/vec4 v0x6208c6aa2d60_0;
    %and;
T_0.14;
    %flag_set/vec4 9;
    %flag_get/vec4 9;
    %jmp/0 T_0.13, 9;
    %load/vec4 v0x6208c6aa2bc0_0;
    %and;
T_0.13;
    %flag_set/vec4 8;
    %jmp/0xz  T_0.11, 8;
    %pushi/vec4 1, 0, 1;
    %assign/vec4 v0x6208c6aac7c0_0, 0;
    %jmp T_0.12;
T_0.11 ;
    %load/vec4 v0x6208c6aac580_0;
    %flag_set/vec4 11;
    %flag_get/vec4 11;
    %jmp/0 T_0.19, 11;
    %load/vec4 v0x6208c6aa0790_0;
    %and;
T_0.19;
    %flag_set/vec4 10;
    %flag_get/vec4 10;
    %jmp/0 T_0.18, 10;
    %load/vec4 v0x6208c6aa39c0_0;
    %and;
T_0.18;
    %flag_set/vec4 9;
    %flag_get/vec4 9;
    %jmp/0 T_0.17, 9;
    %load/vec4 v0x6208c6aa0530_0;
    %and;
T_0.17;
    %flag_set/vec4 8;
    %jmp/0xz  T_0.15, 8;
    %pushi/vec4 0, 0, 1;
    %assign/vec4 v0x6208c6aac7c0_0, 0;
T_0.15 ;
T_0.12 ;
    %load/vec4 v0x6208c6aa48e0_0;
    %flag_set/vec4 10;
    %flag_get/vec4 10;
    %jmp/0 T_0.23, 10;
    %load/vec4 v0x6208c6aa1b60_0;
    %and;
T_0.23;
    %flag_set/vec4 9;
    %flag_get/vec4 9;
    %jmp/0 T_0.22, 9;
    %load/vec4 v0x6208c6aa19c0_0;
    %and;
T_0.22;
    %flag_set/vec4 8;
    %jmp/0xz  T_0.20, 8;
    %pushi/vec4 1, 0, 1;
    %assign/vec4 v0x6208c6aac4c0_0, 0;
    %jmp T_0.21;
T_0.20 ;
    %load/vec4 v0x6208c6aa4460_0;
    %flag_set/vec4 10;
    %flag_get/vec4 10;
    %jmp/0 T_0.27, 10;
    %load/vec4 v0x6208c6aa02b0_0;
    %and;
T_0.27;
    %flag_set/vec4 9;
    %flag_get/vec4 9;
    %jmp/0 T_0.26, 9;
    %load/vec4 v0x6208c6aa1d00_0;
    %and;
T_0.26;
    %flag_set/vec4 8;
    %jmp/0xz  T_0.24, 8;
    %pushi/vec4 0, 0, 1;
    %assign/vec4 v0x6208c6aac4c0_0, 0;
T_0.24 ;
T_0.21 ;
    %load/vec4 v0x6208c6aac880_0;
    %flag_set/vec4 10;
    %flag_get/vec4 10;
    %jmp/0 T_0.31, 10;
    %load/vec4 v0x6208c6aa3340_0;
    %and;
T_0.31;
    %flag_set/vec4 9;
    %flag_get/vec4 9;
    %jmp/0 T_0.30, 9;
    %load/vec4 v0x6208c6aa31a0_0;
    %and;
T_0.30;
    %flag_set/vec4 8;
    %jmp/0xz  T_0.28, 8;
    %pushi/vec4 1, 0, 1;
    %assign/vec4 v0x6208c6aac940_0, 0;
    %jmp T_0.29;
T_0.28 ;
    %load/vec4 v0x6208c6aac640_0;
    %flag_set/vec4 10;
    %flag_get/vec4 10;
    %jmp/0 T_0.35, 10;
    %load/vec4 v0x6208c6aa02b0_0;
    %and;
T_0.35;
    %flag_set/vec4 9;
    %flag_get/vec4 9;
    %jmp/0 T_0.34, 9;
    %load/vec4 v0x6208c6aa34e0_0;
    %and;
T_0.34;
    %flag_set/vec4 8;
    %jmp/0xz  T_0.32, 8;
    %pushi/vec4 0, 0, 1;
    %assign/vec4 v0x6208c6aac940_0, 0;
T_0.32 ;
T_0.29 ;
T_0.1 ;
    %jmp T_0;
    .thread T_0;
    .scope S_0x6208c6a58b90;
T_1 ;
    %wait E_0x6208c6a309b0;
    %load/vec4 v0x6208c6a83290_0;
    %nor/r;
    %flag_set/vec4 8;
    %jmp/0xz  T_1.0, 8;
    %pushi/vec4 1, 0, 1;
    %assign/vec4 v0x6208c6aa4460_0, 0;
    %pushi/vec4 0, 0, 1;
    %assign/vec4 v0x6208c6aac640_0, 0;
    %pushi/vec4 1, 0, 1;
    %assign/vec4 v0x6208c6aa43a0_0, 0;
    %pushi/vec4 0, 0, 1;
    %assign/vec4 v0x6208c6aac580_0, 0;
    %jmp T_1.1;
T_1.0 ;
    %load/vec4 v0x6208c6aac4c0_0;
    %flag_set/vec4 8;
    %jmp/0xz  T_1.2, 8;
    %pushi/vec4 1, 0, 1;
    %assign/vec4 v0x6208c6aa4460_0, 0;
    %pushi/vec4 0, 0, 1;
    %assign/vec4 v0x6208c6aac640_0, 0;
    %jmp T_1.3;
T_1.2 ;
    %load/vec4 v0x6208c6aac940_0;
    %flag_set/vec4 8;
    %jmp/0xz  T_1.4, 8;
    %pushi/vec4 0, 0, 1;
    %assign/vec4 v0x6208c6aa4460_0, 0;
    %pushi/vec4 1, 0, 1;
    %assign/vec4 v0x6208c6aac640_0, 0;
    %jmp T_1.5;
T_1.4 ;
    %load/vec4 v0x6208c6aa48e0_0;
    %flag_set/vec4 9;
    %flag_get/vec4 9;
    %jmp/0 T_1.8, 9;
    %load/vec4 v0x6208c6aac880_0;
    %and;
T_1.8;
    %flag_set/vec4 8;
    %jmp/0xz  T_1.6, 8;
    %load/vec4 v0x6208c6aa4460_0;
    %inv;
    %assign/vec4 v0x6208c6aa4460_0, 0;
    %load/vec4 v0x6208c6aac640_0;
    %inv;
    %assign/vec4 v0x6208c6aac640_0, 0;
    %jmp T_1.7;
T_1.6 ;
    %load/vec4 v0x6208c6aa48e0_0;
    %assign/vec4 v0x6208c6aa4460_0, 0;
    %load/vec4 v0x6208c6aa48e0_0;
    %nor/r;
    %flag_set/vec4 8;
    %flag_get/vec4 8;
    %jmp/0 T_1.9, 8;
    %load/vec4 v0x6208c6aac880_0;
    %and;
T_1.9;
    %assign/vec4 v0x6208c6aac640_0, 0;
T_1.7 ;
T_1.5 ;
T_1.3 ;
    %load/vec4 v0x6208c6aa4760_0;
    %flag_set/vec4 8;
    %jmp/0xz  T_1.10, 8;
    %pushi/vec4 1, 0, 1;
    %assign/vec4 v0x6208c6aa43a0_0, 0;
    %pushi/vec4 0, 0, 1;
    %assign/vec4 v0x6208c6aac580_0, 0;
    %jmp T_1.11;
T_1.10 ;
    %load/vec4 v0x6208c6aac7c0_0;
    %flag_set/vec4 8;
    %jmp/0xz  T_1.12, 8;
    %pushi/vec4 0, 0, 1;
    %assign/vec4 v0x6208c6aa43a0_0, 0;
    %pushi/vec4 1, 0, 1;
    %assign/vec4 v0x6208c6aac580_0, 0;
    %jmp T_1.13;
T_1.12 ;
    %load/vec4 v0x6208c6aa45e0_0;
    %flag_set/vec4 9;
    %flag_get/vec4 9;
    %jmp/0 T_1.16, 9;
    %load/vec4 v0x6208c6aac700_0;
    %and;
T_1.16;
    %flag_set/vec4 8;
    %jmp/0xz  T_1.14, 8;
    %load/vec4 v0x6208c6aa43a0_0;
    %inv;
    %assign/vec4 v0x6208c6aa43a0_0, 0;
    %load/vec4 v0x6208c6aac580_0;
    %inv;
    %assign/vec4 v0x6208c6aac580_0, 0;
    %jmp T_1.15;
T_1.14 ;
    %load/vec4 v0x6208c6aa45e0_0;
    %assign/vec4 v0x6208c6aa43a0_0, 0;
    %load/vec4 v0x6208c6aa45e0_0;
    %nor/r;
    %flag_set/vec4 8;
    %flag_get/vec4 8;
    %jmp/0 T_1.17, 8;
    %load/vec4 v0x6208c6aac700_0;
    %and;
T_1.17;
    %assign/vec4 v0x6208c6aac580_0, 0;
T_1.15 ;
T_1.13 ;
T_1.11 ;
T_1.1 ;
    %jmp T_1;
    .thread T_1;
    .scope S_0x6208c6a58b90;
T_2 ;
    %wait E_0x6208c6a319d0;
    %load/vec4 v0x6208c6aa45e0_0;
    %flag_set/vec4 8;
    %jmp/1 T_2.3, 8;
    %load/vec4 v0x6208c6aa4760_0;
    %flag_set/vec4 9;
    %flag_or 8, 9;
T_2.3;
    %jmp/1 T_2.2, 8;
    %load/vec4 v0x6208c6aa43a0_0;
    %flag_set/vec4 9;
    %flag_or 8, 9;
T_2.2;
    %jmp/0xz  T_2.0, 8;
    %vpi_call 2 453 "$display", "[INTERCONNECT %t] S0 Read State: req=%b, active=%b, grant=%b, ARVALID=%b, ARREADY=%b, RVALID=%b, RREADY=%b, RLAST=%b", $time, v0x6208c6aa45e0_0, v0x6208c6aa4760_0, v0x6208c6aa43a0_0, v0x6208c6aa1580_0, v0x6208c6aa13e0_0, v0x6208c6aa0790_0, v0x6208c6aa21e0_0, v0x6208c6aa0530_0 {0 0 0};
T_2.0 ;
    %jmp T_2;
    .thread T_2;
# The file index is used to find the file name in the following table.
:file_names 3;
    "N/A";
    "<interactive>";
    "axi4_interconnect.v";
