#! /usr/local/bin/vvp
:ivl_version "13.0 (devel)" "(s20221226-554-g25a84d5cf)";
:ivl_delay_selection "TYPICAL";
:vpi_time_precision + 0;
:vpi_module "/usr/local/lib/ivl/system.vpi";
:vpi_module "/usr/local/lib/ivl/vhdl_sys.vpi";
:vpi_module "/usr/local/lib/ivl/vhdl_textio.vpi";
:vpi_module "/usr/local/lib/ivl/v2005_math.vpi";
:vpi_module "/usr/local/lib/ivl/va_math.vpi";
S_0x5a8e27697e10 .scope module, "dram_controller" "dram_controller" 2 1;
 .timescale 0 0;
    .port_info 0 /INPUT 1 "clk";
    .port_info 1 /INPUT 1 "rst_n";
    .port_info 2 /INPUT 4 "M2_AXI4_AWID";
    .port_info 3 /INPUT 32 "M2_AXI4_AWADDR";
    .port_info 4 /INPUT 8 "M2_AXI4_AWLEN";
    .port_info 5 /INPUT 3 "M2_AXI4_AWSIZE";
    .port_info 6 /INPUT 2 "M2_AXI4_AWBURST";
    .port_info 7 /INPUT 1 "M2_AXI4_AWVALID";
    .port_info 8 /OUTPUT 1 "M2_AXI4_AWREADY";
    .port_info 9 /INPUT 32 "M2_AXI4_WDATA";
    .port_info 10 /INPUT 4 "M2_AXI4_WSTRB";
    .port_info 11 /INPUT 1 "M2_AXI4_WLAST";
    .port_info 12 /INPUT 1 "M2_AXI4_WVALID";
    .port_info 13 /OUTPUT 1 "M2_AXI4_WREADY";
    .port_info 14 /OUTPUT 4 "M2_AXI4_BID";
    .port_info 15 /OUTPUT 2 "M2_AXI4_BRESP";
    .port_info 16 /OUTPUT 1 "M2_AXI4_BVALID";
    .port_info 17 /INPUT 1 "M2_AXI4_BREADY";
    .port_info 18 /INPUT 4 "M2_AXI4_ARID";
    .port_info 19 /INPUT 32 "M2_AXI4_ARADDR";
    .port_info 20 /INPUT 8 "M2_AXI4_ARLEN";
    .port_info 21 /INPUT 3 "M2_AXI4_ARSIZE";
    .port_info 22 /INPUT 2 "M2_AXI4_ARBURST";
    .port_info 23 /INPUT 1 "M2_AXI4_ARVALID";
    .port_info 24 /OUTPUT 1 "M2_AXI4_ARREADY";
    .port_info 25 /OUTPUT 4 "M2_AXI4_RID";
    .port_info 26 /OUTPUT 32 "M2_AXI4_RDATA";
    .port_info 27 /OUTPUT 2 "M2_AXI4_RRESP";
    .port_info 28 /OUTPUT 1 "M2_AXI4_RLAST";
    .port_info 29 /OUTPUT 1 "M2_AXI4_RVALID";
    .port_info 30 /INPUT 1 "M2_AXI4_RREADY";
    .port_info 31 /OUTPUT 1 "dram_ck";
    .port_info 32 /OUTPUT 1 "dram_cs";
    .port_info 33 /OUTPUT 1 "dram_we";
    .port_info 34 /OUTPUT 1 "dram_ras";
    .port_info 35 /OUTPUT 1 "dram_cas";
    .port_info 36 /OUTPUT 14 "dram_addr";
    .port_info 37 /OUTPUT 3 "dram_ba";
    .port_info 38 /INOUT 32 "dram_dq";
    .port_info 39 /OUTPUT 4 "dram_dm";
    .port_info 40 /OUTPUT 1 "dram_dqs";
P_0x5a8e27697fa0 .param/l "ADDR_PHASE" 1 2 71, C4<001>;
P_0x5a8e27697fe0 .param/l "ADDR_WIDTH" 0 2 3, +C4<00000000000000000000000000100000>;
P_0x5a8e27698020 .param/l "AXI4_ID_WIDTH" 0 2 2, +C4<00000000000000000000000000000100>;
P_0x5a8e27698060 .param/l "DATA_PHASE" 1 2 72, C4<010>;
P_0x5a8e276980a0 .param/l "DATA_WIDTH" 0 2 4, +C4<00000000000000000000000000100000>;
P_0x5a8e276980e0 .param/l "IDLE" 1 2 70, C4<000>;
P_0x5a8e27698120 .param/l "RESP_PHASE" 1 2 74, C4<100>;
P_0x5a8e27698160 .param/l "WAIT" 1 2 73, C4<011>;
o0x756821696018 .functor BUFZ 32, c4<zzzzzzzzzzzzzzzzzzzzzzzzzzzzzzzz>; HiZ drive
v0x5a8e276c9140_0 .net "M2_AXI4_ARADDR", 31 0, o0x756821696018;  0 drivers
o0x756821696048 .functor BUFZ 2, c4<zz>; HiZ drive
v0x5a8e276c91e0_0 .net "M2_AXI4_ARBURST", 1 0, o0x756821696048;  0 drivers
o0x756821696078 .functor BUFZ 4, c4<zzzz>; HiZ drive
v0x5a8e276cc530_0 .net "M2_AXI4_ARID", 3 0, o0x756821696078;  0 drivers
o0x7568216960a8 .functor BUFZ 8, c4<zzzzzzzz>; HiZ drive
v0x5a8e276cc5d0_0 .net "M2_AXI4_ARLEN", 7 0, o0x7568216960a8;  0 drivers
v0x5a8e27699270_0 .net "M2_AXI4_ARREADY", 0 0, L_0x5a8e2770fbe0;  1 drivers
o0x756821696108 .functor BUFZ 3, c4<zzz>; HiZ drive
v0x5a8e2770c6b0_0 .net "M2_AXI4_ARSIZE", 2 0, o0x756821696108;  0 drivers
o0x756821696138 .functor BUFZ 1, c4<z>; HiZ drive
v0x5a8e2770c790_0 .net "M2_AXI4_ARVALID", 0 0, o0x756821696138;  0 drivers
o0x756821696168 .functor BUFZ 32, c4<zzzzzzzzzzzzzzzzzzzzzzzzzzzzzzzz>; HiZ drive
v0x5a8e2770c850_0 .net "M2_AXI4_AWADDR", 31 0, o0x756821696168;  0 drivers
o0x756821696198 .functor BUFZ 2, c4<zz>; HiZ drive
v0x5a8e2770c930_0 .net "M2_AXI4_AWBURST", 1 0, o0x756821696198;  0 drivers
o0x7568216961c8 .functor BUFZ 4, c4<zzzz>; HiZ drive
v0x5a8e2770ca10_0 .net "M2_AXI4_AWID", 3 0, o0x7568216961c8;  0 drivers
o0x7568216961f8 .functor BUFZ 8, c4<zzzzzzzz>; HiZ drive
v0x5a8e2770caf0_0 .net "M2_AXI4_AWLEN", 7 0, o0x7568216961f8;  0 drivers
v0x5a8e2770cbd0_0 .var "M2_AXI4_AWREADY", 0 0;
o0x756821696258 .functor BUFZ 3, c4<zzz>; HiZ drive
v0x5a8e2770cc90_0 .net "M2_AXI4_AWSIZE", 2 0, o0x756821696258;  0 drivers
o0x756821696288 .functor BUFZ 1, c4<z>; HiZ drive
v0x5a8e2770cd70_0 .net "M2_AXI4_AWVALID", 0 0, o0x756821696288;  0 drivers
v0x5a8e2770ce30_0 .var "M2_AXI4_BID", 3 0;
o0x7568216962e8 .functor BUFZ 1, c4<z>; HiZ drive
v0x5a8e2770cf10_0 .net "M2_AXI4_BREADY", 0 0, o0x7568216962e8;  0 drivers
v0x5a8e2770cfd0_0 .var "M2_AXI4_BRESP", 1 0;
v0x5a8e2770d1c0_0 .var "M2_AXI4_BVALID", 0 0;
v0x5a8e2770d280_0 .var "M2_AXI4_RDATA", 31 0;
v0x5a8e2770d360_0 .var "M2_AXI4_RID", 3 0;
v0x5a8e2770d440_0 .var "M2_AXI4_RLAST", 0 0;
o0x756821696408 .functor BUFZ 1, c4<z>; HiZ drive
v0x5a8e2770d500_0 .net "M2_AXI4_RREADY", 0 0, o0x756821696408;  0 drivers
v0x5a8e2770d5c0_0 .var "M2_AXI4_RRESP", 1 0;
v0x5a8e2770d6a0_0 .var "M2_AXI4_RVALID", 0 0;
o0x756821696498 .functor BUFZ 32, c4<zzzzzzzzzzzzzzzzzzzzzzzzzzzzzzzz>; HiZ drive
v0x5a8e2770d760_0 .net "M2_AXI4_WDATA", 31 0, o0x756821696498;  0 drivers
o0x7568216964c8 .functor BUFZ 1, c4<z>; HiZ drive
v0x5a8e2770d840_0 .net "M2_AXI4_WLAST", 0 0, o0x7568216964c8;  0 drivers
v0x5a8e2770d900_0 .var "M2_AXI4_WREADY", 0 0;
o0x756821696528 .functor BUFZ 4, c4<zzzz>; HiZ drive
v0x5a8e2770d9c0_0 .net "M2_AXI4_WSTRB", 3 0, o0x756821696528;  0 drivers
o0x756821696558 .functor BUFZ 1, c4<z>; HiZ drive
v0x5a8e2770daa0_0 .net "M2_AXI4_WVALID", 0 0, o0x756821696558;  0 drivers
L_0x75682164d018 .functor BUFT 1, C4<000>, C4<0>, C4<0>, C4<0>;
v0x5a8e2770db60_0 .net/2u *"_ivl_0", 2 0, L_0x75682164d018;  1 drivers
o0x7568216965b8 .functor BUFZ 32, c4<zzzzzzzzzzzzzzzzzzzzzzzzzzzzzzzz>; HiZ drive
; Elide local net with no drivers, v0x5a8e2770dc40_0 name=_ivl_4
o0x7568216965e8 .functor BUFZ 1, c4<z>; HiZ drive
v0x5a8e2770dd20_0 .net "clk", 0 0, o0x7568216965e8;  0 drivers
v0x5a8e2770dde0_0 .var "dram_addr", 13 0;
v0x5a8e2770e0d0_0 .var "dram_ba", 2 0;
v0x5a8e2770e1b0_0 .var "dram_cas", 0 0;
v0x5a8e2770e270_0 .var "dram_ck", 0 0;
v0x5a8e2770e330_0 .var "dram_cs", 0 0;
v0x5a8e2770e3f0_0 .var "dram_data_oe", 0 0;
v0x5a8e2770e4b0_0 .var "dram_data_out", 31 0;
v0x5a8e2770e590_0 .var "dram_dm", 3 0;
v0x5a8e2770e670_0 .net "dram_dq", 31 0, L_0x5a8e2770fcb0;  1 drivers
v0x5a8e2770e750_0 .var "dram_dqs", 0 0;
v0x5a8e2770e810_0 .var "dram_ras", 0 0;
v0x5a8e2770e8d0_0 .var "dram_we", 0 0;
v0x5a8e2770e990_0 .var "executed_status", 0 0;
v0x5a8e2770ea50_0 .var "read_addr", 31 0;
v0x5a8e2770eb30_0 .var "read_count", 7 0;
v0x5a8e2770ec10_0 .var "read_data_reg", 31 0;
v0x5a8e2770ecf0_0 .var "read_data_valid", 0 0;
v0x5a8e2770edb0_0 .var "read_id", 3 0;
v0x5a8e2770ee90_0 .var "read_len", 7 0;
v0x5a8e2770ef70_0 .var "read_state", 2 0;
o0x7568216969d8 .functor BUFZ 1, c4<z>; HiZ drive
v0x5a8e2770f050_0 .net "rst_n", 0 0, o0x7568216969d8;  0 drivers
v0x5a8e2770f110_0 .var "write_addr", 31 0;
v0x5a8e2770f1f0_0 .var "write_count", 7 0;
v0x5a8e2770f2d0_0 .var "write_id", 3 0;
v0x5a8e2770f3b0_0 .var "write_len", 7 0;
v0x5a8e2770f490_0 .var "write_state", 2 0;
E_0x5a8e276da6a0/0 .event negedge, v0x5a8e2770f050_0;
E_0x5a8e276da6a0/1 .event posedge, v0x5a8e2770dd20_0;
E_0x5a8e276da6a0 .event/or E_0x5a8e276da6a0/0, E_0x5a8e276da6a0/1;
L_0x5a8e2770fbe0 .cmp/eq 3, v0x5a8e2770ef70_0, L_0x75682164d018;
L_0x5a8e2770fcb0 .functor MUXZ 32, o0x7568216965b8, v0x5a8e2770e4b0_0, v0x5a8e2770e3f0_0, C4<>;
    .scope S_0x5a8e27697e10;
T_0 ;
    %pushi/vec4 0, 0, 1;
    %store/vec4 v0x5a8e2770e990_0, 0, 1;
    %end;
    .thread T_0;
    .scope S_0x5a8e27697e10;
T_1 ;
    %wait E_0x5a8e276da6a0;
    %load/vec4 v0x5a8e2770f050_0;
    %nor/r;
    %flag_set/vec4 8;
    %jmp/0xz  T_1.0, 8;
    %pushi/vec4 0, 0, 3;
    %assign/vec4 v0x5a8e2770f490_0, 0;
    %pushi/vec4 0, 0, 1;
    %assign/vec4 v0x5a8e2770cbd0_0, 0;
    %pushi/vec4 0, 0, 1;
    %assign/vec4 v0x5a8e2770d900_0, 0;
    %pushi/vec4 0, 0, 1;
    %assign/vec4 v0x5a8e2770d1c0_0, 0;
    %pushi/vec4 0, 0, 2;
    %assign/vec4 v0x5a8e2770cfd0_0, 0;
    %pushi/vec4 0, 0, 8;
    %assign/vec4 v0x5a8e2770f1f0_0, 0;
    %pushi/vec4 0, 0, 1;
    %assign/vec4 v0x5a8e2770e3f0_0, 0;
    %pushi/vec4 1, 0, 1;
    %assign/vec4 v0x5a8e2770e330_0, 0;
    %pushi/vec4 1, 0, 1;
    %assign/vec4 v0x5a8e2770e8d0_0, 0;
    %pushi/vec4 1, 0, 1;
    %assign/vec4 v0x5a8e2770e810_0, 0;
    %pushi/vec4 1, 0, 1;
    %assign/vec4 v0x5a8e2770e1b0_0, 0;
    %pushi/vec4 0, 0, 14;
    %assign/vec4 v0x5a8e2770dde0_0, 0;
    %pushi/vec4 0, 0, 3;
    %assign/vec4 v0x5a8e2770e0d0_0, 0;
    %jmp T_1.1;
T_1.0 ;
    %load/vec4 v0x5a8e2770f490_0;
    %dup/vec4;
    %pushi/vec4 0, 0, 3;
    %cmp/u;
    %jmp/1 T_1.2, 6;
    %dup/vec4;
    %pushi/vec4 2, 0, 3;
    %cmp/u;
    %jmp/1 T_1.3, 6;
    %dup/vec4;
    %pushi/vec4 3, 0, 3;
    %cmp/u;
    %jmp/1 T_1.4, 6;
    %dup/vec4;
    %pushi/vec4 4, 0, 3;
    %cmp/u;
    %jmp/1 T_1.5, 6;
    %jmp T_1.6;
T_1.2 ;
    %pushi/vec4 1, 0, 1;
    %assign/vec4 v0x5a8e2770cbd0_0, 0;
    %pushi/vec4 0, 0, 1;
    %assign/vec4 v0x5a8e2770e330_0, 0;
    %pushi/vec4 0, 0, 1;
    %assign/vec4 v0x5a8e2770e3f0_0, 0;
    %load/vec4 v0x5a8e2770cd70_0;
    %flag_set/vec4 9;
    %flag_get/vec4 9;
    %jmp/0 T_1.9, 9;
    %load/vec4 v0x5a8e2770cbd0_0;
    %and;
T_1.9;
    %flag_set/vec4 8;
    %jmp/0xz  T_1.7, 8;
    %load/vec4 v0x5a8e2770ca10_0;
    %assign/vec4 v0x5a8e2770f2d0_0, 0;
    %load/vec4 v0x5a8e2770c850_0;
    %assign/vec4 v0x5a8e2770f110_0, 0;
    %load/vec4 v0x5a8e2770caf0_0;
    %assign/vec4 v0x5a8e2770f3b0_0, 0;
    %pushi/vec4 0, 0, 8;
    %assign/vec4 v0x5a8e2770f1f0_0, 0;
    %pushi/vec4 2, 0, 3;
    %assign/vec4 v0x5a8e2770f490_0, 0;
    %pushi/vec4 0, 0, 1;
    %assign/vec4 v0x5a8e2770cbd0_0, 0;
    %pushi/vec4 1, 0, 1;
    %assign/vec4 v0x5a8e2770d900_0, 0;
T_1.7 ;
    %jmp T_1.6;
T_1.3 ;
    %load/vec4 v0x5a8e2770d900_0;
    %flag_set/vec4 8;
    %jmp/0xz  T_1.10, 8;
    %pushi/vec4 0, 0, 1;
    %assign/vec4 v0x5a8e2770e330_0, 0;
    %pushi/vec4 0, 0, 1;
    %assign/vec4 v0x5a8e2770e8d0_0, 0;
    %pushi/vec4 0, 0, 1;
    %assign/vec4 v0x5a8e2770e810_0, 0;
    %pushi/vec4 0, 0, 1;
    %assign/vec4 v0x5a8e2770e1b0_0, 0;
    %pushi/vec4 1, 0, 1;
    %assign/vec4 v0x5a8e2770e990_0, 0;
    %load/vec4 v0x5a8e2770f110_0;
    %parti/s 14, 2, 3;
    %assign/vec4 v0x5a8e2770dde0_0, 0;
    %pushi/vec4 0, 0, 3;
    %assign/vec4 v0x5a8e2770e0d0_0, 0;
    %load/vec4 v0x5a8e2770d760_0;
    %assign/vec4 v0x5a8e2770e4b0_0, 0;
    %pushi/vec4 1, 0, 1;
    %assign/vec4 v0x5a8e2770e3f0_0, 0;
    %load/vec4 v0x5a8e2770d9c0_0;
    %inv;
    %assign/vec4 v0x5a8e2770e590_0, 0;
    %load/vec4 v0x5a8e2770f1f0_0;
    %addi 1, 0, 8;
    %assign/vec4 v0x5a8e2770f1f0_0, 0;
    %load/vec4 v0x5a8e2770f110_0;
    %addi 4, 0, 32;
    %assign/vec4 v0x5a8e2770f110_0, 0;
    %load/vec4 v0x5a8e2770d840_0;
    %flag_set/vec4 8;
    %jmp/0xz  T_1.12, 8;
    %pushi/vec4 3, 0, 3;
    %assign/vec4 v0x5a8e2770f490_0, 0;
T_1.12 ;
T_1.10 ;
    %jmp T_1.6;
T_1.4 ;
    %load/vec4 v0x5a8e2770e990_0;
    %nor/r;
    %flag_set/vec4 8;
    %jmp/0xz  T_1.14, 8;
    %pushi/vec4 4, 0, 3;
    %assign/vec4 v0x5a8e2770f490_0, 0;
    %pushi/vec4 0, 0, 1;
    %assign/vec4 v0x5a8e2770d900_0, 0;
    %jmp T_1.15;
T_1.14 ;
    %pushi/vec4 0, 0, 1;
    %assign/vec4 v0x5a8e2770e330_0, 0;
T_1.15 ;
    %jmp T_1.6;
T_1.5 ;
    %pushi/vec4 1, 0, 1;
    %assign/vec4 v0x5a8e2770e330_0, 0;
    %pushi/vec4 0, 0, 1;
    %assign/vec4 v0x5a8e2770e3f0_0, 0;
    %pushi/vec4 1, 0, 1;
    %assign/vec4 v0x5a8e2770e8d0_0, 0;
    %load/vec4 v0x5a8e2770f2d0_0;
    %assign/vec4 v0x5a8e2770ce30_0, 0;
    %pushi/vec4 0, 0, 2;
    %assign/vec4 v0x5a8e2770cfd0_0, 0;
    %pushi/vec4 1, 0, 1;
    %assign/vec4 v0x5a8e2770d1c0_0, 0;
    %load/vec4 v0x5a8e2770cf10_0;
    %flag_set/vec4 9;
    %flag_get/vec4 9;
    %jmp/0 T_1.18, 9;
    %load/vec4 v0x5a8e2770d1c0_0;
    %and;
T_1.18;
    %flag_set/vec4 8;
    %jmp/0xz  T_1.16, 8;
    %pushi/vec4 0, 0, 1;
    %assign/vec4 v0x5a8e2770d1c0_0, 0;
    %pushi/vec4 0, 0, 3;
    %assign/vec4 v0x5a8e2770f490_0, 0;
T_1.16 ;
    %jmp T_1.6;
T_1.6 ;
    %pop/vec4 1;
T_1.1 ;
    %jmp T_1;
    .thread T_1;
    .scope S_0x5a8e27697e10;
T_2 ;
    %wait E_0x5a8e276da6a0;
    %load/vec4 v0x5a8e2770f050_0;
    %nor/r;
    %flag_set/vec4 8;
    %jmp/0xz  T_2.0, 8;
    %pushi/vec4 0, 0, 3;
    %assign/vec4 v0x5a8e2770ef70_0, 0;
    %pushi/vec4 0, 0, 1;
    %assign/vec4 v0x5a8e2770d6a0_0, 0;
    %pushi/vec4 0, 0, 2;
    %assign/vec4 v0x5a8e2770d5c0_0, 0;
    %pushi/vec4 0, 0, 1;
    %assign/vec4 v0x5a8e2770d440_0, 0;
    %pushi/vec4 0, 0, 8;
    %assign/vec4 v0x5a8e2770eb30_0, 0;
    %pushi/vec4 0, 0, 1;
    %assign/vec4 v0x5a8e2770ecf0_0, 0;
    %jmp T_2.1;
T_2.0 ;
    %load/vec4 v0x5a8e2770ef70_0;
    %dup/vec4;
    %pushi/vec4 0, 0, 3;
    %cmp/u;
    %jmp/1 T_2.2, 6;
    %dup/vec4;
    %pushi/vec4 1, 0, 3;
    %cmp/u;
    %jmp/1 T_2.3, 6;
    %dup/vec4;
    %pushi/vec4 2, 0, 3;
    %cmp/u;
    %jmp/1 T_2.4, 6;
    %jmp T_2.5;
T_2.2 ;
    %pushi/vec4 0, 0, 1;
    %assign/vec4 v0x5a8e2770d6a0_0, 0;
    %load/vec4 v0x5a8e2770c790_0;
    %flag_set/vec4 8;
    %jmp/0xz  T_2.6, 8;
    %load/vec4 v0x5a8e276cc530_0;
    %assign/vec4 v0x5a8e2770edb0_0, 0;
    %load/vec4 v0x5a8e276c9140_0;
    %assign/vec4 v0x5a8e2770ea50_0, 0;
    %load/vec4 v0x5a8e276cc5d0_0;
    %assign/vec4 v0x5a8e2770ee90_0, 0;
    %pushi/vec4 0, 0, 8;
    %assign/vec4 v0x5a8e2770eb30_0, 0;
    %pushi/vec4 1, 0, 3;
    %assign/vec4 v0x5a8e2770ef70_0, 0;
T_2.6 ;
    %jmp T_2.5;
T_2.3 ;
    %pushi/vec4 0, 0, 1;
    %assign/vec4 v0x5a8e2770e330_0, 0;
    %pushi/vec4 1, 0, 1;
    %assign/vec4 v0x5a8e2770e8d0_0, 0;
    %pushi/vec4 0, 0, 1;
    %assign/vec4 v0x5a8e2770e810_0, 0;
    %pushi/vec4 0, 0, 1;
    %assign/vec4 v0x5a8e2770e1b0_0, 0;
    %load/vec4 v0x5a8e2770ea50_0;
    %parti/s 14, 2, 3;
    %assign/vec4 v0x5a8e2770dde0_0, 0;
    %pushi/vec4 0, 0, 3;
    %assign/vec4 v0x5a8e2770e0d0_0, 0;
    %pushi/vec4 0, 0, 1;
    %assign/vec4 v0x5a8e2770e3f0_0, 0;
    %pushi/vec4 2, 0, 3;
    %assign/vec4 v0x5a8e2770ef70_0, 0;
    %jmp T_2.5;
T_2.4 ;
    %load/vec4 v0x5a8e2770ecf0_0;
    %nor/r;
    %flag_set/vec4 8;
    %jmp/0xz  T_2.8, 8;
    %load/vec4 v0x5a8e2770e670_0;
    %assign/vec4 v0x5a8e2770ec10_0, 0;
    %pushi/vec4 1, 0, 1;
    %assign/vec4 v0x5a8e2770ecf0_0, 0;
    %pushi/vec4 1, 0, 1;
    %assign/vec4 v0x5a8e2770e330_0, 0;
    %jmp T_2.9;
T_2.8 ;
    %load/vec4 v0x5a8e2770edb0_0;
    %assign/vec4 v0x5a8e2770d360_0, 0;
    %load/vec4 v0x5a8e2770ec10_0;
    %assign/vec4 v0x5a8e2770d280_0, 0;
    %pushi/vec4 0, 0, 2;
    %assign/vec4 v0x5a8e2770d5c0_0, 0;
    %pushi/vec4 1, 0, 1;
    %assign/vec4 v0x5a8e2770d6a0_0, 0;
    %load/vec4 v0x5a8e2770eb30_0;
    %load/vec4 v0x5a8e2770ee90_0;
    %cmp/e;
    %flag_get/vec4 4;
    %assign/vec4 v0x5a8e2770d440_0, 0;
    %load/vec4 v0x5a8e2770d500_0;
    %flag_set/vec4 9;
    %flag_get/vec4 9;
    %jmp/0 T_2.12, 9;
    %load/vec4 v0x5a8e2770d6a0_0;
    %and;
T_2.12;
    %flag_set/vec4 8;
    %jmp/0xz  T_2.10, 8;
    %load/vec4 v0x5a8e2770eb30_0;
    %addi 1, 0, 8;
    %assign/vec4 v0x5a8e2770eb30_0, 0;
    %load/vec4 v0x5a8e2770ea50_0;
    %addi 4, 0, 32;
    %assign/vec4 v0x5a8e2770ea50_0, 0;
    %pushi/vec4 0, 0, 1;
    %assign/vec4 v0x5a8e2770ecf0_0, 0;
    %load/vec4 v0x5a8e2770d440_0;
    %flag_set/vec4 8;
    %jmp/0xz  T_2.13, 8;
    %pushi/vec4 0, 0, 3;
    %assign/vec4 v0x5a8e2770ef70_0, 0;
    %pushi/vec4 0, 0, 1;
    %assign/vec4 v0x5a8e2770d6a0_0, 0;
    %pushi/vec4 0, 0, 1;
    %assign/vec4 v0x5a8e2770d440_0, 0;
    %jmp T_2.14;
T_2.13 ;
    %pushi/vec4 1, 0, 3;
    %assign/vec4 v0x5a8e2770ef70_0, 0;
T_2.14 ;
T_2.10 ;
T_2.9 ;
    %jmp T_2.5;
T_2.5 ;
    %pop/vec4 1;
T_2.1 ;
    %jmp T_2;
    .thread T_2;
    .scope S_0x5a8e27697e10;
T_3 ;
    %wait E_0x5a8e276da6a0;
    %load/vec4 v0x5a8e2770f050_0;
    %nor/r;
    %flag_set/vec4 8;
    %jmp/0xz  T_3.0, 8;
    %pushi/vec4 0, 0, 1;
    %assign/vec4 v0x5a8e2770e270_0, 0;
    %jmp T_3.1;
T_3.0 ;
    %load/vec4 v0x5a8e2770e270_0;
    %cmpi/e 1, 0, 1;
    %jmp/0xz  T_3.2, 4;
    %pushi/vec4 0, 0, 1;
    %assign/vec4 v0x5a8e2770e990_0, 0;
T_3.2 ;
    %load/vec4 v0x5a8e2770e270_0;
    %inv;
    %assign/vec4 v0x5a8e2770e270_0, 0;
T_3.1 ;
    %jmp T_3;
    .thread T_3;
# The file index is used to find the file name in the following table.
:file_names 3;
    "N/A";
    "<interactive>";
    "dram_controller.v";
