#! /usr/local/bin/vvp
:ivl_version "13.0 (devel)" "(s20221226-554-g25a84d5cf)";
:ivl_delay_selection "TYPICAL";
:vpi_time_precision + 0;
:vpi_module "/usr/local/lib/ivl/system.vpi";
:vpi_module "/usr/local/lib/ivl/vhdl_sys.vpi";
:vpi_module "/usr/local/lib/ivl/vhdl_textio.vpi";
:vpi_module "/usr/local/lib/ivl/v2005_math.vpi";
:vpi_module "/usr/local/lib/ivl/va_math.vpi";
S_0x645cedc0e250 .scope module, "ramlpddr4_dummy" "ramlpddr4_dummy" 2 1;
 .timescale 0 0;
    .port_info 0 /INPUT 1 "ck_t";
    .port_info 1 /INPUT 1 "ck_c";
    .port_info 2 /INPUT 1 "cke";
    .port_info 3 /INPUT 1 "reset_n";
    .port_info 4 /INPUT 1 "cs_n";
    .port_info 5 /INPUT 6 "ca";
    .port_info 6 /INOUT 32 "dq";
    .port_info 7 /INOUT 4 "dqs_t";
    .port_info 8 /INOUT 4 "dqs_c";
P_0x645cedc0e8e0 .param/l "ADDR_WIDTH" 1 2 34, +C4<00000000000000000000000000001110>;
P_0x645cedc0e920 .param/l "BL" 1 2 69, +C4<00000000000000000000000000010000>;
P_0x645cedc0e960 .param/l "CAPACITY_GB" 0 2 2, +C4<00000000000000000000000000000100>;
P_0x645cedc0e9a0 .param/l "CL" 1 2 68, +C4<00000000000000000000000000001000>;
P_0x645cedc0e9e0 .param/l "CMD_ACTIVATE" 1 2 26, C4<010000>;
P_0x645cedc0ea20 .param/l "CMD_MRR" 1 2 23, C4<000010>;
P_0x645cedc0ea60 .param/l "CMD_MRW" 1 2 22, C4<000001>;
P_0x645cedc0eaa0 .param/l "CMD_NOP" 1 2 29, C4<000000>;
P_0x645cedc0eae0 .param/l "CMD_PRECHARGE" 1 2 25, C4<001000>;
P_0x645cedc0eb20 .param/l "CMD_READ" 1 2 28, C4<100001>;
P_0x645cedc0eb60 .param/l "CMD_REFRESH" 1 2 24, C4<000100>;
P_0x645cedc0eba0 .param/l "CMD_WRITE" 1 2 27, C4<100000>;
P_0x645cedc0ebe0 .param/l "MEM_SIZE" 1 2 31, +C4<0000000000000000000000000000000000000000000000000100000000000000>;
P_0x645cedc0ec20 .param/l "SIM_SIZE_KB" 0 2 3, +C4<00000000000000000000000001000000>;
P_0x645cedc0ec60 .param/l "tCK" 1 2 66, +C4<00000000000000000000000000000001>;
P_0x645cedc0eca0 .param/l "tRCD" 1 2 67, +C4<00000000000000000000000000000110>;
o0x7c446e8a22b8 .functor BUFZ 1, c4<z>; HiZ drive
L_0x645cedc46dd0 .functor BUFZ 1, o0x7c446e8a22b8, C4<0>, C4<0>, C4<0>;
L_0x645cedc574d0 .functor NOT 4, v0x645cedc46390_0, C4<0000>, C4<0000>, C4<0000>;
o0x7c446e8a22e8 .functor BUFZ 1, c4<z>; HiZ drive
L_0x645cedc577b0 .functor AND 1, L_0x645cedc57710, o0x7c446e8a22e8, C4<1>, C4<1>;
L_0x7c446e859060 .functor BUFT 1, C4<0000>, C4<0>, C4<0>, C4<0>;
v0x645cedc04ab0_0 .net/2u *"_ivl_10", 3 0, L_0x7c446e859060;  1 drivers
v0x645cedc038b0_0 .net *"_ivl_12", 0 0, L_0x645cedc57060;  1 drivers
o0x7c446e8a2078 .functor BUFZ 4, c4<zzzz>; HiZ drive
; Elide local net with no drivers, v0x645cedc02920_0 name=_ivl_14
L_0x7c446e8590a8 .functor BUFT 1, C4<0000>, C4<0>, C4<0>, C4<0>;
v0x645cedc44e80_0 .net/2u *"_ivl_18", 3 0, L_0x7c446e8590a8;  1 drivers
L_0x7c446e859018 .functor BUFT 1, C4<00000000000000000000000000000000>, C4<0>, C4<0>, C4<0>;
v0x645cedc44f60_0 .net/2u *"_ivl_2", 31 0, L_0x7c446e859018;  1 drivers
v0x645cedc45090_0 .net *"_ivl_20", 0 0, L_0x645cedc57360;  1 drivers
v0x645cedc45150_0 .net *"_ivl_22", 3 0, L_0x645cedc574d0;  1 drivers
o0x7c446e8a2168 .functor BUFZ 4, c4<zzzz>; HiZ drive
; Elide local net with no drivers, v0x645cedc45230_0 name=_ivl_24
v0x645cedc45310_0 .net *"_ivl_29", 0 0, L_0x645cedc57710;  1 drivers
v0x645cedc453d0_0 .net *"_ivl_4", 0 0, L_0x645cedc56e70;  1 drivers
o0x7c446e8a21f8 .functor BUFZ 32, c4<zzzzzzzzzzzzzzzzzzzzzzzzzzzzzzzz>; HiZ drive
; Elide local net with no drivers, v0x645cedc45490_0 name=_ivl_6
v0x645cedc45570_0 .var "burst_count", 7 0;
o0x7c446e8a2258 .functor BUFZ 6, c4<zzzzzz>; HiZ drive
v0x645cedc45650_0 .net "ca", 5 0, o0x7c446e8a2258;  0 drivers
o0x7c446e8a2288 .functor BUFZ 1, c4<z>; HiZ drive
v0x645cedc45730_0 .net "ck_c", 0 0, o0x7c446e8a2288;  0 drivers
v0x645cedc457f0_0 .net "ck_t", 0 0, o0x7c446e8a22b8;  0 drivers
v0x645cedc458b0_0 .net "cke", 0 0, o0x7c446e8a22e8;  0 drivers
v0x645cedc45970_0 .net "clk", 0 0, L_0x645cedc46dd0;  1 drivers
v0x645cedc45a30_0 .var "cmd_counter", 7 0;
v0x645cedc45b10_0 .net "command_valid", 0 0, L_0x645cedc577b0;  1 drivers
o0x7c446e8a23a8 .functor BUFZ 1, c4<z>; HiZ drive
v0x645cedc45bd0_0 .net "cs_n", 0 0, o0x7c446e8a23a8;  0 drivers
v0x645cedc45c90_0 .var "current_bank", 4 0;
v0x645cedc45d70_0 .var "current_col", 15 0;
v0x645cedc45e50_0 .var "current_row", 15 0;
v0x645cedc45f30_0 .net "dq", 31 0, L_0x645cedc56f10;  1 drivers
v0x645cedc46010_0 .var "dq_oe", 31 0;
v0x645cedc460f0_0 .var "dq_out", 31 0;
v0x645cedc461d0_0 .net "dqs_c", 3 0, L_0x645cedc57590;  1 drivers
v0x645cedc462b0_0 .var "dqs_oe", 3 0;
v0x645cedc46390_0 .var "dqs_out", 3 0;
v0x645cedc46470_0 .net "dqs_t", 3 0, L_0x645cedc571b0;  1 drivers
v0x645cedc46550_0 .var "expected_burst", 7 0;
v0x645cedc46630_0 .var/i "i", 31 0;
v0x645cedc46710_0 .var "init_counter", 15 0;
v0x645cedc467f0_0 .var "initialized", 0 0;
v0x645cedc468b0_0 .var "last_command", 5 0;
v0x645cedc46990_0 .var "mem_addr", 13 0;
v0x645cedc46a70 .array "memory", 16383 0, 31 0;
o0x7c446e8a26d8 .functor BUFZ 1, c4<z>; HiZ drive
v0x645cedc46b30_0 .net "reset_n", 0 0, o0x7c446e8a26d8;  0 drivers
v0x645cedc46bf0_0 .var "row_active", 0 0;
E_0x645cedc13550/0 .event negedge, v0x645cedc46b30_0;
E_0x645cedc13550/1 .event posedge, v0x645cedc45970_0;
E_0x645cedc13550 .event/or E_0x645cedc13550/0, E_0x645cedc13550/1;
L_0x645cedc56e70 .cmp/ne 32, v0x645cedc46010_0, L_0x7c446e859018;
L_0x645cedc56f10 .functor MUXZ 32, o0x7c446e8a21f8, v0x645cedc460f0_0, L_0x645cedc56e70, C4<>;
L_0x645cedc57060 .cmp/ne 4, v0x645cedc462b0_0, L_0x7c446e859060;
L_0x645cedc571b0 .functor MUXZ 4, o0x7c446e8a2078, v0x645cedc46390_0, L_0x645cedc57060, C4<>;
L_0x645cedc57360 .cmp/ne 4, v0x645cedc462b0_0, L_0x7c446e8590a8;
L_0x645cedc57590 .functor MUXZ 4, o0x7c446e8a2168, L_0x645cedc574d0, L_0x645cedc57360, C4<>;
L_0x645cedc57710 .reduce/nor o0x7c446e8a23a8;
    .scope S_0x645cedc0e250;
T_0 ;
    %pushi/vec4 0, 0, 32;
    %store/vec4 v0x645cedc46630_0, 0, 32;
T_0.0 ; Top of for-loop
    %load/vec4 v0x645cedc46630_0;
    %pad/s 64;
    %cmpi/s 16384, 0, 64;
	  %jmp/0xz T_0.1, 5;
    %pushi/vec4 0, 0, 32;
    %ix/getv/s 4, v0x645cedc46630_0;
    %store/vec4a v0x645cedc46a70, 4, 0;
T_0.2 ; for-loop step statement
    %load/vec4 v0x645cedc46630_0;
    %addi 1, 0, 32;
    %store/vec4 v0x645cedc46630_0, 0, 32;
    %jmp T_0.0;
T_0.1 ; for-loop exit label
    %vpi_call 2 95 "$readmemh", "test_program.hex", v0x645cedc46a70 {0 0 0};
    %vpi_call 2 96 "$display", "LPDDR4 Dummy: Loaded test program from test_program.hex" {0 0 0};
    %vpi_call 2 97 "$display", "LPDDR4 Dummy: Initialized %0d KB of memory (%0d words)", P_0x645cedc0ec20, P_0x645cedc0ebe0 {0 0 0};
    %pushi/vec4 0, 0, 32;
    %store/vec4 v0x645cedc46010_0, 0, 32;
    %pushi/vec4 0, 0, 4;
    %store/vec4 v0x645cedc462b0_0, 0, 4;
    %pushi/vec4 0, 0, 1;
    %store/vec4 v0x645cedc46bf0_0, 0, 1;
    %pushi/vec4 0, 0, 8;
    %store/vec4 v0x645cedc45570_0, 0, 8;
    %pushi/vec4 0, 0, 8;
    %store/vec4 v0x645cedc46550_0, 0, 8;
    %pushi/vec4 0, 0, 1;
    %store/vec4 v0x645cedc467f0_0, 0, 1;
    %pushi/vec4 0, 0, 16;
    %store/vec4 v0x645cedc46710_0, 0, 16;
    %end;
    .thread T_0;
    .scope S_0x645cedc0e250;
T_1 ;
    %wait E_0x645cedc13550;
    %load/vec4 v0x645cedc46b30_0;
    %nor/r;
    %flag_set/vec4 8;
    %jmp/0xz  T_1.0, 8;
    %pushi/vec4 0, 0, 32;
    %assign/vec4 v0x645cedc46010_0, 0;
    %pushi/vec4 0, 0, 4;
    %assign/vec4 v0x645cedc462b0_0, 0;
    %pushi/vec4 0, 0, 1;
    %assign/vec4 v0x645cedc46bf0_0, 0;
    %pushi/vec4 0, 0, 8;
    %assign/vec4 v0x645cedc45570_0, 0;
    %pushi/vec4 0, 0, 8;
    %assign/vec4 v0x645cedc46550_0, 0;
    %pushi/vec4 0, 0, 1;
    %assign/vec4 v0x645cedc467f0_0, 0;
    %pushi/vec4 0, 0, 16;
    %assign/vec4 v0x645cedc46710_0, 0;
    %pushi/vec4 0, 0, 6;
    %assign/vec4 v0x645cedc468b0_0, 0;
    %jmp T_1.1;
T_1.0 ;
    %load/vec4 v0x645cedc467f0_0;
    %nor/r;
    %flag_set/vec4 8;
    %jmp/0xz  T_1.2, 8;
    %load/vec4 v0x645cedc46710_0;
    %cmpi/u 200, 0, 16;
    %jmp/0xz  T_1.4, 5;
    %load/vec4 v0x645cedc46710_0;
    %addi 1, 0, 16;
    %assign/vec4 v0x645cedc46710_0, 0;
    %jmp T_1.5;
T_1.4 ;
    %pushi/vec4 1, 0, 1;
    %assign/vec4 v0x645cedc467f0_0, 0;
T_1.5 ;
T_1.2 ;
    %load/vec4 v0x645cedc45b10_0;
    %flag_set/vec4 9;
    %flag_get/vec4 9;
    %jmp/0 T_1.8, 9;
    %load/vec4 v0x645cedc467f0_0;
    %and;
T_1.8;
    %flag_set/vec4 8;
    %jmp/0xz  T_1.6, 8;
    %load/vec4 v0x645cedc45650_0;
    %assign/vec4 v0x645cedc468b0_0, 0;
    %load/vec4 v0x645cedc45650_0;
    %dup/vec4;
    %pushi/vec4 16, 0, 6;
    %cmp/u;
    %jmp/1 T_1.9, 6;
    %dup/vec4;
    %pushi/vec4 33, 0, 6;
    %cmp/u;
    %jmp/1 T_1.10, 6;
    %dup/vec4;
    %pushi/vec4 32, 0, 6;
    %cmp/u;
    %jmp/1 T_1.11, 6;
    %dup/vec4;
    %pushi/vec4 8, 0, 6;
    %cmp/u;
    %jmp/1 T_1.12, 6;
    %dup/vec4;
    %pushi/vec4 4, 0, 6;
    %cmp/u;
    %jmp/1 T_1.13, 6;
    %jmp T_1.15;
T_1.9 ;
    %pushi/vec4 0, 0, 16;
    %assign/vec4 v0x645cedc45e50_0, 0;
    %pushi/vec4 0, 0, 5;
    %assign/vec4 v0x645cedc45c90_0, 0;
    %pushi/vec4 1, 0, 1;
    %assign/vec4 v0x645cedc46bf0_0, 0;
    %pushi/vec4 6, 0, 8;
    %assign/vec4 v0x645cedc45a30_0, 0;
    %jmp T_1.15;
T_1.10 ;
    %load/vec4 v0x645cedc46bf0_0;
    %flag_set/vec4 9;
    %flag_get/vec4 9;
    %jmp/0 T_1.18, 9;
    %load/vec4 v0x645cedc45a30_0;
    %pad/u 32;
    %pushi/vec4 0, 0, 32;
    %cmp/e;
    %flag_get/vec4 4;
    %and;
T_1.18;
    %flag_set/vec4 8;
    %jmp/0xz  T_1.16, 8;
    %pushi/vec4 0, 0, 16;
    %assign/vec4 v0x645cedc45d70_0, 0;
    %pushi/vec4 4, 0, 8;
    %assign/vec4 v0x645cedc46550_0, 0;
    %pushi/vec4 0, 0, 8;
    %assign/vec4 v0x645cedc45570_0, 0;
    %pushi/vec4 8, 0, 8;
    %assign/vec4 v0x645cedc45a30_0, 0;
T_1.16 ;
    %jmp T_1.15;
T_1.11 ;
    %load/vec4 v0x645cedc46bf0_0;
    %flag_set/vec4 9;
    %flag_get/vec4 9;
    %jmp/0 T_1.21, 9;
    %load/vec4 v0x645cedc45a30_0;
    %pad/u 32;
    %pushi/vec4 0, 0, 32;
    %cmp/e;
    %flag_get/vec4 4;
    %and;
T_1.21;
    %flag_set/vec4 8;
    %jmp/0xz  T_1.19, 8;
    %pushi/vec4 0, 0, 16;
    %assign/vec4 v0x645cedc45d70_0, 0;
    %pushi/vec4 4, 0, 8;
    %assign/vec4 v0x645cedc46550_0, 0;
    %pushi/vec4 0, 0, 8;
    %assign/vec4 v0x645cedc45570_0, 0;
    %pushi/vec4 0, 0, 32;
    %assign/vec4 v0x645cedc46010_0, 0;
    %pushi/vec4 0, 0, 4;
    %assign/vec4 v0x645cedc462b0_0, 0;
T_1.19 ;
    %jmp T_1.15;
T_1.12 ;
    %pushi/vec4 0, 0, 1;
    %assign/vec4 v0x645cedc46bf0_0, 0;
    %jmp T_1.15;
T_1.13 ;
    %pushi/vec4 0, 0, 1;
    %assign/vec4 v0x645cedc46bf0_0, 0;
    %jmp T_1.15;
T_1.15 ;
    %pop/vec4 1;
T_1.6 ;
    %load/vec4 v0x645cedc45a30_0;
    %pad/u 32;
    %cmpi/u 0, 0, 32;
    %flag_or 5, 4; GT is !LE
    %flag_inv 5;
    %jmp/0xz  T_1.22, 5;
    %load/vec4 v0x645cedc45a30_0;
    %subi 1, 0, 8;
    %assign/vec4 v0x645cedc45a30_0, 0;
    %load/vec4 v0x645cedc468b0_0;
    %cmpi/e 33, 0, 6;
    %flag_get/vec4 4;
    %jmp/0 T_1.26, 4;
    %load/vec4 v0x645cedc45a30_0;
    %pad/u 32;
    %pushi/vec4 1, 0, 32;
    %cmp/e;
    %flag_get/vec4 4;
    %and;
T_1.26;
    %flag_set/vec4 8;
    %jmp/0xz  T_1.24, 8;
    %pushi/vec4 4294967295, 0, 32;
    %assign/vec4 v0x645cedc46010_0, 0;
    %pushi/vec4 15, 0, 4;
    %assign/vec4 v0x645cedc462b0_0, 0;
T_1.24 ;
T_1.22 ;
    %load/vec4 v0x645cedc468b0_0;
    %cmpi/e 33, 0, 6;
    %flag_get/vec4 4;
    %jmp/0 T_1.30, 4;
    %load/vec4 v0x645cedc45a30_0;
    %pad/u 32;
    %pushi/vec4 0, 0, 32;
    %cmp/e;
    %flag_get/vec4 4;
    %and;
T_1.30;
    %flag_set/vec4 9;
    %flag_get/vec4 9;
    %jmp/0 T_1.29, 9;
    %load/vec4 v0x645cedc45570_0;
    %load/vec4 v0x645cedc46550_0;
    %cmp/u;
    %flag_get/vec4 5;
    %and;
T_1.29;
    %flag_set/vec4 8;
    %jmp/0xz  T_1.27, 8;
    %load/vec4 v0x645cedc45c90_0;
    %load/vec4 v0x645cedc45e50_0;
    %parti/s 8, 0, 2;
    %concat/vec4; draw_concat_vec4
    %load/vec4 v0x645cedc45d70_0;
    %parti/s 1, 0, 2;
    %concat/vec4; draw_concat_vec4
    %load/vec4 v0x645cedc45570_0;
    %pad/u 14;
    %add;
    %store/vec4 v0x645cedc46990_0, 0, 14;
    %load/vec4 v0x645cedc46990_0;
    %pad/u 16;
    %ix/vec4 4;
    %load/vec4a v0x645cedc46a70, 4;
    %assign/vec4 v0x645cedc460f0_0, 0;
    %load/vec4 v0x645cedc45570_0;
    %parti/s 1, 0, 2;
    %flag_set/vec4 8;
    %jmp/0 T_1.31, 8;
    %pushi/vec4 10, 0, 4;
    %jmp/1 T_1.32, 8;
T_1.31 ; End of true expr.
    %pushi/vec4 5, 0, 4;
    %jmp/0 T_1.32, 8;
 ; End of false expr.
    %blend;
T_1.32;
    %assign/vec4 v0x645cedc46390_0, 0;
    %load/vec4 v0x645cedc45570_0;
    %addi 1, 0, 8;
    %assign/vec4 v0x645cedc45570_0, 0;
    %load/vec4 v0x645cedc45570_0;
    %pad/u 32;
    %load/vec4 v0x645cedc46550_0;
    %pad/u 32;
    %subi 1, 0, 32;
    %cmp/e;
    %jmp/0xz  T_1.33, 4;
    %pushi/vec4 0, 0, 32;
    %assign/vec4 v0x645cedc46010_0, 0;
    %pushi/vec4 0, 0, 4;
    %assign/vec4 v0x645cedc462b0_0, 0;
T_1.33 ;
T_1.27 ;
    %load/vec4 v0x645cedc468b0_0;
    %cmpi/e 32, 0, 6;
    %flag_get/vec4 4;
    %jmp/0 T_1.38, 4;
    %load/vec4 v0x645cedc45570_0;
    %load/vec4 v0x645cedc46550_0;
    %cmp/u;
    %flag_get/vec4 5;
    %and;
T_1.38;
    %flag_set/vec4 9;
    %flag_get/vec4 9;
    %jmp/0 T_1.37, 9;
    %load/vec4 v0x645cedc46010_0;
    %nor/r;
    %and;
T_1.37;
    %flag_set/vec4 8;
    %jmp/0xz  T_1.35, 8;
    %load/vec4 v0x645cedc46470_0;
    %cmpi/ne 0, 0, 4;
    %jmp/0xz  T_1.39, 4;
    %load/vec4 v0x645cedc45c90_0;
    %load/vec4 v0x645cedc45e50_0;
    %parti/s 8, 0, 2;
    %concat/vec4; draw_concat_vec4
    %load/vec4 v0x645cedc45d70_0;
    %parti/s 1, 0, 2;
    %concat/vec4; draw_concat_vec4
    %load/vec4 v0x645cedc45570_0;
    %pad/u 14;
    %add;
    %store/vec4 v0x645cedc46990_0, 0, 14;
    %load/vec4 v0x645cedc45f30_0;
    %load/vec4 v0x645cedc46990_0;
    %pad/u 16;
    %ix/vec4 3;
    %ix/load 4, 0, 0; Constant delay
    %assign/vec4/a/d v0x645cedc46a70, 0, 4;
    %load/vec4 v0x645cedc45570_0;
    %addi 1, 0, 8;
    %assign/vec4 v0x645cedc45570_0, 0;
T_1.39 ;
T_1.35 ;
T_1.1 ;
    %jmp T_1;
    .thread T_1;
    .scope S_0x645cedc0e250;
T_2 ;
    %vpi_call 2 235 "$display", "LPDDR4 Dummy Memory Initialized: %d KB", P_0x645cedc0ec20 {0 0 0};
    %end;
    .thread T_2;
# The file index is used to find the file name in the following table.
:file_names 3;
    "N/A";
    "<interactive>";
    "ramlpddr4_dummy.v";
