%Error: /home/astha/eda/designs/uas/PROJECT-UAS-APIC/RISC-V/sandbox/RISC-V-RV64I-Synthesis/src/riscv_core_top.v:204:2: Cannot find file containing module: 'riscv_core_mux2x1'
  204 |  riscv_core_mux2x1 #(.XLEN(64)) u_riscv_core_mux2x1_stg1(
      |  ^~~~~~~~~~~~~~~~~
%Error: /home/astha/eda/designs/uas/PROJECT-UAS-APIC/RISC-V/sandbox/RISC-V-RV64I-Synthesis/src/riscv_core_top.v:204:2: This may be because there's no search path specified with -I<dir>.
  204 |  riscv_core_mux2x1 #(.XLEN(64)) u_riscv_core_mux2x1_stg1(
      |  ^~~~~~~~~~~~~~~~~
        ... Looked in:
             riscv_core_mux2x1
             riscv_core_mux2x1.v
             riscv_core_mux2x1.sv
             obj_dir/riscv_core_mux2x1
             obj_dir/riscv_core_mux2x1.v
             obj_dir/riscv_core_mux2x1.sv
%Error: /home/astha/eda/designs/uas/PROJECT-UAS-APIC/RISC-V/sandbox/RISC-V-RV64I-Synthesis/src/riscv_core_top.v:210:2: Cannot find file containing module: 'riscv_core_mux2x1'
  210 |  riscv_core_mux2x1 #(.XLEN(64)) u_riscv_core_mux2x1_stg2(
      |  ^~~~~~~~~~~~~~~~~
%Error: /home/astha/eda/designs/uas/PROJECT-UAS-APIC/RISC-V/sandbox/RISC-V-RV64I-Synthesis/src/riscv_core_top.v:216:2: Cannot find file containing module: 'riscv_core_mux2x1'
  216 |  riscv_core_mux2x1 #(.XLEN(64)) u_riscv_core_mux2x1_TRAP_MUX(
      |  ^~~~~~~~~~~~~~~~~
%Error: /home/astha/eda/designs/uas/PROJECT-UAS-APIC/RISC-V/sandbox/RISC-V-RV64I-Synthesis/src/riscv_core_top.v:222:2: Cannot find file containing module: 'riscv_core_mux2x1'
  222 |  riscv_core_mux2x1 #(.XLEN(64)) u_riscv_core_mux2x1_stg3(
      |  ^~~~~~~~~~~~~~~~~
%Error: /home/astha/eda/designs/uas/PROJECT-UAS-APIC/RISC-V/sandbox/RISC-V-RV64I-Synthesis/src/riscv_core_top.v:228:2: Cannot find file containing module: 'riscv_core_pipe'
  228 |  riscv_core_pipe #(.W_PIPE_BUS(64)) u_riscv_core_pipe_pcf_if(
      |  ^~~~~~~~~~~~~~~
%Error: /home/astha/eda/designs/uas/PROJECT-UAS-APIC/RISC-V/sandbox/RISC-V-RV64I-Synthesis/src/riscv_core_top.v:236:2: Cannot find file containing module: 'riscv_core_mux2x1'
  236 |  riscv_core_mux2x1 #(.XLEN(64)) u_riscv_core_compressed_offset(
      |  ^~~~~~~~~~~~~~~~~
%Error: /home/astha/eda/designs/uas/PROJECT-UAS-APIC/RISC-V/sandbox/RISC-V-RV64I-Synthesis/src/riscv_core_top.v:242:2: Cannot find file containing module: 'riscv_core_64bit_adder'
  242 |  riscv_core_64bit_adder #(.XLEN(64)) u_riscv_core_64bit_adder_pc_if(
      |  ^~~~~~~~~~~~~~~~~~~~~~
%Error: /home/astha/eda/designs/uas/PROJECT-UAS-APIC/RISC-V/sandbox/RISC-V-RV64I-Synthesis/src/riscv_core_top.v:247:2: Cannot find file containing module: 'riscv_core_icache_top'
  247 |  riscv_core_icache_top #(
      |  ^~~~~~~~~~~~~~~~~~~~~
%Error: /home/astha/eda/designs/uas/PROJECT-UAS-APIC/RISC-V/sandbox/RISC-V-RV64I-Synthesis/src/riscv_core_top.v:265:2: Cannot find file containing module: 'riscv_core_compressed_decoder'
  265 |  riscv_core_compressed_decoder u_riscv_core_compressed_decoder(
      |  ^~~~~~~~~~~~~~~~~~~~~~~~~~~~~
%Error: /home/astha/eda/designs/uas/PROJECT-UAS-APIC/RISC-V/sandbox/RISC-V-RV64I-Synthesis/src/riscv_core_top.v:271:2: Cannot find file containing module: 'riscv_core_pipe'
  271 |  riscv_core_pipe #(.W_PIPE_BUS(1)) u_riscv_core_pipe_instr_illigal_compressed_if_id(
      |  ^~~~~~~~~~~~~~~
%Error: /home/astha/eda/designs/uas/PROJECT-UAS-APIC/RISC-V/sandbox/RISC-V-RV64I-Synthesis/src/riscv_core_top.v:279:2: Cannot find file containing module: 'riscv_core_pipe'
  279 |  riscv_core_pipe #(.W_PIPE_BUS(64)) u_riscv_core_pipe_pc_if_id(
      |  ^~~~~~~~~~~~~~~
%Error: /home/astha/eda/designs/uas/PROJECT-UAS-APIC/RISC-V/sandbox/RISC-V-RV64I-Synthesis/src/riscv_core_top.v:287:2: Cannot find file containing module: 'riscv_core_pipe'
  287 |  riscv_core_pipe #(.W_PIPE_BUS(32)) u_riscv_core_pipe_instr_if_id(
      |  ^~~~~~~~~~~~~~~
%Error: /home/astha/eda/designs/uas/PROJECT-UAS-APIC/RISC-V/sandbox/RISC-V-RV64I-Synthesis/src/riscv_core_top.v:295:2: Cannot find file containing module: 'riscv_core_pipe'
  295 |  riscv_core_pipe #(.W_PIPE_BUS(64)) u_riscv_core_pipe_pc_plus_offset_if_id(
      |  ^~~~~~~~~~~~~~~
%Error: /home/astha/eda/designs/uas/PROJECT-UAS-APIC/RISC-V/sandbox/RISC-V-RV64I-Synthesis/src/riscv_core_top.v:303:2: Cannot find file containing module: 'riscv_core_alu_decoder'
  303 |  riscv_core_alu_decoder u_riscv_core_alu_decoder(
      |  ^~~~~~~~~~~~~~~~~~~~~~
%Error: /home/astha/eda/designs/uas/PROJECT-UAS-APIC/RISC-V/sandbox/RISC-V-RV64I-Synthesis/src/riscv_core_top.v:311:2: Cannot find file containing module: 'riscv_core_main_decoder_top'
  311 |  riscv_core_main_decoder_top u_riscv_core_main_decoder(
      |  ^~~~~~~~~~~~~~~~~~~~~~~~~~~
%Error: /home/astha/eda/designs/uas/PROJECT-UAS-APIC/RISC-V/sandbox/RISC-V-RV64I-Synthesis/src/riscv_core_top.v:343:2: Cannot find file containing module: 'riscv_core_rf'
  343 |  riscv_core_rf u_riscv_core_rf(
      |  ^~~~~~~~~~~~~
%Error: /home/astha/eda/designs/uas/PROJECT-UAS-APIC/RISC-V/sandbox/RISC-V-RV64I-Synthesis/src/riscv_core_top.v:353:2: Cannot find file containing module: 'riscv_core_immextend'
  353 |  riscv_core_immextend u_riscv_core_immextend(
      |  ^~~~~~~~~~~~~~~~~~~~
%Error: /home/astha/eda/designs/uas/PROJECT-UAS-APIC/RISC-V/sandbox/RISC-V-RV64I-Synthesis/src/riscv_core_top.v:358:2: Cannot find file containing module: 'riscv_core_pipe'
  358 |  riscv_core_pipe #(.W_PIPE_BUS(64)) u_riscv_core_pipe_rf_rd1_id_ex(
      |  ^~~~~~~~~~~~~~~
%Error: /home/astha/eda/designs/uas/PROJECT-UAS-APIC/RISC-V/sandbox/RISC-V-RV64I-Synthesis/src/riscv_core_top.v:366:2: Cannot find file containing module: 'riscv_core_pipe'
  366 |  riscv_core_pipe #(.W_PIPE_BUS(64)) u_riscv_core_pipe_rf_rd2_id_ex(
      |  ^~~~~~~~~~~~~~~
%Error: /home/astha/eda/designs/uas/PROJECT-UAS-APIC/RISC-V/sandbox/RISC-V-RV64I-Synthesis/src/riscv_core_top.v:374:2: Cannot find file containing module: 'riscv_core_pipe'
  374 |  riscv_core_pipe #(.W_PIPE_BUS(3)) u_riscv_core_pipe_funct3_id_ex(
      |  ^~~~~~~~~~~~~~~
%Error: /home/astha/eda/designs/uas/PROJECT-UAS-APIC/RISC-V/sandbox/RISC-V-RV64I-Synthesis/src/riscv_core_top.v:382:2: Cannot find file containing module: 'riscv_core_pipe'
  382 |  riscv_core_pipe #(.W_PIPE_BUS(64)) u_riscv_core_pipe_pc_id_ex(
      |  ^~~~~~~~~~~~~~~
%Error: /home/astha/eda/designs/uas/PROJECT-UAS-APIC/RISC-V/sandbox/RISC-V-RV64I-Synthesis/src/riscv_core_top.v:390:2: Cannot find file containing module: 'riscv_core_pipe'
  390 |  riscv_core_pipe #(.W_PIPE_BUS(32)) u_riscv_core_pipe_csr_addr_id_ex_pipe(
      |  ^~~~~~~~~~~~~~~
%Error: /home/astha/eda/designs/uas/PROJECT-UAS-APIC/RISC-V/sandbox/RISC-V-RV64I-Synthesis/src/riscv_core_top.v:398:2: Cannot find file containing module: 'riscv_core_pipe'
  398 |  riscv_core_pipe #(.W_PIPE_BUS(5)) u_riscv_core_pipe_rs1_id_ex(
      |  ^~~~~~~~~~~~~~~
%Error: /home/astha/eda/designs/uas/PROJECT-UAS-APIC/RISC-V/sandbox/RISC-V-RV64I-Synthesis/src/riscv_core_top.v:406:2: Cannot find file containing module: 'riscv_core_pipe'
  406 |  riscv_core_pipe #(.W_PIPE_BUS(5)) u_riscv_core_pipe_rs2_id_ex(
      |  ^~~~~~~~~~~~~~~
%Error: /home/astha/eda/designs/uas/PROJECT-UAS-APIC/RISC-V/sandbox/RISC-V-RV64I-Synthesis/src/riscv_core_top.v:414:2: Cannot find file containing module: 'riscv_core_pipe'
  414 |  riscv_core_pipe #(.W_PIPE_BUS(5)) u_riscv_core_pipe_rd_id_ex(
      |  ^~~~~~~~~~~~~~~
%Error: /home/astha/eda/designs/uas/PROJECT-UAS-APIC/RISC-V/sandbox/RISC-V-RV64I-Synthesis/src/riscv_core_top.v:422:2: Cannot find file containing module: 'riscv_core_pipe'
  422 |  riscv_core_pipe #(.W_PIPE_BUS(64)) u_riscv_core_pipe_pc_plus_offset_id_ex(
      |  ^~~~~~~~~~~~~~~
%Error: /home/astha/eda/designs/uas/PROJECT-UAS-APIC/RISC-V/sandbox/RISC-V-RV64I-Synthesis/src/riscv_core_top.v:430:2: Cannot find file containing module: 'riscv_core_pipe'
  430 |  riscv_core_pipe #(.W_PIPE_BUS(64)) u_riscv_core_pipe_immext_id_ex(
      |  ^~~~~~~~~~~~~~~
%Error: /home/astha/eda/designs/uas/PROJECT-UAS-APIC/RISC-V/sandbox/RISC-V-RV64I-Synthesis/src/riscv_core_top.v:438:2: Cannot find file containing module: 'riscv_core_pipe'
  438 |  riscv_core_pipe #(.W_PIPE_BUS(2)) u_riscv_core_pipe_resultsrc_id_ex(
      |  ^~~~~~~~~~~~~~~
%Error: /home/astha/eda/designs/uas/PROJECT-UAS-APIC/RISC-V/sandbox/RISC-V-RV64I-Synthesis/src/riscv_core_top.v:446:2: Cannot find file containing module: 'riscv_core_pipe'
  446 |  riscv_core_pipe #(.W_PIPE_BUS(1)) u_riscv_core_pipe_csr_src_sel_id_ex(
      |  ^~~~~~~~~~~~~~~
%Error: /home/astha/eda/designs/uas/PROJECT-UAS-APIC/RISC-V/sandbox/RISC-V-RV64I-Synthesis/src/riscv_core_top.v:454:2: Cannot find file containing module: 'riscv_core_pipe'
  454 |  riscv_core_pipe #(.W_PIPE_BUS(4)) u_riscv_core_pipe_amo_op_id_ex(
      |  ^~~~~~~~~~~~~~~
%Error: /home/astha/eda/designs/uas/PROJECT-UAS-APIC/RISC-V/sandbox/RISC-V-RV64I-Synthesis/src/riscv_core_top.v:462:2: Cannot find file containing module: 'riscv_core_pipe'
  462 |  riscv_core_pipe #(.W_PIPE_BUS(1)) u_riscv_core_pipe_amo_id_ex(
      |  ^~~~~~~~~~~~~~~
%Error: /home/astha/eda/designs/uas/PROJECT-UAS-APIC/RISC-V/sandbox/RISC-V-RV64I-Synthesis/src/riscv_core_top.v:470:2: Cannot find file containing module: 'riscv_core_pipe'
  470 |  riscv_core_pipe #(.W_PIPE_BUS(1)) u_riscv_core_pipe_cache_read_id_ex(
      |  ^~~~~~~~~~~~~~~
%Error: /home/astha/eda/designs/uas/PROJECT-UAS-APIC/RISC-V/sandbox/RISC-V-RV64I-Synthesis/src/riscv_core_top.v:478:2: Cannot find file containing module: 'riscv_core_pipe'
  478 |  riscv_core_pipe #(.W_PIPE_BUS(1)) u_riscv_core_pipe_lr_id_ex(
      |  ^~~~~~~~~~~~~~~
%Error: /home/astha/eda/designs/uas/PROJECT-UAS-APIC/RISC-V/sandbox/RISC-V-RV64I-Synthesis/src/riscv_core_top.v:486:2: Cannot find file containing module: 'riscv_core_pipe'
  486 |  riscv_core_pipe #(.W_PIPE_BUS(1)) u_riscv_core_pipe_sc_id_ex(
      |  ^~~~~~~~~~~~~~~
%Error: /home/astha/eda/designs/uas/PROJECT-UAS-APIC/RISC-V/sandbox/RISC-V-RV64I-Synthesis/src/riscv_core_top.v:494:2: Cannot find file containing module: 'riscv_core_pipe'
  494 |  riscv_core_pipe #(.W_PIPE_BUS(2)) u_riscv_core_pipe_cre_op_id_ex(
      |  ^~~~~~~~~~~~~~~
%Error: /home/astha/eda/designs/uas/PROJECT-UAS-APIC/RISC-V/sandbox/RISC-V-RV64I-Synthesis/src/riscv_core_top.v:502:2: Cannot find file containing module: 'riscv_core_pipe'
  502 |  riscv_core_pipe #(.W_PIPE_BUS(2)) u_riscv_core_pipe_size_id_ex(
      |  ^~~~~~~~~~~~~~~
%Error: /home/astha/eda/designs/uas/PROJECT-UAS-APIC/RISC-V/sandbox/RISC-V-RV64I-Synthesis/src/riscv_core_top.v:510:2: Cannot find file containing module: 'riscv_core_pipe'
  510 |  riscv_core_pipe #(.W_PIPE_BUS(4)) u_riscv_core_pipe_alucontrol_id_ex(
      |  ^~~~~~~~~~~~~~~
%Error: /home/astha/eda/designs/uas/PROJECT-UAS-APIC/RISC-V/sandbox/RISC-V-RV64I-Synthesis/src/riscv_core_top.v:518:2: Cannot find file containing module: 'riscv_core_pipe'
  518 |  riscv_core_pipe #(.W_PIPE_BUS(1)) u_riscv_core_pipe_bjreg_id_ex(
      |  ^~~~~~~~~~~~~~~
%Error: /home/astha/eda/designs/uas/PROJECT-UAS-APIC/RISC-V/sandbox/RISC-V-RV64I-Synthesis/src/riscv_core_top.v:526:2: Cannot find file containing module: 'riscv_core_pipe'
  526 |  riscv_core_pipe #(.W_PIPE_BUS(1)) u_riscv_core_pipe_mret_id_ex(
      |  ^~~~~~~~~~~~~~~
%Error: /home/astha/eda/designs/uas/PROJECT-UAS-APIC/RISC-V/sandbox/RISC-V-RV64I-Synthesis/src/riscv_core_top.v:534:2: Cannot find file containing module: 'riscv_core_pipe'
  534 |  riscv_core_pipe #(.W_PIPE_BUS(1)) u_riscv_core_pipe_sret_id_ex(
      |  ^~~~~~~~~~~~~~~
%Error: /home/astha/eda/designs/uas/PROJECT-UAS-APIC/RISC-V/sandbox/RISC-V-RV64I-Synthesis/src/riscv_core_top.v:542:2: Cannot find file containing module: 'riscv_core_pipe'
  542 |  riscv_core_pipe #(.W_PIPE_BUS(1)) u_riscv_core_pipe_regwrite_id_ex(
      |  ^~~~~~~~~~~~~~~
%Error: /home/astha/eda/designs/uas/PROJECT-UAS-APIC/RISC-V/sandbox/RISC-V-RV64I-Synthesis/src/riscv_core_top.v:550:2: Cannot find file containing module: 'riscv_core_pipe'
  550 |  riscv_core_pipe #(.W_PIPE_BUS(1)) u_riscv_core_pipe_branch_id_ex(
      |  ^~~~~~~~~~~~~~~
%Error: /home/astha/eda/designs/uas/PROJECT-UAS-APIC/RISC-V/sandbox/RISC-V-RV64I-Synthesis/src/riscv_core_top.v:558:2: Cannot find file containing module: 'riscv_core_pipe'
  558 |  riscv_core_pipe #(.W_PIPE_BUS(1)) u_riscv_core_pipe_jump_id_ex(
      |  ^~~~~~~~~~~~~~~
%Error: /home/astha/eda/designs/uas/PROJECT-UAS-APIC/RISC-V/sandbox/RISC-V-RV64I-Synthesis/src/riscv_core_top.v:566:2: Cannot find file containing module: 'riscv_core_pipe'
  566 |  riscv_core_pipe #(.W_PIPE_BUS(1)) u_riscv_core_pipe_memwrite_id_ex(
      |  ^~~~~~~~~~~~~~~
%Error: /home/astha/eda/designs/uas/PROJECT-UAS-APIC/RISC-V/sandbox/RISC-V-RV64I-Synthesis/src/riscv_core_top.v:574:2: Cannot find file containing module: 'riscv_core_pipe'
  574 |  riscv_core_pipe #(.W_PIPE_BUS(1)) u_riscv_core_pipe_alusrc_id_ex(
      |  ^~~~~~~~~~~~~~~
%Error: /home/astha/eda/designs/uas/PROJECT-UAS-APIC/RISC-V/sandbox/RISC-V-RV64I-Synthesis/src/riscv_core_top.v:582:2: Cannot find file containing module: 'riscv_core_pipe'
  582 |  riscv_core_pipe #(.W_PIPE_BUS(1)) u_riscv_core_pipe_ldext_id_ex(
      |  ^~~~~~~~~~~~~~~
%Error: /home/astha/eda/designs/uas/PROJECT-UAS-APIC/RISC-V/sandbox/RISC-V-RV64I-Synthesis/src/riscv_core_top.v:590:2: Cannot find file containing module: 'riscv_core_pipe'
  590 |  riscv_core_pipe #(.W_PIPE_BUS(1)) u_riscv_core_pipe_uctrl_id_ex(
      |  ^~~~~~~~~~~~~~~
%Error: /home/astha/eda/designs/uas/PROJECT-UAS-APIC/RISC-V/sandbox/RISC-V-RV64I-Synthesis/src/riscv_core_top.v:598:2: Cannot find file containing module: 'riscv_core_pipe'
  598 |  riscv_core_pipe #(.W_PIPE_BUS(1)) u_riscv_core_pipe_isword_id_ex(
      |  ^~~~~~~~~~~~~~~
%Error: /home/astha/eda/designs/uas/PROJECT-UAS-APIC/RISC-V/sandbox/RISC-V-RV64I-Synthesis/src/riscv_core_top.v:606:2: Cannot find file containing module: 'riscv_core_pipe'
  606 |  riscv_core_pipe #(.W_PIPE_BUS(1)) u_riscv_core_pipe_imul_id_ex(
      |  ^~~~~~~~~~~~~~~
%Error: Exiting due to too many errors encountered; --error-limit=50
