[WARNING ORD-0039] .openroad ignored with -python
                                Cells by Master                                 
┏━━━━━━━━━━━━━━━━━━━━━━━━━━━━━━━━━━━━━━━━━━━━━━━━━━━━━━━━━━━━━━━━┳━━━━━━━━━━━━━┓
┃ Cell                                                           ┃ Count       ┃
┡━━━━━━━━━━━━━━━━━━━━━━━━━━━━━━━━━━━━━━━━━━━━━━━━━━━━━━━━━━━━━━━━╇━━━━━━━━━━━━━┩
│ sky130_ef_sc_hd__decap_12                                      │ 2327        │
│ sky130_fd_sc_hd__a2111o_1                                      │ 2           │
│ sky130_fd_sc_hd__a211o_1                                       │ 68          │
│ sky130_fd_sc_hd__a211oi_1                                      │ 1           │
│ sky130_fd_sc_hd__a211oi_2                                      │ 1           │
│ sky130_fd_sc_hd__a21bo_1                                       │ 21          │
│ sky130_fd_sc_hd__a21boi_1                                      │ 7           │
│ sky130_fd_sc_hd__a21o_1                                        │ 230         │
│ sky130_fd_sc_hd__a21o_2                                        │ 2           │
│ sky130_fd_sc_hd__a21oi_1                                       │ 130         │
│ sky130_fd_sc_hd__a21oi_2                                       │ 4           │
│ sky130_fd_sc_hd__a21oi_4                                       │ 2           │
│ sky130_fd_sc_hd__a221o_1                                       │ 107         │
│ sky130_fd_sc_hd__a221o_2                                       │ 1           │
│ sky130_fd_sc_hd__a221o_4                                       │ 1           │
│ sky130_fd_sc_hd__a221oi_2                                      │ 1           │
│ sky130_fd_sc_hd__a221oi_4                                      │ 2           │
│ sky130_fd_sc_hd__a22o_1                                        │ 177         │
│ sky130_fd_sc_hd__a22oi_1                                       │ 1           │
│ sky130_fd_sc_hd__a2bb2o_1                                      │ 16          │
│ sky130_fd_sc_hd__a2bb2o_4                                      │ 1           │
│ sky130_fd_sc_hd__a311o_1                                       │ 12          │
│ sky130_fd_sc_hd__a311o_2                                       │ 1           │
│ sky130_fd_sc_hd__a31o_1                                        │ 107         │
│ sky130_fd_sc_hd__a31oi_1                                       │ 3           │
│ sky130_fd_sc_hd__a31oi_2                                       │ 2           │
│ sky130_fd_sc_hd__a32o_1                                        │ 35          │
│ sky130_fd_sc_hd__a41o_1                                        │ 6           │
│ sky130_fd_sc_hd__a41oi_1                                       │ 2           │
│ sky130_fd_sc_hd__and2_1                                        │ 122         │
│ sky130_fd_sc_hd__and2_2                                        │ 4           │
│ sky130_fd_sc_hd__and2b_1                                       │ 58          │
│ sky130_fd_sc_hd__and2b_2                                       │ 1           │
│ sky130_fd_sc_hd__and3_1                                        │ 106         │
│ sky130_fd_sc_hd__and3_2                                        │ 4           │
│ sky130_fd_sc_hd__and3b_1                                       │ 53          │
│ sky130_fd_sc_hd__and3b_2                                       │ 3           │
│ sky130_fd_sc_hd__and4_1                                        │ 48          │
│ sky130_fd_sc_hd__and4_2                                        │ 4           │
│ sky130_fd_sc_hd__and4b_1                                       │ 6           │
│ sky130_fd_sc_hd__and4bb_1                                      │ 3           │
│ sky130_fd_sc_hd__and4bb_4                                      │ 1           │
│ sky130_fd_sc_hd__buf_1                                         │ 28          │
│ sky130_fd_sc_hd__buf_2                                         │ 357         │
│ sky130_fd_sc_hd__buf_4                                         │ 151         │
│ sky130_fd_sc_hd__buf_6                                         │ 3           │
│ sky130_fd_sc_hd__bufinv_16                                     │ 14          │
│ sky130_fd_sc_hd__clkbuf_1                                      │ 42          │
│ sky130_fd_sc_hd__clkbuf_16                                     │ 1           │
│ sky130_fd_sc_hd__clkbuf_2                                      │ 153         │
│ sky130_fd_sc_hd__clkbuf_4                                      │ 200         │
│ sky130_fd_sc_hd__clkbuf_8                                      │ 264         │
│ sky130_fd_sc_hd__clkinv_2                                      │ 9           │
│ sky130_fd_sc_hd__clkinv_4                                      │ 16          │
│ sky130_fd_sc_hd__clkinv_8                                      │ 15          │
│ sky130_fd_sc_hd__clkinvlp_4                                    │ 22          │
│ sky130_fd_sc_hd__conb_1                                        │ 106         │
│ sky130_fd_sc_hd__decap_3                                       │ 1264        │
│ sky130_fd_sc_hd__decap_4                                       │ 1128        │
│ sky130_fd_sc_hd__decap_6                                       │ 940         │
│ sky130_fd_sc_hd__decap_8                                       │ 664         │
│ sky130_fd_sc_hd__dfxtp_1                                       │ 1496        │
│ sky130_fd_sc_hd__dfxtp_2                                       │ 83          │
│ sky130_fd_sc_hd__dfxtp_4                                       │ 18          │
│ sky130_fd_sc_hd__diode_2                                       │ 114         │
│ sky130_fd_sc_hd__dlygate4sd3_1                                 │ 1271        │
│ sky130_fd_sc_hd__dlymetal6s2s_1                                │ 29          │
│ sky130_fd_sc_hd__fill_1                                        │ 2403        │
│ sky130_fd_sc_hd__fill_2                                        │ 1063        │
│ sky130_fd_sc_hd__inv_12                                        │ 9           │
│ sky130_fd_sc_hd__inv_2                                         │ 56          │
│ sky130_fd_sc_hd__inv_4                                         │ 1           │
│ sky130_fd_sc_hd__inv_6                                         │ 27          │
│ sky130_fd_sc_hd__inv_8                                         │ 16          │
│ sky130_fd_sc_hd__mux2_1                                        │ 1456        │
│ sky130_fd_sc_hd__mux2_2                                        │ 49          │
│ sky130_fd_sc_hd__mux2_4                                        │ 1           │
│ sky130_fd_sc_hd__mux4_1                                        │ 518         │
│ sky130_fd_sc_hd__mux4_2                                        │ 13          │
│ sky130_fd_sc_hd__nand2_1                                       │ 199         │
│ sky130_fd_sc_hd__nand2_2                                       │ 7           │
│ sky130_fd_sc_hd__nand2_4                                       │ 3           │
│ sky130_fd_sc_hd__nand2b_1                                      │ 26          │
│ sky130_fd_sc_hd__nand2b_2                                      │ 2           │
│ sky130_fd_sc_hd__nand3_1                                       │ 14          │
│ sky130_fd_sc_hd__nand3_2                                       │ 1           │
│ sky130_fd_sc_hd__nand3_4                                       │ 1           │
│ sky130_fd_sc_hd__nand3b_1                                      │ 3           │
│ sky130_fd_sc_hd__nand3b_4                                      │ 2           │
│ sky130_fd_sc_hd__nand4_1                                       │ 2           │
│ sky130_fd_sc_hd__nor2_1                                        │ 220         │
│ sky130_fd_sc_hd__nor2_2                                        │ 9           │
│ sky130_fd_sc_hd__nor2_4                                        │ 8           │
│ sky130_fd_sc_hd__nor3_1                                        │ 11          │
│ sky130_fd_sc_hd__nor3_2                                        │ 1           │
│ sky130_fd_sc_hd__nor3b_1                                       │ 1           │
│ sky130_fd_sc_hd__nor3b_2                                       │ 2           │
│ sky130_fd_sc_hd__nor3b_4                                       │ 1           │
│ sky130_fd_sc_hd__o2111a_1                                      │ 2           │
│ sky130_fd_sc_hd__o211a_1                                       │ 142         │
│ sky130_fd_sc_hd__o211ai_1                                      │ 4           │
│ sky130_fd_sc_hd__o211ai_2                                      │ 2           │
│ sky130_fd_sc_hd__o211ai_4                                      │ 1           │
│ sky130_fd_sc_hd__o21a_1                                        │ 118         │
│ sky130_fd_sc_hd__o21a_2                                        │ 4           │
│ sky130_fd_sc_hd__o21ai_1                                       │ 135         │
│ sky130_fd_sc_hd__o21ba_1                                       │ 7           │
│ sky130_fd_sc_hd__o21bai_1                                      │ 3           │
│ sky130_fd_sc_hd__o221a_1                                       │ 26          │
│ sky130_fd_sc_hd__o22a_1                                        │ 67          │
│ sky130_fd_sc_hd__o22ai_1                                       │ 1           │
│ sky130_fd_sc_hd__o2bb2a_1                                      │ 7           │
│ sky130_fd_sc_hd__o311a_1                                       │ 7           │
│ sky130_fd_sc_hd__o31a_1                                        │ 19          │
│ sky130_fd_sc_hd__o31a_2                                        │ 1           │
│ sky130_fd_sc_hd__o31ai_1                                       │ 5           │
│ sky130_fd_sc_hd__o31ai_2                                       │ 1           │
│ sky130_fd_sc_hd__o32a_1                                        │ 4           │
│ sky130_fd_sc_hd__o41a_1                                        │ 16          │
│ sky130_fd_sc_hd__or2_1                                         │ 258         │
│ sky130_fd_sc_hd__or2_2                                         │ 11          │
│ sky130_fd_sc_hd__or2_4                                         │ 9           │
│ sky130_fd_sc_hd__or3_1                                         │ 35          │
│ sky130_fd_sc_hd__or3_2                                         │ 3           │
│ sky130_fd_sc_hd__or3_4                                         │ 1           │
│ sky130_fd_sc_hd__or3b_1                                        │ 12          │
│ sky130_fd_sc_hd__or3b_2                                        │ 2           │
│ sky130_fd_sc_hd__or4_1                                         │ 21          │
│ sky130_fd_sc_hd__or4_2                                         │ 1           │
│ sky130_fd_sc_hd__or4b_1                                        │ 12          │
│ sky130_fd_sc_hd__or4bb_1                                       │ 3           │
│ sky130_fd_sc_hd__or4bb_4                                       │ 1           │
│ sky130_fd_sc_hd__tapvpwrvgnd_1                                 │ 2496        │
│ sky130_fd_sc_hd__xnor2_1                                       │ 32          │
│ sky130_fd_sc_hd__xnor2_2                                       │ 1           │
│ sky130_fd_sc_hd__xor2_1                                        │ 26          │
│ sky130_fd_sc_hd__xor2_2                                        │ 1           │
└────────────────────────────────────────────────────────────────┴─────────────┘
                               Cells by Function                                
┏━━━━━━━━━━━━━━━━━━━━━━━━━━━━━━━━━━━━━━━━━━━━━━━━━━━━━━━━━━━━━━━┳━━━━━━━━━━━━━━┓
┃ Cell Function                                                 ┃ Count        ┃
┡━━━━━━━━━━━━━━━━━━━━━━━━━━━━━━━━━━━━━━━━━━━━━━━━━━━━━━━━━━━━━━━╇━━━━━━━━━━━━━━┩
│ sky130_ef_sc_hd__decap                                        │ 2327         │
│ sky130_fd_sc_hd__a2111o                                       │ 2            │
│ sky130_fd_sc_hd__a211o                                        │ 68           │
│ sky130_fd_sc_hd__a211oi                                       │ 2            │
│ sky130_fd_sc_hd__a21bo                                        │ 21           │
│ sky130_fd_sc_hd__a21boi                                       │ 7            │
│ sky130_fd_sc_hd__a21o                                         │ 232          │
│ sky130_fd_sc_hd__a21oi                                        │ 136          │
│ sky130_fd_sc_hd__a221o                                        │ 109          │
│ sky130_fd_sc_hd__a221oi                                       │ 3            │
│ sky130_fd_sc_hd__a22o                                         │ 177          │
│ sky130_fd_sc_hd__a22oi                                        │ 1            │
│ sky130_fd_sc_hd__a2bb2o                                       │ 17           │
│ sky130_fd_sc_hd__a311o                                        │ 13           │
│ sky130_fd_sc_hd__a31o                                         │ 107          │
│ sky130_fd_sc_hd__a31oi                                        │ 5            │
│ sky130_fd_sc_hd__a32o                                         │ 35           │
│ sky130_fd_sc_hd__a41o                                         │ 6            │
│ sky130_fd_sc_hd__a41oi                                        │ 2            │
│ sky130_fd_sc_hd__and2                                         │ 126          │
│ sky130_fd_sc_hd__and2b                                        │ 59           │
│ sky130_fd_sc_hd__and3                                         │ 110          │
│ sky130_fd_sc_hd__and3b                                        │ 56           │
│ sky130_fd_sc_hd__and4                                         │ 52           │
│ sky130_fd_sc_hd__and4b                                        │ 6            │
│ sky130_fd_sc_hd__and4bb                                       │ 4            │
│ sky130_fd_sc_hd__buf                                          │ 539          │
│ sky130_fd_sc_hd__bufinv                                       │ 14           │
│ sky130_fd_sc_hd__clkbuf                                       │ 660          │
│ sky130_fd_sc_hd__clkinv                                       │ 40           │
│ sky130_fd_sc_hd__clkinvlp                                     │ 22           │
│ sky130_fd_sc_hd__conb                                         │ 106          │
│ sky130_fd_sc_hd__decap                                        │ 3996         │
│ sky130_fd_sc_hd__dfxtp                                        │ 1597         │
│ sky130_fd_sc_hd__diode                                        │ 114          │
│ sky130_fd_sc_hd__dlygate4sd3                                  │ 1271         │
│ sky130_fd_sc_hd__dlymetal6s2s                                 │ 29           │
│ sky130_fd_sc_hd__fill                                         │ 3466         │
│ sky130_fd_sc_hd__inv                                          │ 109          │
│ sky130_fd_sc_hd__mux2                                         │ 1506         │
│ sky130_fd_sc_hd__mux4                                         │ 531          │
│ sky130_fd_sc_hd__nand2                                        │ 209          │
│ sky130_fd_sc_hd__nand2b                                       │ 28           │
│ sky130_fd_sc_hd__nand3                                        │ 16           │
│ sky130_fd_sc_hd__nand3b                                       │ 5            │
│ sky130_fd_sc_hd__nand4                                        │ 2            │
│ sky130_fd_sc_hd__nor2                                         │ 237          │
│ sky130_fd_sc_hd__nor3                                         │ 12           │
│ sky130_fd_sc_hd__nor3b                                        │ 4            │
│ sky130_fd_sc_hd__o2111a                                       │ 2            │
│ sky130_fd_sc_hd__o211a                                        │ 142          │
│ sky130_fd_sc_hd__o211ai                                       │ 7            │
│ sky130_fd_sc_hd__o21a                                         │ 122          │
│ sky130_fd_sc_hd__o21ai                                        │ 135          │
│ sky130_fd_sc_hd__o21ba                                        │ 7            │
│ sky130_fd_sc_hd__o21bai                                       │ 3            │
│ sky130_fd_sc_hd__o221a                                        │ 26           │
│ sky130_fd_sc_hd__o22a                                         │ 67           │
│ sky130_fd_sc_hd__o22ai                                        │ 1            │
│ sky130_fd_sc_hd__o2bb2a                                       │ 7            │
│ sky130_fd_sc_hd__o311a                                        │ 7            │
│ sky130_fd_sc_hd__o31a                                         │ 20           │
│ sky130_fd_sc_hd__o31ai                                        │ 6            │
│ sky130_fd_sc_hd__o32a                                         │ 4            │
│ sky130_fd_sc_hd__o41a                                         │ 16           │
│ sky130_fd_sc_hd__or2                                          │ 278          │
│ sky130_fd_sc_hd__or3                                          │ 39           │
│ sky130_fd_sc_hd__or3b                                         │ 14           │
│ sky130_fd_sc_hd__or4                                          │ 22           │
│ sky130_fd_sc_hd__or4b                                         │ 12           │
│ sky130_fd_sc_hd__or4bb                                        │ 4            │
│ sky130_fd_sc_hd__tapvpwrvgnd                                  │ 2496         │
│ sky130_fd_sc_hd__xnor2                                        │ 33           │
│ sky130_fd_sc_hd__xor2                                         │ 27           │
└───────────────────────────────────────────────────────────────┴──────────────┘
                                  Cells by SCL                                  
┏━━━━━━━━━━━━━━━━━━━━━━━━━━━━━━━━━━━━━━━━━━━━━━━━━━━━━━━┳━━━━━━━━━━━━━━━━━━━━━━┓
┃ SCL                                                   ┃ Count                ┃
┡━━━━━━━━━━━━━━━━━━━━━━━━━━━━━━━━━━━━━━━━━━━━━━━━━━━━━━━╇━━━━━━━━━━━━━━━━━━━━━━┩
│ sky130_ef_sc_hd                                       │ 2327                 │
│ sky130_fd_sc_hd                                       │ 19366                │
└───────────────────────────────────────────────────────┴──────────────────────┘
                             Buffers by Cell Master                             
┏━━━━━━━━━━━━━━━━━━━━━━━━━━━━━━━━━━━━━━━━━━━━━━━━━━━━━━━━━━━━━━━━┳━━━━━━━━━━━━━┓
┃ Buffer                                                         ┃ Count       ┃
┡━━━━━━━━━━━━━━━━━━━━━━━━━━━━━━━━━━━━━━━━━━━━━━━━━━━━━━━━━━━━━━━━╇━━━━━━━━━━━━━┩
│ sky130_fd_sc_hd__buf_1                                         │ 28          │
│ sky130_fd_sc_hd__buf_2                                         │ 357         │
│ sky130_fd_sc_hd__buf_4                                         │ 151         │
│ sky130_fd_sc_hd__buf_6                                         │ 3           │
│ sky130_fd_sc_hd__clkbuf_1                                      │ 42          │
│ sky130_fd_sc_hd__clkbuf_16                                     │ 1           │
│ sky130_fd_sc_hd__clkbuf_2                                      │ 153         │
│ sky130_fd_sc_hd__clkbuf_4                                      │ 200         │
│ sky130_fd_sc_hd__clkbuf_8                                      │ 264         │
│ sky130_fd_sc_hd__dlygate4sd3_1                                 │ 1271        │
│ sky130_fd_sc_hd__dlymetal6s2s_1                                │ 29          │
└────────────────────────────────────────────────────────────────┴─────────────┘
