Using 8 threads…
Using a tile size of (500 µm)²…
Reading /home/astha/eda/designs/uas/PROJECT-UAS-APIC/RISC-V/sandbox/RISC-V-PICO-Synthesis/runs/RUN_2025-05-14_14-48-12/56-magic-streamout/picorv32.magic.gds ..
Reading /home/astha/eda/designs/uas/PROJECT-UAS-APIC/RISC-V/sandbox/RISC-V-PICO-Synthesis/runs/RUN_2025-05-14_14-48-12/57-klayout-streamout/picorv32.klayout.gds ..
--- Running XOR for layer 122/16 ---
"input" in: xor.drc:109
    Polygons (raw): 20797 (flat)  141 (hierarchical)
    Elapsed: 0.000s  Memory: 637.00M
"input" in: xor.drc:109
    Polygons (raw): 20797 (flat)  141 (hierarchical)
    Elapsed: 0.000s  Memory: 637.00M
"^" in: xor.drc:109
    Polygons (raw): 0 (flat)  0 (hierarchical)
    Elapsed: 0.270s  Memory: 1213.00M
XOR differences: 0
"output" in: xor.drc:86
    Polygons (raw): 0 (flat)  0 (hierarchical)
    Elapsed: 0.010s  Memory: 1181.00M
--- Running XOR for layer 235/4 ---
"input" in: xor.drc:109
    Polygons (raw): 1 (flat)  1 (hierarchical)
    Elapsed: 0.000s  Memory: 1181.00M
"input" in: xor.drc:109
    Polygons (raw): 1 (flat)  1 (hierarchical)
    Elapsed: 0.000s  Memory: 1181.00M
"^" in: xor.drc:109
    Polygons (raw): 0 (flat)  0 (hierarchical)
    Elapsed: 0.040s  Memory: 1205.00M
XOR differences: 0
"output" in: xor.drc:86
    Polygons (raw): 0 (flat)  0 (hierarchical)
    Elapsed: 0.000s  Memory: 1205.00M
--- Running XOR for layer 236/0 ---
"input" in: xor.drc:109
    Polygons (raw): 15731 (flat)  134 (hierarchical)
    Elapsed: 0.000s  Memory: 1181.00M
"input" in: xor.drc:109
    Polygons (raw): 15731 (flat)  134 (hierarchical)
    Elapsed: 0.010s  Memory: 1181.00M
"^" in: xor.drc:109
    Polygons (raw): 0 (flat)  0 (hierarchical)
    Elapsed: 0.220s  Memory: 1205.00M
XOR differences: 0
"output" in: xor.drc:86
    Polygons (raw): 0 (flat)  0 (hierarchical)
    Elapsed: 0.000s  Memory: 1181.00M
--- Running XOR for layer 64/16 ---
"input" in: xor.drc:109
    Polygons (raw): 20795 (flat)  140 (hierarchical)
    Elapsed: 0.000s  Memory: 1181.00M
"input" in: xor.drc:109
    Polygons (raw): 20795 (flat)  140 (hierarchical)
    Elapsed: 0.000s  Memory: 1181.00M
"^" in: xor.drc:109
    Polygons (raw): 0 (flat)  0 (hierarchical)
    Elapsed: 0.250s  Memory: 1181.00M
XOR differences: 0
"output" in: xor.drc:86
    Polygons (raw): 0 (flat)  0 (hierarchical)
    Elapsed: 0.020s  Memory: 1181.00M
--- Running XOR for layer 64/20 ---
"input" in: xor.drc:109
    Polygons (raw): 21693 (flat)  137 (hierarchical)
    Elapsed: 0.000s  Memory: 1181.00M
"input" in: xor.drc:109
    Polygons (raw): 21693 (flat)  137 (hierarchical)
    Elapsed: 0.000s  Memory: 1181.00M
"^" in: xor.drc:109
    Polygons (raw): 0 (flat)  0 (hierarchical)
    Elapsed: 0.280s  Memory: 1181.00M
XOR differences: 0
"output" in: xor.drc:86
    Polygons (raw): 0 (flat)  0 (hierarchical)
    Elapsed: 0.000s  Memory: 1181.00M
--- Running XOR for layer 64/5 ---
"input" in: xor.drc:109
    Polygons (raw): 0 (flat)  0 (hierarchical)
    Elapsed: 0.000s  Memory: 1181.00M
"input" in: xor.drc:109
    Polygons (raw): 0 (flat)  0 (hierarchical)
    Elapsed: 0.000s  Memory: 1181.00M
"^" in: xor.drc:109
    Polygons (raw): 0 (flat)  0 (hierarchical)
    Elapsed: 0.070s  Memory: 1181.00M
XOR differences: 0
"output" in: xor.drc:86
    Polygons (raw): 0 (flat)  0 (hierarchical)
    Elapsed: 0.000s  Memory: 1181.00M
--- Running XOR for layer 64/59 ---
"input" in: xor.drc:109
    Polygons (raw): 0 (flat)  0 (hierarchical)
    Elapsed: 0.000s  Memory: 1181.00M
"input" in: xor.drc:109
    Polygons (raw): 0 (flat)  0 (hierarchical)
    Elapsed: 0.000s  Memory: 1181.00M
"^" in: xor.drc:109
    Polygons (raw): 0 (flat)  0 (hierarchical)
    Elapsed: 0.070s  Memory: 1181.00M
XOR differences: 0
"output" in: xor.drc:86
    Polygons (raw): 0 (flat)  0 (hierarchical)
    Elapsed: 0.000s  Memory: 1181.00M
--- Running XOR for layer 65/20 ---
"input" in: xor.drc:109
    Polygons (raw): 48709 (flat)  390 (hierarchical)
    Elapsed: 0.010s  Memory: 1181.00M
"input" in: xor.drc:109
    Polygons (raw): 48709 (flat)  390 (hierarchical)
    Elapsed: 0.000s  Memory: 1181.00M
"^" in: xor.drc:109
    Polygons (raw): 0 (flat)  0 (hierarchical)
    Elapsed: 0.530s  Memory: 1181.00M
XOR differences: 0
"output" in: xor.drc:86
    Polygons (raw): 0 (flat)  0 (hierarchical)
    Elapsed: 0.020s  Memory: 1181.00M
--- Running XOR for layer 65/44 ---
"input" in: xor.drc:109
    Polygons (raw): 4992 (flat)  2 (hierarchical)
    Elapsed: 0.000s  Memory: 1181.00M
"input" in: xor.drc:109
    Polygons (raw): 4992 (flat)  2 (hierarchical)
    Elapsed: 0.000s  Memory: 1181.00M
"^" in: xor.drc:109
    Polygons (raw): 0 (flat)  0 (hierarchical)
    Elapsed: 0.070s  Memory: 1189.00M
XOR differences: 0
"output" in: xor.drc:86
    Polygons (raw): 0 (flat)  0 (hierarchical)
    Elapsed: 0.000s  Memory: 1181.00M
--- Running XOR for layer 66/15 ---
"input" in: xor.drc:109
    Polygons (raw): 212 (flat)  2 (hierarchical)
    Elapsed: 0.000s  Memory: 1181.00M
"input" in: xor.drc:109
    Polygons (raw): 212 (flat)  2 (hierarchical)
    Elapsed: 0.000s  Memory: 1181.00M
"^" in: xor.drc:109
    Polygons (raw): 0 (flat)  0 (hierarchical)
    Elapsed: 0.020s  Memory: 1181.00M
XOR differences: 0
"output" in: xor.drc:86
    Polygons (raw): 0 (flat)  0 (hierarchical)
    Elapsed: 0.000s  Memory: 1181.00M
--- Running XOR for layer 66/20 ---
"input" in: xor.drc:109
    Polygons (raw): 76451 (flat)  630 (hierarchical)
    Elapsed: 0.000s  Memory: 1181.00M
"input" in: xor.drc:109
    Polygons (raw): 76451 (flat)  630 (hierarchical)
    Elapsed: 0.000s  Memory: 1181.00M
"^" in: xor.drc:109
    Polygons (raw): 0 (flat)  0 (hierarchical)
    Elapsed: 1.160s  Memory: 1181.00M
XOR differences: 0
"output" in: xor.drc:86
    Polygons (raw): 0 (flat)  0 (hierarchical)
    Elapsed: 0.010s  Memory: 1181.00M
--- Running XOR for layer 66/44 ---
"input" in: xor.drc:109
    Polygons (raw): 308991 (flat)  3761 (hierarchical)
    Elapsed: 0.010s  Memory: 1181.00M
"input" in: xor.drc:109
    Polygons (raw): 308991 (flat)  3761 (hierarchical)
    Elapsed: 0.000s  Memory: 1181.00M
"^" in: xor.drc:109
    Polygons (raw): 0 (flat)  0 (hierarchical)
    Elapsed: 1.880s  Memory: 1181.00M
XOR differences: 0
"output" in: xor.drc:86
    Polygons (raw): 0 (flat)  0 (hierarchical)
    Elapsed: 0.020s  Memory: 1181.00M
--- Running XOR for layer 67/16 ---
"input" in: xor.drc:109
    Polygons (raw): 69608 (flat)  1116 (hierarchical)
    Elapsed: 0.000s  Memory: 1181.00M
"input" in: xor.drc:109
    Polygons (raw): 69608 (flat)  1116 (hierarchical)
    Elapsed: 0.000s  Memory: 1181.00M
"^" in: xor.drc:109
    Polygons (raw): 0 (flat)  0 (hierarchical)
    Elapsed: 0.390s  Memory: 1181.00M
XOR differences: 0
"output" in: xor.drc:86
    Polygons (raw): 0 (flat)  0 (hierarchical)
    Elapsed: 0.000s  Memory: 1181.00M
--- Running XOR for layer 67/20 ---
"input" in: xor.drc:109
    Polygons (raw): 161922 (flat)  32719 (hierarchical)
    Elapsed: 0.000s  Memory: 1181.00M
"input" in: xor.drc:109
    Polygons (raw): 161922 (flat)  1099 (hierarchical)
    Elapsed: 0.000s  Memory: 1181.00M
"^" in: xor.drc:109
    Polygons (raw): 0 (flat)  0 (hierarchical)
    Elapsed: 2.140s  Memory: 1189.00M
XOR differences: 0
"output" in: xor.drc:86
    Polygons (raw): 0 (flat)  0 (hierarchical)
    Elapsed: 0.020s  Memory: 1181.00M
--- Running XOR for layer 67/44 ---
"input" in: xor.drc:109
    Polygons (raw): 327814 (flat)  33917 (hierarchical)
    Elapsed: 0.000s  Memory: 1181.00M
"input" in: xor.drc:109
    Polygons (raw): 327814 (flat)  2297 (hierarchical)
    Elapsed: 0.000s  Memory: 1181.00M
"^" in: xor.drc:109
    Polygons (raw): 0 (flat)  0 (hierarchical)
    Elapsed: 1.480s  Memory: 1181.00M
XOR differences: 0
"output" in: xor.drc:86
    Polygons (raw): 0 (flat)  0 (hierarchical)
    Elapsed: 0.020s  Memory: 1181.00M
--- Running XOR for layer 67/5 ---
"input" in: xor.drc:109
    Polygons (raw): 0 (flat)  0 (hierarchical)
    Elapsed: 0.000s  Memory: 1181.00M
"input" in: xor.drc:109
    Polygons (raw): 0 (flat)  0 (hierarchical)
    Elapsed: 0.000s  Memory: 1181.00M
"^" in: xor.drc:109
    Polygons (raw): 0 (flat)  0 (hierarchical)
    Elapsed: 0.050s  Memory: 1181.00M
XOR differences: 0
"output" in: xor.drc:86
    Polygons (raw): 0 (flat)  0 (hierarchical)
    Elapsed: 0.000s  Memory: 1181.00M
--- Running XOR for layer 68/16 ---
"input" in: xor.drc:109
    Polygons (raw): 43700 (flat)  278 (hierarchical)
    Elapsed: 0.010s  Memory: 1181.00M
"input" in: xor.drc:109
    Polygons (raw): 43700 (flat)  278 (hierarchical)
    Elapsed: 0.000s  Memory: 1181.00M
"^" in: xor.drc:109
    Polygons (raw): 0 (flat)  0 (hierarchical)
    Elapsed: 0.390s  Memory: 1189.00M
XOR differences: 0
"output" in: xor.drc:86
    Polygons (raw): 0 (flat)  0 (hierarchical)
    Elapsed: 0.000s  Memory: 1181.00M
--- Running XOR for layer 68/20 ---
"input" in: xor.drc:109
    Polygons (raw): 188973 (flat)  140557 (hierarchical)
    Elapsed: 0.000s  Memory: 1181.00M
"input" in: xor.drc:109
    Polygons (raw): 159542 (flat)  42337 (hierarchical)
    Elapsed: 0.000s  Memory: 1181.00M
"^" in: xor.drc:109
    Polygons (raw): 0 (flat)  0 (hierarchical)
    Elapsed: 1.580s  Memory: 1213.00M
XOR differences: 0
"output" in: xor.drc:86
    Polygons (raw): 0 (flat)  0 (hierarchical)
    Elapsed: 0.020s  Memory: 1181.00M
--- Running XOR for layer 68/44 ---
"input" in: xor.drc:109
    Polygons (raw): 39032 (flat)  39032 (hierarchical)
    Elapsed: 0.000s  Memory: 1181.00M
"input" in: xor.drc:109
    Polygons (raw): 39032 (flat)  7 (hierarchical)
    Elapsed: 0.000s  Memory: 1181.00M
"^" in: xor.drc:109
    Polygons (raw): 0 (flat)  0 (hierarchical)
    Elapsed: 0.280s  Memory: 1181.00M
XOR differences: 0
"output" in: xor.drc:86
    Polygons (raw): 0 (flat)  0 (hierarchical)
    Elapsed: 0.000s  Memory: 1181.00M
--- Running XOR for layer 68/5 ---
"input" in: xor.drc:109
    Polygons (raw): 0 (flat)  0 (hierarchical)
    Elapsed: 0.000s  Memory: 1181.00M
"input" in: xor.drc:109
    Polygons (raw): 0 (flat)  0 (hierarchical)
    Elapsed: 0.000s  Memory: 1181.00M
"^" in: xor.drc:109
    Polygons (raw): 0 (flat)  0 (hierarchical)
    Elapsed: 0.080s  Memory: 1181.00M
XOR differences: 0
"output" in: xor.drc:86
    Polygons (raw): 0 (flat)  0 (hierarchical)
    Elapsed: 0.000s  Memory: 1181.00M
--- Running XOR for layer 69/16 ---
"input" in: xor.drc:109
    Polygons (raw): 200 (flat)  200 (hierarchical)
    Elapsed: 0.000s  Memory: 1181.00M
"input" in: xor.drc:109
    Polygons (raw): 200 (flat)  200 (hierarchical)
    Elapsed: 0.000s  Memory: 1181.00M
"^" in: xor.drc:109
    Polygons (raw): 0 (flat)  0 (hierarchical)
    Elapsed: 0.030s  Memory: 1189.00M
XOR differences: 0
"output" in: xor.drc:86
    Polygons (raw): 0 (flat)  0 (hierarchical)
    Elapsed: 0.000s  Memory: 1181.00M
--- Running XOR for layer 69/20 ---
"input" in: xor.drc:109
    Polygons (raw): 71183 (flat)  71183 (hierarchical)
    Elapsed: 0.000s  Memory: 1181.00M
"input" in: xor.drc:109
    Polygons (raw): 70560 (flat)  28899 (hierarchical)
    Elapsed: 0.000s  Memory: 1181.00M
"^" in: xor.drc:109
    Polygons (raw): 0 (flat)  0 (hierarchical)
    Elapsed: 0.760s  Memory: 1197.00M
XOR differences: 0
"output" in: xor.drc:86
    Polygons (raw): 0 (flat)  0 (hierarchical)
    Elapsed: 0.020s  Memory: 1181.00M
--- Running XOR for layer 69/44 ---
"input" in: xor.drc:109
    Polygons (raw): 5889 (flat)  5889 (hierarchical)
    Elapsed: 0.000s  Memory: 1181.00M
"input" in: xor.drc:109
    Polygons (raw): 5889 (flat)  5 (hierarchical)
    Elapsed: 0.000s  Memory: 1181.00M
"^" in: xor.drc:109
    Polygons (raw): 0 (flat)  0 (hierarchical)
    Elapsed: 0.070s  Memory: 1181.00M
XOR differences: 0
"output" in: xor.drc:86
    Polygons (raw): 0 (flat)  0 (hierarchical)
    Elapsed: 0.000s  Memory: 1181.00M
--- Running XOR for layer 69/5 ---
"input" in: xor.drc:109
    Polygons (raw): 0 (flat)  0 (hierarchical)
    Elapsed: 0.000s  Memory: 1181.00M
"input" in: xor.drc:109
    Polygons (raw): 0 (flat)  0 (hierarchical)
    Elapsed: 0.000s  Memory: 1181.00M
"^" in: xor.drc:109
    Polygons (raw): 0 (flat)  0 (hierarchical)
    Elapsed: 0.040s  Memory: 1189.00M
XOR differences: 0
"output" in: xor.drc:86
    Polygons (raw): 0 (flat)  0 (hierarchical)
    Elapsed: 0.000s  Memory: 1181.00M
--- Running XOR for layer 70/16 ---
"input" in: xor.drc:109
    Polygons (raw): 209 (flat)  209 (hierarchical)
    Elapsed: 0.000s  Memory: 1181.00M
"input" in: xor.drc:109
    Polygons (raw): 209 (flat)  209 (hierarchical)
    Elapsed: 0.000s  Memory: 1181.00M
"^" in: xor.drc:109
    Polygons (raw): 0 (flat)  0 (hierarchical)
    Elapsed: 0.040s  Memory: 1197.00M
XOR differences: 0
"output" in: xor.drc:86
    Polygons (raw): 0 (flat)  0 (hierarchical)
    Elapsed: 0.000s  Memory: 1189.00M
--- Running XOR for layer 70/20 ---
"input" in: xor.drc:109
    Polygons (raw): 13643 (flat)  13643 (hierarchical)
    Elapsed: 0.000s  Memory: 1181.00M
"input" in: xor.drc:109
    Polygons (raw): 10095 (flat)  4171 (hierarchical)
    Elapsed: 0.000s  Memory: 1181.00M
"^" in: xor.drc:109
    Polygons (raw): 0 (flat)  0 (hierarchical)
    Elapsed: 0.160s  Memory: 1181.00M
XOR differences: 0
"output" in: xor.drc:86
    Polygons (raw): 0 (flat)  0 (hierarchical)
    Elapsed: 0.000s  Memory: 1181.00M
--- Running XOR for layer 70/44 ---
"input" in: xor.drc:109
    Polygons (raw): 2829 (flat)  2829 (hierarchical)
    Elapsed: 0.000s  Memory: 1181.00M
"input" in: xor.drc:109
    Polygons (raw): 2829 (flat)  5 (hierarchical)
    Elapsed: 0.000s  Memory: 1181.00M
"^" in: xor.drc:109
    Polygons (raw): 0 (flat)  0 (hierarchical)
    Elapsed: 0.060s  Memory: 1181.00M
XOR differences: 0
"output" in: xor.drc:86
    Polygons (raw): 0 (flat)  0 (hierarchical)
    Elapsed: 0.000s  Memory: 1181.00M
--- Running XOR for layer 70/5 ---
"input" in: xor.drc:109
    Polygons (raw): 0 (flat)  0 (hierarchical)
    Elapsed: 0.000s  Memory: 1181.00M
"input" in: xor.drc:109
    Polygons (raw): 0 (flat)  0 (hierarchical)
    Elapsed: 0.000s  Memory: 1181.00M
"^" in: xor.drc:109
    Polygons (raw): 0 (flat)  0 (hierarchical)
    Elapsed: 0.030s  Memory: 1181.00M
XOR differences: 0
"output" in: xor.drc:86
    Polygons (raw): 0 (flat)  0 (hierarchical)
    Elapsed: 0.000s  Memory: 1181.00M
--- Running XOR for layer 71/16 ---
"input" in: xor.drc:109
    Polygons (raw): 6 (flat)  6 (hierarchical)
    Elapsed: 0.000s  Memory: 1181.00M
"input" in: xor.drc:109
    Polygons (raw): 6 (flat)  6 (hierarchical)
    Elapsed: 0.000s  Memory: 1181.00M
"^" in: xor.drc:109
    Polygons (raw): 0 (flat)  0 (hierarchical)
    Elapsed: 0.050s  Memory: 1181.00M
XOR differences: 0
"output" in: xor.drc:86
    Polygons (raw): 0 (flat)  0 (hierarchical)
    Elapsed: 0.000s  Memory: 1181.00M
--- Running XOR for layer 71/20 ---
"input" in: xor.drc:109
    Polygons (raw): 1529 (flat)  1529 (hierarchical)
    Elapsed: 0.000s  Memory: 1181.00M
"input" in: xor.drc:109
    Polygons (raw): 2016 (flat)  566 (hierarchical)
    Elapsed: 0.000s  Memory: 1181.00M
"^" in: xor.drc:109
    Polygons (raw): 0 (flat)  0 (hierarchical)
    Elapsed: 0.060s  Memory: 1181.00M
XOR differences: 0
"output" in: xor.drc:86
    Polygons (raw): 0 (flat)  0 (hierarchical)
    Elapsed: 0.000s  Memory: 1181.00M
--- Running XOR for layer 71/44 ---
"input" in: xor.drc:109
    Polygons (raw): 20 (flat)  20 (hierarchical)
    Elapsed: 0.000s  Memory: 1181.00M
"input" in: xor.drc:109
    Polygons (raw): 20 (flat)  2 (hierarchical)
    Elapsed: 0.000s  Memory: 1181.00M
"^" in: xor.drc:109
    Polygons (raw): 0 (flat)  0 (hierarchical)
    Elapsed: 0.030s  Memory: 1181.00M
XOR differences: 0
"output" in: xor.drc:86
    Polygons (raw): 0 (flat)  0 (hierarchical)
    Elapsed: 0.000s  Memory: 1181.00M
--- Running XOR for layer 71/5 ---
"input" in: xor.drc:109
    Polygons (raw): 0 (flat)  0 (hierarchical)
    Elapsed: 0.000s  Memory: 1181.00M
"input" in: xor.drc:109
    Polygons (raw): 0 (flat)  0 (hierarchical)
    Elapsed: 0.000s  Memory: 1181.00M
"^" in: xor.drc:109
    Polygons (raw): 0 (flat)  0 (hierarchical)
    Elapsed: 0.020s  Memory: 1181.00M
XOR differences: 0
"output" in: xor.drc:86
    Polygons (raw): 0 (flat)  0 (hierarchical)
    Elapsed: 0.000s  Memory: 1181.00M
--- Running XOR for layer 72/16 ---
"input" in: xor.drc:109
    Polygons (raw): 6 (flat)  6 (hierarchical)
    Elapsed: 0.000s  Memory: 1181.00M
"input" in: xor.drc:109
    Polygons (raw): 6 (flat)  6 (hierarchical)
    Elapsed: 0.000s  Memory: 1181.00M
"^" in: xor.drc:109
    Polygons (raw): 0 (flat)  0 (hierarchical)
    Elapsed: 0.040s  Memory: 1181.00M
XOR differences: 0
"output" in: xor.drc:86
    Polygons (raw): 0 (flat)  0 (hierarchical)
    Elapsed: 0.000s  Memory: 1181.00M
--- Running XOR for layer 72/20 ---
"input" in: xor.drc:109
    Polygons (raw): 7 (flat)  7 (hierarchical)
    Elapsed: 0.000s  Memory: 1181.00M
"input" in: xor.drc:109
    Polygons (raw): 33 (flat)  15 (hierarchical)
    Elapsed: 0.000s  Memory: 1181.00M
"^" in: xor.drc:109
    Polygons (raw): 0 (flat)  0 (hierarchical)
    Elapsed: 0.040s  Memory: 1181.00M
XOR differences: 0
"output" in: xor.drc:86
    Polygons (raw): 0 (flat)  0 (hierarchical)
    Elapsed: 0.000s  Memory: 1181.00M
--- Running XOR for layer 72/5 ---
"input" in: xor.drc:109
    Polygons (raw): 0 (flat)  0 (hierarchical)
    Elapsed: 0.000s  Memory: 1181.00M
"input" in: xor.drc:109
    Polygons (raw): 0 (flat)  0 (hierarchical)
    Elapsed: 0.000s  Memory: 1181.00M
"^" in: xor.drc:109
    Polygons (raw): 0 (flat)  0 (hierarchical)
    Elapsed: 0.030s  Memory: 1205.00M
XOR differences: 0
"output" in: xor.drc:86
    Polygons (raw): 0 (flat)  0 (hierarchical)
    Elapsed: 0.000s  Memory: 1181.00M
--- Running XOR for layer 78/44 ---
"input" in: xor.drc:109
    Polygons (raw): 21999 (flat)  139 (hierarchical)
    Elapsed: 0.000s  Memory: 1181.00M
"input" in: xor.drc:109
    Polygons (raw): 21999 (flat)  139 (hierarchical)
    Elapsed: 0.010s  Memory: 1181.00M
"^" in: xor.drc:109
    Polygons (raw): 0 (flat)  0 (hierarchical)
    Elapsed: 0.260s  Memory: 1181.00M
XOR differences: 0
"output" in: xor.drc:86
    Polygons (raw): 0 (flat)  0 (hierarchical)
    Elapsed: 0.020s  Memory: 1181.00M
--- Running XOR for layer 81/23 ---
"input" in: xor.drc:109
    Polygons (raw): 114 (flat)  1 (hierarchical)
    Elapsed: 0.000s  Memory: 1181.00M
"input" in: xor.drc:109
    Polygons (raw): 114 (flat)  1 (hierarchical)
    Elapsed: 0.000s  Memory: 1181.00M
"^" in: xor.drc:109
    Polygons (raw): 0 (flat)  0 (hierarchical)
    Elapsed: 0.020s  Memory: 1181.00M
XOR differences: 0
"output" in: xor.drc:86
    Polygons (raw): 0 (flat)  0 (hierarchical)
    Elapsed: 0.000s  Memory: 1181.00M
--- Running XOR for layer 81/4 ---
"input" in: xor.drc:109
    Polygons (raw): 21693 (flat)  137 (hierarchical)
    Elapsed: 0.000s  Memory: 1181.00M
"input" in: xor.drc:109
    Polygons (raw): 21693 (flat)  137 (hierarchical)
    Elapsed: 0.000s  Memory: 1181.00M
"^" in: xor.drc:109
    Polygons (raw): 0 (flat)  0 (hierarchical)
    Elapsed: 0.260s  Memory: 1181.00M
XOR differences: 0
"output" in: xor.drc:86
    Polygons (raw): 0 (flat)  0 (hierarchical)
    Elapsed: 0.000s  Memory: 1181.00M
--- Running XOR for layer 83/44 ---
"input" in: xor.drc:109
    Polygons (raw): 0 (flat)  0 (hierarchical)
    Elapsed: 0.000s  Memory: 1181.00M
"input" in: xor.drc:109
    Polygons (raw): 0 (flat)  0 (hierarchical)
    Elapsed: 0.000s  Memory: 1181.00M
"^" in: xor.drc:109
    Polygons (raw): 0 (flat)  0 (hierarchical)
    Elapsed: 0.090s  Memory: 1197.00M
XOR differences: 0
"output" in: xor.drc:86
    Polygons (raw): 0 (flat)  0 (hierarchical)
    Elapsed: 0.000s  Memory: 1197.00M
--- Running XOR for layer 93/44 ---
"input" in: xor.drc:109
    Polygons (raw): 24189 (flat)  138 (hierarchical)
    Elapsed: 0.000s  Memory: 1181.00M
"input" in: xor.drc:109
    Polygons (raw): 24189 (flat)  138 (hierarchical)
    Elapsed: 0.000s  Memory: 1181.00M
"^" in: xor.drc:109
    Polygons (raw): 0 (flat)  0 (hierarchical)
    Elapsed: 0.320s  Memory: 1181.00M
XOR differences: 0
"output" in: xor.drc:86
    Polygons (raw): 0 (flat)  0 (hierarchical)
    Elapsed: 0.020s  Memory: 1181.00M
--- Running XOR for layer 94/20 ---
"input" in: xor.drc:109
    Polygons (raw): 24189 (flat)  138 (hierarchical)
    Elapsed: 0.000s  Memory: 1181.00M
"input" in: xor.drc:109
    Polygons (raw): 24189 (flat)  138 (hierarchical)
    Elapsed: 0.000s  Memory: 1181.00M
"^" in: xor.drc:109
    Polygons (raw): 0 (flat)  0 (hierarchical)
    Elapsed: 0.370s  Memory: 1181.00M
XOR differences: 0
"output" in: xor.drc:86
    Polygons (raw): 0 (flat)  0 (hierarchical)
    Elapsed: 0.000s  Memory: 1181.00M
--- Running XOR for layer 95/20 ---
"input" in: xor.drc:109
    Polygons (raw): 16190 (flat)  148 (hierarchical)
    Elapsed: 0.000s  Memory: 1181.00M
"input" in: xor.drc:109
    Polygons (raw): 16190 (flat)  148 (hierarchical)
    Elapsed: 0.000s  Memory: 1181.00M
"^" in: xor.drc:109
    Polygons (raw): 0 (flat)  0 (hierarchical)
    Elapsed: 0.310s  Memory: 1197.00M
XOR differences: 0
"output" in: xor.drc:86
    Polygons (raw): 0 (flat)  0 (hierarchical)
    Elapsed: 0.010s  Memory: 1181.00M
---
Total XOR differences: 0
Writing report database: /home/astha/eda/designs/uas/PROJECT-UAS-APIC/RISC-V/sandbox/RISC-V-PICO-Synthesis/runs/RUN_2025-05-14_14-48-12/60-klayout-xor/xor.xml ..
Total elapsed: 15.500s  Memory: 1181.00M
/home/astha/eda/designs/uas/PROJECT-UAS-APIC/RISC-V/sandbox/RISC-V-PICO-Synthesis/runs/RUN_2025-05-14_14-48-12/56-magic-streamout/picorv32.magic.gds
/home/astha/eda/designs/uas/PROJECT-UAS-APIC/RISC-V/sandbox/RISC-V-PICO-Synthesis/runs/RUN_2025-05-14_14-48-12/57-klayout-streamout/picorv32.klayout.gds
%OL_METRIC_I design__xor_difference__count 0
