Clock: clk
Sources: clk 
Generated: no
Virtual: yes
Propagated: no
Period: 25.000000

===========================================================================
report_clock_properties
============================================================================
Clock                   Period          Waveform
----------------------------------------------------
clk                  25.000000    0.000000 12.500000

===========================================================================
report_clock_latency
============================================================================
Clock clk
rise -> rise
    min     max
0.000000 0.000000 source latency
0.923233         network latency _10706_/CLK
        1.207200 network latency _10811_/CLK
---------------
0.923233 1.207200 latency
        0.283967 skew

fall -> fall
    min     max
0.000000 0.000000 source latency
0.703301         network latency _10706_/CLK
        0.954381 network latency _10811_/CLK
---------------
0.703301 0.954381 latency
        0.251081 skew



===========================================================================
report_clock_min_period
============================================================================
clk period_min = 8.60 fmax = 116.33
