Clock: clk
Sources: clk 
Generated: no
Virtual: yes
Propagated: no
Period: 25.000000

===========================================================================
report_clock_properties
============================================================================
Clock                   Period          Waveform
----------------------------------------------------
clk                  25.000000    0.000000 12.500000

===========================================================================
report_clock_latency
============================================================================
Clock clk
rise -> rise
    min     max
0.000000 0.000000 source latency
0.633560         network latency _10706_/CLK
        0.827711 network latency _10811_/CLK
---------------
0.633560 0.827711 latency
        0.194151 skew

fall -> fall
    min     max
0.000000 0.000000 source latency
0.488241         network latency _10706_/CLK
        0.666359 network latency _10811_/CLK
---------------
0.488241 0.666359 latency
        0.178118 skew



===========================================================================
report_clock_min_period
============================================================================
clk period_min = 5.46 fmax = 183.00
