
===========================================================================
report_checks -unconstrained
===========================================================================
======================= max_ss_100C_1v60 Corner ===================================

Startpoint: _11111_ (rising edge-triggered flip-flop clocked by clk)
Endpoint: _10520_ (rising edge-triggered flip-flop clocked by clk)
Path Group: clk
Path Type: max

Fanout         Cap        Slew       Delay        Time   Description
---------------------------------------------------------------------------------------------
                                  0.000000    0.000000   clock clk (rise edge)
                                  0.000000    0.000000   clock source latency
     2    0.068778    0.494372    0.345678    0.345678 ^ clk (in)
                                                         clk (net)
                      0.494428    0.000000    0.345678 ^ clkbuf_0_clk/A (sky130_fd_sc_hd__clkbuf_16)
    16    0.287891    0.446206    0.681498    1.027176 ^ clkbuf_0_clk/X (sky130_fd_sc_hd__clkbuf_16)
                                                         clknet_0_clk (net)
                      0.449074    0.029012    1.056188 ^ clkbuf_4_11_0_clk/A (sky130_fd_sc_hd__clkbuf_8)
    12    0.124735    0.340784    0.593805    1.649994 ^ clkbuf_4_11_0_clk/X (sky130_fd_sc_hd__clkbuf_8)
                                                         clknet_4_11_0_clk (net)
                      0.341056    0.008807    1.658801 ^ clkbuf_leaf_100_clk/A (sky130_fd_sc_hd__clkbuf_8)
    13    0.047082    0.148389    0.410425    2.069225 ^ clkbuf_leaf_100_clk/X (sky130_fd_sc_hd__clkbuf_8)
                                                         clknet_leaf_100_clk (net)
                      0.148400    0.001400    2.070626 ^ _11111_/CLK (sky130_fd_sc_hd__dfxtp_1)
     4    0.019353    0.297776    0.833444    2.904070 ^ _11111_/Q (sky130_fd_sc_hd__dfxtp_1)
                                                         cpu_state[1] (net)
                      0.297776    0.001090    2.905160 ^ fanout718/A (sky130_fd_sc_hd__buf_2)
    10    0.044642    0.350329    0.497081    3.402241 ^ fanout718/X (sky130_fd_sc_hd__buf_2)
                                                         net718 (net)
                      0.350384    0.004369    3.406610 ^ _07666_/A (sky130_fd_sc_hd__and4_1)
     6    0.025199    0.404784    0.705426    4.112036 ^ _07666_/X (sky130_fd_sc_hd__and4_1)
                                                         _03589_ (net)
                      0.404796    0.002756    4.114792 ^ _07673_/D (sky130_fd_sc_hd__and4_1)
     6    0.022167    0.362286    0.724282    4.839074 ^ _07673_/X (sky130_fd_sc_hd__and4_1)
                                                         _03593_ (net)
                      0.362291    0.001922    4.840997 ^ _07681_/D (sky130_fd_sc_hd__and4_1)
     6    0.021705    0.355817    0.707312    5.548309 ^ _07681_/X (sky130_fd_sc_hd__and4_1)
                                                         _03598_ (net)
                      0.355827    0.002406    5.550714 ^ _07689_/D (sky130_fd_sc_hd__and4_1)
     6    0.023036    0.374356    0.719906    6.270621 ^ _07689_/X (sky130_fd_sc_hd__and4_1)
                                                         _03603_ (net)
                      0.374364    0.002364    6.272985 ^ _07697_/D (sky130_fd_sc_hd__and4_1)
     6    0.024620    0.396555    0.741967    7.014952 ^ _07697_/X (sky130_fd_sc_hd__and4_1)
                                                         _03608_ (net)
                      0.396562    0.002255    7.017208 ^ _07705_/D (sky130_fd_sc_hd__and4_1)
     6    0.021153    0.347981    0.711535    7.728742 ^ _07705_/X (sky130_fd_sc_hd__and4_1)
                                                         _03613_ (net)
                      0.347981    0.001421    7.730164 ^ _07713_/D (sky130_fd_sc_hd__and4_2)
     8    0.029143    0.293253    0.756469    8.486632 ^ _07713_/X (sky130_fd_sc_hd__and4_2)
                                                         _03618_ (net)
                      0.293268    0.002405    8.489038 ^ _07725_/C (sky130_fd_sc_hd__and4_1)
     5    0.014364    0.253314    0.601217    9.090254 ^ _07725_/X (sky130_fd_sc_hd__and4_1)
                                                         _03626_ (net)
                      0.253315    0.001087    9.091341 ^ _07734_/D (sky130_fd_sc_hd__and4_1)
     6    0.018962    0.317006    0.648574    9.739915 ^ _07734_/X (sky130_fd_sc_hd__and4_1)
                                                         _03632_ (net)
                      0.317006    0.001206    9.741121 ^ _07742_/D (sky130_fd_sc_hd__and4_1)
     6    0.019926    0.330682    0.676327   10.417449 ^ _07742_/X (sky130_fd_sc_hd__and4_1)
                                                         _03637_ (net)
                      0.330683    0.001513   10.418962 ^ _07750_/D (sky130_fd_sc_hd__and4_2)
     6    0.048397    0.440197    0.867966   11.286927 ^ _07750_/X (sky130_fd_sc_hd__and4_2)
                                                         _03642_ (net)
                      0.440432    0.009372   11.296299 ^ _07758_/D (sky130_fd_sc_hd__and4_1)
     6    0.021188    0.348781    0.723452   12.019751 ^ _07758_/X (sky130_fd_sc_hd__and4_1)
                                                         _03647_ (net)
                      0.348795    0.002659   12.022410 ^ _07766_/D (sky130_fd_sc_hd__and4_1)
     6    0.024476    0.394650    0.732865   12.755276 ^ _07766_/X (sky130_fd_sc_hd__and4_1)
                                                         _03652_ (net)
                      0.394668    0.003093   12.758368 ^ _07774_/D (sky130_fd_sc_hd__and4_1)
     6    0.021393    0.351342    0.713532   13.471900 ^ _07774_/X (sky130_fd_sc_hd__and4_1)
                                                         _03657_ (net)
                      0.351342    0.001387   13.473288 ^ _07782_/D (sky130_fd_sc_hd__and4_1)
     6    0.021126    0.347533    0.698571   14.171859 ^ _07782_/X (sky130_fd_sc_hd__and4_1)
                                                         _03662_ (net)
                      0.347535    0.001675   14.173533 ^ _07790_/D (sky130_fd_sc_hd__and4_1)
     6    0.018154    0.306057    0.665887   14.839420 ^ _07790_/X (sky130_fd_sc_hd__and4_1)
                                                         _03667_ (net)
                      0.306059    0.001459   14.840880 ^ _07798_/D (sky130_fd_sc_hd__and4_1)
     6    0.018294    0.307886    0.655924   15.496804 ^ _07798_/X (sky130_fd_sc_hd__and4_1)
                                                         _03672_ (net)
                      0.307887    0.001478   15.498282 ^ _07806_/D (sky130_fd_sc_hd__and4_1)
     6    0.017162    0.292105    0.644512   16.142794 ^ _07806_/X (sky130_fd_sc_hd__and4_1)
                                                         _03677_ (net)
                      0.292105    0.001100   16.143894 ^ _07814_/D (sky130_fd_sc_hd__and4_1)
     6    0.022072    0.360747    0.691893   16.835787 ^ _07814_/X (sky130_fd_sc_hd__and4_1)
                                                         _03682_ (net)
                      0.360759    0.002560   16.838346 ^ _07822_/D (sky130_fd_sc_hd__and4_1)
     6    0.019509    0.324953    0.684077   17.522423 ^ _07822_/X (sky130_fd_sc_hd__and4_1)
                                                         _03687_ (net)
                      0.324954    0.001378   17.523802 ^ _07830_/D (sky130_fd_sc_hd__and4_1)
     3    0.010592    0.206344    0.573943   18.097744 ^ _07830_/X (sky130_fd_sc_hd__and4_1)
                                                         _03692_ (net)
                      0.206344    0.000771   18.098515 ^ _07833_/A2 (sky130_fd_sc_hd__o21ai_1)
     1    0.003366    0.120618    0.169880   18.268394 v _07833_/Y (sky130_fd_sc_hd__o21ai_1)
                                                         _03694_ (net)
                      0.120618    0.000252   18.268648 v _07834_/B1 (sky130_fd_sc_hd__a21oi_1)
     1    0.002071    0.146483    0.185334   18.453981 ^ _07834_/Y (sky130_fd_sc_hd__a21oi_1)
                                                         _00644_ (net)
                      0.146483    0.000094   18.454077 ^ _10520_/D (sky130_fd_sc_hd__dfxtp_1)
                                             18.454077   data arrival time

                                 25.000000   25.000000   clock clk (rise edge)
                                  0.000000   25.000000   clock source latency
     2    0.068778    0.494372    0.345679   25.345678 ^ clk (in)
                                                         clk (net)
                      0.494428    0.000000   25.345678 ^ clkbuf_0_clk/A (sky130_fd_sc_hd__clkbuf_16)
    16    0.287891    0.446206    0.681498   26.027176 ^ clkbuf_0_clk/X (sky130_fd_sc_hd__clkbuf_16)
                                                         clknet_0_clk (net)
                      0.447671    0.021020   26.048195 ^ clkbuf_4_15_0_clk/A (sky130_fd_sc_hd__clkbuf_8)
     9    0.090965    0.256006    0.535255   26.583450 ^ clkbuf_4_15_0_clk/X (sky130_fd_sc_hd__clkbuf_8)
                                                         clknet_4_15_0_clk (net)
                      0.256038    0.002990   26.586441 ^ clkbuf_leaf_81_clk/A (sky130_fd_sc_hd__clkbuf_8)
    11    0.037399    0.123986    0.356609   26.943050 ^ clkbuf_leaf_81_clk/X (sky130_fd_sc_hd__clkbuf_8)
                                                         clknet_leaf_81_clk (net)
                      0.124006    0.001611   26.944660 ^ _10520_/CLK (sky130_fd_sc_hd__dfxtp_1)
                                 -0.250000   26.694662   clock uncertainty
                                  0.000000   26.694662   clock reconvergence pessimism
                                 -0.139093   26.555569   library setup time
                                             26.555569   data required time
---------------------------------------------------------------------------------------------
                                             26.555569   data required time
                                            -18.454077   data arrival time
---------------------------------------------------------------------------------------------
                                              8.101493   slack (MET)




===========================================================================
report_checks --slack_max -0.01
============================================================================
======================= max_ss_100C_1v60 Corner ===================================

No paths found.


===========================================================================
 report_check_types -max_slew -max_cap -max_fanout -violators
============================================================================
======================= max_ss_100C_1v60 Corner ===================================

max slew

Pin                                        Limit        Slew       Slack
------------------------------------------------------------------------
ANTENNA_7/DIODE                         0.750000    1.395176   -0.645176 (VIOLATED)
fanout610/A                             0.750000    1.395177   -0.645177 (VIOLATED)
fanout609/A                             0.750000    1.395109   -0.645109 (VIOLATED)
_04987_/Y                               0.750000    1.395104   -0.645104 (VIOLATED)
fanout368/A                             0.750000    1.362882   -0.612882 (VIOLATED)
fanout366/A                             0.750000    1.362822   -0.612822 (VIOLATED)
_09666_/Y                               0.750000    1.362768   -0.612768 (VIOLATED)
ANTENNA_19/DIODE                        0.750000    1.352423   -0.602423 (VIOLATED)
fanout307/A                             0.750000    1.352423   -0.602423 (VIOLATED)
fanout305/A                             0.750000    1.352405   -0.602405 (VIOLATED)
_06304_/Y                               0.750000    1.352386   -0.602386 (VIOLATED)
fanout433/A                             0.750000    1.305480   -0.555480 (VIOLATED)
ANTENNA_31/DIODE                        0.750000    1.305475   -0.555475 (VIOLATED)
fanout432/A                             0.750000    1.305401   -0.555402 (VIOLATED)
ANTENNA_30/DIODE                        0.750000    1.305399   -0.555399 (VIOLATED)
fanout431/A                             0.750000    1.304671   -0.554671 (VIOLATED)
_07461_/Y                               0.750000    1.304640   -0.554640 (VIOLATED)
fanout469/A                             0.750000    1.278346   -0.528346 (VIOLATED)
ANTENNA_24/DIODE                        0.750000    1.278344   -0.528344 (VIOLATED)
fanout468/A                             0.750000    1.278276   -0.528276 (VIOLATED)
ANTENNA_23/DIODE                        0.750000    1.278272   -0.528272 (VIOLATED)
fanout467/A                             0.750000    1.277820   -0.527820 (VIOLATED)
_07158_/Y                               0.750000    1.277787   -0.527787 (VIOLATED)
fanout460/A                             0.750000    1.276479   -0.526479 (VIOLATED)
ANTENNA_25/DIODE                        0.750000    1.276472   -0.526472 (VIOLATED)
fanout461/A                             0.750000    1.276210   -0.526210 (VIOLATED)
fanout459/A                             0.750000    1.274465   -0.524465 (VIOLATED)
_07228_/Y                               0.750000    1.274341   -0.524341 (VIOLATED)
fanout392/A                             0.750000    1.197718   -0.447718 (VIOLATED)
fanout390/A                             0.750000    1.197677   -0.447677 (VIOLATED)
_09467_/Y                               0.750000    1.197656   -0.447656 (VIOLATED)
fanout440/A                             0.750000    1.140473   -0.390473 (VIOLATED)
ANTENNA_28/DIODE                        0.750000    1.140471   -0.390471 (VIOLATED)
ANTENNA_29/DIODE                        0.750000    1.140420   -0.390420 (VIOLATED)
fanout441/A                             0.750000    1.140420   -0.390420 (VIOLATED)
fanout439/A                             0.750000    1.140339   -0.390339 (VIOLATED)
_07394_/Y                               0.750000    1.140310   -0.390310 (VIOLATED)
fanout388/A                             0.750000    1.087628   -0.337628 (VIOLATED)
ANTENNA_33/DIODE                        0.750000    1.087627   -0.337627 (VIOLATED)
fanout386/A                             0.750000    1.087585   -0.337585 (VIOLATED)
_09500_/Y                               0.750000    1.087577   -0.337577 (VIOLATED)
_08535_/A                               0.750000    1.061257   -0.311257 (VIOLATED)
_08563_/A1                              0.750000    1.061257   -0.311257 (VIOLATED)
_06108_/B                               0.750000    1.061254   -0.311254 (VIOLATED)
_06057_/Y                               0.750000    1.061250   -0.311250 (VIOLATED)
max_cap541/A                            0.750000    1.061250   -0.311250 (VIOLATED)
fanout481/A                             0.750000    0.998201   -0.248201 (VIOLATED)
ANTENNA_32/DIODE                        0.750000    0.998200   -0.248200 (VIOLATED)
fanout482/A                             0.750000    0.998141   -0.248141 (VIOLATED)
_08570_/Y                               0.750000    0.998021   -0.248021 (VIOLATED)
fanout594/A                             0.750000    0.988426   -0.238426 (VIOLATED)
fanout595/A                             0.750000    0.988426   -0.238426 (VIOLATED)
fanout597/A                             0.750000    0.988384   -0.238384 (VIOLATED)
_05039_/Y                               0.750000    0.988378   -0.238378 (VIOLATED)
fanout582/A                             0.750000    0.986513   -0.236513 (VIOLATED)
fanout581/A                             0.750000    0.986495   -0.236495 (VIOLATED)
_05663_/Y                               0.750000    0.986490   -0.236490 (VIOLATED)
_08437_/A2                              0.750000    0.960365   -0.210365 (VIOLATED)
_06308_/B                               0.750000    0.960297   -0.210297 (VIOLATED)
_05030_/A2                              0.750000    0.960285   -0.210285 (VIOLATED)
_05008_/C                               0.750000    0.960274   -0.210274 (VIOLATED)
_05031_/A2                              0.750000    0.960262   -0.210262 (VIOLATED)
_06070_/B1                              0.750000    0.960258   -0.210258 (VIOLATED)
_05005_/Y                               0.750000    0.960250   -0.210250 (VIOLATED)
fanout633/A                             0.750000    0.943971   -0.193971 (VIOLATED)
fanout631/A                             0.750000    0.943836   -0.193836 (VIOLATED)
_04945_/X                               0.750000    0.943814   -0.193814 (VIOLATED)
fanout498/A                             0.750000    0.899794   -0.149794 (VIOLATED)
fanout496/A                             0.750000    0.899765   -0.149765 (VIOLATED)
fanout495/A                             0.750000    0.899764   -0.149764 (VIOLATED)
_05007_/Y                               0.750000    0.899759   -0.149759 (VIOLATED)
fanout515/A                             0.750000    0.885062   -0.135062 (VIOLATED)
_07084_/B1                              0.750000    0.885061   -0.135061 (VIOLATED)
_06300_/Y                               0.750000    0.885058   -0.135058 (VIOLATED)
_08433_/A1                              0.750000    0.880432   -0.130432 (VIOLATED)
_05032_/B1                              0.750000    0.880415   -0.130415 (VIOLATED)
_05030_/Y                               0.750000    0.880406   -0.130406 (VIOLATED)
_05884_/A2                              0.750000    0.863245   -0.113245 (VIOLATED)
_05888_/B1                              0.750000    0.863240   -0.113240 (VIOLATED)
_05915_/A2                              0.750000    0.863234   -0.113234 (VIOLATED)
_05924_/B1                              0.750000    0.863218   -0.113218 (VIOLATED)
fanout578/A                             0.750000    0.863203   -0.113203 (VIOLATED)
_05665_/Y                               0.750000    0.863193   -0.113193 (VIOLATED)
fanout547/A                             0.750000    0.820319   -0.070319 (VIOLATED)
_05012_/C1                              0.750000    0.820255   -0.070255 (VIOLATED)
fanout545/A                             0.750000    0.820116   -0.070116 (VIOLATED)
_05011_/Y                               0.750000    0.820082   -0.070082 (VIOLATED)
_08563_/B1                              0.750000    0.819972   -0.069972 (VIOLATED)
fanout601/A                             0.750000    0.819961   -0.069961 (VIOLATED)
_05021_/Y                               0.750000    0.819957   -0.069957 (VIOLATED)
fanout405/A                             0.750000    0.791675   -0.041675 (VIOLATED)
fanout403/A                             0.750000    0.791610   -0.041610 (VIOLATED)
_09226_/Y                               0.750000    0.791578   -0.041579 (VIOLATED)
_05956_/B1                              0.750000    0.790370   -0.040370 (VIOLATED)
ANTENNA_12/DIODE                        0.750000    0.790369   -0.040369 (VIOLATED)
_05934_/X                               0.750000    0.790351   -0.040351 (VIOLATED)
fanout457/A                             0.750000    0.778315   -0.028316 (VIOLATED)
fanout455/A                             0.750000    0.778149   -0.028149 (VIOLATED)
_07261_/Y                               0.750000    0.778132   -0.028132 (VIOLATED)
_09156_/B1                              0.750000    0.766673   -0.016673 (VIOLATED)
_09137_/B1                              0.750000    0.766673   -0.016673 (VIOLATED)
_09105_/B2                              0.750000    0.766673   -0.016673 (VIOLATED)
_09127_/B1                              0.750000    0.766666   -0.016666 (VIOLATED)
_09104_/Y                               0.750000    0.766663   -0.016663 (VIOLATED)

max fanout

Pin                                   Limit Fanout  Slack
---------------------------------------------------------
clkbuf_leaf_96_clk/X                     10     20    -10 (VIOLATED)
clkbuf_leaf_24_clk/X                     10     19     -9 (VIOLATED)
clkbuf_leaf_36_clk/X                     10     19     -9 (VIOLATED)
clkbuf_leaf_111_clk/X                    10     18     -8 (VIOLATED)
clkbuf_leaf_35_clk/X                     10     18     -8 (VIOLATED)
clkbuf_leaf_49_clk/X                     10     18     -8 (VIOLATED)
clkbuf_leaf_64_clk/X                     10     18     -8 (VIOLATED)
clkbuf_leaf_12_clk/X                     10     17     -7 (VIOLATED)
clkbuf_leaf_146_clk/X                    10     17     -7 (VIOLATED)
clkbuf_leaf_15_clk/X                     10     17     -7 (VIOLATED)
clkbuf_leaf_45_clk/X                     10     17     -7 (VIOLATED)
clkbuf_leaf_4_clk/X                      10     17     -7 (VIOLATED)
clkbuf_leaf_74_clk/X                     10     17     -7 (VIOLATED)
clkbuf_0_clk/X                           10     16     -6 (VIOLATED)
clkbuf_leaf_13_clk/X                     10     16     -6 (VIOLATED)
clkbuf_leaf_149_clk/X                    10     16     -6 (VIOLATED)
clkbuf_leaf_23_clk/X                     10     16     -6 (VIOLATED)
clkbuf_leaf_51_clk/X                     10     16     -6 (VIOLATED)
clkbuf_leaf_68_clk/X                     10     16     -6 (VIOLATED)
clkbuf_leaf_72_clk/X                     10     16     -6 (VIOLATED)
clkbuf_leaf_138_clk/X                    10     15     -5 (VIOLATED)
clkbuf_leaf_25_clk/X                     10     15     -5 (VIOLATED)
clkbuf_leaf_26_clk/X                     10     15     -5 (VIOLATED)
clkbuf_leaf_34_clk/X                     10     15     -5 (VIOLATED)
clkbuf_leaf_44_clk/X                     10     15     -5 (VIOLATED)
clkbuf_leaf_47_clk/X                     10     15     -5 (VIOLATED)
clkbuf_leaf_98_clk/X                     10     15     -5 (VIOLATED)
clkbuf_leaf_11_clk/X                     10     14     -4 (VIOLATED)
clkbuf_leaf_124_clk/X                    10     14     -4 (VIOLATED)
clkbuf_leaf_14_clk/X                     10     14     -4 (VIOLATED)
clkbuf_leaf_151_clk/X                    10     14     -4 (VIOLATED)
clkbuf_leaf_3_clk/X                      10     14     -4 (VIOLATED)
clkbuf_leaf_53_clk/X                     10     14     -4 (VIOLATED)
clkbuf_leaf_65_clk/X                     10     14     -4 (VIOLATED)
clkbuf_leaf_70_clk/X                     10     14     -4 (VIOLATED)
clkbuf_leaf_87_clk/X                     10     14     -4 (VIOLATED)
clkbuf_leaf_91_clk/X                     10     14     -4 (VIOLATED)
clkbuf_leaf_100_clk/X                    10     13     -3 (VIOLATED)
clkbuf_leaf_105_clk/X                    10     13     -3 (VIOLATED)
clkbuf_leaf_10_clk/X                     10     13     -3 (VIOLATED)
clkbuf_leaf_126_clk/X                    10     13     -3 (VIOLATED)
clkbuf_leaf_128_clk/X                    10     13     -3 (VIOLATED)
clkbuf_leaf_131_clk/X                    10     13     -3 (VIOLATED)
clkbuf_leaf_134_clk/X                    10     13     -3 (VIOLATED)
clkbuf_leaf_144_clk/X                    10     13     -3 (VIOLATED)
clkbuf_leaf_150_clk/X                    10     13     -3 (VIOLATED)
clkbuf_leaf_152_clk/X                    10     13     -3 (VIOLATED)
clkbuf_leaf_1_clk/X                      10     13     -3 (VIOLATED)
clkbuf_leaf_22_clk/X                     10     13     -3 (VIOLATED)
clkbuf_leaf_29_clk/X                     10     13     -3 (VIOLATED)
clkbuf_leaf_31_clk/X                     10     13     -3 (VIOLATED)
clkbuf_leaf_63_clk/X                     10     13     -3 (VIOLATED)
clkbuf_leaf_71_clk/X                     10     13     -3 (VIOLATED)
clkbuf_leaf_73_clk/X                     10     13     -3 (VIOLATED)
clkbuf_leaf_89_clk/X                     10     13     -3 (VIOLATED)
clkbuf_leaf_92_clk/X                     10     13     -3 (VIOLATED)
clkbuf_leaf_9_clk/X                      10     13     -3 (VIOLATED)
fanout847/X                              10     13     -3 (VIOLATED)
clkbuf_4_11_0_clk/X                      10     12     -2 (VIOLATED)
clkbuf_4_1_0_clk/X                       10     12     -2 (VIOLATED)
clkbuf_4_2_0_clk/X                       10     12     -2 (VIOLATED)
clkbuf_4_4_0_clk/X                       10     12     -2 (VIOLATED)
clkbuf_leaf_101_clk/X                    10     12     -2 (VIOLATED)
clkbuf_leaf_102_clk/X                    10     12     -2 (VIOLATED)
clkbuf_leaf_107_clk/X                    10     12     -2 (VIOLATED)
clkbuf_leaf_114_clk/X                    10     12     -2 (VIOLATED)
clkbuf_leaf_137_clk/X                    10     12     -2 (VIOLATED)
clkbuf_leaf_140_clk/X                    10     12     -2 (VIOLATED)
clkbuf_leaf_142_clk/X                    10     12     -2 (VIOLATED)
clkbuf_leaf_148_clk/X                    10     12     -2 (VIOLATED)
clkbuf_leaf_17_clk/X                     10     12     -2 (VIOLATED)
clkbuf_leaf_28_clk/X                     10     12     -2 (VIOLATED)
clkbuf_leaf_32_clk/X                     10     12     -2 (VIOLATED)
clkbuf_leaf_50_clk/X                     10     12     -2 (VIOLATED)
clkbuf_leaf_52_clk/X                     10     12     -2 (VIOLATED)
clkbuf_leaf_54_clk/X                     10     12     -2 (VIOLATED)
clkbuf_leaf_6_clk/X                      10     12     -2 (VIOLATED)
clkbuf_leaf_7_clk/X                      10     12     -2 (VIOLATED)
clkbuf_leaf_82_clk/X                     10     12     -2 (VIOLATED)
clkbuf_leaf_83_clk/X                     10     12     -2 (VIOLATED)
clkbuf_leaf_93_clk/X                     10     12     -2 (VIOLATED)
fanout846/X                              10     12     -2 (VIOLATED)
fanout874/X                              10     12     -2 (VIOLATED)
clkbuf_4_13_0_clk/X                      10     11        (VIOLATED)
clkbuf_4_14_0_clk/X                      10     11        (VIOLATED)
clkbuf_4_7_0_clk/X                       10     11        (VIOLATED)
clkbuf_4_8_0_clk/X                       10     11        (VIOLATED)
clkbuf_leaf_103_clk/X                    10     11        (VIOLATED)
clkbuf_leaf_104_clk/X                    10     11        (VIOLATED)
clkbuf_leaf_119_clk/X                    10     11        (VIOLATED)
clkbuf_leaf_121_clk/X                    10     11        (VIOLATED)
clkbuf_leaf_122_clk/X                    10     11        (VIOLATED)
clkbuf_leaf_123_clk/X                    10     11        (VIOLATED)
clkbuf_leaf_127_clk/X                    10     11        (VIOLATED)
clkbuf_leaf_141_clk/X                    10     11        (VIOLATED)
clkbuf_leaf_21_clk/X                     10     11        (VIOLATED)
clkbuf_leaf_2_clk/X                      10     11        (VIOLATED)
clkbuf_leaf_33_clk/X                     10     11        (VIOLATED)
clkbuf_leaf_43_clk/X                     10     11        (VIOLATED)
clkbuf_leaf_55_clk/X                     10     11        (VIOLATED)
clkbuf_leaf_59_clk/X                     10     11        (VIOLATED)
clkbuf_leaf_75_clk/X                     10     11        (VIOLATED)
clkbuf_leaf_76_clk/X                     10     11        (VIOLATED)
clkbuf_leaf_81_clk/X                     10     11        (VIOLATED)
clkbuf_leaf_84_clk/X                     10     11        (VIOLATED)
clkbuf_leaf_88_clk/X                     10     11        (VIOLATED)
clkbuf_leaf_8_clk/X                      10     11        (VIOLATED)
fanout665/X                              10     11        (VIOLATED)
fanout735/X                              10     11        (VIOLATED)
fanout879/X                              10     11        (VIOLATED)

max capacitance

Pin                                        Limit         Cap       Slack
------------------------------------------------------------------------
clkbuf_0_clk/X                          0.200000    0.287891   -0.087891 (VIOLATED)



===========================================================================
report_parasitic_annotation -report_unannotated
============================================================================
Found 320 unannotated drivers.
 irq[0]
 irq[10]
 irq[11]
 irq[12]
 irq[13]
 irq[14]
 irq[15]
 irq[16]
 irq[17]
 irq[18]
 irq[19]
 irq[1]
 irq[20]
 irq[21]
 irq[22]
 irq[23]
 irq[24]
 irq[25]
 irq[26]
 irq[27]
 irq[28]
 irq[29]
 irq[2]
 irq[30]
 irq[31]
 irq[3]
 irq[4]
 irq[5]
 irq[6]
 irq[7]
 irq[8]
 irq[9]
 pcpi_rd[0]
 pcpi_rd[10]
 pcpi_rd[11]
 pcpi_rd[12]
 pcpi_rd[13]
 pcpi_rd[14]
 pcpi_rd[15]
 pcpi_rd[16]
 pcpi_rd[17]
 pcpi_rd[18]
 pcpi_rd[19]
 pcpi_rd[1]
 pcpi_rd[20]
 pcpi_rd[21]
 pcpi_rd[22]
 pcpi_rd[23]
 pcpi_rd[24]
 pcpi_rd[25]
 pcpi_rd[26]
 pcpi_rd[27]
 pcpi_rd[28]
 pcpi_rd[29]
 pcpi_rd[2]
 pcpi_rd[30]
 pcpi_rd[31]
 pcpi_rd[3]
 pcpi_rd[4]
 pcpi_rd[5]
 pcpi_rd[6]
 pcpi_rd[7]
 pcpi_rd[8]
 pcpi_rd[9]
 pcpi_ready
 pcpi_wait
 pcpi_wr
 clkload0/Y
 clkload1/X
 clkload10/Y
 clkload100/Y
 clkload101/Y
 clkload102/Y
 clkload103/Y
 clkload104/Y
 clkload105/Y
 clkload106/Y
 clkload107/Y
 clkload108/Y
 clkload109/Y
 clkload11/Y
 clkload110/Y
 clkload111/Y
 clkload112/Y
 clkload113/Y
 clkload114/Y
 clkload115/Y
 clkload116/Y
 clkload117/Y
 clkload118/Y
 clkload119/Y
 clkload12/Y
 clkload120/X
 clkload121/Y
 clkload122/Y
 clkload123/Y
 clkload124/Y
 clkload125/Y
 clkload126/Y
 clkload127/Y
 clkload128/Y
 clkload129/Y
 clkload13/Y
 clkload130/Y
 clkload131/Y
 clkload132/X
 clkload133/Y
 clkload134/Y
 clkload135/Y
 clkload136/Y
 clkload137/Y
 clkload138/Y
 clkload139/X
 clkload14/Y
 clkload140/X
 clkload141/X
 clkload142/X
 clkload143/Y
 clkload144/Y
 clkload145/Y
 clkload146/X
 clkload15/X
 clkload16/Y
 clkload17/Y
 clkload18/X
 clkload19/Y
 clkload2/Y
 clkload20/Y
 clkload21/Y
 clkload22/Y
 clkload23/Y
 clkload24/Y
 clkload25/Y
 clkload26/X
 clkload27/X
 clkload28/Y
 clkload29/Y
 clkload3/X
 clkload30/Y
 clkload31/Y
 clkload32/Y
 clkload33/Y
 clkload34/Y
 clkload35/Y
 clkload36/Y
 clkload37/Y
 clkload38/Y
 clkload39/X
 clkload4/Y
 clkload40/Y
 clkload41/Y
 clkload42/Y
 clkload43/Y
 clkload44/Y
 clkload45/Y
 clkload46/Y
 clkload47/Y
 clkload48/Y
 clkload49/Y
 clkload5/Y
 clkload50/Y
 clkload51/Y
 clkload52/Y
 clkload53/Y
 clkload54/Y
 clkload55/Y
 clkload56/Y
 clkload57/Y
 clkload58/Y
 clkload59/Y
 clkload6/Y
 clkload60/X
 clkload61/Y
 clkload62/Y
 clkload63/Y
 clkload64/Y
 clkload65/Y
 clkload66/Y
 clkload67/Y
 clkload68/Y
 clkload69/Y
 clkload7/Y
 clkload70/Y
 clkload71/Y
 clkload72/Y
 clkload73/Y
 clkload74/Y
 clkload75/Y
 clkload76/Y
 clkload77/X
 clkload78/Y
 clkload79/Y
 clkload8/Y
 clkload80/Y
 clkload81/Y
 clkload82/Y
 clkload83/Y
 clkload84/Y
 clkload85/Y
 clkload86/Y
 clkload87/Y
 clkload88/Y
 clkload89/Y
 clkload9/Y
 clkload90/Y
 clkload91/X
 clkload92/X
 clkload93/Y
 clkload94/Y
 clkload95/Y
 clkload96/Y
 clkload97/Y
 clkload98/Y
 clkload99/Y
 picorv32_1003/HI
 picorv32_1004/HI
 picorv32_1005/HI
 picorv32_1006/HI
 picorv32_1007/HI
 picorv32_1008/HI
 picorv32_1009/HI
 picorv32_1010/HI
 picorv32_1011/HI
 picorv32_1012/HI
 picorv32_1013/HI
 picorv32_1014/HI
 picorv32_1015/HI
 picorv32_1016/HI
 picorv32_1017/HI
 picorv32_1018/HI
 picorv32_1019/HI
 picorv32_1020/HI
 picorv32_1021/HI
 picorv32_1022/HI
 picorv32_1023/HI
 picorv32_1024/HI
 picorv32_1025/HI
 picorv32_1026/HI
 picorv32_1027/HI
 picorv32_1028/HI
 picorv32_1029/HI
 picorv32_1030/HI
 picorv32_1031/HI
 picorv32_1032/HI
 picorv32_1033/HI
 picorv32_1034/HI
 picorv32_1035/HI
 picorv32_1036/HI
 picorv32_1037/HI
 picorv32_1038/HI
 picorv32_1039/HI
 picorv32_1040/HI
 picorv32_1041/HI
 picorv32_1042/HI
 picorv32_1043/HI
 picorv32_1044/HI
 picorv32_1045/HI
 picorv32_1046/HI
 picorv32_1047/HI
 picorv32_1048/HI
 picorv32_1049/HI
 picorv32_1050/HI
 picorv32_1051/HI
 picorv32_1052/HI
 picorv32_1053/HI
 picorv32_1054/HI
 picorv32_1055/HI
 picorv32_1056/HI
 picorv32_1057/HI
 picorv32_1058/HI
 picorv32_1059/HI
 picorv32_1060/HI
 picorv32_1061/HI
 picorv32_1062/HI
 picorv32_1063/HI
 picorv32_1064/HI
 picorv32_1065/HI
 picorv32_1066/HI
 picorv32_1067/HI
 picorv32_1068/HI
 picorv32_1069/HI
 picorv32_1070/HI
 picorv32_1071/HI
 picorv32_1072/HI
 picorv32_1073/HI
 picorv32_1074/HI
 picorv32_1075/HI
 picorv32_1076/HI
 picorv32_1077/HI
 picorv32_1078/HI
 picorv32_1079/HI
 picorv32_1080/HI
 picorv32_1081/HI
 picorv32_1082/HI
 picorv32_1083/HI
 picorv32_1084/HI
 picorv32_1085/HI
 picorv32_1086/HI
 picorv32_1087/HI
 picorv32_1088/HI
 picorv32_1089/HI
 picorv32_1090/HI
 picorv32_1091/HI
 picorv32_1092/HI
 picorv32_1093/HI
 picorv32_1094/HI
 picorv32_1095/HI
 picorv32_1096/HI
 picorv32_1097/HI
 picorv32_1098/HI
 picorv32_1099/HI
 picorv32_1100/HI
 picorv32_1101/HI
 picorv32_1102/HI
 picorv32_1103/HI
 picorv32_1104/HI
 picorv32_1105/HI
 picorv32_1106/HI
 picorv32_1107/HI
 picorv32_1108/HI
Found 0 partially unannotated drivers.

===========================================================================
max slew violation count 104
max fanout violation count 110
max cap violation count 1
============================================================================

===========================================================================
check_setup -verbose -unconstrained_endpoints -multiple_clock -no_clock -no_input_delay -loops -generated_clocks
===========================================================================
Warning: There are 106 unconstrained endpoints.
  eoi[0]
  eoi[10]
  eoi[11]
  eoi[12]
  eoi[13]
  eoi[14]
  eoi[15]
  eoi[16]
  eoi[17]
  eoi[18]
  eoi[19]
  eoi[1]
  eoi[20]
  eoi[21]
  eoi[22]
  eoi[23]
  eoi[24]
  eoi[25]
  eoi[26]
  eoi[27]
  eoi[28]
  eoi[29]
  eoi[2]
  eoi[30]
  eoi[31]
  eoi[3]
  eoi[4]
  eoi[5]
  eoi[6]
  eoi[7]
  eoi[8]
  eoi[9]
  mem_addr[0]
  mem_addr[1]
  mem_la_addr[0]
  mem_la_addr[1]
  pcpi_insn[0]
  pcpi_insn[10]
  pcpi_insn[11]
  pcpi_insn[12]
  pcpi_insn[13]
  pcpi_insn[14]
  pcpi_insn[15]
  pcpi_insn[16]
  pcpi_insn[17]
  pcpi_insn[18]
  pcpi_insn[19]
  pcpi_insn[1]
  pcpi_insn[20]
  pcpi_insn[21]
  pcpi_insn[22]
  pcpi_insn[23]
  pcpi_insn[24]
  pcpi_insn[25]
  pcpi_insn[26]
  pcpi_insn[27]
  pcpi_insn[28]
  pcpi_insn[29]
  pcpi_insn[2]
  pcpi_insn[30]
  pcpi_insn[31]
  pcpi_insn[3]
  pcpi_insn[4]
  pcpi_insn[5]
  pcpi_insn[6]
  pcpi_insn[7]
  pcpi_insn[8]
  pcpi_insn[9]
  pcpi_valid
  trace_data[0]
  trace_data[10]
  trace_data[11]
  trace_data[12]
  trace_data[13]
  trace_data[14]
  trace_data[15]
  trace_data[16]
  trace_data[17]
  trace_data[18]
  trace_data[19]
  trace_data[1]
  trace_data[20]
  trace_data[21]
  trace_data[22]
  trace_data[23]
  trace_data[24]
  trace_data[25]
  trace_data[26]
  trace_data[27]
  trace_data[28]
  trace_data[29]
  trace_data[2]
  trace_data[30]
  trace_data[31]
  trace_data[32]
  trace_data[33]
  trace_data[34]
  trace_data[35]
  trace_data[3]
  trace_data[4]
  trace_data[5]
  trace_data[6]
  trace_data[7]
  trace_data[8]
  trace_data[9]
  trace_valid
