Clock: clk
Sources: clk 
Generated: no
Virtual: yes
Propagated: no
Period: 25.000000

===========================================================================
report_clock_properties
============================================================================
Clock                   Period          Waveform
----------------------------------------------------
clk                  25.000000    0.000000 12.500000

===========================================================================
report_clock_latency
============================================================================
Clock clk
rise -> rise
    min     max
0.000000 0.000000 source latency
1.586282         network latency _10706_/CLK
        2.078519 network latency _10811_/CLK
---------------
1.586282 2.078519 latency
        0.492236 skew

fall -> fall
    min     max
0.000000 0.000000 source latency
1.251300         network latency _10706_/CLK
        1.688157 network latency _10811_/CLK
---------------
1.251300 1.688157 latency
        0.436858 skew



===========================================================================
report_clock_min_period
============================================================================
clk period_min = 16.90 fmax = 59.18
