Clock: clk
Sources: clk 
Generated: no
Virtual: no
Propagated: no
Period: 25.000000

===========================================================================
report_clock_properties
============================================================================
Clock                   Period          Waveform
----------------------------------------------------
clk                  25.000000    0.000000 12.500000

===========================================================================
report_clock_latency
============================================================================
Clock clk
rise -> rise
    min     max
0.000000 0.000000 source latency
7.297578         network latency _09908_/CLK
        7.297578 network latency _09908_/CLK
---------------
7.297578 7.297578 latency
        0.000000 skew

fall -> fall
    min     max
0.000000 0.000000 source latency
3.085223         network latency _09908_/CLK
        3.085223 network latency _09908_/CLK
---------------
3.085223 3.085223 latency
        0.000000 skew



===========================================================================
report_clock_min_period
============================================================================
clk period_min = 5.58 fmax = 179.37
