┏━━━━━━━┳━━━━━━━━━┳━━━━━━━━━━┳━━━━━━━━━━━━━━━━━━┳━━━━━━━━━━━━━━┳━━━━━━━┓
┃ P / R ┃ Partial ┃ Required ┃ Net              ┃ Pin          ┃ Layer ┃
┡━━━━━━━╇━━━━━━━━━╇━━━━━━━━━━╇━━━━━━━━━━━━━━━━━━╇━━━━━━━━━━━━━━╇━━━━━━━┩
│ 6.59  │ 2637.52 │ 400.00   │ net119           │ _05948_/A0   │ met3  │
│ 3.35  │ 1340.68 │ 400.00   │ net905           │ fanout903/A  │ met3  │
│ 3.26  │ 1303.01 │ 400.00   │ net725           │ fanout724/A  │ met3  │
│ 2.87  │ 1148.00 │ 400.00   │ net126           │ _05953_/A0   │ met3  │
│ 2.65  │ 1060.38 │ 400.00   │ net584           │ _05764_/B1_N │ met3  │
│ 2.61  │ 1042.10 │ 400.00   │ net772           │ fanout765/A  │ met3  │
│ 2.43  │ 972.38  │ 400.00   │ net76            │ _08492_/A0   │ met3  │
│ 2.43  │ 972.38  │ 400.00   │ net76            │ output76/A   │ met3  │
│ 2.27  │ 909.74  │ 400.00   │ net187           │ output187/A  │ met3  │
│ 2.22  │ 886.42  │ 400.00   │ _03562_          │ fanout469/A  │ met3  │
│ 2.08  │ 832.02  │ 400.00   │ _03574_          │ fanout440/A  │ met3  │
│ 2.03  │ 812.22  │ 400.00   │ _00011_          │ _08931_/A1   │ met3  │
│ 2.02  │ 806.03  │ 400.00   │ _03568_          │ fanout460/A  │ met3  │
│ 1.95  │ 781.62  │ 400.00   │ net487           │ fanout486/A  │ met1  │
│ 1.87  │ 749.86  │ 400.00   │ _02581_          │ fanout478/A  │ met3  │
│ 1.87  │ 749.86  │ 400.00   │ _02581_          │ fanout479/A  │ met3  │
│ 1.77  │ 709.90  │ 400.00   │ _04895_          │ _10670_/D    │ met3  │
│ 1.75  │ 701.43  │ 400.00   │ _01612_          │ fanout610/A  │ met3  │
│ 1.75  │ 701.43  │ 400.00   │ net177           │ output177/A  │ met3  │
│ 1.68  │ 671.37  │ 400.00   │ net668           │ _09023_/B1   │ met3  │
│ 1.68  │ 671.37  │ 400.00   │ net668           │ _09037_/B1   │ met3  │
│ 1.67  │ 666.13  │ 400.00   │ net419           │ _07575_/S    │ met3  │
│ 1.67  │ 666.00  │ 400.00   │ net362           │ _09700_/S    │ met3  │
│ 1.65  │ 661.78  │ 400.00   │ net366           │ _09671_/S    │ met3  │
│ 1.60  │ 641.92  │ 400.00   │ _04878_          │ fanout352/A  │ met4  │
│ 1.57  │ 629.04  │ 400.00   │ _03295_          │ _06881_/B1   │ met3  │
│ 1.57  │ 627.27  │ 400.00   │ _04264_          │ fanout481/A  │ met3  │
│ 1.56  │ 624.31  │ 400.00   │ mem_rdata_q[24\] │ _09389_/A    │ met2  │
│ 1.56  │ 623.13  │ 400.00   │ net97            │ _05946_/A0   │ met3  │
│ 1.56  │ 623.13  │ 400.00   │ net97            │ _11611_/A    │ met3  │
│ 1.56  │ 622.32  │ 400.00   │ net459           │ _07242_/S    │ met3  │
│ 1.56  │ 622.29  │ 400.00   │ reg_out[0\]      │ _06116_/A0   │ met3  │
│ 1.51  │ 604.76  │ 400.00   │ net211           │ output211/A  │ met1  │
│ 1.48  │ 591.06  │ 400.00   │ net847           │ _09275_/A1   │ met1  │
│ 1.46  │ 584.44  │ 400.00   │ _01557_          │ _08930_/C1   │ met3  │
│ 1.41  │ 562.57  │ 400.00   │ net172           │ output172/A  │ met3  │
│ 1.40  │ 561.85  │ 400.00   │ net425           │ _07532_/S    │ met2  │
│ 1.40  │ 561.78  │ 400.00   │ net860           │ output186/A  │ met1  │
│ 1.36  │ 544.29  │ 400.00   │ net684           │ fanout677/A  │ met3  │
│ 1.35  │ 539.99  │ 400.00   │ net227           │ _05961_/A1   │ met3  │
│ 1.35  │ 539.89  │ 400.00   │ net846           │ _05934_/A2   │ met3  │
│ 1.35  │ 539.89  │ 400.00   │ net846           │ _05935_/A2   │ met3  │
│ 1.35  │ 539.83  │ 400.00   │ _01678_          │ _05078_/B1   │ met3  │
│ 1.35  │ 539.09  │ 400.00   │ _03573_          │ fanout444/A  │ met3  │
│ 1.35  │ 539.09  │ 400.00   │ _03573_          │ fanout445/A  │ met3  │
│ 1.34  │ 534.32  │ 400.00   │ net177           │ output177/A  │ met1  │
│ 1.33  │ 531.41  │ 400.00   │ net223           │ output223/A  │ met1  │
│ 1.33  │ 530.19  │ 400.00   │ net431           │ _07475_/S    │ met3  │
│ 1.31  │ 523.61  │ 400.00   │ _01640_          │ fanout599/A  │ met3  │
│ 1.31  │ 523.61  │ 400.00   │ _02739_          │ fanout307/A  │ met3  │
│ 1.29  │ 515.35  │ 400.00   │ net847           │ _05930_/A2   │ met3  │
│ 1.29  │ 515.35  │ 400.00   │ net847           │ _05931_/A2   │ met3  │
│ 1.24  │ 495.22  │ 400.00   │ _02722_          │ _08466_/C1   │ met3  │
│ 1.24  │ 495.22  │ 400.00   │ _02955_          │ _06528_/B1   │ met3  │
│ 1.24  │ 495.22  │ 400.00   │ _04876_          │ fanout360/A  │ met3  │
│ 1.24  │ 495.22  │ 400.00   │ _04877_          │ fanout356/A  │ met3  │
│ 1.24  │ 495.22  │ 400.00   │ net226           │ _05960_/A1   │ met3  │
│ 1.18  │ 472.67  │ 400.00   │ net185           │ _06004_/A0   │ met3  │
│ 1.18  │ 472.67  │ 400.00   │ net185           │ output185/A  │ met3  │
│ 1.18  │ 471.77  │ 400.00   │ _00009_          │ fanout905/A  │ met3  │
│ 1.18  │ 471.77  │ 400.00   │ _03574_          │ fanout441/A  │ met3  │
│ 1.18  │ 471.77  │ 400.00   │ net629           │ fanout628/A  │ met3  │
│ 1.17  │ 469.30  │ 400.00   │ net427           │ fanout426/A  │ met3  │
│ 1.17  │ 469.13  │ 400.00   │ _04878_          │ fanout351/A  │ met3  │
│ 1.17  │ 468.11  │ 400.00   │ _02242_          │ fanout585/A  │ met1  │
│ 1.17  │ 467.48  │ 400.00   │ net990           │ fanout976/A  │ met1  │
│ 1.16  │ 463.05  │ 400.00   │ net522           │ fanout521/A  │ met1  │
│ 1.16  │ 462.80  │ 400.00   │ net802           │ fanout798/A  │ met3  │
│ 1.16  │ 462.80  │ 400.00   │ net802           │ fanout801/A  │ met3  │
│ 1.11  │ 442.57  │ 400.00   │ net350           │ _09812_/S    │ met3  │
│ 1.07  │ 428.96  │ 400.00   │ _02718_          │ fanout520/A  │ met1  │
│ 1.04  │ 416.83  │ 400.00   │ net205           │ _05937_/B1   │ met1  │
│ 1.04  │ 416.43  │ 400.00   │ _04879_          │ fanout347/A  │ met3  │
│ 1.04  │ 416.43  │ 400.00   │ _04879_          │ fanout348/A  │ met3  │
│ 1.04  │ 415.10  │ 400.00   │ _02736_          │ fanout510/A  │ met1  │
│ 1.03  │ 413.57  │ 400.00   │ _01570_          │ fanout637/A  │ met2  │
│ 1.03  │ 410.57  │ 400.00   │ net640           │ fanout639/A  │ met3  │
│ 1.02  │ 406.56  │ 400.00   │ net879           │ _05972_/A0   │ met1  │
│ 1.02  │ 406.17  │ 400.00   │ net643           │ fanout642/A  │ met3  │
│ 1.02  │ 406.01  │ 400.00   │ _00014_          │ fanout736/A  │ met3  │
│ 1.02  │ 406.01  │ 400.00   │ _02477_          │ _05956_/B1   │ met3  │
│ 1.02  │ 406.01  │ 400.00   │ _02582_          │ fanout568/A  │ met3  │
│ 1.00  │ 400.90  │ 400.00   │ net443           │ _07375_/S    │ met3  │
│ 1.00  │ 400.90  │ 400.00   │ net443           │ _07377_/S    │ met3  │
└───────┴─────────┴──────────┴──────────────────┴──────────────┴───────┘
