Clock: clk
Sources: clk 
Generated: no
Virtual: yes
Propagated: no
Period: 25.000000

===========================================================================
report_clock_properties
============================================================================
Clock                   Period          Waveform
----------------------------------------------------
clk                  25.000000    0.000000 12.500000

===========================================================================
report_clock_latency
============================================================================
Clock clk
rise -> rise
    min     max
0.000000 0.000000 source latency
0.671098         network latency _09971_/CLK
        0.885578 network latency _11037_/CLK
---------------
0.671098 0.885578 latency
        0.214480 skew

fall -> fall
    min     max
0.000000 0.000000 source latency
0.533250         network latency _09971_/CLK
        0.731047 network latency _10825_/CLK
---------------
0.533250 0.731047 latency
        0.197797 skew



===========================================================================
report_clock_min_period
============================================================================
clk period_min = 7.84 fmax = 127.51
