Clock: clk
Sources: clk 
Generated: no
Virtual: no
Propagated: no
Period: 25.000000

===========================================================================
report_clock_properties
============================================================================
Clock                   Period          Waveform
----------------------------------------------------
clk                  25.000000    0.000000 12.500000

===========================================================================
report_clock_latency
============================================================================
Clock clk
rise -> rise
    min     max
0.000000 0.000000 source latency
13.604380         network latency _09908_/CLK
        13.604380 network latency _09908_/CLK
---------------
13.604380 13.604380 latency
        0.000000 skew

fall -> fall
    min     max
0.000000 0.000000 source latency
7.638411         network latency _09908_/CLK
        7.638411 network latency _09908_/CLK
---------------
7.638411 7.638411 latency
        0.000000 skew



===========================================================================
report_clock_min_period
============================================================================
clk period_min = 15.67 fmax = 63.81
