Clock: clk
Sources: clk 
Generated: no
Virtual: yes
Propagated: no
Period: 25.000000

===========================================================================
report_clock_properties
============================================================================
Clock                   Period          Waveform
----------------------------------------------------
clk                  25.000000    0.000000 12.500000

===========================================================================
report_clock_latency
============================================================================
Clock clk
rise -> rise
    min     max
0.000000 0.000000 source latency
0.576622         network latency _10706_/CLK
        0.746585 network latency _10811_/CLK
---------------
0.576622 0.746585 latency
        0.169963 skew

fall -> fall
    min     max
0.000000 0.000000 source latency
0.445688         network latency _10706_/CLK
        0.600774 network latency _10811_/CLK
---------------
0.445688 0.600774 latency
        0.155086 skew



===========================================================================
report_clock_min_period
============================================================================
clk period_min = 5.22 fmax = 191.74
