
===========================================================================
report_checks -unconstrained
===========================================================================
======================= nom_ss_100C_1v60 Corner ===================================

Startpoint: _11111_ (rising edge-triggered flip-flop clocked by clk)
Endpoint: _10520_ (rising edge-triggered flip-flop clocked by clk)
Path Group: clk
Path Type: max

Fanout         Cap        Slew       Delay        Time   Description
---------------------------------------------------------------------------------------------
                                  0.000000    0.000000   clock clk (rise edge)
                                  0.000000    0.000000   clock source latency
     2    0.065005    0.467199    0.325994    0.325994 ^ clk (in)
                                                         clk (net)
                      0.467229    0.000000    0.325994 ^ clkbuf_0_clk/A (sky130_fd_sc_hd__clkbuf_16)
    16    0.270625    0.416988    0.661397    0.987391 ^ clkbuf_0_clk/X (sky130_fd_sc_hd__clkbuf_16)
                                                         clknet_0_clk (net)
                      0.417838    0.014053    1.001444 ^ clkbuf_4_11_0_clk/A (sky130_fd_sc_hd__clkbuf_8)
    12    0.117183    0.319917    0.570669    1.572113 ^ clkbuf_4_11_0_clk/X (sky130_fd_sc_hd__clkbuf_8)
                                                         clknet_4_11_0_clk (net)
                      0.319975    0.004279    1.576392 ^ clkbuf_leaf_100_clk/A (sky130_fd_sc_hd__clkbuf_8)
    13    0.044713    0.142597    0.397606    1.973998 ^ clkbuf_leaf_100_clk/X (sky130_fd_sc_hd__clkbuf_8)
                                                         clknet_leaf_100_clk (net)
                      0.142598    0.000660    1.974658 ^ _11111_/CLK (sky130_fd_sc_hd__dfxtp_1)
     4    0.017916    0.277139    0.816622    2.791279 ^ _11111_/Q (sky130_fd_sc_hd__dfxtp_1)
                                                         cpu_state[1] (net)
                      0.277139    0.000502    2.791781 ^ fanout718/A (sky130_fd_sc_hd__buf_2)
    10    0.042680    0.335308    0.480226    3.272007 ^ fanout718/X (sky130_fd_sc_hd__buf_2)
                                                         net718 (net)
                      0.335314    0.001940    3.273947 ^ _07666_/A (sky130_fd_sc_hd__and4_1)
     6    0.023921    0.386539    0.686924    3.960872 ^ _07666_/X (sky130_fd_sc_hd__and4_1)
                                                         _03589_ (net)
                      0.386539    0.001255    3.962127 ^ _07673_/D (sky130_fd_sc_hd__and4_1)
     6    0.021158    0.347937    0.709062    4.671189 ^ _07673_/X (sky130_fd_sc_hd__and4_1)
                                                         _03593_ (net)
                      0.347937    0.000905    4.672094 ^ _07681_/D (sky130_fd_sc_hd__and4_1)
     6    0.020831    0.343303    0.694780    5.366874 ^ _07681_/X (sky130_fd_sc_hd__and4_1)
                                                         _03598_ (net)
                      0.343303    0.001096    5.367970 ^ _07689_/D (sky130_fd_sc_hd__and4_1)
     6    0.021959    0.359019    0.705656    6.073626 ^ _07689_/X (sky130_fd_sc_hd__and4_1)
                                                         _03603_ (net)
                      0.359019    0.001053    6.074678 ^ _07697_/D (sky130_fd_sc_hd__and4_1)
     6    0.023574    0.381662    0.727173    6.801851 ^ _07697_/X (sky130_fd_sc_hd__and4_1)
                                                         _03608_ (net)
                      0.381662    0.001151    6.803002 ^ _07705_/D (sky130_fd_sc_hd__and4_1)
     6    0.020458    0.338078    0.700430    7.503432 ^ _07705_/X (sky130_fd_sc_hd__and4_1)
                                                         _03613_ (net)
                      0.338078    0.000605    7.504037 ^ _07713_/D (sky130_fd_sc_hd__and4_2)
     8    0.027776    0.282863    0.745909    8.249946 ^ _07713_/X (sky130_fd_sc_hd__and4_2)
                                                         _03618_ (net)
                      0.282863    0.001015    8.250961 ^ _07725_/C (sky130_fd_sc_hd__and4_1)
     5    0.013891    0.246690    0.593333    8.844294 ^ _07725_/X (sky130_fd_sc_hd__and4_1)
                                                         _03626_ (net)
                      0.246690    0.000464    8.844757 ^ _07734_/D (sky130_fd_sc_hd__and4_1)
     6    0.018386    0.308854    0.640970    9.485727 ^ _07734_/X (sky130_fd_sc_hd__and4_1)
                                                         _03632_ (net)
                      0.308854    0.000543    9.486270 ^ _07742_/D (sky130_fd_sc_hd__and4_1)
     6    0.019219    0.320649    0.666983   10.153253 ^ _07742_/X (sky130_fd_sc_hd__and4_1)
                                                         _03637_ (net)
                      0.320649    0.000696   10.153949 ^ _07750_/D (sky130_fd_sc_hd__and4_2)
     6    0.044093    0.406454    0.840535   10.994484 ^ _07750_/X (sky130_fd_sc_hd__and4_2)
                                                         _03642_ (net)
                      0.406538    0.005708   11.000193 ^ _07758_/D (sky130_fd_sc_hd__and4_1)
     6    0.020452    0.338156    0.707003   11.707195 ^ _07758_/X (sky130_fd_sc_hd__and4_1)
                                                         _03647_ (net)
                      0.338156    0.001132   11.708328 ^ _07766_/D (sky130_fd_sc_hd__and4_1)
     6    0.023125    0.375381    0.716451   12.424779 ^ _07766_/X (sky130_fd_sc_hd__and4_1)
                                                         _03652_ (net)
                      0.375381    0.001407   12.426186 ^ _07774_/D (sky130_fd_sc_hd__and4_1)
     6    0.020409    0.337400    0.698119   13.124305 ^ _07774_/X (sky130_fd_sc_hd__and4_1)
                                                         _03657_ (net)
                      0.337400    0.000672   13.124977 ^ _07782_/D (sky130_fd_sc_hd__and4_1)
     6    0.020317    0.336036    0.686561   13.811538 ^ _07782_/X (sky130_fd_sc_hd__and4_1)
                                                         _03662_ (net)
                      0.336036    0.000790   13.812328 ^ _07790_/D (sky130_fd_sc_hd__and4_1)
     6    0.017741    0.300154    0.658739   14.471067 ^ _07790_/X (sky130_fd_sc_hd__and4_1)
                                                         _03667_ (net)
                      0.300154    0.000663   14.471730 ^ _07798_/D (sky130_fd_sc_hd__and4_1)
     6    0.017733    0.299937    0.648734   15.120463 ^ _07798_/X (sky130_fd_sc_hd__and4_1)
                                                         _03672_ (net)
                      0.299937    0.000670   15.121133 ^ _07806_/D (sky130_fd_sc_hd__and4_1)
     6    0.016745    0.286180    0.638201   15.759334 ^ _07806_/X (sky130_fd_sc_hd__and4_1)
                                                         _03677_ (net)
                      0.286180    0.000483   15.759817 ^ _07814_/D (sky130_fd_sc_hd__and4_1)
     6    0.021291    0.349568    0.682604   16.442421 ^ _07814_/X (sky130_fd_sc_hd__and4_1)
                                                         _03682_ (net)
                      0.349568    0.001208   16.443628 ^ _07822_/D (sky130_fd_sc_hd__and4_1)
     6    0.018977    0.317376    0.675712   17.119341 ^ _07822_/X (sky130_fd_sc_hd__and4_1)
                                                         _03687_ (net)
                      0.317376    0.000647   17.119987 ^ _07830_/D (sky130_fd_sc_hd__and4_1)
     3    0.010245    0.201288    0.567672   17.687660 ^ _07830_/X (sky130_fd_sc_hd__and4_1)
                                                         _03692_ (net)
                      0.201288    0.000325   17.687984 ^ _07833_/A2 (sky130_fd_sc_hd__o21ai_1)
     1    0.003259    0.116257    0.166622   17.854607 v _07833_/Y (sky130_fd_sc_hd__o21ai_1)
                                                         _03694_ (net)
                      0.116257    0.000103   17.854710 v _07834_/B1 (sky130_fd_sc_hd__a21oi_1)
     1    0.002050    0.145754    0.183070   18.037779 ^ _07834_/Y (sky130_fd_sc_hd__a21oi_1)
                                                         _00644_ (net)
                      0.145754    0.000041   18.037821 ^ _10520_/D (sky130_fd_sc_hd__dfxtp_1)
                                             18.037821   data arrival time

                                 25.000000   25.000000   clock clk (rise edge)
                                  0.000000   25.000000   clock source latency
     2    0.065005    0.467199    0.325993   25.325993 ^ clk (in)
                                                         clk (net)
                      0.467229    0.000000   25.325993 ^ clkbuf_0_clk/A (sky130_fd_sc_hd__clkbuf_16)
    16    0.270625    0.416988    0.661398   25.987391 ^ clkbuf_0_clk/X (sky130_fd_sc_hd__clkbuf_16)
                                                         clknet_0_clk (net)
                      0.417436    0.009294   25.996685 ^ clkbuf_4_15_0_clk/A (sky130_fd_sc_hd__clkbuf_8)
     9    0.087703    0.248347    0.517808   26.514492 ^ clkbuf_4_15_0_clk/X (sky130_fd_sc_hd__clkbuf_8)
                                                         clknet_4_15_0_clk (net)
                      0.248351    0.001462   26.515955 ^ clkbuf_leaf_81_clk/A (sky130_fd_sc_hd__clkbuf_8)
    11    0.035374    0.119111    0.350189   26.866144 ^ clkbuf_leaf_81_clk/X (sky130_fd_sc_hd__clkbuf_8)
                                                         clknet_leaf_81_clk (net)
                      0.119112    0.000631   26.866774 ^ _10520_/CLK (sky130_fd_sc_hd__dfxtp_1)
                                 -0.250000   26.616776   clock uncertainty
                                  0.000000   26.616776   clock reconvergence pessimism
                                 -0.139735   26.477039   library setup time
                                             26.477039   data required time
---------------------------------------------------------------------------------------------
                                             26.477039   data required time
                                            -18.037821   data arrival time
---------------------------------------------------------------------------------------------
                                              8.439219   slack (MET)




===========================================================================
report_checks --slack_max -0.01
============================================================================
======================= nom_ss_100C_1v60 Corner ===================================

No paths found.


===========================================================================
 report_check_types -max_slew -max_cap -max_fanout -violators
============================================================================
======================= nom_ss_100C_1v60 Corner ===================================

max slew

Pin                                        Limit        Slew       Slack
------------------------------------------------------------------------
fanout368/A                             0.750000    1.304814   -0.554814 (VIOLATED)
fanout366/A                             0.750000    1.304791   -0.554791 (VIOLATED)
_09666_/Y                               0.750000    1.304781   -0.554781 (VIOLATED)
ANTENNA_19/DIODE                        0.750000    1.276484   -0.526484 (VIOLATED)
fanout307/A                             0.750000    1.276484   -0.526484 (VIOLATED)
fanout305/A                             0.750000    1.276478   -0.526478 (VIOLATED)
_06304_/Y                               0.750000    1.276474   -0.526474 (VIOLATED)
ANTENNA_7/DIODE                         0.750000    1.264452   -0.514452 (VIOLATED)
fanout610/A                             0.750000    1.264452   -0.514452 (VIOLATED)
_04987_/Y                               0.750000    1.264426   -0.514426 (VIOLATED)
fanout609/A                             0.750000    1.264426   -0.514426 (VIOLATED)
fanout433/A                             0.750000    1.203740   -0.453740 (VIOLATED)
ANTENNA_31/DIODE                        0.750000    1.203739   -0.453739 (VIOLATED)
fanout432/A                             0.750000    1.203705   -0.453705 (VIOLATED)
ANTENNA_30/DIODE                        0.750000    1.203704   -0.453704 (VIOLATED)
fanout431/A                             0.750000    1.203342   -0.453342 (VIOLATED)
_07461_/Y                               0.750000    1.203338   -0.453338 (VIOLATED)
fanout469/A                             0.750000    1.187828   -0.437828 (VIOLATED)
ANTENNA_24/DIODE                        0.750000    1.187827   -0.437827 (VIOLATED)
fanout468/A                             0.750000    1.187792   -0.437792 (VIOLATED)
ANTENNA_23/DIODE                        0.750000    1.187791   -0.437791 (VIOLATED)
fanout467/A                             0.750000    1.187603   -0.437604 (VIOLATED)
_07158_/Y                               0.750000    1.187599   -0.437599 (VIOLATED)
fanout460/A                             0.750000    1.176075   -0.426075 (VIOLATED)
ANTENNA_25/DIODE                        0.750000    1.176073   -0.426073 (VIOLATED)
fanout461/A                             0.750000    1.175983   -0.425983 (VIOLATED)
fanout459/A                             0.750000    1.175157   -0.425157 (VIOLATED)
_07228_/Y                               0.750000    1.175125   -0.425125 (VIOLATED)
fanout392/A                             0.750000    1.142305   -0.392305 (VIOLATED)
fanout390/A                             0.750000    1.142288   -0.392288 (VIOLATED)
_09467_/Y                               0.750000    1.142284   -0.392284 (VIOLATED)
fanout440/A                             0.750000    1.079469   -0.329469 (VIOLATED)
ANTENNA_28/DIODE                        0.750000    1.079469   -0.329469 (VIOLATED)
ANTENNA_29/DIODE                        0.750000    1.079444   -0.329444 (VIOLATED)
fanout441/A                             0.750000    1.079444   -0.329444 (VIOLATED)
fanout439/A                             0.750000    1.079419   -0.329419 (VIOLATED)
_07394_/Y                               0.750000    1.079415   -0.329415 (VIOLATED)
fanout388/A                             0.750000    1.049398   -0.299398 (VIOLATED)
ANTENNA_33/DIODE                        0.750000    1.049397   -0.299397 (VIOLATED)
fanout386/A                             0.750000    1.049381   -0.299381 (VIOLATED)
_09500_/Y                               0.750000    1.049379   -0.299379 (VIOLATED)
_08535_/A                               0.750000    1.006059   -0.256059 (VIOLATED)
_08563_/A1                              0.750000    1.006059   -0.256059 (VIOLATED)
_06057_/Y                               0.750000    1.006058   -0.256058 (VIOLATED)
_06108_/B                               0.750000    1.006058   -0.256058 (VIOLATED)
max_cap541/A                            0.750000    1.006058   -0.256058 (VIOLATED)
fanout481/A                             0.750000    0.946416   -0.196416 (VIOLATED)
ANTENNA_32/DIODE                        0.750000    0.946416   -0.196416 (VIOLATED)
fanout482/A                             0.750000    0.946389   -0.196389 (VIOLATED)
_08570_/Y                               0.750000    0.946355   -0.196355 (VIOLATED)
fanout594/A                             0.750000    0.920925   -0.170925 (VIOLATED)
fanout595/A                             0.750000    0.920924   -0.170924 (VIOLATED)
fanout597/A                             0.750000    0.920912   -0.170912 (VIOLATED)
_05039_/Y                               0.750000    0.920910   -0.170910 (VIOLATED)
_08437_/A2                              0.750000    0.875421   -0.125422 (VIOLATED)
_06308_/B                               0.750000    0.875397   -0.125397 (VIOLATED)
_05030_/A2                              0.750000    0.875394   -0.125394 (VIOLATED)
_05008_/C                               0.750000    0.875392   -0.125392 (VIOLATED)
_05031_/A2                              0.750000    0.875389   -0.125389 (VIOLATED)
_06070_/B1                              0.750000    0.875388   -0.125388 (VIOLATED)
_05005_/Y                               0.750000    0.875387   -0.125387 (VIOLATED)
fanout582/A                             0.750000    0.874657   -0.124657 (VIOLATED)
_05663_/Y                               0.750000    0.874650   -0.124650 (VIOLATED)
fanout581/A                             0.750000    0.874650   -0.124650 (VIOLATED)
fanout633/A                             0.750000    0.850445   -0.100445 (VIOLATED)
fanout631/A                             0.750000    0.850381   -0.100381 (VIOLATED)
_04945_/X                               0.750000    0.850376   -0.100376 (VIOLATED)
_08433_/A1                              0.750000    0.827550   -0.077550 (VIOLATED)
_05032_/B1                              0.750000    0.827542   -0.077542 (VIOLATED)
_05030_/Y                               0.750000    0.827540   -0.077540 (VIOLATED)
fanout498/A                             0.750000    0.827444   -0.077444 (VIOLATED)
fanout495/A                             0.750000    0.827434   -0.077434 (VIOLATED)
fanout496/A                             0.750000    0.827433   -0.077433 (VIOLATED)
_05007_/Y                               0.750000    0.827432   -0.077432 (VIOLATED)
fanout515/A                             0.750000    0.807218   -0.057218 (VIOLATED)
_07084_/B1                              0.750000    0.807218   -0.057218 (VIOLATED)
_06300_/Y                               0.750000    0.807216   -0.057217 (VIOLATED)
_05884_/A2                              0.750000    0.796978   -0.046978 (VIOLATED)
_05888_/B1                              0.750000    0.796976   -0.046976 (VIOLATED)
_05915_/A2                              0.750000    0.796975   -0.046975 (VIOLATED)
_05924_/B1                              0.750000    0.796970   -0.046970 (VIOLATED)
fanout578/A                             0.750000    0.796964   -0.046964 (VIOLATED)
_05665_/Y                               0.750000    0.796962   -0.046962 (VIOLATED)
fanout547/A                             0.750000    0.767423   -0.017423 (VIOLATED)
_05012_/C1                              0.750000    0.767394   -0.017394 (VIOLATED)
fanout545/A                             0.750000    0.767354   -0.017354 (VIOLATED)
_05011_/Y                               0.750000    0.767348   -0.017348 (VIOLATED)
_08563_/B1                              0.750000    0.766970   -0.016970 (VIOLATED)
_05021_/Y                               0.750000    0.766967   -0.016967 (VIOLATED)
fanout601/A                             0.750000    0.766967   -0.016967 (VIOLATED)
fanout405/A                             0.750000    0.756163   -0.006164 (VIOLATED)
fanout403/A                             0.750000    0.756138   -0.006138 (VIOLATED)
_09226_/Y                               0.750000    0.756131   -0.006131 (VIOLATED)
ANTENNA_12/DIODE                        0.750000    0.755270   -0.005270 (VIOLATED)
_05934_/X                               0.750000    0.755270   -0.005270 (VIOLATED)
_05956_/B1                              0.750000    0.755270   -0.005270 (VIOLATED)

max fanout

Pin                                   Limit Fanout  Slack
---------------------------------------------------------
clkbuf_leaf_96_clk/X                     10     20    -10 (VIOLATED)
clkbuf_leaf_24_clk/X                     10     19     -9 (VIOLATED)
clkbuf_leaf_36_clk/X                     10     19     -9 (VIOLATED)
clkbuf_leaf_111_clk/X                    10     18     -8 (VIOLATED)
clkbuf_leaf_35_clk/X                     10     18     -8 (VIOLATED)
clkbuf_leaf_49_clk/X                     10     18     -8 (VIOLATED)
clkbuf_leaf_64_clk/X                     10     18     -8 (VIOLATED)
clkbuf_leaf_12_clk/X                     10     17     -7 (VIOLATED)
clkbuf_leaf_146_clk/X                    10     17     -7 (VIOLATED)
clkbuf_leaf_15_clk/X                     10     17     -7 (VIOLATED)
clkbuf_leaf_45_clk/X                     10     17     -7 (VIOLATED)
clkbuf_leaf_4_clk/X                      10     17     -7 (VIOLATED)
clkbuf_leaf_74_clk/X                     10     17     -7 (VIOLATED)
clkbuf_0_clk/X                           10     16     -6 (VIOLATED)
clkbuf_leaf_13_clk/X                     10     16     -6 (VIOLATED)
clkbuf_leaf_149_clk/X                    10     16     -6 (VIOLATED)
clkbuf_leaf_23_clk/X                     10     16     -6 (VIOLATED)
clkbuf_leaf_51_clk/X                     10     16     -6 (VIOLATED)
clkbuf_leaf_68_clk/X                     10     16     -6 (VIOLATED)
clkbuf_leaf_72_clk/X                     10     16     -6 (VIOLATED)
clkbuf_leaf_138_clk/X                    10     15     -5 (VIOLATED)
clkbuf_leaf_25_clk/X                     10     15     -5 (VIOLATED)
clkbuf_leaf_26_clk/X                     10     15     -5 (VIOLATED)
clkbuf_leaf_34_clk/X                     10     15     -5 (VIOLATED)
clkbuf_leaf_44_clk/X                     10     15     -5 (VIOLATED)
clkbuf_leaf_47_clk/X                     10     15     -5 (VIOLATED)
clkbuf_leaf_98_clk/X                     10     15     -5 (VIOLATED)
clkbuf_leaf_11_clk/X                     10     14     -4 (VIOLATED)
clkbuf_leaf_124_clk/X                    10     14     -4 (VIOLATED)
clkbuf_leaf_14_clk/X                     10     14     -4 (VIOLATED)
clkbuf_leaf_151_clk/X                    10     14     -4 (VIOLATED)
clkbuf_leaf_3_clk/X                      10     14     -4 (VIOLATED)
clkbuf_leaf_53_clk/X                     10     14     -4 (VIOLATED)
clkbuf_leaf_65_clk/X                     10     14     -4 (VIOLATED)
clkbuf_leaf_70_clk/X                     10     14     -4 (VIOLATED)
clkbuf_leaf_87_clk/X                     10     14     -4 (VIOLATED)
clkbuf_leaf_91_clk/X                     10     14     -4 (VIOLATED)
clkbuf_leaf_100_clk/X                    10     13     -3 (VIOLATED)
clkbuf_leaf_105_clk/X                    10     13     -3 (VIOLATED)
clkbuf_leaf_10_clk/X                     10     13     -3 (VIOLATED)
clkbuf_leaf_126_clk/X                    10     13     -3 (VIOLATED)
clkbuf_leaf_128_clk/X                    10     13     -3 (VIOLATED)
clkbuf_leaf_131_clk/X                    10     13     -3 (VIOLATED)
clkbuf_leaf_134_clk/X                    10     13     -3 (VIOLATED)
clkbuf_leaf_144_clk/X                    10     13     -3 (VIOLATED)
clkbuf_leaf_150_clk/X                    10     13     -3 (VIOLATED)
clkbuf_leaf_152_clk/X                    10     13     -3 (VIOLATED)
clkbuf_leaf_1_clk/X                      10     13     -3 (VIOLATED)
clkbuf_leaf_22_clk/X                     10     13     -3 (VIOLATED)
clkbuf_leaf_29_clk/X                     10     13     -3 (VIOLATED)
clkbuf_leaf_31_clk/X                     10     13     -3 (VIOLATED)
clkbuf_leaf_63_clk/X                     10     13     -3 (VIOLATED)
clkbuf_leaf_71_clk/X                     10     13     -3 (VIOLATED)
clkbuf_leaf_73_clk/X                     10     13     -3 (VIOLATED)
clkbuf_leaf_89_clk/X                     10     13     -3 (VIOLATED)
clkbuf_leaf_92_clk/X                     10     13     -3 (VIOLATED)
clkbuf_leaf_9_clk/X                      10     13     -3 (VIOLATED)
fanout847/X                              10     13     -3 (VIOLATED)
clkbuf_4_11_0_clk/X                      10     12     -2 (VIOLATED)
clkbuf_4_1_0_clk/X                       10     12     -2 (VIOLATED)
clkbuf_4_2_0_clk/X                       10     12     -2 (VIOLATED)
clkbuf_4_4_0_clk/X                       10     12     -2 (VIOLATED)
clkbuf_leaf_101_clk/X                    10     12     -2 (VIOLATED)
clkbuf_leaf_102_clk/X                    10     12     -2 (VIOLATED)
clkbuf_leaf_107_clk/X                    10     12     -2 (VIOLATED)
clkbuf_leaf_114_clk/X                    10     12     -2 (VIOLATED)
clkbuf_leaf_137_clk/X                    10     12     -2 (VIOLATED)
clkbuf_leaf_140_clk/X                    10     12     -2 (VIOLATED)
clkbuf_leaf_142_clk/X                    10     12     -2 (VIOLATED)
clkbuf_leaf_148_clk/X                    10     12     -2 (VIOLATED)
clkbuf_leaf_17_clk/X                     10     12     -2 (VIOLATED)
clkbuf_leaf_28_clk/X                     10     12     -2 (VIOLATED)
clkbuf_leaf_32_clk/X                     10     12     -2 (VIOLATED)
clkbuf_leaf_50_clk/X                     10     12     -2 (VIOLATED)
clkbuf_leaf_52_clk/X                     10     12     -2 (VIOLATED)
clkbuf_leaf_54_clk/X                     10     12     -2 (VIOLATED)
clkbuf_leaf_6_clk/X                      10     12     -2 (VIOLATED)
clkbuf_leaf_7_clk/X                      10     12     -2 (VIOLATED)
clkbuf_leaf_82_clk/X                     10     12     -2 (VIOLATED)
clkbuf_leaf_83_clk/X                     10     12     -2 (VIOLATED)
clkbuf_leaf_93_clk/X                     10     12     -2 (VIOLATED)
fanout846/X                              10     12     -2 (VIOLATED)
fanout874/X                              10     12     -2 (VIOLATED)
clkbuf_4_13_0_clk/X                      10     11        (VIOLATED)
clkbuf_4_14_0_clk/X                      10     11        (VIOLATED)
clkbuf_4_7_0_clk/X                       10     11        (VIOLATED)
clkbuf_4_8_0_clk/X                       10     11        (VIOLATED)
clkbuf_leaf_103_clk/X                    10     11        (VIOLATED)
clkbuf_leaf_104_clk/X                    10     11        (VIOLATED)
clkbuf_leaf_119_clk/X                    10     11        (VIOLATED)
clkbuf_leaf_121_clk/X                    10     11        (VIOLATED)
clkbuf_leaf_122_clk/X                    10     11        (VIOLATED)
clkbuf_leaf_123_clk/X                    10     11        (VIOLATED)
clkbuf_leaf_127_clk/X                    10     11        (VIOLATED)
clkbuf_leaf_141_clk/X                    10     11        (VIOLATED)
clkbuf_leaf_21_clk/X                     10     11        (VIOLATED)
clkbuf_leaf_2_clk/X                      10     11        (VIOLATED)
clkbuf_leaf_33_clk/X                     10     11        (VIOLATED)
clkbuf_leaf_43_clk/X                     10     11        (VIOLATED)
clkbuf_leaf_55_clk/X                     10     11        (VIOLATED)
clkbuf_leaf_59_clk/X                     10     11        (VIOLATED)
clkbuf_leaf_75_clk/X                     10     11        (VIOLATED)
clkbuf_leaf_76_clk/X                     10     11        (VIOLATED)
clkbuf_leaf_81_clk/X                     10     11        (VIOLATED)
clkbuf_leaf_84_clk/X                     10     11        (VIOLATED)
clkbuf_leaf_88_clk/X                     10     11        (VIOLATED)
clkbuf_leaf_8_clk/X                      10     11        (VIOLATED)
fanout665/X                              10     11        (VIOLATED)
fanout735/X                              10     11        (VIOLATED)
fanout879/X                              10     11        (VIOLATED)

max capacitance

Pin                                        Limit         Cap       Slack
------------------------------------------------------------------------
clkbuf_0_clk/X                          0.200000    0.270625   -0.070625 (VIOLATED)



===========================================================================
report_parasitic_annotation -report_unannotated
============================================================================
Found 320 unannotated drivers.
 irq[0]
 irq[10]
 irq[11]
 irq[12]
 irq[13]
 irq[14]
 irq[15]
 irq[16]
 irq[17]
 irq[18]
 irq[19]
 irq[1]
 irq[20]
 irq[21]
 irq[22]
 irq[23]
 irq[24]
 irq[25]
 irq[26]
 irq[27]
 irq[28]
 irq[29]
 irq[2]
 irq[30]
 irq[31]
 irq[3]
 irq[4]
 irq[5]
 irq[6]
 irq[7]
 irq[8]
 irq[9]
 pcpi_rd[0]
 pcpi_rd[10]
 pcpi_rd[11]
 pcpi_rd[12]
 pcpi_rd[13]
 pcpi_rd[14]
 pcpi_rd[15]
 pcpi_rd[16]
 pcpi_rd[17]
 pcpi_rd[18]
 pcpi_rd[19]
 pcpi_rd[1]
 pcpi_rd[20]
 pcpi_rd[21]
 pcpi_rd[22]
 pcpi_rd[23]
 pcpi_rd[24]
 pcpi_rd[25]
 pcpi_rd[26]
 pcpi_rd[27]
 pcpi_rd[28]
 pcpi_rd[29]
 pcpi_rd[2]
 pcpi_rd[30]
 pcpi_rd[31]
 pcpi_rd[3]
 pcpi_rd[4]
 pcpi_rd[5]
 pcpi_rd[6]
 pcpi_rd[7]
 pcpi_rd[8]
 pcpi_rd[9]
 pcpi_ready
 pcpi_wait
 pcpi_wr
 clkload0/Y
 clkload1/X
 clkload10/Y
 clkload100/Y
 clkload101/Y
 clkload102/Y
 clkload103/Y
 clkload104/Y
 clkload105/Y
 clkload106/Y
 clkload107/Y
 clkload108/Y
 clkload109/Y
 clkload11/Y
 clkload110/Y
 clkload111/Y
 clkload112/Y
 clkload113/Y
 clkload114/Y
 clkload115/Y
 clkload116/Y
 clkload117/Y
 clkload118/Y
 clkload119/Y
 clkload12/Y
 clkload120/X
 clkload121/Y
 clkload122/Y
 clkload123/Y
 clkload124/Y
 clkload125/Y
 clkload126/Y
 clkload127/Y
 clkload128/Y
 clkload129/Y
 clkload13/Y
 clkload130/Y
 clkload131/Y
 clkload132/X
 clkload133/Y
 clkload134/Y
 clkload135/Y
 clkload136/Y
 clkload137/Y
 clkload138/Y
 clkload139/X
 clkload14/Y
 clkload140/X
 clkload141/X
 clkload142/X
 clkload143/Y
 clkload144/Y
 clkload145/Y
 clkload146/X
 clkload15/X
 clkload16/Y
 clkload17/Y
 clkload18/X
 clkload19/Y
 clkload2/Y
 clkload20/Y
 clkload21/Y
 clkload22/Y
 clkload23/Y
 clkload24/Y
 clkload25/Y
 clkload26/X
 clkload27/X
 clkload28/Y
 clkload29/Y
 clkload3/X
 clkload30/Y
 clkload31/Y
 clkload32/Y
 clkload33/Y
 clkload34/Y
 clkload35/Y
 clkload36/Y
 clkload37/Y
 clkload38/Y
 clkload39/X
 clkload4/Y
 clkload40/Y
 clkload41/Y
 clkload42/Y
 clkload43/Y
 clkload44/Y
 clkload45/Y
 clkload46/Y
 clkload47/Y
 clkload48/Y
 clkload49/Y
 clkload5/Y
 clkload50/Y
 clkload51/Y
 clkload52/Y
 clkload53/Y
 clkload54/Y
 clkload55/Y
 clkload56/Y
 clkload57/Y
 clkload58/Y
 clkload59/Y
 clkload6/Y
 clkload60/X
 clkload61/Y
 clkload62/Y
 clkload63/Y
 clkload64/Y
 clkload65/Y
 clkload66/Y
 clkload67/Y
 clkload68/Y
 clkload69/Y
 clkload7/Y
 clkload70/Y
 clkload71/Y
 clkload72/Y
 clkload73/Y
 clkload74/Y
 clkload75/Y
 clkload76/Y
 clkload77/X
 clkload78/Y
 clkload79/Y
 clkload8/Y
 clkload80/Y
 clkload81/Y
 clkload82/Y
 clkload83/Y
 clkload84/Y
 clkload85/Y
 clkload86/Y
 clkload87/Y
 clkload88/Y
 clkload89/Y
 clkload9/Y
 clkload90/Y
 clkload91/X
 clkload92/X
 clkload93/Y
 clkload94/Y
 clkload95/Y
 clkload96/Y
 clkload97/Y
 clkload98/Y
 clkload99/Y
 picorv32_1003/HI
 picorv32_1004/HI
 picorv32_1005/HI
 picorv32_1006/HI
 picorv32_1007/HI
 picorv32_1008/HI
 picorv32_1009/HI
 picorv32_1010/HI
 picorv32_1011/HI
 picorv32_1012/HI
 picorv32_1013/HI
 picorv32_1014/HI
 picorv32_1015/HI
 picorv32_1016/HI
 picorv32_1017/HI
 picorv32_1018/HI
 picorv32_1019/HI
 picorv32_1020/HI
 picorv32_1021/HI
 picorv32_1022/HI
 picorv32_1023/HI
 picorv32_1024/HI
 picorv32_1025/HI
 picorv32_1026/HI
 picorv32_1027/HI
 picorv32_1028/HI
 picorv32_1029/HI
 picorv32_1030/HI
 picorv32_1031/HI
 picorv32_1032/HI
 picorv32_1033/HI
 picorv32_1034/HI
 picorv32_1035/HI
 picorv32_1036/HI
 picorv32_1037/HI
 picorv32_1038/HI
 picorv32_1039/HI
 picorv32_1040/HI
 picorv32_1041/HI
 picorv32_1042/HI
 picorv32_1043/HI
 picorv32_1044/HI
 picorv32_1045/HI
 picorv32_1046/HI
 picorv32_1047/HI
 picorv32_1048/HI
 picorv32_1049/HI
 picorv32_1050/HI
 picorv32_1051/HI
 picorv32_1052/HI
 picorv32_1053/HI
 picorv32_1054/HI
 picorv32_1055/HI
 picorv32_1056/HI
 picorv32_1057/HI
 picorv32_1058/HI
 picorv32_1059/HI
 picorv32_1060/HI
 picorv32_1061/HI
 picorv32_1062/HI
 picorv32_1063/HI
 picorv32_1064/HI
 picorv32_1065/HI
 picorv32_1066/HI
 picorv32_1067/HI
 picorv32_1068/HI
 picorv32_1069/HI
 picorv32_1070/HI
 picorv32_1071/HI
 picorv32_1072/HI
 picorv32_1073/HI
 picorv32_1074/HI
 picorv32_1075/HI
 picorv32_1076/HI
 picorv32_1077/HI
 picorv32_1078/HI
 picorv32_1079/HI
 picorv32_1080/HI
 picorv32_1081/HI
 picorv32_1082/HI
 picorv32_1083/HI
 picorv32_1084/HI
 picorv32_1085/HI
 picorv32_1086/HI
 picorv32_1087/HI
 picorv32_1088/HI
 picorv32_1089/HI
 picorv32_1090/HI
 picorv32_1091/HI
 picorv32_1092/HI
 picorv32_1093/HI
 picorv32_1094/HI
 picorv32_1095/HI
 picorv32_1096/HI
 picorv32_1097/HI
 picorv32_1098/HI
 picorv32_1099/HI
 picorv32_1100/HI
 picorv32_1101/HI
 picorv32_1102/HI
 picorv32_1103/HI
 picorv32_1104/HI
 picorv32_1105/HI
 picorv32_1106/HI
 picorv32_1107/HI
 picorv32_1108/HI
Found 0 partially unannotated drivers.

===========================================================================
max slew violation count 96
max fanout violation count 110
max cap violation count 1
============================================================================

===========================================================================
check_setup -verbose -unconstrained_endpoints -multiple_clock -no_clock -no_input_delay -loops -generated_clocks
===========================================================================
Warning: There are 106 unconstrained endpoints.
  eoi[0]
  eoi[10]
  eoi[11]
  eoi[12]
  eoi[13]
  eoi[14]
  eoi[15]
  eoi[16]
  eoi[17]
  eoi[18]
  eoi[19]
  eoi[1]
  eoi[20]
  eoi[21]
  eoi[22]
  eoi[23]
  eoi[24]
  eoi[25]
  eoi[26]
  eoi[27]
  eoi[28]
  eoi[29]
  eoi[2]
  eoi[30]
  eoi[31]
  eoi[3]
  eoi[4]
  eoi[5]
  eoi[6]
  eoi[7]
  eoi[8]
  eoi[9]
  mem_addr[0]
  mem_addr[1]
  mem_la_addr[0]
  mem_la_addr[1]
  pcpi_insn[0]
  pcpi_insn[10]
  pcpi_insn[11]
  pcpi_insn[12]
  pcpi_insn[13]
  pcpi_insn[14]
  pcpi_insn[15]
  pcpi_insn[16]
  pcpi_insn[17]
  pcpi_insn[18]
  pcpi_insn[19]
  pcpi_insn[1]
  pcpi_insn[20]
  pcpi_insn[21]
  pcpi_insn[22]
  pcpi_insn[23]
  pcpi_insn[24]
  pcpi_insn[25]
  pcpi_insn[26]
  pcpi_insn[27]
  pcpi_insn[28]
  pcpi_insn[29]
  pcpi_insn[2]
  pcpi_insn[30]
  pcpi_insn[31]
  pcpi_insn[3]
  pcpi_insn[4]
  pcpi_insn[5]
  pcpi_insn[6]
  pcpi_insn[7]
  pcpi_insn[8]
  pcpi_insn[9]
  pcpi_valid
  trace_data[0]
  trace_data[10]
  trace_data[11]
  trace_data[12]
  trace_data[13]
  trace_data[14]
  trace_data[15]
  trace_data[16]
  trace_data[17]
  trace_data[18]
  trace_data[19]
  trace_data[1]
  trace_data[20]
  trace_data[21]
  trace_data[22]
  trace_data[23]
  trace_data[24]
  trace_data[25]
  trace_data[26]
  trace_data[27]
  trace_data[28]
  trace_data[29]
  trace_data[2]
  trace_data[30]
  trace_data[31]
  trace_data[32]
  trace_data[33]
  trace_data[34]
  trace_data[35]
  trace_data[3]
  trace_data[4]
  trace_data[5]
  trace_data[6]
  trace_data[7]
  trace_data[8]
  trace_data[9]
  trace_valid
