Clock: clk
Sources: clk 
Generated: no
Virtual: yes
Propagated: no
Period: 25.000000

===========================================================================
report_clock_properties
============================================================================
Clock                   Period          Waveform
----------------------------------------------------
clk                  25.000000    0.000000 12.500000

===========================================================================
report_clock_latency
============================================================================
Clock clk
rise -> rise
    min     max
0.000000 0.000000 source latency
1.515893         network latency _10706_/CLK
        1.979378 network latency _10811_/CLK
---------------
1.515893 1.979378 latency
        0.463486 skew

fall -> fall
    min     max
0.000000 0.000000 source latency
1.203206         network latency _10706_/CLK
        1.616540 network latency _10811_/CLK
---------------
1.203206 1.616540 latency
        0.413334 skew



===========================================================================
report_clock_min_period
============================================================================
clk period_min = 16.56 fmax = 60.38
