Clock: clk
Sources: clk 
Generated: no
Virtual: yes
Propagated: no
Period: 25.000000

===========================================================================
report_clock_properties
============================================================================
Clock                   Period          Waveform
----------------------------------------------------
clk                  25.000000    0.000000 12.500000

===========================================================================
report_clock_latency
============================================================================
Clock clk
rise -> rise
    min     max
0.000000 0.000000 source latency
0.885639         network latency _10706_/CLK
        1.150222 network latency _10811_/CLK
---------------
0.885639 1.150222 latency
        0.264583 skew

fall -> fall
    min     max
0.000000 0.000000 source latency
0.673714         network latency _10706_/CLK
        0.908067 network latency _10811_/CLK
---------------
0.673714 0.908067 latency
        0.234352 skew



===========================================================================
report_clock_min_period
============================================================================
clk period_min = 8.40 fmax = 119.04
