Clock: clk
Sources: clk 
Generated: no
Virtual: yes
Propagated: no
Period: 25.000000

===========================================================================
report_clock_properties
============================================================================
Clock                   Period          Waveform
----------------------------------------------------
clk                  25.000000    0.000000 12.500000

===========================================================================
report_clock_latency
============================================================================
Clock clk
rise -> rise
    min     max
0.000000 0.000000 source latency
12.254967         network latency _11235_/CLK
        12.494593 network latency _10863_/CLK
---------------
12.254967 12.494593 latency
        0.239625 skew

fall -> fall
    min     max
0.000000 0.000000 source latency
5.989925         network latency _11235_/CLK
        6.211448 network latency _10863_/CLK
---------------
5.989925 6.211448 latency
        0.221522 skew



===========================================================================
report_clock_min_period
============================================================================
clk period_min = 9.76 fmax = 102.46
