
===========================================================================
Violator List
============================================================================
[hold in-reg] mem_rdata[11] -> _11054_/D : -8.748128
[hold in-reg] mem_rdata[10] -> _11053_/D : -8.743335
[hold in-reg] mem_rdata[9] -> _11052_/D : -8.741349
[hold in-reg] mem_rdata[8] -> _11051_/D : -8.730473
[hold in-reg] mem_ready -> _11504_/D : -8.723964
[hold in-reg] mem_rdata[14] -> _11057_/D : -8.717483
[hold in-reg] mem_rdata[7] -> _11050_/D : -8.716468
[hold in-reg] mem_rdata[28] -> _11071_/D : -8.714227
[hold in-reg] mem_rdata[16] -> _11059_/D : -8.710307
[hold in-reg] mem_rdata[21] -> _11064_/D : -8.706448
[hold in-reg] mem_rdata[17] -> _11060_/D : -8.705415
[hold in-reg] mem_rdata[26] -> _11069_/D : -8.705215
[hold in-reg] mem_rdata[18] -> _11061_/D : -8.705085
[hold in-reg] mem_rdata[30] -> _11073_/D : -8.702490
[hold in-reg] mem_rdata[20] -> _11063_/D : -8.701940
[hold in-reg] mem_rdata[23] -> _11066_/D : -8.698771
[hold in-reg] mem_rdata[22] -> _11065_/D : -8.698365
[hold in-reg] mem_rdata[27] -> _11070_/D : -8.693086
[hold in-reg] mem_rdata[29] -> _11072_/D : -8.692647
[hold in-reg] mem_rdata[24] -> _11067_/D : -8.692538
[hold in-reg] mem_rdata[25] -> _11068_/D : -8.691679
[hold in-reg] mem_rdata[19] -> _11062_/D : -8.689067
[hold in-reg] mem_rdata[12] -> _11055_/D : -8.683319
[hold in-reg] mem_rdata[13] -> _11056_/D : -8.665980
[hold in-reg] mem_ready -> _10894_/D : -8.662571
[hold in-reg] mem_rdata[31] -> _11074_/D : -8.652340
[hold in-reg] mem_rdata[3] -> _11046_/D : -8.645708
[hold in-reg] mem_ready -> _10786_/D : -8.638750
[hold in-reg] mem_rdata[15] -> _11058_/D : -8.635978
[hold in-reg] mem_rdata[6] -> _11049_/D : -8.629969
[hold in-reg] mem_rdata[0] -> _11043_/D : -8.626294
[hold in-reg] mem_rdata[1] -> _11044_/D : -8.623289
[hold in-reg] mem_rdata[2] -> _11045_/D : -8.609612
[hold in-reg] mem_rdata[4] -> _11047_/D : -8.586474
[hold in-reg] mem_rdata[2] -> _10861_/D : -8.565023
[hold in-reg] mem_rdata[2] -> _10895_/D : -8.537210
[hold in-reg] mem_ready -> _11048_/D : -8.521996
[hold in-reg] mem_ready -> _10854_/D : -8.502738
[hold in-reg] mem_rdata[14] -> _10794_/D : -8.498944
[hold in-reg] mem_rdata[4] -> _10857_/D : -8.486780
[hold in-reg] mem_rdata[11] -> _10843_/D : -8.467617
[hold in-reg] mem_rdata[8] -> _10840_/D : -8.465537
[hold in-reg] mem_rdata[10] -> _10842_/D : -8.463140
[hold in-reg] mem_rdata[9] -> _10841_/D : -8.461104
[hold in-reg] mem_rdata[7] -> _10839_/D : -8.446555
[hold in-reg] mem_rdata[14] -> _10836_/D : -8.434806
[hold in-reg] mem_rdata[28] -> _10831_/D : -8.433614
[hold in-reg] mem_rdata[16] -> _11039_/D : -8.430303
[hold in-reg] mem_rdata[16] -> _10845_/D : -8.428857
[hold in-reg] mem_rdata[21] -> _10849_/D : -8.426570
[hold in-reg] mem_rdata[21] -> _09941_/D : -8.426449
[hold in-reg] mem_rdata[26] -> _10829_/D : -8.424701
[hold in-reg] mem_rdata[18] -> _11041_/D : -8.424531
[hold in-reg] mem_rdata[17] -> _10846_/D : -8.424456
[hold in-reg] mem_rdata[17] -> _11040_/D : -8.424431
[hold in-reg] mem_rdata[18] -> _10847_/D : -8.423621
[hold in-reg] mem_rdata[20] -> _10848_/D : -8.422373
[hold in-reg] mem_rdata[30] -> _10833_/D : -8.422303
[hold in-reg] mem_rdata[20] -> _09940_/D : -8.422064
[hold in-reg] mem_rdata[23] -> _09943_/D : -8.419872
[hold in-reg] mem_rdata[22] -> _09942_/D : -8.418757
[hold in-reg] mem_rdata[23] -> _10851_/D : -8.418314
[hold in-reg] mem_rdata[22] -> _10850_/D : -8.417684
[hold in-reg] mem_rdata[29] -> _10832_/D : -8.414159
[hold in-reg] mem_rdata[24] -> _09944_/D : -8.413580
[hold in-reg] mem_rdata[27] -> _10830_/D : -8.413010
[hold in-reg] mem_rdata[24] -> _10827_/D : -8.412628
[hold in-reg] mem_rdata[25] -> _10828_/D : -8.410921
[hold in-reg] mem_rdata[19] -> _10837_/D : -8.409252
[hold in-reg] mem_rdata[19] -> _11042_/D : -8.407854
[hold in-reg] mem_rdata[12] -> _10834_/D : -8.399898
[hold in-reg] mem_rdata[19] -> _10667_/D : -8.395227
[hold in-reg] mem_rdata[0] -> _10648_/D : -8.385534
[hold in-reg] mem_rdata[13] -> _10835_/D : -8.383342
[hold in-reg] mem_rdata[6] -> _10785_/D : -8.381881
[hold in-reg] mem_rdata[31] -> _10838_/D : -8.373703
[hold in-reg] mem_rdata[20] -> _10668_/D : -8.369067
[hold in-reg] mem_rdata[15] -> _11038_/D : -8.356427
[hold in-reg] mem_rdata[15] -> _10844_/D : -8.355498
[hold in-reg] mem_rdata[28] -> _10676_/D : -8.306671
[hold in-reg] mem_rdata[23] -> _10671_/D : -8.299064
[hold in-reg] mem_rdata[27] -> _10675_/D : -8.296445
[hold in-reg] mem_rdata[17] -> _10665_/D : -8.273971
[hold in-reg] mem_rdata[4] -> _10787_/D : -8.255636
[hold in-reg] mem_rdata[26] -> _10674_/D : -8.243250
[hold in-reg] mem_rdata[25] -> _10673_/D : -8.225533
[hold in-reg] mem_rdata[24] -> _10672_/D : -8.205943
[hold in-reg] mem_rdata[29] -> _10677_/D : -8.187208
[hold in-reg] mem_rdata[3] -> _10651_/D : -8.180514
[hold in-reg] mem_rdata[16] -> _10664_/D : -8.168738
[hold in-reg] mem_rdata[6] -> _10654_/D : -8.165792
[hold in-reg] mem_rdata[1] -> _10649_/D : -8.139641
[hold in-reg] mem_rdata[15] -> _10663_/D : -8.137724
[hold in-reg] mem_rdata[18] -> _10666_/D : -8.131170
[hold in-reg] mem_rdata[5] -> _10653_/D : -8.120374
[hold in-reg] mem_rdata[31] -> _10679_/D : -8.118545
[hold in-reg] mem_rdata[7] -> _10655_/D : -8.113544
[hold in-reg] mem_rdata[2] -> _10650_/D : -8.103513
[hold in-reg] mem_rdata[26] -> _10658_/D : -8.062135
[hold in-reg] mem_rdata[27] -> _10659_/D : -8.058215
[hold in-reg] mem_rdata[4] -> _10652_/D : -8.052490
[hold in-reg] mem_rdata[30] -> _10662_/D : -8.048594
[hold in-reg] mem_rdata[21] -> _10669_/D : -7.992800
[hold in-reg] mem_rdata[28] -> _10660_/D : -7.965163
[hold in-reg] mem_rdata[24] -> _10656_/D : -7.945184
[hold in-reg] mem_rdata[25] -> _10657_/D : -7.929824
[hold in-reg] mem_rdata[22] -> _10670_/D : -7.928439
[hold in-reg] mem_rdata[29] -> _10661_/D : -7.925738
[hold in-reg] mem_rdata[30] -> _10678_/D : -7.903129
[hold in-reg] mem_ready -> _10899_/D : -7.816581
[hold in-reg] mem_ready -> _10898_/D : -7.798520
[hold in-reg] mem_ready -> _10750_/D : -7.787705
[hold in-reg] mem_ready -> _10710_/D : -7.774299
[hold in-reg] mem_ready -> _10712_/D : -7.732070
[hold in-reg] mem_ready -> _10713_/D : -7.711060
[hold in-reg] mem_ready -> _11113_/D : -7.705578
[hold in-reg] mem_ready -> _10714_/D : -7.637534
[hold in-reg] mem_ready -> _10711_/D : -7.575487
[hold in-reg] resetn -> _10586_/D : -7.527525
[hold in-reg] resetn -> _10587_/D : -7.526766
[hold in-reg] resetn -> _10584_/D : -7.526746
[hold in-reg] resetn -> _10495_/D : -7.520246
[hold in-reg] resetn -> _10493_/D : -7.518343
[hold in-reg] resetn -> _10589_/D : -7.517921
[hold in-reg] resetn -> _10492_/D : -7.517106
[hold in-reg] resetn -> _10461_/D : -7.516964
[hold in-reg] resetn -> _10462_/D : -7.516720
[hold in-reg] resetn -> _10490_/D : -7.516146
[hold in-reg] resetn -> _10459_/D : -7.515762
[hold in-reg] resetn -> _10619_/D : -7.515310
[hold in-reg] resetn -> _10616_/D : -7.515030
[hold in-reg] resetn -> _10617_/D : -7.514343
[hold in-reg] resetn -> _10620_/D : -7.514087
[hold in-reg] resetn -> _10607_/D : -7.486129
[hold in-reg] resetn -> _10555_/D : -7.435612
[hold in-reg] resetn -> _10557_/D : -7.434704
[hold in-reg] resetn -> _10623_/D : -7.426002
[hold in-reg] resetn -> _10590_/D : -7.425067
[hold in-reg] resetn -> _10593_/D : -7.424988
[hold in-reg] resetn -> _10596_/D : -7.424580
[hold in-reg] resetn -> _10464_/D : -7.424237
[hold in-reg] resetn -> _10622_/D : -7.424127
[hold in-reg] resetn -> _10496_/D : -7.423694
[hold in-reg] resetn -> _10595_/D : -7.421937
[hold in-reg] resetn -> _10592_/D : -7.421496
[hold in-reg] resetn -> _10465_/D : -7.420429
[hold in-reg] resetn -> _10499_/D : -7.419500
[hold in-reg] resetn -> _10498_/D : -7.418855
[hold in-reg] resetn -> _10626_/D : -7.418421
[hold in-reg] resetn -> _10625_/D : -7.417334
[hold in-reg] resetn -> _10501_/D : -7.417224
[hold in-reg] resetn -> _10467_/D : -7.416038
[hold in-reg] resetn -> _10747_/D : -7.414700
[hold in-reg] resetn -> _10468_/D : -7.414392
[hold in-reg] resetn -> _10628_/D : -7.413660
[hold in-reg] resetn -> _10629_/D : -7.410208
[hold in-reg] resetn -> _10502_/D : -7.410125
[hold in-reg] resetn -> _10504_/D : -7.410089
[hold in-reg] resetn -> _10505_/D : -7.409618
[hold in-reg] resetn -> _10470_/D : -7.409501
[hold in-reg] resetn -> _10471_/D : -7.409213
[hold in-reg] resetn -> _10508_/D : -7.408533
[hold in-reg] resetn -> _10474_/D : -7.408163
[hold in-reg] resetn -> _10507_/D : -7.407990
[hold in-reg] resetn -> _10599_/D : -7.407846
[hold in-reg] resetn -> _10614_/D : -7.407803
[hold in-reg] resetn -> _10633_/D : -7.407413
[hold in-reg] resetn -> _10638_/D : -7.407272
[hold in-reg] resetn -> _10510_/D : -7.407074
[hold in-reg] resetn -> _10598_/D : -7.407053
[hold in-reg] resetn -> _10631_/D : -7.406847
[hold in-reg] resetn -> _10481_/D : -7.406825
[hold in-reg] resetn -> _10637_/D : -7.406562
[hold in-reg] resetn -> _10602_/D : -7.406315
[hold in-reg] resetn -> _10473_/D : -7.406169
[hold in-reg] resetn -> _10511_/D : -7.405232
[hold in-reg] resetn -> _10635_/D : -7.405017
[hold in-reg] resetn -> _10482_/D : -7.404668
[hold in-reg] resetn -> _10610_/D : -7.404486
[hold in-reg] resetn -> _10476_/D : -7.404277
[hold in-reg] resetn -> _10477_/D : -7.404075
[hold in-reg] resetn -> _10611_/D : -7.404076
[hold in-reg] resetn -> _10514_/D : -7.403981
[hold in-reg] resetn -> _10484_/D : -7.403485
[hold in-reg] resetn -> _10613_/D : -7.403228
[hold in-reg] resetn -> _10605_/D : -7.403095
[hold in-reg] resetn -> _10489_/D : -7.403013
[hold in-reg] resetn -> _10513_/D : -7.402741
[hold in-reg] resetn -> _10480_/D : -7.402728
[hold in-reg] resetn -> _10634_/D : -7.402609
[hold in-reg] resetn -> _10641_/D : -7.402499
[hold in-reg] resetn -> _10487_/D : -7.401752
[hold in-reg] resetn -> _10604_/D : -7.400898
[hold in-reg] resetn -> _10643_/D : -7.400759
[hold in-reg] resetn -> _10517_/D : -7.400498
[hold in-reg] resetn -> _10516_/D : -7.400296
[hold in-reg] resetn -> _10483_/D : -7.399882
[hold in-reg] resetn -> _10486_/D : -7.396870
[hold in-reg] resetn -> _10520_/D : -7.394870
[hold in-reg] resetn -> _10519_/D : -7.390187
[hold in-reg] resetn -> _10558_/D : -7.389904
[hold in-reg] resetn -> _10561_/D : -7.389155
[hold in-reg] resetn -> _10562_/D : -7.388938
[hold in-reg] resetn -> _10748_/D : -7.388007
[hold in-reg] resetn -> _10560_/D : -7.387961
[hold in-reg] resetn -> _10563_/D : -7.387039
[hold in-reg] resetn -> _10569_/D : -7.361610
[hold in-reg] resetn -> _10571_/D : -7.360662
[hold in-reg] resetn -> _10570_/D : -7.357810
[hold in-reg] resetn -> _10564_/D : -7.356670
[hold in-reg] resetn -> _10749_/D : -7.329835
[hold in-reg] resetn -> _10556_/D : -7.301338
[hold in-reg] resetn -> _10581_/D : -7.271719
[hold in-reg] resetn -> _10578_/D : -7.263171
[hold in-reg] resetn -> _10579_/D : -7.257689
[hold in-reg] mem_ready -> _11116_/D : -7.255762
[hold in-reg] resetn -> _10559_/D : -7.255350
[hold in-reg] resetn -> _10577_/D : -7.254652
[hold in-reg] resetn -> _10576_/D : -7.251987
[hold in-reg] resetn -> _10456_/D : -7.238457
[hold in-reg] mem_ready -> _11343_/D : -7.236616
[hold in-reg] resetn -> _10573_/D : -7.236238
[hold in-reg] resetn -> _10572_/D : -7.235186
[hold in-reg] resetn -> _10575_/D : -7.233446
[hold in-reg] resetn -> _10567_/D : -7.227916
[hold in-reg] resetn -> _10457_/D : -7.226748
[hold in-reg] resetn -> _10568_/D : -7.226253
[hold in-reg] resetn -> _10565_/D : -7.222290
[hold in-reg] resetn -> _10566_/D : -7.220840
[hold in-reg] resetn -> _10521_/D : -7.208426
[hold in-reg] mem_ready -> _10751_/D : -7.206231
[hold in-reg] mem_ready -> _10752_/D : -7.204308
[hold in-reg] resetn -> _10825_/D : -7.201101
[hold in-reg] resetn -> _10585_/D : -7.192897
[hold in-reg] mem_ready -> _11342_/D : -7.189579
[hold in-reg] resetn -> _10494_/D : -7.185102
[hold in-reg] resetn -> _10588_/D : -7.183602
[hold in-reg] resetn -> _10491_/D : -7.182810
[hold in-reg] resetn -> _10583_/D : -7.182646
[hold in-reg] resetn -> _10463_/D : -7.182513
[hold in-reg] resetn -> _10460_/D : -7.182080
[hold in-reg] resetn -> _10458_/D : -7.180098
[hold in-reg] resetn -> _10618_/D : -7.180026
[hold in-reg] resetn -> _10615_/D : -7.177982
[hold in-reg] resetn -> _10574_/D : -7.159569
[hold in-reg] resetn -> _10606_/D : -7.152368
[hold in-reg] resetn -> _10478_/D : -7.140238
[hold in-reg] resetn -> _10582_/D : -7.138783
[hold in-reg] mem_ready -> _11111_/D : -7.129842
[hold in-reg] mem_ready -> _09953_/D : -7.125849
[hold in-reg] resetn -> _10580_/D : -7.121775
[hold in-reg] resetn -> _10608_/D : -7.117224
[hold in-reg] mem_ready -> _11115_/D : -7.114312
[hold in-reg] resetn -> _10644_/D : -7.113697
[hold in-reg] mem_ready -> _09948_/D : -7.100385
[hold in-reg] resetn -> _10621_/D : -7.092821
[hold in-reg] resetn -> _10594_/D : -7.092139
[hold in-reg] mem_ready -> _09955_/D : -7.091578
[hold in-reg] mem_ready -> _09956_/D : -7.091177
[hold in-reg] resetn -> _10591_/D : -7.090966
[hold in-reg] mem_ready -> _11341_/D : -7.089494
[hold in-reg] resetn -> _10497_/D : -7.087009
[hold in-reg] resetn -> _10500_/D : -7.085896
[hold in-reg] resetn -> _10466_/D : -7.084607
[hold in-reg] resetn -> _10624_/D : -7.083827
[hold in-reg] resetn -> _10469_/D : -7.079351
[hold in-reg] resetn -> _10627_/D : -7.079327
[hold in-reg] resetn -> _10503_/D : -7.077186
[hold in-reg] resetn -> _10597_/D : -7.076231
[hold in-reg] resetn -> _10506_/D : -7.075560
[hold in-reg] resetn -> _10472_/D : -7.074423
[hold in-reg] resetn -> _10509_/D : -7.074066
[hold in-reg] resetn -> _10630_/D : -7.073961
[hold in-reg] resetn -> _10600_/D : -7.073193
[hold in-reg] resetn -> _10603_/D : -7.071904
[hold in-reg] resetn -> _10475_/D : -7.071461
[hold in-reg] resetn -> _10512_/D : -7.071398
[hold in-reg] resetn -> _10632_/D : -7.071230
[hold in-reg] resetn -> _11114_/D : -7.071198
[hold in-reg] resetn -> _10639_/D : -7.070998
[hold in-reg] resetn -> _10640_/D : -7.070871
[hold in-reg] resetn -> _10609_/D : -7.070633
[hold in-reg] resetn -> _10515_/D : -7.070397
[hold in-reg] resetn -> _10488_/D : -7.070329
[hold in-reg] resetn -> _10636_/D : -7.070277
[hold in-reg] mem_ready -> _09947_/D : -7.070264
[hold in-reg] mem_ready -> _09971_/D : -7.069060
[hold in-reg] resetn -> _10642_/D : -7.068548
[hold in-reg] resetn -> _10479_/D : -7.068153
[hold in-reg] resetn -> _10612_/D : -7.065878
[hold in-reg] resetn -> _10485_/D : -7.065856
[hold in-reg] resetn -> _10518_/D : -7.064700
[hold in-reg] resetn -> _10645_/D : -7.064579
[hold in-reg] resetn -> _10646_/D : -7.056828
[hold in-reg] mem_ready -> _09961_/D : -7.050787
[hold in-reg] mem_ready -> _09965_/D : -7.050636
[hold in-reg] mem_ready -> _09964_/D : -7.050570
[hold in-reg] mem_ready -> _09952_/D : -7.045692
[hold in-reg] mem_ready -> _09950_/D : -7.023450
[hold in-reg] mem_ready -> _09954_/D : -7.017393
[hold in-reg] resetn -> _10818_/D : -7.010919
[hold in-reg] resetn -> _10812_/D : -7.008802
[hold in-reg] mem_ready -> _09958_/D : -6.999892
[hold in-reg] mem_ready -> _10647_/D : -6.995703
[hold in-reg] mem_ready -> _09973_/D : -6.993942
[hold in-reg] mem_ready -> _09945_/D : -6.992547
[hold in-reg] mem_ready -> _09946_/D : -6.989597
[hold in-reg] mem_ready -> _09959_/D : -6.985296
[hold in-reg] mem_ready -> _09960_/D : -6.984914
[hold in-reg] mem_ready -> _09957_/D : -6.981681
[hold in-reg] mem_ready -> _09972_/D : -6.979169
[hold in-reg] mem_ready -> _09951_/D : -6.975985
[hold in-reg] mem_ready -> _09949_/D : -6.974796
[hold in-reg] mem_ready -> _09968_/D : -6.968890
[hold in-reg] resetn -> _11110_/D : -6.967043
[hold in-reg] resetn -> _10804_/D : -6.965591
[hold in-reg] mem_ready -> _09969_/D : -6.963986
[hold in-reg] mem_ready -> _09970_/D : -6.963166
[hold in-reg] resetn -> _10601_/D : -6.960920
[hold in-reg] resetn -> _10807_/D : -6.949383
[hold in-reg] mem_ready -> _09962_/D : -6.946403
[hold in-reg] resetn -> _10806_/D : -6.946099
[hold in-reg] mem_ready -> _09963_/D : -6.945386
[hold in-reg] mem_ready -> _09966_/D : -6.944844
[hold in-reg] mem_ready -> _09967_/D : -6.941697
[hold in-reg] resetn -> _10803_/D : -6.940331
[hold in-reg] resetn -> _10805_/D : -6.939875
[hold in-reg] resetn -> _10802_/D : -6.939813
[hold in-reg] resetn -> _10820_/D : -6.920745
[hold in-reg] resetn -> _10813_/D : -6.919532
[hold in-reg] resetn -> _10815_/D : -6.919224
[hold in-reg] resetn -> _10819_/D : -6.916545
[hold in-reg] resetn -> _10811_/D : -6.913408
[hold in-reg] resetn -> _10814_/D : -6.911766
[hold in-reg] resetn -> _10816_/D : -6.911729
[hold in-reg] resetn -> _10817_/D : -6.911491
[hold in-reg] resetn -> _10896_/D : -6.904182
[hold in-reg] resetn -> _10791_/D : -6.902899
[hold in-reg] resetn -> _10789_/D : -6.902740
[hold in-reg] resetn -> _10790_/D : -6.902669
[hold in-reg] resetn -> _10792_/D : -6.901118
[hold in-reg] resetn -> _10793_/D : -6.901117
[hold in-reg] mem_ready -> _09974_/D : -6.888735
[hold in-reg] mem_ready -> _09975_/D : -6.888213
[hold in-reg] resetn -> _10788_/D : -6.885636
[hold in-reg] resetn -> _10720_/D : -6.654691
[hold in-reg] resetn -> _10721_/D : -6.653633
[hold in-reg] resetn -> _10722_/D : -6.650258
[hold in-reg] resetn -> _10723_/D : -6.635985
[hold in-reg] resetn -> _10725_/D : -6.634271
[hold in-reg] resetn -> _10724_/D : -6.633174
[hold in-reg] resetn -> _10726_/D : -6.624839
[hold in-reg] resetn -> _10727_/D : -6.624713
[hold in-reg] resetn -> _10522_/D : -6.614354
[hold in-reg] resetn -> _10730_/D : -6.608443
[hold in-reg] resetn -> _10728_/D : -6.608304
[hold in-reg] resetn -> _10729_/D : -6.607309
[hold in-reg] resetn -> _10732_/D : -6.604138
[hold in-reg] resetn -> _10553_/D : -6.594466
[hold in-reg] resetn -> _10719_/D : -6.591871
[hold in-reg] resetn -> _10524_/D : -6.588418
[hold in-reg] resetn -> _10554_/D : -6.587088
[hold in-reg] resetn -> _10523_/D : -6.586705
[hold in-reg] resetn -> _10525_/D : -6.583219
[hold in-reg] resetn -> _10526_/D : -6.583131
[hold in-reg] resetn -> _10717_/D : -6.574724
[hold in-reg] resetn -> _10552_/D : -6.557319
[hold in-reg] resetn -> _10737_/D : -6.545960
[hold in-reg] resetn -> _10731_/D : -6.545938
[hold in-reg] resetn -> _10746_/D : -6.545536
[hold in-reg] resetn -> _10739_/D : -6.541834
[hold in-reg] resetn -> _10741_/D : -6.541400
[hold in-reg] resetn -> _10527_/D : -6.541360
[hold in-reg] resetn -> _10529_/D : -6.540698
[hold in-reg] resetn -> _10531_/D : -6.539410
[hold in-reg] resetn -> _10530_/D : -6.539226
[hold in-reg] resetn -> _10528_/D : -6.539179
[hold in-reg] resetn -> _10532_/D : -6.536346
[hold in-reg] resetn -> _10533_/D : -6.536144
[hold in-reg] resetn -> _10534_/D : -6.534570
[hold in-reg] resetn -> _10738_/D : -6.534045
[hold in-reg] resetn -> _10715_/D : -6.530191
[hold in-reg] resetn -> _10734_/D : -6.513489
[hold in-reg] resetn -> _10733_/D : -6.512586
[hold in-reg] resetn -> _10735_/D : -6.511217
[hold in-reg] resetn -> _10736_/D : -6.510946
[hold in-reg] resetn -> _10536_/D : -6.510855
[hold in-reg] resetn -> _10539_/D : -6.510536
[hold in-reg] resetn -> _10537_/D : -6.507360
[hold in-reg] resetn -> _10744_/D : -6.507223
[hold in-reg] resetn -> _10535_/D : -6.506689
[hold in-reg] resetn -> _10538_/D : -6.506534
[hold in-reg] resetn -> _10540_/D : -6.505967
[hold in-reg] resetn -> _10743_/D : -6.505266
[hold in-reg] resetn -> _10745_/D : -6.499629
[hold in-reg] resetn -> _10742_/D : -6.492784
[hold in-reg] resetn -> _10740_/D : -6.478602
[hold in-reg] resetn -> _10543_/D : -6.467835
[hold in-reg] resetn -> _10541_/D : -6.466788
[hold in-reg] resetn -> _10542_/D : -6.465618
[hold in-reg] resetn -> _10551_/D : -6.442787
[hold in-reg] resetn -> _10718_/D : -6.441901
[hold in-reg] resetn -> _10550_/D : -6.438920
[hold in-reg] resetn -> _10716_/D : -6.437206
[hold in-reg] resetn -> _10547_/D : -6.431249
[hold in-reg] resetn -> _10546_/D : -6.428320
[hold in-reg] resetn -> _10548_/D : -6.426926
[hold in-reg] resetn -> _10549_/D : -6.426724
[hold in-reg] resetn -> _10545_/D : -6.420838
[hold in-reg] resetn -> _11112_/D : -6.407212
[hold in-reg] resetn -> _10544_/D : -6.406089
[hold in-reg] resetn -> _10936_/D : -6.368895
[hold in-reg] resetn -> _10938_/D : -6.368738
[hold in-reg] resetn -> _10937_/D : -6.367889
[hold in-reg] resetn -> _10939_/D : -6.367677
[hold in-reg] resetn -> _10940_/D : -6.367398
[hold in-reg] resetn -> _10904_/D : -6.090440
[hold in-reg] resetn -> _10901_/D : -6.089908
[hold in-reg] resetn -> _10902_/D : -6.088954
[hold in-reg] resetn -> _10900_/D : -6.088834
[hold in-reg] resetn -> _10906_/D : -6.088190
[hold in-reg] resetn -> _10903_/D : -6.068538
[hold in-reg] resetn -> _10680_/D : -5.988883
[hold in-reg] resetn -> _10686_/D : -5.987744
[hold in-reg] resetn -> _10683_/D : -5.987536
[hold in-reg] resetn -> _10685_/D : -5.987393
[hold in-reg] resetn -> _10684_/D : -5.987285
[hold in-reg] resetn -> _10687_/D : -5.987027
[hold in-reg] resetn -> _10681_/D : -5.986970
[hold in-reg] resetn -> _10682_/D : -5.986904
[hold in-reg] resetn -> _10690_/D : -5.986243
[hold in-reg] resetn -> _10689_/D : -5.985414
[hold in-reg] resetn -> _10688_/D : -5.983754
[hold in-reg] resetn -> _10909_/D : -5.949446
[hold in-reg] resetn -> _10905_/D : -5.948976
[hold in-reg] resetn -> _10912_/D : -5.948955
[hold in-reg] resetn -> _10907_/D : -5.948591
[hold in-reg] resetn -> _10908_/D : -5.948407
[hold in-reg] resetn -> _10917_/D : -5.947487
[hold in-reg] resetn -> _10910_/D : -5.947094
[hold in-reg] resetn -> _10925_/D : -5.946449
[hold in-reg] resetn -> _10911_/D : -5.945370
[hold in-reg] resetn -> _10915_/D : -5.945361
[hold in-reg] resetn -> _10913_/D : -5.945318
[hold in-reg] resetn -> _10914_/D : -5.944273
[hold in-reg] resetn -> _10918_/D : -5.942994
[hold in-reg] resetn -> _10928_/D : -5.942889
[hold in-reg] resetn -> _10930_/D : -5.942673
[hold in-reg] resetn -> _10919_/D : -5.942354
[hold in-reg] resetn -> _10921_/D : -5.941895
[hold in-reg] resetn -> _10927_/D : -5.941831
[hold in-reg] resetn -> _10920_/D : -5.941436
[hold in-reg] resetn -> _10931_/D : -5.941281
[hold in-reg] resetn -> _10897_/D : -5.940097
[hold in-reg] resetn -> _10926_/D : -5.939798
[hold in-reg] resetn -> _10929_/D : -5.939746
[hold in-reg] resetn -> _10916_/D : -5.939676
[hold in-reg] resetn -> _10922_/D : -5.938977
[hold in-reg] resetn -> _10923_/D : -5.938516
[hold in-reg] resetn -> _10924_/D : -5.937784
[hold in-reg] resetn -> _10932_/D : -5.898411
[hold in-reg] resetn -> _10933_/D : -5.897548
[hold in-reg] resetn -> _10935_/D : -5.896702
[hold in-reg] resetn -> _10934_/D : -5.896496
[hold in-reg] resetn -> _10691_/D : -5.847251
[hold in-reg] resetn -> _10694_/D : -5.844870
[hold in-reg] resetn -> _10697_/D : -5.840874
[hold in-reg] resetn -> _10696_/D : -5.840651
[hold in-reg] resetn -> _10698_/D : -5.840205
[hold in-reg] resetn -> _10709_/D : -5.839787
[hold in-reg] resetn -> _10707_/D : -5.838952
[hold in-reg] resetn -> _10708_/D : -5.838489
[hold in-reg] resetn -> _10705_/D : -5.838194
[hold in-reg] resetn -> _10706_/D : -5.837480
[hold in-reg] resetn -> _10703_/D : -5.780666
[hold in-reg] resetn -> _10695_/D : -5.779809
[hold in-reg] resetn -> _10692_/D : -5.779335
[hold in-reg] resetn -> _10704_/D : -5.779291
[hold in-reg] resetn -> _10700_/D : -5.778725
[hold in-reg] resetn -> _10699_/D : -5.778107
[hold in-reg] resetn -> _10693_/D : -5.777636
[hold in-reg] resetn -> _10702_/D : -5.776927
[hold in-reg] resetn -> _10701_/D : -5.776875
[hold in-reg] resetn -> _11121_/D : -5.627509
[hold in-reg] resetn -> _11120_/D : -5.621632
[hold in-reg] resetn -> _11123_/D : -5.612305
[hold in-reg] resetn -> _11122_/D : -5.608503
[hold in-reg] resetn -> _10012_/D : -5.606310
[hold in-reg] resetn -> _10265_/D : -5.603063
[hold in-reg] resetn -> _10011_/D : -5.601572
[hold in-reg] resetn -> _10267_/D : -5.601220
[hold in-reg] resetn -> _10268_/D : -5.599537
[hold in-reg] resetn -> _11117_/D : -5.597569
[hold in-reg] resetn -> _10014_/D : -5.595161
[hold in-reg] resetn -> _11119_/D : -5.592822
[hold in-reg] resetn -> _10201_/D : -5.592741
[hold in-reg] resetn -> _11124_/D : -5.592053
[hold in-reg] resetn -> _10270_/D : -5.591855
[hold in-reg] resetn -> _10013_/D : -5.591748
[hold in-reg] resetn -> _11118_/D : -5.591500
[hold in-reg] resetn -> _10203_/D : -5.591146
[hold in-reg] resetn -> _10204_/D : -5.589542
[hold in-reg] resetn -> _11125_/D : -5.589051
[hold in-reg] resetn -> _10269_/D : -5.588031
[hold in-reg] resetn -> _11126_/D : -5.587378
[hold in-reg] resetn -> _11128_/D : -5.584542
[hold in-reg] resetn -> _10206_/D : -5.581241
[hold in-reg] resetn -> _10008_/D : -5.580698
[hold in-reg] resetn -> _10205_/D : -5.578361
[hold in-reg] resetn -> _10015_/D : -5.575912
[hold in-reg] resetn -> _10009_/D : -5.571189
[hold in-reg] resetn -> _10010_/D : -5.570798
[hold in-reg] resetn -> _10271_/D : -5.570723
[hold in-reg] resetn -> _11132_/D : -5.569356
[hold in-reg] resetn -> _10016_/D : -5.567958
[hold in-reg] resetn -> _10266_/D : -5.567945
[hold in-reg] resetn -> _10273_/D : -5.567131
[hold in-reg] resetn -> _10272_/D : -5.566839
[hold in-reg] resetn -> _11129_/D : -5.566253
[hold in-reg] resetn -> _10017_/D : -5.565786
[hold in-reg] resetn -> _11185_/D : -5.564399
[hold in-reg] resetn -> _10275_/D : -5.563598
[hold in-reg] resetn -> _10019_/D : -5.563385
[hold in-reg] resetn -> _10264_/D : -5.560373
[hold in-reg] resetn -> _10207_/D : -5.560021
[hold in-reg] resetn -> _11130_/D : -5.558577
[hold in-reg] resetn -> _11184_/D : -5.557874
[hold in-reg] resetn -> _10202_/D : -5.557527
[hold in-reg] resetn -> _10208_/D : -5.556925
[hold in-reg] resetn -> _10209_/D : -5.555461
[hold in-reg] resetn -> _10276_/D : -5.555193
[hold in-reg] resetn -> _10073_/D : -5.554415
[hold in-reg] resetn -> _10074_/D : -5.553864
[hold in-reg] resetn -> _11127_/D : -5.553854
[hold in-reg] resetn -> _10023_/D : -5.553509
[hold in-reg] resetn -> _10137_/D : -5.553466
[hold in-reg] resetn -> _10211_/D : -5.551704
[hold in-reg] resetn -> _10075_/D : -5.551630
[hold in-reg] resetn -> _10200_/D : -5.551365
[hold in-reg] resetn -> _10138_/D : -5.551265
[hold in-reg] resetn -> _11131_/D : -5.550753
[hold in-reg] resetn -> _10020_/D : -5.550614
[hold in-reg] resetn -> _10139_/D : -5.548753
[hold in-reg] resetn -> _11187_/D : -5.548758
[hold in-reg] resetn -> _10279_/D : -5.546275
[hold in-reg] resetn -> _11134_/D : -5.545420
[hold in-reg] resetn -> _11186_/D : -5.545040
[hold in-reg] resetn -> _10076_/D : -5.543944
[hold in-reg] resetn -> _10078_/D : -5.543327
[hold in-reg] resetn -> _10021_/D : -5.543200
[hold in-reg] resetn -> _10212_/D : -5.542591
[hold in-reg] resetn -> _10140_/D : -5.541615
[hold in-reg] resetn -> _10274_/D : -5.539186
[hold in-reg] resetn -> _10215_/D : -5.538947
[hold in-reg] resetn -> _10018_/D : -5.537430
[hold in-reg] resetn -> _10277_/D : -5.537364
[hold in-reg] resetn -> _10278_/D : -5.537025
[hold in-reg] resetn -> _10022_/D : -5.535544
[hold in-reg] resetn -> _10283_/D : -5.532938
[hold in-reg] resetn -> _11181_/D : -5.532443
[hold in-reg] resetn -> _10142_/D : -5.532004
[hold in-reg] resetn -> _10210_/D : -5.530951
[hold in-reg] resetn -> _10025_/D : -5.529932
[hold in-reg] resetn -> _11188_/D : -5.529131
[hold in-reg] resetn -> _11183_/D : -5.527661
[hold in-reg] resetn -> _11190_/D : -5.527133
[hold in-reg] resetn -> _11182_/D : -5.526171
[hold in-reg] resetn -> _10219_/D : -5.525764
[hold in-reg] resetn -> _11189_/D : -5.525536
[hold in-reg] resetn -> _10041_/D : -5.524992
[hold in-reg] resetn -> _10213_/D : -5.524395
[hold in-reg] resetn -> _10214_/D : -5.523666
[hold in-reg] resetn -> _11192_/D : -5.523325
[hold in-reg] resetn -> _10077_/D : -5.523227
[hold in-reg] resetn -> _10043_/D : -5.523055
[hold in-reg] resetn -> _10044_/D : -5.520905
[hold in-reg] resetn -> _10079_/D : -5.519823
[hold in-reg] resetn -> _10108_/D : -5.517556
[hold in-reg] resetn -> _10281_/D : -5.516087
[hold in-reg] resetn -> _10107_/D : -5.516071
[hold in-reg] resetn -> _11135_/D : -5.514636
[hold in-reg] resetn -> _10046_/D : -5.511512
[hold in-reg] resetn -> _10110_/D : -5.508798
[hold in-reg] resetn -> _10045_/D : -5.508391
[hold in-reg] resetn -> _11196_/D : -5.507938
[hold in-reg] resetn -> _10080_/D : -5.507835
[hold in-reg] resetn -> _10217_/D : -5.507771
[hold in-reg] resetn -> _10072_/D : -5.507585
[hold in-reg] resetn -> _10143_/D : -5.507035
[hold in-reg] resetn -> _10109_/D : -5.507023
[hold in-reg] resetn -> _11279_/D : -5.506093
[hold in-reg] resetn -> _10145_/D : -5.505677
[hold in-reg] resetn -> _10147_/D : -5.503849
[hold in-reg] resetn -> _10141_/D : -5.502763
[hold in-reg] resetn -> _11193_/D : -5.501427
[hold in-reg] resetn -> _11280_/D : -5.500772
[hold in-reg] resetn -> _10136_/D : -5.500263
[hold in-reg] resetn -> _10144_/D : -5.497784
[hold in-reg] resetn -> _10026_/D : -5.497424
[hold in-reg] resetn -> _11137_/D : -5.496558
[hold in-reg] resetn -> _10040_/D : -5.496297
[hold in-reg] resetn -> _10081_/D : -5.495990
[hold in-reg] resetn -> _11281_/D : -5.495003
[hold in-reg] resetn -> _10083_/D : -5.494901
[hold in-reg] resetn -> _10104_/D : -5.493500
[hold in-reg] resetn -> _10082_/D : -5.492155
[hold in-reg] resetn -> _10146_/D : -5.491982
[hold in-reg] resetn -> _10047_/D : -5.491706
[hold in-reg] resetn -> _10042_/D : -5.490946
[hold in-reg] resetn -> _10111_/D : -5.490306
[hold in-reg] resetn -> _10864_/D : -5.490258
[hold in-reg] resetn -> _10863_/D : -5.490241
[hold in-reg] resetn -> _11191_/D : -5.490058
[hold in-reg] resetn -> _11194_/D : -5.489118
[hold in-reg] resetn -> _10865_/D : -5.488368
[hold in-reg] resetn -> _10048_/D : -5.488170
[hold in-reg] resetn -> _11195_/D : -5.488127
[hold in-reg] resetn -> _11283_/D : -5.487757
[hold in-reg] resetn -> _10049_/D : -5.486792
[hold in-reg] resetn -> _10105_/D : -5.484478
[hold in-reg] resetn -> _10106_/D : -5.484312
[hold in-reg] resetn -> _11198_/D : -5.484273
[hold in-reg] resetn -> _10113_/D : -5.483416
[hold in-reg] resetn -> _10051_/D : -5.482702
[hold in-reg] resetn -> _10112_/D : -5.482296
[hold in-reg] resetn -> _10868_/D : -5.480492
[hold in-reg] resetn -> _10115_/D : -5.480031
[hold in-reg] resetn -> _10114_/D : -5.478705
[hold in-reg] resetn -> _10866_/D : -5.478590
[hold in-reg] resetn -> _10087_/D : -5.478006
[hold in-reg] resetn -> _10084_/D : -5.476511
[hold in-reg] resetn -> _10028_/D : -5.475794
[hold in-reg] resetn -> _10085_/D : -5.475150
[hold in-reg] resetn -> _10052_/D : -5.472111
[hold in-reg] resetn -> _10151_/D : -5.471091
[hold in-reg] resetn -> _10867_/D : -5.469500
[hold in-reg] resetn -> _10119_/D : -5.468701
[hold in-reg] resetn -> _10148_/D : -5.467617
[hold in-reg] resetn -> _11278_/D : -5.466206
[hold in-reg] resetn -> _11284_/D : -5.466127
[hold in-reg] resetn -> _10149_/D : -5.466089
[hold in-reg] resetn -> _10393_/D : -5.465970
[hold in-reg] resetn -> _10055_/D : -5.465720
[hold in-reg] resetn -> _10053_/D : -5.465289
[hold in-reg] resetn -> _10116_/D : -5.464955
[hold in-reg] resetn -> _10150_/D : -5.464942
[hold in-reg] resetn -> _10395_/D : -5.463413
[hold in-reg] resetn -> _11282_/D : -5.463175
[hold in-reg] resetn -> _10050_/D : -5.461721
[hold in-reg] resetn -> _10059_/D : -5.459324
[hold in-reg] resetn -> _11136_/D : -5.458772
[hold in-reg] resetn -> _10153_/D : -5.458524
[hold in-reg] resetn -> _10396_/D : -5.456904
[hold in-reg] resetn -> _11133_/D : -5.456114
[hold in-reg] resetn -> _11148_/D : -5.455319
[hold in-reg] resetn -> _11285_/D : -5.454350
[hold in-reg] resetn -> _10282_/D : -5.453964
[hold in-reg] resetn -> _10054_/D : -5.452715
[hold in-reg] resetn -> _11138_/D : -5.451611
[hold in-reg] resetn -> _10284_/D : -5.451419
[hold in-reg] resetn -> _10117_/D : -5.449059
[hold in-reg] resetn -> _11277_/D : -5.448333
[hold in-reg] resetn -> _10118_/D : -5.448285
[hold in-reg] resetn -> _11286_/D : -5.446981
[hold in-reg] resetn -> _10869_/D : -5.446252
[hold in-reg] resetn -> _10398_/D : -5.446135
[hold in-reg] resetn -> _09977_/D : -5.445797
[hold in-reg] resetn -> _11288_/D : -5.445674
[hold in-reg] resetn -> _10218_/D : -5.445640
[hold in-reg] resetn -> _10870_/D : -5.444627
[hold in-reg] resetn -> _10121_/D : -5.444160
[hold in-reg] resetn -> _10220_/D : -5.443362
[hold in-reg] resetn -> _09979_/D : -5.443217
[hold in-reg] resetn -> _10295_/D : -5.443061
[hold in-reg] resetn -> _11287_/D : -5.442849
[hold in-reg] resetn -> _10027_/D : -5.442781
[hold in-reg] resetn -> _09980_/D : -5.441681
[hold in-reg] resetn -> _10280_/D : -5.441658
[hold in-reg] resetn -> _10862_/D : -5.440624
[hold in-reg] resetn -> _10024_/D : -5.440302
[hold in-reg] resetn -> _09982_/D : -5.439507
[hold in-reg] resetn -> _10039_/D : -5.439358
[hold in-reg] resetn -> _11146_/D : -5.439248
[hold in-reg] resetn -> _10294_/D : -5.438678
[hold in-reg] resetn -> _11145_/D : -5.438613
[hold in-reg] resetn -> _10285_/D : -5.438573
[hold in-reg] resetn -> _10057_/D : -5.437405
[hold in-reg] resetn -> _11147_/D : -5.437109
[hold in-reg] resetn -> _10231_/D : -5.436949
[hold in-reg] resetn -> _10871_/D : -5.436927
[hold in-reg] resetn -> _11199_/D : -5.436769
[hold in-reg] resetn -> _10029_/D : -5.435358
[hold in-reg] resetn -> _10216_/D : -5.435149
[hold in-reg] resetn -> _10221_/D : -5.430569
[hold in-reg] resetn -> _10230_/D : -5.428153
[hold in-reg] resetn -> _11144_/D : -5.427639
[hold in-reg] resetn -> _11289_/D : -5.427537
[hold in-reg] resetn -> _11140_/D : -5.427434
[hold in-reg] resetn -> _11139_/D : -5.427330
[hold in-reg] resetn -> _09981_/D : -5.426023
[hold in-reg] resetn -> _10873_/D : -5.425840
[hold in-reg] resetn -> _10394_/D : -5.425487
[hold in-reg] resetn -> _11292_/D : -5.423763
[hold in-reg] resetn -> _11142_/D : -5.423342
[hold in-reg] resetn -> _10399_/D : -5.421978
[hold in-reg] resetn -> _10397_/D : -5.420464
[hold in-reg] resetn -> _10392_/D : -5.418933
[hold in-reg] resetn -> _10401_/D : -5.418760
[hold in-reg] resetn -> _10037_/D : -5.417367
[hold in-reg] resetn -> _10400_/D : -5.417104
[hold in-reg] resetn -> _10036_/D : -5.416675
[hold in-reg] resetn -> _10403_/D : -5.415953
[hold in-reg] resetn -> _10038_/D : -5.415256
[hold in-reg] resetn -> _09976_/D : -5.415070
[hold in-reg] resetn -> _10058_/D : -5.414568
[hold in-reg] resetn -> _11290_/D : -5.413969
[hold in-reg] resetn -> _10160_/D : -5.413856
[hold in-reg] resetn -> _11291_/D : -5.413503
[hold in-reg] resetn -> _10402_/D : -5.412804
[hold in-reg] resetn -> _10872_/D : -5.412012
[hold in-reg] resetn -> _10035_/D : -5.411722
[hold in-reg] resetn -> _10031_/D : -5.411676
[hold in-reg] resetn -> _10030_/D : -5.411422
[hold in-reg] resetn -> _09983_/D : -5.411353
[hold in-reg] resetn -> _10877_/D : -5.411271
[hold in-reg] resetn -> _09978_/D : -5.410726
[hold in-reg] resetn -> _10875_/D : -5.408325
[hold in-reg] resetn -> _10874_/D : -5.408296
[hold in-reg] resetn -> _09984_/D : -5.406748
[hold in-reg] resetn -> _09985_/D : -5.406168
[hold in-reg] resetn -> _11141_/D : -5.404453
[hold in-reg] resetn -> _10404_/D : -5.403958
[hold in-reg] resetn -> _09987_/D : -5.403177
[hold in-reg] resetn -> _11143_/D : -5.402867
[hold in-reg] resetn -> _10056_/D : -5.402605
[hold in-reg] resetn -> _09986_/D : -5.401272
[hold in-reg] resetn -> _10288_/D : -5.400377
[hold in-reg] resetn -> _10033_/D : -5.399333
[hold in-reg] resetn -> _10086_/D : -5.398444
[hold in-reg] resetn -> _10089_/D : -5.397758
[hold in-reg] resetn -> _10293_/D : -5.396958
[hold in-reg] resetn -> _10292_/D : -5.396684
[hold in-reg] resetn -> _10289_/D : -5.396381
[hold in-reg] resetn -> _10090_/D : -5.396238
[hold in-reg] resetn -> _10122_/D : -5.395842
[hold in-reg] resetn -> _10291_/D : -5.395685
[hold in-reg] resetn -> _11200_/D : -5.395336
[hold in-reg] resetn -> _10124_/D : -5.394645
[hold in-reg] resetn -> _10407_/D : -5.394020
[hold in-reg] resetn -> _11197_/D : -5.393677
[hold in-reg] resetn -> _10092_/D : -5.393638
[hold in-reg] resetn -> _10290_/D : -5.393078
[hold in-reg] resetn -> _11212_/D : -5.391916
[hold in-reg] resetn -> _09988_/D : -5.391577
[hold in-reg] resetn -> _11201_/D : -5.391465
[hold in-reg] resetn -> _10224_/D : -5.390397
[hold in-reg] resetn -> _11202_/D : -5.389251
[hold in-reg] resetn -> _10032_/D : -5.388193
[hold in-reg] resetn -> _10405_/D : -5.387755
[hold in-reg] resetn -> _10034_/D : -5.387618
[hold in-reg] resetn -> _10154_/D : -5.387002
[hold in-reg] resetn -> _10152_/D : -5.386841
[hold in-reg] resetn -> _10229_/D : -5.386834
[hold in-reg] resetn -> _10406_/D : -5.386786
[hold in-reg] resetn -> _10228_/D : -5.386505
[hold in-reg] resetn -> _10225_/D : -5.386074
[hold in-reg] resetn -> _10227_/D : -5.385664
[hold in-reg] resetn -> _10091_/D : -5.385313
[hold in-reg] resetn -> _09989_/D : -5.385232
[hold in-reg] resetn -> _10409_/D : -5.384624
[hold in-reg] resetn -> _10156_/D : -5.384117
[hold in-reg] resetn -> _10103_/D : -5.383147
[hold in-reg] resetn -> _10226_/D : -5.382764
[hold in-reg] resetn -> _10287_/D : -5.381979
[hold in-reg] resetn -> _09991_/D : -5.381566
[hold in-reg] resetn -> _10088_/D : -5.379653
[hold in-reg] resetn -> _10155_/D : -5.377473
[hold in-reg] resetn -> _10167_/D : -5.376985
[hold in-reg] resetn -> _10060_/D : -5.376085
[hold in-reg] resetn -> _11210_/D : -5.375202
[hold in-reg] resetn -> _11209_/D : -5.375072
[hold in-reg] resetn -> _09995_/D : -5.374560
[hold in-reg] resetn -> _11211_/D : -5.373463
[hold in-reg] resetn -> _09990_/D : -5.372591
[hold in-reg] resetn -> _10223_/D : -5.371429
[hold in-reg] resetn -> _10286_/D : -5.366549
[hold in-reg] resetn -> _11203_/D : -5.365562
[hold in-reg] resetn -> _11208_/D : -5.365539
[hold in-reg] resetn -> _11204_/D : -5.365281
[hold in-reg] resetn -> _10071_/D : -5.364933
[hold in-reg] resetn -> _11206_/D : -5.363031
[hold in-reg] resetn -> _09993_/D : -5.362346
[hold in-reg] resetn -> _10102_/D : -5.362217
[hold in-reg] resetn -> _10070_/D : -5.360715
[hold in-reg] resetn -> _10165_/D : -5.360348
[hold in-reg] resetn -> _10166_/D : -5.360270
[hold in-reg] resetn -> _10101_/D : -5.359947
[hold in-reg] resetn -> _10164_/D : -5.359120
[hold in-reg] resetn -> _10125_/D : -5.358087
[hold in-reg] resetn -> _10222_/D : -5.356113
[hold in-reg] resetn -> _10093_/D : -5.355543
[hold in-reg] resetn -> _10096_/D : -5.355361
[hold in-reg] resetn -> _10123_/D : -5.354873
[hold in-reg] resetn -> _10061_/D : -5.354783
[hold in-reg] resetn -> _10120_/D : -5.351090
[hold in-reg] resetn -> _10135_/D : -5.350682
[hold in-reg] resetn -> _10158_/D : -5.348955
[hold in-reg] resetn -> _10159_/D : -5.348076
[hold in-reg] resetn -> _11079_/D : -5.346936
[hold in-reg] resetn -> _10157_/D : -5.345019
[hold in-reg] resetn -> _11078_/D : -5.343593
[hold in-reg] resetn -> _11205_/D : -5.342518
[hold in-reg] resetn -> _11207_/D : -5.341613
[hold in-reg] resetn -> _11081_/D : -5.340629
[hold in-reg] resetn -> _10163_/D : -5.340473
[hold in-reg] resetn -> _10416_/D : -5.339559
[hold in-reg] resetn -> _11294_/D : -5.337829
[hold in-reg] resetn -> _11295_/D : -5.336072
[hold in-reg] resetn -> _11080_/D : -5.335449
[hold in-reg] resetn -> _11297_/D : -5.334792
[hold in-reg] resetn -> _09994_/D : -5.334642
[hold in-reg] resetn -> _10097_/D : -5.332727
[hold in-reg] resetn -> _11298_/D : -5.332531
[hold in-reg] resetn -> _10876_/D : -5.330407
[hold in-reg] resetn -> _10879_/D : -5.330004
[hold in-reg] resetn -> _10099_/D : -5.329574
[hold in-reg] resetn -> _10100_/D : -5.329312
[hold in-reg] resetn -> _10880_/D : -5.328978
[hold in-reg] resetn -> _11296_/D : -5.328728
[hold in-reg] resetn -> _11308_/D : -5.327578
[hold in-reg] resetn -> _11075_/D : -5.326877
[hold in-reg] resetn -> _10882_/D : -5.325910
[hold in-reg] resetn -> _10300_/D : -5.325321
[hold in-reg] resetn -> _10161_/D : -5.324336
[hold in-reg] resetn -> _10299_/D : -5.324143
[hold in-reg] resetn -> _10126_/D : -5.322978
[hold in-reg] resetn -> _11293_/D : -5.322770
[hold in-reg] resetn -> _10127_/D : -5.322400
[hold in-reg] resetn -> _10131_/D : -5.321633
[hold in-reg] resetn -> _10069_/D : -5.321091
[hold in-reg] resetn -> _10068_/D : -5.320554
[hold in-reg] resetn -> _10881_/D : -5.320470
[hold in-reg] resetn -> _10098_/D : -5.320327
[hold in-reg] resetn -> _10064_/D : -5.319636
[hold in-reg] resetn -> _10129_/D : -5.319641
[hold in-reg] resetn -> _10067_/D : -5.318509
[hold in-reg] resetn -> _10065_/D : -5.317410
[hold in-reg] resetn -> _10893_/D : -5.317375
[hold in-reg] resetn -> _10066_/D : -5.317048
[hold in-reg] resetn -> _11082_/D : -5.314873
[hold in-reg] resetn -> _10878_/D : -5.314681
[hold in-reg] resetn -> _10301_/D : -5.314622
[hold in-reg] resetn -> _10302_/D : -5.313582
[hold in-reg] resetn -> _11084_/D : -5.313407
[hold in-reg] resetn -> _11077_/D : -5.313200
[hold in-reg] resetn -> _11076_/D : -5.313168
[hold in-reg] resetn -> _09992_/D : -5.312260
[hold in-reg] resetn -> _10408_/D : -5.312042
[hold in-reg] resetn -> _11083_/D : -5.311736
[hold in-reg] resetn -> _10063_/D : -5.308657
[hold in-reg] resetn -> _10410_/D : -5.308625
[hold in-reg] resetn -> _10412_/D : -5.305455
[hold in-reg] resetn -> _10095_/D : -5.304997
[hold in-reg] resetn -> _10296_/D : -5.304126
[hold in-reg] resetn -> _11151_/D : -5.301242
[hold in-reg] resetn -> _10132_/D : -5.300801
[hold in-reg] resetn -> _10133_/D : -5.300753
[hold in-reg] resetn -> _10134_/D : -5.299176
[hold in-reg] resetn -> _10411_/D : -5.299181
[hold in-reg] resetn -> _11150_/D : -5.298816
[hold in-reg] resetn -> _10128_/D : -5.298494
[hold in-reg] resetn -> _10130_/D : -5.298390
[hold in-reg] resetn -> _10423_/D : -5.298100
[hold in-reg] resetn -> _11085_/D : -5.296693
[hold in-reg] resetn -> _09996_/D : -5.296612
[hold in-reg] resetn -> _11301_/D : -5.296598
[hold in-reg] resetn -> _11086_/D : -5.296271
[hold in-reg] resetn -> _10062_/D : -5.295784
[hold in-reg] resetn -> _11152_/D : -5.295003
[hold in-reg] resetn -> _10303_/D : -5.294779
[hold in-reg] resetn -> _10298_/D : -5.294387
[hold in-reg] resetn -> _10297_/D : -5.294354
[hold in-reg] resetn -> _11087_/D : -5.294295
[hold in-reg] resetn -> _10304_/D : -5.292525
[hold in-reg] resetn -> _10892_/D : -5.292386
[hold in-reg] resetn -> _10887_/D : -5.291765
[hold in-reg] resetn -> _10236_/D : -5.291679
[hold in-reg] resetn -> _10891_/D : -5.290840
[hold in-reg] resetn -> _10886_/D : -5.290472
[hold in-reg] resetn -> _10305_/D : -5.290413
[hold in-reg] resetn -> _10235_/D : -5.290193
[hold in-reg] resetn -> _10162_/D : -5.289944
[hold in-reg] resetn -> _11153_/D : -5.289693
[hold in-reg] resetn -> _10094_/D : -5.288872
[hold in-reg] resetn -> _10890_/D : -5.288392
[hold in-reg] resetn -> _10883_/D : -5.287667
[hold in-reg] resetn -> _10889_/D : -5.287642
[hold in-reg] resetn -> _10006_/D : -5.284736
[hold in-reg] resetn -> _10419_/D : -5.284082
[hold in-reg] resetn -> _10007_/D : -5.281530
[hold in-reg] resetn -> _10237_/D : -5.281141
[hold in-reg] resetn -> _10238_/D : -5.280093
[hold in-reg] resetn -> _10417_/D : -5.279716
[hold in-reg] resetn -> _11090_/D : -5.279328
[hold in-reg] resetn -> _09997_/D : -5.277980
[hold in-reg] resetn -> _10307_/D : -5.276533
[hold in-reg] resetn -> _10306_/D : -5.276355
[hold in-reg] resetn -> _10364_/D : -5.276105
[hold in-reg] resetn -> _10308_/D : -5.276093
[hold in-reg] resetn -> _11088_/D : -5.274979
[hold in-reg] resetn -> _11089_/D : -5.273754
[hold in-reg] resetn -> _11307_/D : -5.273640
[hold in-reg] resetn -> _11094_/D : -5.273520
[hold in-reg] resetn -> _10363_/D : -5.272973
[hold in-reg] resetn -> _11306_/D : -5.272954
[hold in-reg] resetn -> _11305_/D : -5.271916
[hold in-reg] resetn -> _11304_/D : -5.271280
[hold in-reg] resetn -> _10422_/D : -5.271089
[hold in-reg] resetn -> _10421_/D : -5.270898
[hold in-reg] resetn -> _10414_/D : -5.270588
[hold in-reg] resetn -> _10420_/D : -5.270381
[hold in-reg] resetn -> _10366_/D : -5.270237
[hold in-reg] resetn -> _11302_/D : -5.270238
[hold in-reg] resetn -> _11303_/D : -5.270233
[hold in-reg] resetn -> _10415_/D : -5.270074
[hold in-reg] resetn -> _10232_/D : -5.270010
[hold in-reg] resetn -> _10311_/D : -5.268730
[hold in-reg] resetn -> _10413_/D : -5.267537
[hold in-reg] resetn -> _10365_/D : -5.267214
[hold in-reg] resetn -> _10309_/D : -5.265550
[hold in-reg] resetn -> _10234_/D : -5.261079
[hold in-reg] resetn -> _10239_/D : -5.260908
[hold in-reg] resetn -> _10233_/D : -5.260204
[hold in-reg] resetn -> _11155_/D : -5.259698
[hold in-reg] resetn -> _10240_/D : -5.258680
[hold in-reg] resetn -> _10360_/D : -5.258067
[hold in-reg] resetn -> _10310_/D : -5.257342
[hold in-reg] resetn -> _11092_/D : -5.257102
[hold in-reg] resetn -> _10888_/D : -5.256977
[hold in-reg] resetn -> _10241_/D : -5.256355
[hold in-reg] resetn -> _11156_/D : -5.254205
[hold in-reg] resetn -> _11093_/D : -5.254109
[hold in-reg] resetn -> _10315_/D : -5.252721
[hold in-reg] resetn -> _11154_/D : -5.252509
[hold in-reg] resetn -> _11160_/D : -5.251497
[hold in-reg] resetn -> _11299_/D : -5.251182
[hold in-reg] resetn -> _11149_/D : -5.248398
[hold in-reg] resetn -> _10005_/D : -5.246739
[hold in-reg] resetn -> _10003_/D : -5.246707
[hold in-reg] resetn -> _10004_/D : -5.246547
[hold in-reg] resetn -> _11158_/D : -5.246014
[hold in-reg] resetn -> _11157_/D : -5.245386
[hold in-reg] resetn -> _10885_/D : -5.244361
[hold in-reg] resetn -> _10367_/D : -5.243796
[hold in-reg] resetn -> _10361_/D : -5.243349
[hold in-reg] resetn -> _10243_/D : -5.243004
[hold in-reg] resetn -> _10313_/D : -5.242947
[hold in-reg] resetn -> _10242_/D : -5.242685
[hold in-reg] resetn -> _10362_/D : -5.242500
[hold in-reg] resetn -> _10244_/D : -5.242360
[hold in-reg] resetn -> _10369_/D : -5.241574
[hold in-reg] resetn -> _11159_/D : -5.239428
[hold in-reg] resetn -> _10368_/D : -5.239381
[hold in-reg] resetn -> _11300_/D : -5.236972
[hold in-reg] resetn -> _10247_/D : -5.235253
[hold in-reg] resetn -> _10371_/D : -5.233761
[hold in-reg] resetn -> _10314_/D : -5.232203
[hold in-reg] resetn -> _10000_/D : -5.232152
[hold in-reg] resetn -> _10245_/D : -5.231350
[hold in-reg] resetn -> _10372_/D : -5.231101
[hold in-reg] resetn -> _10370_/D : -5.230665
[hold in-reg] resetn -> _10884_/D : -5.228218
[hold in-reg] resetn -> _10001_/D : -5.226621
[hold in-reg] resetn -> _10246_/D : -5.223663
[hold in-reg] resetn -> _10002_/D : -5.223630
[hold in-reg] resetn -> _10375_/D : -5.222825
[hold in-reg] resetn -> _10373_/D : -5.222778
[hold in-reg] resetn -> _10251_/D : -5.219192
[hold in-reg] resetn -> _09999_/D : -5.218064
[hold in-reg] resetn -> _11164_/D : -5.215080
[hold in-reg] resetn -> _11161_/D : -5.214934
[hold in-reg] resetn -> _11162_/D : -5.214107
[hold in-reg] resetn -> _11163_/D : -5.212915
[hold in-reg] resetn -> _10418_/D : -5.211981
[hold in-reg] resetn -> _11166_/D : -5.211270
[hold in-reg] resetn -> _10374_/D : -5.209657
[hold in-reg] resetn -> _10249_/D : -5.209195
[hold in-reg] resetn -> _10379_/D : -5.206632
[hold in-reg] resetn -> _11099_/D : -5.203022
[hold in-reg] resetn -> _09998_/D : -5.202129
[hold in-reg] resetn -> _10250_/D : -5.198349
[hold in-reg] resetn -> _10377_/D : -5.193099
[hold in-reg] resetn -> _10378_/D : -5.190763
[hold in-reg] resetn -> _11007_/D : -5.190622
[hold in-reg] resetn -> _11009_/D : -5.188346
[hold in-reg] resetn -> _10316_/D : -5.186155
[hold in-reg] resetn -> _09911_/D : -5.185026
[hold in-reg] resetn -> _10976_/D : -5.183149
[hold in-reg] resetn -> _11010_/D : -5.182838
[hold in-reg] resetn -> _10320_/D : -5.182250
[hold in-reg] resetn -> _11475_/D : -5.181125
[hold in-reg] resetn -> _11096_/D : -5.181051
[hold in-reg] resetn -> _09912_/D : -5.180732
[hold in-reg] resetn -> _11106_/D : -5.180121
[hold in-reg] resetn -> _10975_/D : -5.179582
[hold in-reg] resetn -> _11095_/D : -5.179403
[hold in-reg] resetn -> _10977_/D : -5.178053
[hold in-reg] resetn -> _10312_/D : -5.177730
[hold in-reg] resetn -> _11476_/D : -5.176889
[hold in-reg] resetn -> _09914_/D : -5.172948
[hold in-reg] resetn -> _10978_/D : -5.171772
[hold in-reg] resetn -> _09913_/D : -5.170717
[hold in-reg] resetn -> _11478_/D : -5.168673
[hold in-reg] resetn -> _11378_/D : -5.166975
[hold in-reg] resetn -> _11477_/D : -5.166770
[hold in-reg] resetn -> _11379_/D : -5.162135
[hold in-reg] resetn -> _11380_/D : -5.161857
[hold in-reg] resetn -> _11104_/D : -5.160895
[hold in-reg] resetn -> _11346_/D : -5.160526
[hold in-reg] resetn -> _11103_/D : -5.160249
[hold in-reg] resetn -> _10327_/D : -5.159822
[hold in-reg] resetn -> _11173_/D : -5.158751
[hold in-reg] resetn -> _10317_/D : -5.156876
[hold in-reg] resetn -> _11347_/D : -5.156084
[hold in-reg] resetn -> _11348_/D : -5.154626
[hold in-reg] resetn -> _11012_/D : -5.152788
[hold in-reg] resetn -> _11091_/D : -5.152623
[hold in-reg] resetn -> _11008_/D : -5.152228
[hold in-reg] resetn -> _10252_/D : -5.151583
[hold in-reg] resetn -> _11382_/D : -5.151392
[hold in-reg] resetn -> _09910_/D : -5.151330
[hold in-reg] resetn -> _09915_/D : -5.151061
[hold in-reg] resetn -> _11011_/D : -5.150979
[hold in-reg] resetn -> _09909_/D : -5.148604
[hold in-reg] resetn -> _10256_/D : -5.148472
[hold in-reg] resetn -> _11006_/D : -5.147585
[hold in-reg] resetn -> _09917_/D : -5.147259
[hold in-reg] resetn -> _11479_/D : -5.146918
[hold in-reg] resetn -> _11474_/D : -5.146489
[hold in-reg] resetn -> _11013_/D : -5.145812
[hold in-reg] resetn -> _11350_/D : -5.145250
[hold in-reg] resetn -> _11247_/D : -5.144785
[hold in-reg] resetn -> _11473_/D : -5.144343
[hold in-reg] resetn -> _09916_/D : -5.144048
[hold in-reg] resetn -> _11480_/D : -5.143908
[hold in-reg] resetn -> _11481_/D : -5.143076
[hold in-reg] resetn -> _11246_/D : -5.142946
[hold in-reg] resetn -> _10980_/D : -5.142154
[hold in-reg] resetn -> _10325_/D : -5.142080
[hold in-reg] resetn -> _10324_/D : -5.141507
[hold in-reg] resetn -> _09908_/D : -5.141391
[hold in-reg] resetn -> _10979_/D : -5.140207
[hold in-reg] resetn -> _11100_/D : -5.140072
[hold in-reg] resetn -> _11248_/D : -5.139579
[hold in-reg] resetn -> _10171_/D : -5.139507
[hold in-reg] resetn -> _11014_/D : -5.139093
[hold in-reg] resetn -> _10174_/D : -5.137603
[hold in-reg] resetn -> _11472_/D : -5.137505
[hold in-reg] resetn -> _10172_/D : -5.137361
[hold in-reg] resetn -> _11016_/D : -5.136842
[hold in-reg] resetn -> _10974_/D : -5.136837
[hold in-reg] resetn -> _10384_/D : -5.136625
[hold in-reg] resetn -> _09919_/D : -5.136247
[hold in-reg] resetn -> _09920_/D : -5.136233
[hold in-reg] resetn -> _10981_/D : -5.135029
[hold in-reg] resetn -> _11167_/D : -5.134504
[hold in-reg] resetn -> _11249_/D : -5.134391
[hold in-reg] resetn -> _11169_/D : -5.132270
[hold in-reg] resetn -> _11484_/D : -5.132200
[hold in-reg] resetn -> _11483_/D : -5.132128
[hold in-reg] resetn -> _11165_/D : -5.131745
[hold in-reg] resetn -> _11101_/D : -5.131511
[hold in-reg] resetn -> _11015_/D : -5.131088
[hold in-reg] resetn -> _11017_/D : -5.130641
[hold in-reg] resetn -> _11105_/D : -5.130444
[hold in-reg] resetn -> _11102_/D : -5.130430
[hold in-reg] resetn -> _10173_/D : -5.130248
[hold in-reg] resetn -> _11383_/D : -5.129431
[hold in-reg] resetn -> _11097_/D : -5.129111
[hold in-reg] resetn -> _09921_/D : -5.128541
[hold in-reg] resetn -> _11377_/D : -5.128512
[hold in-reg] resetn -> _10982_/D : -5.128289
[hold in-reg] resetn -> _11381_/D : -5.127748
[hold in-reg] resetn -> _10263_/D : -5.126144
[hold in-reg] resetn -> _10984_/D : -5.126090
[hold in-reg] resetn -> _10323_/D : -5.124472
[hold in-reg] resetn -> _11485_/D : -5.124420
[hold in-reg] resetn -> _11168_/D : -5.124294
[hold in-reg] resetn -> _11180_/D : -5.123068
[hold in-reg] resetn -> _10253_/D : -5.122265
[hold in-reg] resetn -> _11349_/D : -5.121460
[hold in-reg] resetn -> _10983_/D : -5.120760
[hold in-reg] resetn -> _11351_/D : -5.120610
[hold in-reg] resetn -> _11345_/D : -5.120144
[hold in-reg] resetn -> _11384_/D : -5.119730
[hold in-reg] resetn -> _10985_/D : -5.119644
[hold in-reg] resetn -> _09923_/D : -5.119410
[hold in-reg] resetn -> _10427_/D : -5.118362
[hold in-reg] resetn -> _09918_/D : -5.118347
[hold in-reg] resetn -> _09922_/D : -5.118264
[hold in-reg] resetn -> _11376_/D : -5.116518
[hold in-reg] resetn -> _11487_/D : -5.116251
[hold in-reg] resetn -> _10425_/D : -5.116007
[hold in-reg] resetn -> _10380_/D : -5.114784
[hold in-reg] resetn -> _11482_/D : -5.114762
[hold in-reg] resetn -> _11486_/D : -5.114203
[hold in-reg] resetn -> _10391_/D : -5.113635
[hold in-reg] resetn -> _11352_/D : -5.113616
[hold in-reg] resetn -> _10381_/D : -5.113482
[hold in-reg] resetn -> _11386_/D : -5.112631
[hold in-reg] resetn -> _10428_/D : -5.112243
[hold in-reg] resetn -> _11018_/D : -5.111837
[hold in-reg] resetn -> _11385_/D : -5.111661
[hold in-reg] resetn -> _11021_/D : -5.111115
[hold in-reg] resetn -> _11025_/D : -5.111095
[hold in-reg] resetn -> _11019_/D : -5.110818
[hold in-reg] resetn -> _11344_/D : -5.110424
[hold in-reg] resetn -> _11387_/D : -5.110037
[hold in-reg] resetn -> _10326_/D : -5.109143
[hold in-reg] resetn -> _10175_/D : -5.109132
[hold in-reg] resetn -> _10318_/D : -5.108916
[hold in-reg] resetn -> _10321_/D : -5.108921
[hold in-reg] resetn -> _10170_/D : -5.108522
[hold in-reg] resetn -> _10322_/D : -5.108338
[hold in-reg] resetn -> _10261_/D : -5.107831
[hold in-reg] resetn -> _10169_/D : -5.107682
[hold in-reg] resetn -> _10260_/D : -5.107316
[hold in-reg] resetn -> _11179_/D : -5.106789
[hold in-reg] resetn -> _11354_/D : -5.106549
[hold in-reg] resetn -> _11178_/D : -5.106456
[hold in-reg] resetn -> _11177_/D : -5.106312
[hold in-reg] resetn -> _11251_/D : -5.105592
[hold in-reg] resetn -> _11353_/D : -5.105553
[hold in-reg] resetn -> _10177_/D : -5.105233
[hold in-reg] resetn -> _11355_/D : -5.103939
[hold in-reg] resetn -> _10176_/D : -5.103451
[hold in-reg] resetn -> _11215_/D : -5.103056
[hold in-reg] resetn -> _11214_/D : -5.103013
[hold in-reg] resetn -> _10178_/D : -5.102592
[hold in-reg] resetn -> _10430_/D : -5.101574
[hold in-reg] resetn -> _10180_/D : -5.101389
[hold in-reg] resetn -> _10986_/D : -5.101125
[hold in-reg] resetn -> _11216_/D : -5.100970
[hold in-reg] resetn -> _10993_/D : -5.100446
[hold in-reg] resetn -> _10989_/D : -5.100323
[hold in-reg] resetn -> _10424_/D : -5.100151
[hold in-reg] resetn -> _11252_/D : -5.100089
[hold in-reg] resetn -> _10987_/D : -5.099792
[hold in-reg] resetn -> _10168_/D : -5.099632
[hold in-reg] resetn -> _11250_/D : -5.099534
[hold in-reg] resetn -> _10248_/D : -5.099102
[hold in-reg] resetn -> _09927_/D : -5.099027
[hold in-reg] resetn -> _11256_/D : -5.097672
[hold in-reg] resetn -> _11245_/D : -5.096163
[hold in-reg] resetn -> _11391_/D : -5.095316
[hold in-reg] resetn -> _11253_/D : -5.095211
[hold in-reg] resetn -> _11172_/D : -5.095033
[hold in-reg] resetn -> _11491_/D : -5.094946
[hold in-reg] resetn -> _11098_/D : -5.094852
[hold in-reg] resetn -> _10179_/D : -5.094109
[hold in-reg] resetn -> _11170_/D : -5.093352
[hold in-reg] resetn -> _11219_/D : -5.093152
[hold in-reg] resetn -> _11171_/D : -5.093138
[hold in-reg] resetn -> _10181_/D : -5.092420
[hold in-reg] resetn -> _11217_/D : -5.092248
[hold in-reg] resetn -> _11254_/D : -5.091781
[hold in-reg] resetn -> _10259_/D : -5.090728
[hold in-reg] resetn -> _10389_/D : -5.090680
[hold in-reg] resetn -> _10388_/D : -5.090526
[hold in-reg] resetn -> _11389_/D : -5.089736
[hold in-reg] resetn -> _11359_/D : -5.089217
[hold in-reg] resetn -> _11255_/D : -5.088385
[hold in-reg] resetn -> _11176_/D : -5.087516
[hold in-reg] resetn -> _10376_/D : -5.086402
[hold in-reg] resetn -> _10182_/D : -5.083876
[hold in-reg] resetn -> _11395_/D : -5.083820
[hold in-reg] resetn -> _11357_/D : -5.083667
[hold in-reg] resetn -> _10429_/D : -5.082232
[hold in-reg] resetn -> _10426_/D : -5.080291
[hold in-reg] resetn -> _11363_/D : -5.079206
[hold in-reg] resetn -> _11313_/D : -5.078306
[hold in-reg] resetn -> _10183_/D : -5.077727
[hold in-reg] resetn -> _11311_/D : -5.077730
[hold in-reg] resetn -> _10431_/D : -5.076363
[hold in-reg] resetn -> _10262_/D : -5.075282
[hold in-reg] resetn -> _10254_/D : -5.075270
[hold in-reg] resetn -> _10257_/D : -5.075226
[hold in-reg] resetn -> _10258_/D : -5.074567
[hold in-reg] resetn -> _10385_/D : -5.074242
[hold in-reg] resetn -> _10319_/D : -5.074203
[hold in-reg] resetn -> _11312_/D : -5.074132
[hold in-reg] resetn -> _11174_/D : -5.071982
[hold in-reg] resetn -> _10432_/D : -5.070364
[hold in-reg] resetn -> _10434_/D : -5.068349
[hold in-reg] resetn -> _11260_/D : -5.065537
[hold in-reg] resetn -> _11218_/D : -5.065524
[hold in-reg] resetn -> _10382_/D : -5.063949
[hold in-reg] resetn -> _11257_/D : -5.063909
[hold in-reg] resetn -> _10387_/D : -5.063442
[hold in-reg] resetn -> _10386_/D : -5.063129
[hold in-reg] resetn -> _10390_/D : -5.063123
[hold in-reg] resetn -> _11258_/D : -5.063068
[hold in-reg] resetn -> _10433_/D : -5.062395
[hold in-reg] resetn -> _11315_/D : -5.061998
[hold in-reg] resetn -> _11220_/D : -5.061957
[hold in-reg] resetn -> _11259_/D : -5.061811
[hold in-reg] resetn -> _10435_/D : -5.061146
[hold in-reg] resetn -> _11262_/D : -5.060233
[hold in-reg] resetn -> _10436_/D : -5.059953
[hold in-reg] resetn -> _10437_/D : -5.057452
[hold in-reg] resetn -> _11221_/D : -5.057182
[hold in-reg] resetn -> _11213_/D : -5.057047
[hold in-reg] resetn -> _11411_/D : -5.049135
[hold in-reg] resetn -> _11030_/D : -5.046824
[hold in-reg] resetn -> _11222_/D : -5.045455
[hold in-reg] resetn -> _11412_/D : -5.045094
[hold in-reg] resetn -> _10443_/D : -5.044752
[hold in-reg] resetn -> _11224_/D : -5.044403
[hold in-reg] resetn -> _10439_/D : -5.043124
[hold in-reg] resetn -> _11414_/D : -5.043116
[hold in-reg] resetn -> _11223_/D : -5.042147
[hold in-reg] resetn -> _11316_/D : -5.041375
[hold in-reg] resetn -> _10255_/D : -5.040685
[hold in-reg] resetn -> _11314_/D : -5.038358
[hold in-reg] resetn -> _11310_/D : -5.038139
[hold in-reg] resetn -> _10331_/D : -5.037199
[hold in-reg] resetn -> _11175_/D : -5.037089
[hold in-reg] resetn -> _10998_/D : -5.036012
[hold in-reg] resetn -> _09924_/D : -5.035183
[hold in-reg] resetn -> _10329_/D : -5.034938
[hold in-reg] resetn -> _11413_/D : -5.033733
[hold in-reg] resetn -> _11020_/D : -5.032860
[hold in-reg] resetn -> _11023_/D : -5.032828
[hold in-reg] resetn -> _11488_/D : -5.031646
[hold in-reg] resetn -> _11024_/D : -5.031625
[hold in-reg] resetn -> _10332_/D : -5.031529
[hold in-reg] resetn -> _09926_/D : -5.031491
[hold in-reg] resetn -> _11317_/D : -5.030705
[hold in-reg] resetn -> _09925_/D : -5.030578
[hold in-reg] resetn -> _09928_/D : -5.030121
[hold in-reg] resetn -> _11026_/D : -5.029576
[hold in-reg] resetn -> _11228_/D : -5.028404
[hold in-reg] resetn -> _11309_/D : -5.028281
[hold in-reg] resetn -> _10383_/D : -5.027901
[hold in-reg] resetn -> _11490_/D : -5.027745
[hold in-reg] resetn -> _11492_/D : -5.027097
[hold in-reg] resetn -> _11489_/D : -5.026959
[hold in-reg] resetn -> _09929_/D : -5.026775
[hold in-reg] resetn -> _11027_/D : -5.026304
[hold in-reg] resetn -> _11225_/D : -5.026051
[hold in-reg] resetn -> _11400_/D : -5.025543
[hold in-reg] resetn -> _11226_/D : -5.024712
[hold in-reg] resetn -> _11319_/D : -5.024130
[hold in-reg] resetn -> _11318_/D : -5.023771
[hold in-reg] resetn -> _09938_/D : -5.022840
[hold in-reg] resetn -> _11320_/D : -5.022745
[hold in-reg] resetn -> _10988_/D : -5.022202
[hold in-reg] resetn -> _11493_/D : -5.021849
[hold in-reg] resetn -> _11408_/D : -5.021782
[hold in-reg] resetn -> _10991_/D : -5.021725
[hold in-reg] resetn -> _10992_/D : -5.020930
[hold in-reg] resetn -> _11036_/D : -5.020319
[hold in-reg] resetn -> _10334_/D : -5.020051
[hold in-reg] resetn -> _11368_/D : -5.019463
[hold in-reg] resetn -> _11502_/D : -5.019194
[hold in-reg] resetn -> _10994_/D : -5.018662
[hold in-reg] resetn -> _09939_/D : -5.018610
[hold in-reg] resetn -> _11037_/D : -5.017814
[hold in-reg] resetn -> _11022_/D : -5.017397
[hold in-reg] resetn -> _10328_/D : -5.017371
[hold in-reg] resetn -> _10995_/D : -5.015416
[hold in-reg] resetn -> _11415_/D : -5.014966
[hold in-reg] resetn -> _11388_/D : -5.014931
[hold in-reg] resetn -> _11503_/D : -5.014377
[hold in-reg] resetn -> _11410_/D : -5.013981
[hold in-reg] resetn -> _11409_/D : -5.013333
[hold in-reg] resetn -> _11390_/D : -5.013107
[hold in-reg] resetn -> _11393_/D : -5.012197
[hold in-reg] resetn -> _11269_/D : -5.011316
[hold in-reg] resetn -> _11394_/D : -5.010770
[hold in-reg] resetn -> _11416_/D : -5.010563
[hold in-reg] resetn -> _11417_/D : -5.010441
[hold in-reg] resetn -> _11004_/D : -5.009648
[hold in-reg] resetn -> _11356_/D : -5.008863
[hold in-reg] resetn -> _11396_/D : -5.008538
[hold in-reg] resetn -> _10990_/D : -5.008373
[hold in-reg] resetn -> _11419_/D : -5.007263
[hold in-reg] resetn -> _11005_/D : -5.007042
[hold in-reg] resetn -> _11358_/D : -5.006947
[hold in-reg] resetn -> _11397_/D : -5.006725
[hold in-reg] resetn -> _11324_/D : -5.006720
[hold in-reg] resetn -> _11420_/D : -5.006166
[hold in-reg] resetn -> _11361_/D : -5.005762
[hold in-reg] resetn -> _11418_/D : -5.005709
[hold in-reg] resetn -> _11362_/D : -5.004570
[hold in-reg] resetn -> _11321_/D : -5.003557
[hold in-reg] resetn -> _11407_/D : -5.002988
[hold in-reg] resetn -> _11364_/D : -5.002454
[hold in-reg] resetn -> _10184_/D : -5.002346
[hold in-reg] resetn -> _11322_/D : -5.001796
[hold in-reg] resetn -> _11365_/D : -5.000519
[hold in-reg] resetn -> _10333_/D : -5.000162
[hold in-reg] resetn -> _10330_/D : -4.999967
[hold in-reg] resetn -> _11392_/D : -4.999699
[hold in-reg] resetn -> _11261_/D : -4.999515
[hold in-reg] resetn -> _11421_/D : -4.997239
[hold in-reg] resetn -> _11375_/D : -4.996840
[hold in-reg] resetn -> _11034_/D : -4.996235
[hold in-reg] resetn -> _11035_/D : -4.995996
[hold in-reg] resetn -> _10335_/D : -4.995481
[hold in-reg] resetn -> _11328_/D : -4.995316
[hold in-reg] resetn -> _11360_/D : -4.993597
[hold in-reg] resetn -> _09932_/D : -4.993542
[hold in-reg] resetn -> _10189_/D : -4.991739
[hold in-reg] resetn -> _10336_/D : -4.991216
[hold in-reg] resetn -> _09936_/D : -4.991054
[hold in-reg] resetn -> _11496_/D : -4.989806
[hold in-reg] resetn -> _09935_/D : -4.989117
[hold in-reg] resetn -> _11422_/D : -4.988786
[hold in-reg] resetn -> _10186_/D : -4.988731
[hold in-reg] resetn -> _10188_/D : -4.988295
[hold in-reg] resetn -> _10185_/D : -4.987948
[hold in-reg] resetn -> _11501_/D : -4.987898
[hold in-reg] resetn -> _11500_/D : -4.987059
[hold in-reg] resetn -> _10338_/D : -4.987042
[hold in-reg] resetn -> _11002_/D : -4.985723
[hold in-reg] resetn -> _11003_/D : -4.985514
[hold in-reg] resetn -> _11499_/D : -4.985393
[hold in-reg] resetn -> _09937_/D : -4.984310
[hold in-reg] resetn -> _11263_/D : -4.983969
[hold in-reg] resetn -> _09933_/D : -4.983383
[hold in-reg] resetn -> _11497_/D : -4.983232
[hold in-reg] resetn -> _11423_/D : -4.982861
[hold in-reg] resetn -> _10198_/D : -4.982541
[hold in-reg] resetn -> _11265_/D : -4.981864
[hold in-reg] resetn -> _10337_/D : -4.981121
[hold in-reg] resetn -> _10339_/D : -4.980743
[hold in-reg] resetn -> _10187_/D : -4.979874
[hold in-reg] resetn -> _11033_/D : -4.979293
[hold in-reg] resetn -> _10340_/D : -4.978730
[hold in-reg] resetn -> _10341_/D : -4.976578
[hold in-reg] resetn -> _11264_/D : -4.975951
[hold in-reg] resetn -> _11275_/D : -4.975378
[hold in-reg] resetn -> _11276_/D : -4.975099
[hold in-reg] resetn -> _11031_/D : -4.974828
[hold in-reg] resetn -> _10199_/D : -4.974510
[hold in-reg] resetn -> _10448_/D : -4.973897
[hold in-reg] resetn -> _10343_/D : -4.971814
[hold in-reg] resetn -> _11406_/D : -4.969862
[hold in-reg] resetn -> _11401_/D : -4.969757
[hold in-reg] resetn -> _11001_/D : -4.968127
[hold in-reg] resetn -> _11405_/D : -4.967704
[hold in-reg] resetn -> _11403_/D : -4.966492
[hold in-reg] resetn -> _11404_/D : -4.965703
[hold in-reg] resetn -> _10999_/D : -4.963983
[hold in-reg] resetn -> _11374_/D : -4.963954
[hold in-reg] resetn -> _10438_/D : -4.963930
[hold in-reg] resetn -> _11369_/D : -4.963713
[hold in-reg] resetn -> _11268_/D : -4.963675
[hold in-reg] resetn -> _10442_/D : -4.963418
[hold in-reg] resetn -> _10347_/D : -4.963232
[hold in-reg] resetn -> _09934_/D : -4.963110
[hold in-reg] resetn -> _10441_/D : -4.962171
[hold in-reg] resetn -> _11373_/D : -4.961577
[hold in-reg] resetn -> _10444_/D : -4.961421
[hold in-reg] resetn -> _11498_/D : -4.959732
[hold in-reg] resetn -> _11372_/D : -4.959566
[hold in-reg] resetn -> _11371_/D : -4.959472
[hold in-reg] resetn -> _10445_/D : -4.958207
[hold in-reg] resetn -> _11272_/D : -4.958081
[hold in-reg] resetn -> _11402_/D : -4.957760
[hold in-reg] resetn -> _10342_/D : -4.957042
[hold in-reg] resetn -> _10454_/D : -4.954178
[hold in-reg] resetn -> _11370_/D : -4.952324
[hold in-reg] resetn -> _10196_/D : -4.951764
[hold in-reg] resetn -> _10345_/D : -4.951607
[hold in-reg] resetn -> _10455_/D : -4.951554
[hold in-reg] resetn -> _10197_/D : -4.951280
[hold in-reg] resetn -> _10440_/D : -4.950977
[hold in-reg] resetn -> _11227_/D : -4.947990
[hold in-reg] resetn -> _11028_/D : -4.947875
[hold in-reg] resetn -> _11230_/D : -4.947177
[hold in-reg] resetn -> _11231_/D : -4.945662
[hold in-reg] resetn -> _11274_/D : -4.944216
[hold in-reg] resetn -> _11273_/D : -4.943842
[hold in-reg] resetn -> _11233_/D : -4.943039
[hold in-reg] resetn -> _11266_/D : -4.942348
[hold in-reg] resetn -> _11267_/D : -4.942305
[hold in-reg] resetn -> _11270_/D : -4.941866
[hold in-reg] resetn -> _11398_/D : -4.941555
[hold in-reg] resetn -> _11333_/D : -4.937472
[hold in-reg] resetn -> _10996_/D : -4.937100
[hold in-reg] resetn -> _11232_/D : -4.935744
[hold in-reg] resetn -> _11366_/D : -4.935429
[hold in-reg] resetn -> _09931_/D : -4.934935
[hold in-reg] resetn -> _09930_/D : -4.934897
[hold in-reg] resetn -> _11244_/D : -4.934641
[hold in-reg] resetn -> _11032_/D : -4.931438
[hold in-reg] resetn -> _11495_/D : -4.931235
[hold in-reg] resetn -> _11029_/D : -4.931202
[hold in-reg] resetn -> _11229_/D : -4.931207
[hold in-reg] resetn -> _11494_/D : -4.930538
[hold in-reg] resetn -> _10449_/D : -4.929985
[hold in-reg] resetn -> _11399_/D : -4.928211
[hold in-reg] resetn -> _10195_/D : -4.926298
[hold in-reg] resetn -> _11323_/D : -4.925971
[hold in-reg] resetn -> _10192_/D : -4.925821
[hold in-reg] resetn -> _11326_/D : -4.925209
[hold in-reg] resetn -> _10193_/D : -4.924387
[hold in-reg] resetn -> _10452_/D : -4.922444
[hold in-reg] resetn -> _11327_/D : -4.922145
[hold in-reg] resetn -> _11367_/D : -4.922082
[hold in-reg] resetn -> _11329_/D : -4.922041
[hold in-reg] resetn -> _11428_/D : -4.922002
[hold in-reg] resetn -> _10453_/D : -4.921009
[hold in-reg] resetn -> _11000_/D : -4.920752
[hold in-reg] resetn -> _10997_/D : -4.920449
[hold in-reg] resetn -> _10451_/D : -4.919885
[hold in-reg] resetn -> _10194_/D : -4.919874
[hold in-reg] resetn -> _11330_/D : -4.919083
[hold in-reg] resetn -> _11340_/D : -4.914778
[hold in-reg] resetn -> _11325_/D : -4.911604
[hold in-reg] resetn -> _11243_/D : -4.907525
[hold in-reg] resetn -> _11237_/D : -4.907178
[hold in-reg] resetn -> _11271_/D : -4.906626
[hold in-reg] resetn -> _11234_/D : -4.905011
[hold in-reg] resetn -> _11238_/D : -4.904365
[hold in-reg] resetn -> _11242_/D : -4.903793
[hold in-reg] resetn -> _11424_/D : -4.901031
[hold in-reg] resetn -> _11241_/D : -4.901003
[hold in-reg] resetn -> _11240_/D : -4.900944
[hold in-reg] resetn -> _11429_/D : -4.896631
[hold in-reg] resetn -> _10352_/D : -4.894236
[hold in-reg] resetn -> _11426_/D : -4.893048
[hold in-reg] resetn -> _10191_/D : -4.891851
[hold in-reg] resetn -> _10190_/D : -4.891636
[hold in-reg] resetn -> _11425_/D : -4.891321
[hold in-reg] resetn -> _11438_/D : -4.888614
[hold in-reg] resetn -> _11427_/D : -4.884313
[hold in-reg] resetn -> _11339_/D : -4.880810
[hold in-reg] resetn -> _10346_/D : -4.880434
[hold in-reg] resetn -> _10348_/D : -4.880024
[hold in-reg] resetn -> _11338_/D : -4.879767
[hold in-reg] resetn -> _10446_/D : -4.878976
[hold in-reg] resetn -> _11439_/D : -4.878040
[hold in-reg] resetn -> _11336_/D : -4.877308
[hold in-reg] resetn -> _11337_/D : -4.877210
[hold in-reg] resetn -> _10349_/D : -4.875494
[hold in-reg] resetn -> _11334_/D : -4.875441
[hold in-reg] resetn -> _11239_/D : -4.873474
[hold in-reg] resetn -> _11335_/D : -4.871774
[hold in-reg] resetn -> _10344_/D : -4.871716
[hold in-reg] resetn -> _10358_/D : -4.871274
[hold in-reg] resetn -> _10359_/D : -4.870265
[hold in-reg] resetn -> _10450_/D : -4.865102
[hold in-reg] resetn -> _10447_/D : -4.864488
[hold in-reg] resetn -> _11437_/D : -4.858080
[hold in-reg] resetn -> _11236_/D : -4.857983
[hold in-reg] resetn -> _11436_/D : -4.856983
[hold in-reg] resetn -> _11331_/D : -4.853023
[hold in-reg] resetn -> _10353_/D : -4.849746
[hold in-reg] resetn -> _11235_/D : -4.841679
[hold in-reg] resetn -> _11332_/D : -4.840166
[hold in-reg] resetn -> _10356_/D : -4.839993
[hold in-reg] resetn -> _10357_/D : -4.839529
[hold in-reg] resetn -> _10355_/D : -4.839080
[hold in-reg] resetn -> _11432_/D : -4.831107
[hold in-reg] resetn -> _11435_/D : -4.830353
[hold in-reg] resetn -> _11433_/D : -4.829065
[hold in-reg] resetn -> _11434_/D : -4.825545
[hold in-reg] resetn -> _10350_/D : -4.817325
[hold in-reg] resetn -> _10354_/D : -4.803598
[hold in-reg] resetn -> _11431_/D : -4.797016
[hold in-reg] resetn -> _11430_/D : -4.796442
[hold in-reg] resetn -> _10351_/D : -4.785047
Writing metric timing__hold_vio__count__corner:nom_tt_025C_1v80: 1475
Writing metric timing__hold_r2r__ws__corner:nom_tt_025C_1v80: 0.566465
Writing metric timing__hold_r2r_vio__count__corner:nom_tt_025C_1v80: 0
Writing metric timing__setup_vio__count__corner:nom_tt_025C_1v80: 0
Writing metric timing__setup_r2r__ws__corner:nom_tt_025C_1v80: 15.240034
Writing metric timing__setup_r2r_vio__count__corner:nom_tt_025C_1v80: 0
