Clock: clk
Sources: clk 
Generated: no
Virtual: yes
Propagated: no
Period: 25.000000

===========================================================================
report_clock_properties
============================================================================
Clock                   Period          Waveform
----------------------------------------------------
clk                  25.000000    0.000000 12.500000

===========================================================================
report_clock_latency
============================================================================
Clock clk
rise -> rise
    min     max
0.000000 0.000000 source latency
0.843927         network latency _10706_/CLK
        1.094336 network latency _10811_/CLK
---------------
0.843927 1.094336 latency
        0.250409 skew

fall -> fall
    min     max
0.000000 0.000000 source latency
0.644454         network latency _10706_/CLK
        0.867347 network latency _10811_/CLK
---------------
0.644454 0.867347 latency
        0.222893 skew



===========================================================================
report_clock_min_period
============================================================================
clk period_min = 8.22 fmax = 121.64
