Reading technology LEF file at '/home/astha/.volare/volare/sky130/versions/0fe599b2afb6708d281543108caf8310912f54af/sky130A/libs.ref/sky130_fd_sc_hd/techlef/sky130_fd_sc_hd__nom.tlef'…
[INFO ODB-0227] LEF file: /home/astha/.volare/volare/sky130/versions/0fe599b2afb6708d281543108caf8310912f54af/sky130A/libs.ref/sky130_fd_sc_hd/techlef/sky130_fd_sc_hd__nom.tlef, created 14 layers, 25 vias
Reading cell LEF file at '/home/astha/.volare/volare/sky130/versions/0fe599b2afb6708d281543108caf8310912f54af/sky130A/libs.ref/sky130_fd_sc_hd/lef/sky130_fd_sc_hd.lef'…
[WARNING ODB-0220] WARNING (LEFPARS-2008): NOWIREEXTENSIONATPIN statement is obsolete in version 5.6 or later.
The NOWIREEXTENSIONATPIN statement will be ignored. See file /home/astha/.volare/volare/sky130/versions/0fe599b2afb6708d281543108caf8310912f54af/sky130A/libs.ref/sky130_fd_sc_hd/lef/sky130_fd_sc_hd.lef at line 2.

[INFO ODB-0227] LEF file: /home/astha/.volare/volare/sky130/versions/0fe599b2afb6708d281543108caf8310912f54af/sky130A/libs.ref/sky130_fd_sc_hd/lef/sky130_fd_sc_hd.lef, created 437 library cells
Reading cell LEF file at '/home/astha/.volare/volare/sky130/versions/0fe599b2afb6708d281543108caf8310912f54af/sky130A/libs.ref/sky130_fd_sc_hd/lef/sky130_ef_sc_hd.lef'…
[WARNING ODB-0220] WARNING (LEFPARS-2008): NOWIREEXTENSIONATPIN statement is obsolete in version 5.6 or later.
The NOWIREEXTENSIONATPIN statement will be ignored. See file /home/astha/.volare/volare/sky130/versions/0fe599b2afb6708d281543108caf8310912f54af/sky130A/libs.ref/sky130_fd_sc_hd/lef/sky130_ef_sc_hd.lef at line 2.

[INFO ODB-0227] LEF file: /home/astha/.volare/volare/sky130/versions/0fe599b2afb6708d281543108caf8310912f54af/sky130A/libs.ref/sky130_fd_sc_hd/lef/sky130_ef_sc_hd.lef, created 4 library cells
[INFO ODB-0127] Reading DEF file: /home/astha/eda/designs/uas/PROJECT-UAS-APIC/RISC-V/sandbox/RISC-V-PICO-Synthesis/runs/RUN_2025-05-27_08-49-29/52-odb-cellfrequencytables/picorv32.def
[INFO ODB-0128] Design: picorv32
[INFO ODB-0130]     Created 411 pins.
[INFO ODB-0131]     Created 21693 components and 113668 component-terminals.
[INFO ODB-0132]     Created 2 special nets and 81780 connections.
[INFO ODB-0133]     Created 9249 nets and 31635 connections.
[INFO ODB-0134] Finished DEF file: /home/astha/eda/designs/uas/PROJECT-UAS-APIC/RISC-V/sandbox/RISC-V-PICO-Synthesis/runs/RUN_2025-05-27_08-49-29/52-odb-cellfrequencytables/picorv32.def
Using RCX ruleset '/home/astha/.volare/volare/sky130/versions/0fe599b2afb6708d281543108caf8310912f54af/sky130A/libs.tech/openlane/rules.openrcx.sky130A.nom.calibre'…
[INFO RCX-0431] Defined process_corner CURRENT_CORNER with ext_model_index 0
[INFO RCX-0029] Defined extraction corner CURRENT_CORNER
[INFO RCX-0435] Reading extraction model file /home/astha/.volare/volare/sky130/versions/0fe599b2afb6708d281543108caf8310912f54af/sky130A/libs.tech/openlane/rules.openrcx.sky130A.nom.calibre ...
[INFO RCX-0436] RC segment generation picorv32 (max_merge_res 50.0) ...
[INFO RCX-0040] Final 38445 rc segments
[INFO RCX-0439] Coupling Cap extraction picorv32 ...
[INFO RCX-0440] Coupling threshhold is 0.1000 fF, coupling capacitance less than 0.1000 fF will be grounded.
[INFO RCX-0442] 51% of 77570 wires extracted
[INFO RCX-0442] 100% of 77570 wires extracted
[INFO RCX-0045] Extract 9249 nets, 47627 rsegs, 47627 caps, 99662 ccs
Setting global connections for newly added cells…
[INFO] Setting global connections...
Updating metrics…
Cell type report:                       Count       Area
  Fill cell                              9789   64698.30
  Tap cell                               2496    3123.00
  Antenna cell                            114     285.27
  Standard cell                          9294  108200.02
  Total                                 21693  176306.59
Writing extracted parasitics to '/home/astha/eda/designs/uas/PROJECT-UAS-APIC/RISC-V/sandbox/RISC-V-PICO-Synthesis/runs/RUN_2025-05-27_08-49-29/53-openroad-rcx/nom/picorv32.nom.spef'…
[INFO RCX-0443] 9249 nets finished
